[2025-10-01T13:49:04.691+0000] {taskinstance.py:1157} INFO - Dependencies all met for dep_context=non-requeueable deps ti=<TaskInstance: flujo_RAG.dump_bm25_docids manual__2025-10-01T13:33:42.656094+00:00 [queued]>
[2025-10-01T13:49:04.696+0000] {taskinstance.py:1157} INFO - Dependencies all met for dep_context=requeueable deps ti=<TaskInstance: flujo_RAG.dump_bm25_docids manual__2025-10-01T13:33:42.656094+00:00 [queued]>
[2025-10-01T13:49:04.696+0000] {taskinstance.py:1359} INFO - Starting attempt 2 of 2
[2025-10-01T13:49:04.702+0000] {taskinstance.py:1380} INFO - Executing <Task(PythonOperator): dump_bm25_docids> on 2025-10-01 13:33:42.656094+00:00
[2025-10-01T13:49:04.706+0000] {standard_task_runner.py:57} INFO - Started process 2550 to run task
[2025-10-01T13:49:04.709+0000] {standard_task_runner.py:84} INFO - Running: ['***', 'tasks', 'run', 'flujo_RAG', 'dump_bm25_docids', 'manual__2025-10-01T13:33:42.656094+00:00', '--job-id', '58', '--raw', '--subdir', 'DAGS_FOLDER/RAG_dag.py', '--cfg-path', '/tmp/tmp2gbmw51g']
[2025-10-01T13:49:04.712+0000] {standard_task_runner.py:85} INFO - Job 58: Subtask dump_bm25_docids
[2025-10-01T13:49:04.740+0000] {task_command.py:415} INFO - Running <TaskInstance: flujo_RAG.dump_bm25_docids manual__2025-10-01T13:33:42.656094+00:00 [running]> on host b23249bdd303
[2025-10-01T13:49:04.779+0000] {taskinstance.py:1660} INFO - Exporting env vars: AIRFLOW_CTX_DAG_OWNER='***' AIRFLOW_CTX_DAG_ID='flujo_RAG' AIRFLOW_CTX_TASK_ID='dump_bm25_docids' AIRFLOW_CTX_EXECUTION_DATE='2025-10-01T13:33:42.656094+00:00' AIRFLOW_CTX_TRY_NUMBER='2' AIRFLOW_CTX_DAG_RUN_ID='manual__2025-10-01T13:33:42.656094+00:00'
[2025-10-01T13:49:04.781+0000] {crypto.py:82} WARNING - empty cryptography key - values will not be stored encrypted.
[2025-10-01T13:49:04.782+0000] {base.py:73} INFO - Using connection ID 'minio_s3' for task execution.
[2025-10-01T13:49:04.783+0000] {warnings.py:109} WARNING - <string>:8: AirflowProviderDeprecationWarning: AWS Connection (conn_id='minio_s3', conn_type='s3') has connection type 's3', which has been replaced by connection type 'aws'. Please update your connection to have `conn_type='aws'`.

[2025-10-01T13:49:04.783+0000] {connection_wrapper.py:340} INFO - AWS Connection (conn_id='minio_s3', conn_type='s3') credentials retrieved from login and password.
[2025-10-01T13:49:04.783+0000] {warnings.py:109} WARNING - <string>:8: AirflowProviderDeprecationWarning: Host minio specified in the connection is not used. Please, set it on extra['endpoint_url'] instead

[2025-10-01T13:49:04.992+0000] {base.py:73} INFO - Using connection ID 'minio_s3' for task execution.
[2025-10-01T13:49:04.993+0000] {connection_wrapper.py:340} INFO - AWS Connection (conn_id='minio_s3', conn_type='s3') credentials retrieved from login and password.
[2025-10-01T13:49:05.033+0000] {logging_mixin.py:151} INFO - 📄 DocIDs exportados: s3://respaldo2/rag/qrels/2025/_docids.txt (12 únicos)
[2025-10-01T13:49:05.033+0000] {python.py:194} INFO - Done. Returned value was: {'count': 12, 'out_key': 'rag/qrels/2025/_docids.txt'}
[2025-10-01T13:49:05.045+0000] {taskinstance.py:1398} INFO - Marking task as SUCCESS. dag_id=flujo_RAG, task_id=dump_bm25_docids, execution_date=20251001T133342, start_date=20251001T134904, end_date=20251001T134905
[2025-10-01T13:49:05.055+0000] {local_task_job_runner.py:228} INFO - Task exited with return code 0
[2025-10-01T13:49:05.066+0000] {taskinstance.py:2776} INFO - 1 downstream tasks scheduled from follow-on schedule check
