[2025-10-01T13:35:08.882+0000] {taskinstance.py:1157} INFO - Dependencies all met for dep_context=non-requeueable deps ti=<TaskInstance: flujo_RAG.dump_bm25_docids manual__2025-10-01T13:33:42.656094+00:00 [queued]>
[2025-10-01T13:35:08.886+0000] {taskinstance.py:1157} INFO - Dependencies all met for dep_context=requeueable deps ti=<TaskInstance: flujo_RAG.dump_bm25_docids manual__2025-10-01T13:33:42.656094+00:00 [queued]>
[2025-10-01T13:35:08.886+0000] {taskinstance.py:1359} INFO - Starting attempt 1 of 1
[2025-10-01T13:35:08.890+0000] {taskinstance.py:1380} INFO - Executing <Task(PythonOperator): dump_bm25_docids> on 2025-10-01 13:33:42.656094+00:00
[2025-10-01T13:35:08.895+0000] {standard_task_runner.py:57} INFO - Started process 1798 to run task
[2025-10-01T13:35:08.897+0000] {standard_task_runner.py:84} INFO - Running: ['***', 'tasks', 'run', 'flujo_RAG', 'dump_bm25_docids', 'manual__2025-10-01T13:33:42.656094+00:00', '--job-id', '49', '--raw', '--subdir', 'DAGS_FOLDER/RAG_dag.py', '--cfg-path', '/tmp/tmp2zn_hczx']
[2025-10-01T13:35:08.899+0000] {standard_task_runner.py:85} INFO - Job 49: Subtask dump_bm25_docids
[2025-10-01T13:35:08.922+0000] {task_command.py:415} INFO - Running <TaskInstance: flujo_RAG.dump_bm25_docids manual__2025-10-01T13:33:42.656094+00:00 [running]> on host b23249bdd303
[2025-10-01T13:35:08.955+0000] {taskinstance.py:1660} INFO - Exporting env vars: AIRFLOW_CTX_DAG_OWNER='***' AIRFLOW_CTX_DAG_ID='flujo_RAG' AIRFLOW_CTX_TASK_ID='dump_bm25_docids' AIRFLOW_CTX_EXECUTION_DATE='2025-10-01T13:33:42.656094+00:00' AIRFLOW_CTX_TRY_NUMBER='1' AIRFLOW_CTX_DAG_RUN_ID='manual__2025-10-01T13:33:42.656094+00:00'
[2025-10-01T13:35:08.956+0000] {crypto.py:82} WARNING - empty cryptography key - values will not be stored encrypted.
[2025-10-01T13:35:08.957+0000] {base.py:73} INFO - Using connection ID 'minio_s3' for task execution.
[2025-10-01T13:35:08.957+0000] {warnings.py:109} WARNING - <string>:8: AirflowProviderDeprecationWarning: AWS Connection (conn_id='minio_s3', conn_type='s3') has connection type 's3', which has been replaced by connection type 'aws'. Please update your connection to have `conn_type='aws'`.

[2025-10-01T13:35:08.957+0000] {connection_wrapper.py:340} INFO - AWS Connection (conn_id='minio_s3', conn_type='s3') credentials retrieved from login and password.
[2025-10-01T13:35:08.958+0000] {warnings.py:109} WARNING - <string>:8: AirflowProviderDeprecationWarning: Host minio specified in the connection is not used. Please, set it on extra['endpoint_url'] instead

[2025-10-01T13:35:09.149+0000] {base.py:73} INFO - Using connection ID 'minio_s3' for task execution.
[2025-10-01T13:35:09.150+0000] {connection_wrapper.py:340} INFO - AWS Connection (conn_id='minio_s3', conn_type='s3') credentials retrieved from login and password.
[2025-10-01T13:35:09.190+0000] {logging_mixin.py:151} INFO - 📄 DocIDs exportados: s3://respaldo2/rag/qrels/2025/_docids.txt (12 únicos)
[2025-10-01T13:35:09.191+0000] {python.py:194} INFO - Done. Returned value was: {'count': 12, 'out_key': 'rag/qrels/2025/_docids.txt'}
[2025-10-01T13:35:09.202+0000] {taskinstance.py:1398} INFO - Marking task as SUCCESS. dag_id=flujo_RAG, task_id=dump_bm25_docids, execution_date=20251001T133342, start_date=20251001T133508, end_date=20251001T133509
[2025-10-01T13:35:09.234+0000] {local_task_job_runner.py:228} INFO - Task exited with return code 0
[2025-10-01T13:35:09.246+0000] {taskinstance.py:2776} INFO - 1 downstream tasks scheduled from follow-on schedule check
