[2025-10-07T12:56:37.763+0000] {taskinstance.py:1157} INFO - Dependencies all met for dep_context=non-requeueable deps ti=<TaskInstance: flujo_RAG_completo.pinecone_upsert manual__2025-10-07T02:26:17+00:00 [queued]>
[2025-10-07T12:56:37.767+0000] {taskinstance.py:1157} INFO - Dependencies all met for dep_context=requeueable deps ti=<TaskInstance: flujo_RAG_completo.pinecone_upsert manual__2025-10-07T02:26:17+00:00 [queued]>
[2025-10-07T12:56:37.767+0000] {taskinstance.py:1359} INFO - Starting attempt 2 of 2
[2025-10-07T12:56:37.773+0000] {taskinstance.py:1380} INFO - Executing <Task(PythonOperator): pinecone_upsert> on 2025-10-07 02:26:17+00:00
[2025-10-07T12:56:37.781+0000] {standard_task_runner.py:57} INFO - Started process 16363 to run task
[2025-10-07T12:56:37.785+0000] {standard_task_runner.py:84} INFO - Running: ['***', 'tasks', 'run', 'flujo_RAG_completo', 'pinecone_upsert', 'manual__2025-10-07T02:26:17+00:00', '--job-id', '319', '--raw', '--subdir', 'DAGS_FOLDER/Ingestion_pipeline.py', '--cfg-path', '/tmp/tmp6vj9cfxo']
[2025-10-07T12:56:37.789+0000] {standard_task_runner.py:85} INFO - Job 319: Subtask pinecone_upsert
[2025-10-07T12:56:37.823+0000] {task_command.py:415} INFO - Running <TaskInstance: flujo_RAG_completo.pinecone_upsert manual__2025-10-07T02:26:17+00:00 [running]> on host a21c1baf7ef9
[2025-10-07T12:56:37.873+0000] {taskinstance.py:1660} INFO - Exporting env vars: AIRFLOW_CTX_DAG_OWNER='***' AIRFLOW_CTX_DAG_ID='flujo_RAG_completo' AIRFLOW_CTX_TASK_ID='pinecone_upsert' AIRFLOW_CTX_EXECUTION_DATE='2025-10-07T02:26:17+00:00' AIRFLOW_CTX_TRY_NUMBER='2' AIRFLOW_CTX_DAG_RUN_ID='manual__2025-10-07T02:26:17+00:00'
[2025-10-07T12:56:37.875+0000] {crypto.py:82} WARNING - empty cryptography key - values will not be stored encrypted.
[2025-10-07T12:56:37.876+0000] {base.py:73} INFO - Using connection ID 'minio_s3' for task execution.
[2025-10-07T12:56:37.876+0000] {warnings.py:109} WARNING - <string>:8: AirflowProviderDeprecationWarning: AWS Connection (conn_id='minio_s3', conn_type='s3') has connection type 's3', which has been replaced by connection type 'aws'. Please update your connection to have `conn_type='aws'`.

[2025-10-07T12:56:37.876+0000] {connection_wrapper.py:340} INFO - AWS Connection (conn_id='minio_s3', conn_type='s3') credentials retrieved from login and password.
[2025-10-07T12:56:37.877+0000] {warnings.py:109} WARNING - <string>:8: AirflowProviderDeprecationWarning: Host minio specified in the connection is not used. Please, set it on extra['endpoint_url'] instead

[2025-10-07T12:56:38.252+0000] {base.py:73} INFO - Using connection ID 'minio_s3' for task execution.
[2025-10-07T12:56:38.252+0000] {connection_wrapper.py:340} INFO - AWS Connection (conn_id='minio_s3', conn_type='s3') credentials retrieved from login and password.
[2025-10-07T12:56:38.797+0000] {base.py:73} INFO - Using connection ID 'minio_s3' for task execution.
[2025-10-07T12:56:38.797+0000] {connection_wrapper.py:340} INFO - AWS Connection (conn_id='minio_s3', conn_type='s3') credentials retrieved from login and password.
[2025-10-07T12:56:38.861+0000] {base.py:73} INFO - Using connection ID 'minio_s3' for task execution.
[2025-10-07T12:56:38.861+0000] {connection_wrapper.py:340} INFO - AWS Connection (conn_id='minio_s3', conn_type='s3') credentials retrieved from login and password.
[2025-10-07T12:56:38.925+0000] {base.py:73} INFO - Using connection ID 'minio_s3' for task execution.
[2025-10-07T12:56:38.925+0000] {connection_wrapper.py:340} INFO - AWS Connection (conn_id='minio_s3', conn_type='s3') credentials retrieved from login and password.
[2025-10-07T12:56:38.970+0000] {base.py:73} INFO - Using connection ID 'minio_s3' for task execution.
[2025-10-07T12:56:38.970+0000] {connection_wrapper.py:340} INFO - AWS Connection (conn_id='minio_s3', conn_type='s3') credentials retrieved from login and password.
[2025-10-07T12:56:39.018+0000] {base.py:73} INFO - Using connection ID 'minio_s3' for task execution.
[2025-10-07T12:56:39.018+0000] {connection_wrapper.py:340} INFO - AWS Connection (conn_id='minio_s3', conn_type='s3') credentials retrieved from login and password.
[2025-10-07T12:56:39.071+0000] {base.py:73} INFO - Using connection ID 'minio_s3' for task execution.
[2025-10-07T12:56:39.071+0000] {connection_wrapper.py:340} INFO - AWS Connection (conn_id='minio_s3', conn_type='s3') credentials retrieved from login and password.
[2025-10-07T12:56:39.298+0000] {base.py:73} INFO - Using connection ID 'minio_s3' for task execution.
[2025-10-07T12:56:39.299+0000] {connection_wrapper.py:340} INFO - AWS Connection (conn_id='minio_s3', conn_type='s3') credentials retrieved from login and password.
[2025-10-07T12:56:39.340+0000] {base.py:73} INFO - Using connection ID 'minio_s3' for task execution.
[2025-10-07T12:56:39.341+0000] {connection_wrapper.py:340} INFO - AWS Connection (conn_id='minio_s3', conn_type='s3') credentials retrieved from login and password.
[2025-10-07T12:56:39.381+0000] {base.py:73} INFO - Using connection ID 'minio_s3' for task execution.
[2025-10-07T12:56:39.381+0000] {connection_wrapper.py:340} INFO - AWS Connection (conn_id='minio_s3', conn_type='s3') credentials retrieved from login and password.
[2025-10-07T12:56:39.438+0000] {base.py:73} INFO - Using connection ID 'minio_s3' for task execution.
[2025-10-07T12:56:39.438+0000] {connection_wrapper.py:340} INFO - AWS Connection (conn_id='minio_s3', conn_type='s3') credentials retrieved from login and password.
[2025-10-07T12:56:39.492+0000] {base.py:73} INFO - Using connection ID 'minio_s3' for task execution.
[2025-10-07T12:56:39.492+0000] {connection_wrapper.py:340} INFO - AWS Connection (conn_id='minio_s3', conn_type='s3') credentials retrieved from login and password.
[2025-10-07T12:56:39.539+0000] {base.py:73} INFO - Using connection ID 'minio_s3' for task execution.
[2025-10-07T12:56:39.540+0000] {connection_wrapper.py:340} INFO - AWS Connection (conn_id='minio_s3', conn_type='s3') credentials retrieved from login and password.
[2025-10-07T12:56:39.586+0000] {base.py:73} INFO - Using connection ID 'minio_s3' for task execution.
[2025-10-07T12:56:39.587+0000] {connection_wrapper.py:340} INFO - AWS Connection (conn_id='minio_s3', conn_type='s3') credentials retrieved from login and password.
[2025-10-07T12:56:39.806+0000] {base.py:73} INFO - Using connection ID 'minio_s3' for task execution.
[2025-10-07T12:56:39.807+0000] {connection_wrapper.py:340} INFO - AWS Connection (conn_id='minio_s3', conn_type='s3') credentials retrieved from login and password.
[2025-10-07T12:56:39.847+0000] {SentenceTransformer.py:208} INFO - Use pytorch device_name: cpu
[2025-10-07T12:56:39.847+0000] {SentenceTransformer.py:216} INFO - Load pretrained SentenceTransformer: sentence-transformers/paraphrase-multilingual-MiniLM-L12-v2
[2025-10-07T12:56:48.624+0000] {discover_namespace_packages.py:12} INFO - Discovering subpackages in _NamespacePath(['/home/***/.local/lib/python3.8/site-packages/pinecone_plugins'])
[2025-10-07T12:56:48.624+0000] {discover_plugins.py:9} INFO - Looking for plugins in pinecone_plugins.inference
[2025-10-07T12:56:48.633+0000] {installation.py:10} INFO - Installing plugin inference into Pinecone
[2025-10-07T12:56:49.659+0000] {discover_namespace_packages.py:12} INFO - Discovering subpackages in _NamespacePath(['/home/***/.local/lib/python3.8/site-packages/pinecone_plugins'])
[2025-10-07T12:56:49.659+0000] {discover_plugins.py:9} INFO - Looking for plugins in pinecone_plugins.inference
[2025-10-07T12:56:49.659+0000] {installation.py:10} INFO - Installing plugin inference into Pinecone
[2025-10-07T12:56:53.459+0000] {logging_mixin.py:151} INFO - ✅ Upsert Pinecone: {'indexed': 256, 'dim': 384, 'namespace': '2025'}
[2025-10-07T12:56:53.460+0000] {python.py:194} INFO - Done. Returned value was: {'indexed': 256, 'dim': 384, 'namespace': '2025'}
[2025-10-07T12:56:53.485+0000] {taskinstance.py:1398} INFO - Marking task as SUCCESS. dag_id=flujo_RAG_completo, task_id=pinecone_upsert, execution_date=20251007T022617, start_date=20251007T125637, end_date=20251007T125653
[2025-10-07T12:56:53.577+0000] {local_task_job_runner.py:228} INFO - Task exited with return code 0
[2025-10-07T12:56:53.585+0000] {taskinstance.py:2776} INFO - 0 downstream tasks scheduled from follow-on schedule check
