[2025-10-07T12:42:26.214+0000] {taskinstance.py:1157} INFO - Dependencies all met for dep_context=non-requeueable deps ti=<TaskInstance: flujo_RAG_completo.pinecone_upsert manual__2025-10-07T02:26:17+00:00 [queued]>
[2025-10-07T12:42:26.217+0000] {taskinstance.py:1157} INFO - Dependencies all met for dep_context=requeueable deps ti=<TaskInstance: flujo_RAG_completo.pinecone_upsert manual__2025-10-07T02:26:17+00:00 [queued]>
[2025-10-07T12:42:26.218+0000] {taskinstance.py:1359} INFO - Starting attempt 1 of 1
[2025-10-07T12:42:26.222+0000] {taskinstance.py:1380} INFO - Executing <Task(PythonOperator): pinecone_upsert> on 2025-10-07 02:26:17+00:00
[2025-10-07T12:42:26.230+0000] {standard_task_runner.py:57} INFO - Started process 15712 to run task
[2025-10-07T12:42:26.233+0000] {standard_task_runner.py:84} INFO - Running: ['***', 'tasks', 'run', 'flujo_RAG_completo', 'pinecone_upsert', 'manual__2025-10-07T02:26:17+00:00', '--job-id', '318', '--raw', '--subdir', 'DAGS_FOLDER/Ingestion_pipeline.py', '--cfg-path', '/tmp/tmpm57nvuwk']
[2025-10-07T12:42:26.235+0000] {standard_task_runner.py:85} INFO - Job 318: Subtask pinecone_upsert
[2025-10-07T12:42:26.259+0000] {task_command.py:415} INFO - Running <TaskInstance: flujo_RAG_completo.pinecone_upsert manual__2025-10-07T02:26:17+00:00 [running]> on host a21c1baf7ef9
[2025-10-07T12:42:26.293+0000] {taskinstance.py:1660} INFO - Exporting env vars: AIRFLOW_CTX_DAG_OWNER='***' AIRFLOW_CTX_DAG_ID='flujo_RAG_completo' AIRFLOW_CTX_TASK_ID='pinecone_upsert' AIRFLOW_CTX_EXECUTION_DATE='2025-10-07T02:26:17+00:00' AIRFLOW_CTX_TRY_NUMBER='1' AIRFLOW_CTX_DAG_RUN_ID='manual__2025-10-07T02:26:17+00:00'
[2025-10-07T12:42:26.295+0000] {crypto.py:82} WARNING - empty cryptography key - values will not be stored encrypted.
[2025-10-07T12:42:26.295+0000] {base.py:73} INFO - Using connection ID 'minio_s3' for task execution.
[2025-10-07T12:42:26.295+0000] {warnings.py:109} WARNING - <string>:8: AirflowProviderDeprecationWarning: AWS Connection (conn_id='minio_s3', conn_type='s3') has connection type 's3', which has been replaced by connection type 'aws'. Please update your connection to have `conn_type='aws'`.

[2025-10-07T12:42:26.296+0000] {connection_wrapper.py:340} INFO - AWS Connection (conn_id='minio_s3', conn_type='s3') credentials retrieved from login and password.
[2025-10-07T12:42:26.296+0000] {warnings.py:109} WARNING - <string>:8: AirflowProviderDeprecationWarning: Host minio specified in the connection is not used. Please, set it on extra['endpoint_url'] instead

[2025-10-07T12:42:26.439+0000] {base.py:73} INFO - Using connection ID 'minio_s3' for task execution.
[2025-10-07T12:42:26.440+0000] {connection_wrapper.py:340} INFO - AWS Connection (conn_id='minio_s3', conn_type='s3') credentials retrieved from login and password.
[2025-10-07T12:42:26.655+0000] {base.py:73} INFO - Using connection ID 'minio_s3' for task execution.
[2025-10-07T12:42:26.655+0000] {connection_wrapper.py:340} INFO - AWS Connection (conn_id='minio_s3', conn_type='s3') credentials retrieved from login and password.
[2025-10-07T12:42:26.695+0000] {base.py:73} INFO - Using connection ID 'minio_s3' for task execution.
[2025-10-07T12:42:26.696+0000] {connection_wrapper.py:340} INFO - AWS Connection (conn_id='minio_s3', conn_type='s3') credentials retrieved from login and password.
[2025-10-07T12:42:26.736+0000] {base.py:73} INFO - Using connection ID 'minio_s3' for task execution.
[2025-10-07T12:42:26.736+0000] {connection_wrapper.py:340} INFO - AWS Connection (conn_id='minio_s3', conn_type='s3') credentials retrieved from login and password.
[2025-10-07T12:42:26.777+0000] {base.py:73} INFO - Using connection ID 'minio_s3' for task execution.
[2025-10-07T12:42:26.778+0000] {connection_wrapper.py:340} INFO - AWS Connection (conn_id='minio_s3', conn_type='s3') credentials retrieved from login and password.
[2025-10-07T12:42:26.819+0000] {base.py:73} INFO - Using connection ID 'minio_s3' for task execution.
[2025-10-07T12:42:26.819+0000] {connection_wrapper.py:340} INFO - AWS Connection (conn_id='minio_s3', conn_type='s3') credentials retrieved from login and password.
[2025-10-07T12:42:26.859+0000] {base.py:73} INFO - Using connection ID 'minio_s3' for task execution.
[2025-10-07T12:42:26.859+0000] {connection_wrapper.py:340} INFO - AWS Connection (conn_id='minio_s3', conn_type='s3') credentials retrieved from login and password.
[2025-10-07T12:42:27.044+0000] {base.py:73} INFO - Using connection ID 'minio_s3' for task execution.
[2025-10-07T12:42:27.045+0000] {connection_wrapper.py:340} INFO - AWS Connection (conn_id='minio_s3', conn_type='s3') credentials retrieved from login and password.
[2025-10-07T12:42:27.082+0000] {base.py:73} INFO - Using connection ID 'minio_s3' for task execution.
[2025-10-07T12:42:27.083+0000] {connection_wrapper.py:340} INFO - AWS Connection (conn_id='minio_s3', conn_type='s3') credentials retrieved from login and password.
[2025-10-07T12:42:27.119+0000] {base.py:73} INFO - Using connection ID 'minio_s3' for task execution.
[2025-10-07T12:42:27.120+0000] {connection_wrapper.py:340} INFO - AWS Connection (conn_id='minio_s3', conn_type='s3') credentials retrieved from login and password.
[2025-10-07T12:42:27.158+0000] {base.py:73} INFO - Using connection ID 'minio_s3' for task execution.
[2025-10-07T12:42:27.159+0000] {connection_wrapper.py:340} INFO - AWS Connection (conn_id='minio_s3', conn_type='s3') credentials retrieved from login and password.
[2025-10-07T12:42:27.198+0000] {base.py:73} INFO - Using connection ID 'minio_s3' for task execution.
[2025-10-07T12:42:27.198+0000] {connection_wrapper.py:340} INFO - AWS Connection (conn_id='minio_s3', conn_type='s3') credentials retrieved from login and password.
[2025-10-07T12:42:27.239+0000] {base.py:73} INFO - Using connection ID 'minio_s3' for task execution.
[2025-10-07T12:42:27.240+0000] {connection_wrapper.py:340} INFO - AWS Connection (conn_id='minio_s3', conn_type='s3') credentials retrieved from login and password.
[2025-10-07T12:42:27.279+0000] {base.py:73} INFO - Using connection ID 'minio_s3' for task execution.
[2025-10-07T12:42:27.280+0000] {connection_wrapper.py:340} INFO - AWS Connection (conn_id='minio_s3', conn_type='s3') credentials retrieved from login and password.
[2025-10-07T12:42:27.471+0000] {base.py:73} INFO - Using connection ID 'minio_s3' for task execution.
[2025-10-07T12:42:27.471+0000] {connection_wrapper.py:340} INFO - AWS Connection (conn_id='minio_s3', conn_type='s3') credentials retrieved from login and password.
[2025-10-07T12:42:27.510+0000] {logging_mixin.py:151} INFO - ✅ Upsert Pinecone: {'indexed': 0, 'dim': 0}
[2025-10-07T12:42:27.511+0000] {python.py:194} INFO - Done. Returned value was: {'indexed': 0, 'dim': 0}
[2025-10-07T12:42:27.522+0000] {taskinstance.py:1398} INFO - Marking task as SUCCESS. dag_id=flujo_RAG_completo, task_id=pinecone_upsert, execution_date=20251007T022617, start_date=20251007T124226, end_date=20251007T124227
[2025-10-07T12:42:27.580+0000] {local_task_job_runner.py:228} INFO - Task exited with return code 0
[2025-10-07T12:42:27.589+0000] {taskinstance.py:2776} INFO - 0 downstream tasks scheduled from follow-on schedule check
