[2025-10-06T00:58:37.229+0000] {taskinstance.py:1157} INFO - Dependencies all met for dep_context=non-requeueable deps ti=<TaskInstance: flujo_RAG.query_bm25_demo manual__2025-10-06T00:05:45+00:00 [queued]>
[2025-10-06T00:58:37.236+0000] {taskinstance.py:1157} INFO - Dependencies all met for dep_context=requeueable deps ti=<TaskInstance: flujo_RAG.query_bm25_demo manual__2025-10-06T00:05:45+00:00 [queued]>
[2025-10-06T00:58:37.236+0000] {taskinstance.py:1359} INFO - Starting attempt 1 of 1
[2025-10-06T00:58:37.248+0000] {taskinstance.py:1380} INFO - Executing <Task(PythonOperator): query_bm25_demo> on 2025-10-06 00:05:45+00:00
[2025-10-06T00:58:37.267+0000] {standard_task_runner.py:57} INFO - Started process 9461 to run task
[2025-10-06T00:58:37.283+0000] {standard_task_runner.py:84} INFO - Running: ['***', 'tasks', 'run', 'flujo_RAG', 'query_bm25_demo', 'manual__2025-10-06T00:05:45+00:00', '--job-id', '242', '--raw', '--subdir', 'DAGS_FOLDER/RAG_dag.py', '--cfg-path', '/tmp/tmp4s7lnrwr']
[2025-10-06T00:58:37.299+0000] {standard_task_runner.py:85} INFO - Job 242: Subtask query_bm25_demo
[2025-10-06T00:58:37.389+0000] {task_command.py:415} INFO - Running <TaskInstance: flujo_RAG.query_bm25_demo manual__2025-10-06T00:05:45+00:00 [running]> on host c16a2a509134
[2025-10-06T00:58:37.468+0000] {taskinstance.py:1660} INFO - Exporting env vars: AIRFLOW_CTX_DAG_OWNER='***' AIRFLOW_CTX_DAG_ID='flujo_RAG' AIRFLOW_CTX_TASK_ID='query_bm25_demo' AIRFLOW_CTX_EXECUTION_DATE='2025-10-06T00:05:45+00:00' AIRFLOW_CTX_TRY_NUMBER='1' AIRFLOW_CTX_DAG_RUN_ID='manual__2025-10-06T00:05:45+00:00'
[2025-10-06T00:58:37.471+0000] {crypto.py:82} WARNING - empty cryptography key - values will not be stored encrypted.
[2025-10-06T00:58:37.473+0000] {base.py:73} INFO - Using connection ID 'minio_s3' for task execution.
[2025-10-06T00:58:37.475+0000] {warnings.py:109} WARNING - <string>:8: AirflowProviderDeprecationWarning: AWS Connection (conn_id='minio_s3', conn_type='s3') has connection type 's3', which has been replaced by connection type 'aws'. Please update your connection to have `conn_type='aws'`.

[2025-10-06T00:58:37.475+0000] {connection_wrapper.py:340} INFO - AWS Connection (conn_id='minio_s3', conn_type='s3') credentials retrieved from login and password.
[2025-10-06T00:58:37.476+0000] {warnings.py:109} WARNING - <string>:8: AirflowProviderDeprecationWarning: Host minio specified in the connection is not used. Please, set it on extra['endpoint_url'] instead

[2025-10-06T00:58:37.987+0000] {logging_mixin.py:151} INFO - 游댍 Query: 'contrataci칩n p칰blica vial' | Top-5 resultados
[2025-10-06T00:58:37.987+0000] {logging_mixin.py:151} INFO - #01  score=6.9440  doc_id=22033_2025-09-17_p1  page=1  pdf=boletines/2025/22033_2025-09-17.pdf
[2025-10-06T00:58:37.987+0000] {logging_mixin.py:151} INFO -       Importe: 5,950.00 OP N : 100128398 CONTRATACI칍N ABREVIADA EXPEDIENTE No 27388/25 - ADJUDICACI칍N P치g. N 30 Edici칩n N 22.033 Salta, mi칠rcoles 17 de septiembre de 2025 Decreto Reglamentario N 571/2020 del 28/08/2020 DEPARTAMENTO DE CONTRATACIO
[2025-10-06T00:58:37.988+0000] {logging_mixin.py:151} INFO - #02  score=6.8982  doc_id=22039_2025-09-25_p1  page=1  pdf=boletines/2025/22039_2025-09-25.pdf
[2025-10-06T00:58:37.988+0000] {logging_mixin.py:151} INFO -       Contrataci칩n Abreviada por Emergencia prevista en el art.15 inc. i) Ley 8.072. Escalada, COMPRAS Valor al cobro: 0012 - 00012834 Fechas de publicaci칩n: 25/09/2025 Importe: 5,950.00 OP N : 100128652 CONTRATACI칍N ABREVIADA EXPEDIENTE No 27421
[2025-10-06T00:58:37.988+0000] {logging_mixin.py:151} INFO - #03  score=6.8214  doc_id=22034_2025-09-18_p1  page=1  pdf=boletines/2025/22034_2025-09-18.pdf
[2025-10-06T00:58:37.988+0000] {logging_mixin.py:151} INFO -       PROVISI칍N DE SUBSIDIOS DIRECCI칍N GENERAL DE ABASTECIMIENTO Y MANTENIMIENTO MINISTERIO DE SALUD P칔BLICA Art칤culo 1o: con encuadre en el art칤culo 15 inc. i) de la Ley 8072 de Contrataciones de la Provincia se adjudica el tr치mite de Contrataci
[2025-10-06T00:58:37.988+0000] {logging_mixin.py:151} INFO - #04  score=6.0219  doc_id=22034_2025-09-18_p1  page=1  pdf=boletines/2025/22034_2025-09-18.pdf
[2025-10-06T00:58:37.988+0000] {logging_mixin.py:151} INFO -       Provincia se adjudica el tr치mite de Contrataci칩n Abreviada N 108/2-0683-CAB25, provision de material quir칰rgico a favor de pacientes sin cobertura de salud, seg칰n DI No 450/25 a la firma: DEBENE SA: renglones No 01, 02, y 03 por la suma de 
[2025-10-06T00:58:37.989+0000] {logging_mixin.py:151} INFO - #05  score=5.9669  doc_id=22037_2025-09-23_p1  page=1  pdf=boletines/2025/22037_2025-09-23.pdf
[2025-10-06T00:58:37.989+0000] {logging_mixin.py:151} INFO -       de c칩mputo y presupuesto de fs. 32; Que la contrataci칩n de la obra se efectuar치 por el procedimiento de Contrataci칩n Abreviada, con encuadre en el art칤culo 15 inciso a) de la Ley No 8.072, con la modalidad de Ajuste Alzado y con un plazo de
[2025-10-06T00:58:37.992+0000] {python.py:194} INFO - Done. Returned value was: {'query': 'contrataci칩n p칰blica vial', 'top_k': 5, 'results': [{'rank': 1, 'score': 6.944037949107767, 'doc_id': '22033_2025-09-17_p1', 'page': 1, 'pdf_key': 'boletines/2025/22033_2025-09-17.pdf', 'snippet': 'Importe: 5,950.00 OP N : 100128398 CONTRATACI칍N ABREVIADA EXPEDIENTE No 27388/25 - ADJUDICACI칍N P치g. N 30 Edici칩n N 22.033 Salta, mi칠rcoles 17 de septiembre de 2025 Decreto Reglamentario N 571/2020 del 28/08/2020 DEPARTAMENTO DE CONTRATACIO'}, {'rank': 2, 'score': 6.898155219260749, 'doc_id': '22039_2025-09-25_p1', 'page': 1, 'pdf_key': 'boletines/2025/22039_2025-09-25.pdf', 'snippet': 'Contrataci칩n Abreviada por Emergencia prevista en el art.15 inc. i) Ley 8.072. Escalada, COMPRAS Valor al cobro: 0012 - 00012834 Fechas de publicaci칩n: 25/09/2025 Importe: 5,950.00 OP N : 100128652 CONTRATACI칍N ABREVIADA EXPEDIENTE No 27421'}, {'rank': 3, 'score': 6.821351875213909, 'doc_id': '22034_2025-09-18_p1', 'page': 1, 'pdf_key': 'boletines/2025/22034_2025-09-18.pdf', 'snippet': 'PROVISI칍N DE SUBSIDIOS DIRECCI칍N GENERAL DE ABASTECIMIENTO Y MANTENIMIENTO MINISTERIO DE SALUD P칔BLICA Art칤culo 1o: con encuadre en el art칤culo 15 inc. i) de la Ley 8072 de Contrataciones de la Provincia se adjudica el tr치mite de Contrataci'}, {'rank': 4, 'score': 6.021935661956479, 'doc_id': '22034_2025-09-18_p1', 'page': 1, 'pdf_key': 'boletines/2025/22034_2025-09-18.pdf', 'snippet': 'Provincia se adjudica el tr치mite de Contrataci칩n Abreviada N 108/2-0683-CAB25, provision de material quir칰rgico a favor de pacientes sin cobertura de salud, seg칰n DI No 450/25 a la firma: DEBENE SA: renglones No 01, 02, y 03 por la suma de '}, {'rank': 5, 'score': 5.966916165004621, 'doc_id': '22037_2025-09-23_p1', 'page': 1, 'pdf_key': 'boletines/2025/22037_2025-09-23.pdf', 'snippet': 'de c칩mputo y presupuesto de fs. 32; Que la contrataci칩n de la obra se efectuar치 por el procedimiento de Contrataci칩n Abreviada, con encuadre en el art칤culo 15 inciso a) de la Ley No 8.072, con la modalidad de Ajuste Alzado y con un plazo de'}], 'model_key': 'rag/models/2025/bm25.pkl'}
[2025-10-06T00:58:38.014+0000] {taskinstance.py:1398} INFO - Marking task as SUCCESS. dag_id=flujo_RAG, task_id=query_bm25_demo, execution_date=20251006T000545, start_date=20251006T005837, end_date=20251006T005838
[2025-10-06T00:58:38.061+0000] {local_task_job_runner.py:228} INFO - Task exited with return code 0
[2025-10-06T00:58:38.076+0000] {taskinstance.py:2776} INFO - 1 downstream tasks scheduled from follow-on schedule check
