[2025-10-06T19:30:56.955+0000] {taskinstance.py:1157} INFO - Dependencies all met for dep_context=non-requeueable deps ti=<TaskInstance: flujo_RAG_completo.chunk_from_txt manual__2025-10-06T19:26:49+00:00 [queued]>
[2025-10-06T19:30:56.958+0000] {taskinstance.py:1157} INFO - Dependencies all met for dep_context=requeueable deps ti=<TaskInstance: flujo_RAG_completo.chunk_from_txt manual__2025-10-06T19:26:49+00:00 [queued]>
[2025-10-06T19:30:56.959+0000] {taskinstance.py:1359} INFO - Starting attempt 3 of 3
[2025-10-06T19:30:56.963+0000] {taskinstance.py:1380} INFO - Executing <Task(PythonOperator): chunk_from_txt> on 2025-10-06 19:26:49+00:00
[2025-10-06T19:30:56.968+0000] {standard_task_runner.py:57} INFO - Started process 470 to run task
[2025-10-06T19:30:56.971+0000] {standard_task_runner.py:84} INFO - Running: ['***', 'tasks', 'run', 'flujo_RAG_completo', 'chunk_from_txt', 'manual__2025-10-06T19:26:49+00:00', '--job-id', '284', '--raw', '--subdir', 'DAGS_FOLDER/Ingestion_pipeline.py', '--cfg-path', '/tmp/tmp3qxwn6ma']
[2025-10-06T19:30:56.973+0000] {standard_task_runner.py:85} INFO - Job 284: Subtask chunk_from_txt
[2025-10-06T19:30:56.993+0000] {task_command.py:415} INFO - Running <TaskInstance: flujo_RAG_completo.chunk_from_txt manual__2025-10-06T19:26:49+00:00 [running]> on host a21c1baf7ef9
[2025-10-06T19:30:57.024+0000] {taskinstance.py:1660} INFO - Exporting env vars: AIRFLOW_CTX_DAG_OWNER='***' AIRFLOW_CTX_DAG_ID='flujo_RAG_completo' AIRFLOW_CTX_TASK_ID='chunk_from_txt' AIRFLOW_CTX_EXECUTION_DATE='2025-10-06T19:26:49+00:00' AIRFLOW_CTX_TRY_NUMBER='3' AIRFLOW_CTX_DAG_RUN_ID='manual__2025-10-06T19:26:49+00:00'
[2025-10-06T19:30:57.025+0000] {crypto.py:82} WARNING - empty cryptography key - values will not be stored encrypted.
[2025-10-06T19:30:57.026+0000] {base.py:73} INFO - Using connection ID 'minio_s3' for task execution.
[2025-10-06T19:30:57.026+0000] {warnings.py:109} WARNING - <string>:8: AirflowProviderDeprecationWarning: AWS Connection (conn_id='minio_s3', conn_type='s3') has connection type 's3', which has been replaced by connection type 'aws'. Please update your connection to have `conn_type='aws'`.

[2025-10-06T19:30:57.026+0000] {connection_wrapper.py:340} INFO - AWS Connection (conn_id='minio_s3', conn_type='s3') credentials retrieved from login and password.
[2025-10-06T19:30:57.026+0000] {warnings.py:109} WARNING - <string>:8: AirflowProviderDeprecationWarning: Host minio specified in the connection is not used. Please, set it on extra['endpoint_url'] instead

[2025-10-06T19:30:57.156+0000] {base.py:73} INFO - Using connection ID 'minio_s3' for task execution.
[2025-10-06T19:30:57.157+0000] {connection_wrapper.py:340} INFO - AWS Connection (conn_id='minio_s3', conn_type='s3') credentials retrieved from login and password.
[2025-10-06T19:30:57.476+0000] {base.py:73} INFO - Using connection ID 'minio_s3' for task execution.
[2025-10-06T19:30:57.476+0000] {connection_wrapper.py:340} INFO - AWS Connection (conn_id='minio_s3', conn_type='s3') credentials retrieved from login and password.
[2025-10-06T19:30:57.514+0000] {logging_mixin.py:151} INFO - ✅ NDJSON subido: s3://respaldo2/rag/chunks/2025/22032_2025-09-16.ndjson  (chunks=268)
[2025-10-06T19:30:57.514+0000] {base.py:73} INFO - Using connection ID 'minio_s3' for task execution.
[2025-10-06T19:30:57.514+0000] {connection_wrapper.py:340} INFO - AWS Connection (conn_id='minio_s3', conn_type='s3') credentials retrieved from login and password.
[2025-10-06T19:30:57.578+0000] {base.py:73} INFO - Using connection ID 'minio_s3' for task execution.
[2025-10-06T19:30:57.578+0000] {connection_wrapper.py:340} INFO - AWS Connection (conn_id='minio_s3', conn_type='s3') credentials retrieved from login and password.
[2025-10-06T19:30:57.618+0000] {logging_mixin.py:151} INFO - ✅ NDJSON subido: s3://respaldo2/rag/chunks/2025/22033_2025-09-17.ndjson  (chunks=270)
[2025-10-06T19:30:57.618+0000] {base.py:73} INFO - Using connection ID 'minio_s3' for task execution.
[2025-10-06T19:30:57.618+0000] {connection_wrapper.py:340} INFO - AWS Connection (conn_id='minio_s3', conn_type='s3') credentials retrieved from login and password.
[2025-10-06T19:30:57.795+0000] {base.py:73} INFO - Using connection ID 'minio_s3' for task execution.
[2025-10-06T19:30:57.795+0000] {connection_wrapper.py:340} INFO - AWS Connection (conn_id='minio_s3', conn_type='s3') credentials retrieved from login and password.
[2025-10-06T19:30:57.829+0000] {logging_mixin.py:151} INFO - ✅ NDJSON subido: s3://respaldo2/rag/chunks/2025/22034_2025-09-18.ndjson  (chunks=290)
[2025-10-06T19:30:57.830+0000] {base.py:73} INFO - Using connection ID 'minio_s3' for task execution.
[2025-10-06T19:30:57.830+0000] {connection_wrapper.py:340} INFO - AWS Connection (conn_id='minio_s3', conn_type='s3') credentials retrieved from login and password.
[2025-10-06T19:30:57.894+0000] {base.py:73} INFO - Using connection ID 'minio_s3' for task execution.
[2025-10-06T19:30:57.894+0000] {connection_wrapper.py:340} INFO - AWS Connection (conn_id='minio_s3', conn_type='s3') credentials retrieved from login and password.
[2025-10-06T19:30:57.931+0000] {logging_mixin.py:151} INFO - ✅ NDJSON subido: s3://respaldo2/rag/chunks/2025/22035_2025-09-19.ndjson  (chunks=277)
[2025-10-06T19:30:57.932+0000] {base.py:73} INFO - Using connection ID 'minio_s3' for task execution.
[2025-10-06T19:30:57.932+0000] {connection_wrapper.py:340} INFO - AWS Connection (conn_id='minio_s3', conn_type='s3') credentials retrieved from login and password.
[2025-10-06T19:30:57.993+0000] {base.py:73} INFO - Using connection ID 'minio_s3' for task execution.
[2025-10-06T19:30:57.993+0000] {connection_wrapper.py:340} INFO - AWS Connection (conn_id='minio_s3', conn_type='s3') credentials retrieved from login and password.
[2025-10-06T19:30:58.031+0000] {logging_mixin.py:151} INFO - ✅ NDJSON subido: s3://respaldo2/rag/chunks/2025/22036_2025-09-22.ndjson  (chunks=271)
[2025-10-06T19:30:58.031+0000] {base.py:73} INFO - Using connection ID 'minio_s3' for task execution.
[2025-10-06T19:30:58.031+0000] {connection_wrapper.py:340} INFO - AWS Connection (conn_id='minio_s3', conn_type='s3') credentials retrieved from login and password.
[2025-10-06T19:30:58.092+0000] {base.py:73} INFO - Using connection ID 'minio_s3' for task execution.
[2025-10-06T19:30:58.092+0000] {connection_wrapper.py:340} INFO - AWS Connection (conn_id='minio_s3', conn_type='s3') credentials retrieved from login and password.
[2025-10-06T19:30:58.276+0000] {logging_mixin.py:151} INFO - ✅ NDJSON subido: s3://respaldo2/rag/chunks/2025/22037_2025-09-23.ndjson  (chunks=269)
[2025-10-06T19:30:58.276+0000] {base.py:73} INFO - Using connection ID 'minio_s3' for task execution.
[2025-10-06T19:30:58.277+0000] {connection_wrapper.py:340} INFO - AWS Connection (conn_id='minio_s3', conn_type='s3') credentials retrieved from login and password.
[2025-10-06T19:30:58.334+0000] {base.py:73} INFO - Using connection ID 'minio_s3' for task execution.
[2025-10-06T19:30:58.334+0000] {connection_wrapper.py:340} INFO - AWS Connection (conn_id='minio_s3', conn_type='s3') credentials retrieved from login and password.
[2025-10-06T19:30:58.368+0000] {logging_mixin.py:151} INFO - ✅ NDJSON subido: s3://respaldo2/rag/chunks/2025/22038_2025-09-24.ndjson  (chunks=210)
[2025-10-06T19:30:58.369+0000] {base.py:73} INFO - Using connection ID 'minio_s3' for task execution.
[2025-10-06T19:30:58.369+0000] {connection_wrapper.py:340} INFO - AWS Connection (conn_id='minio_s3', conn_type='s3') credentials retrieved from login and password.
[2025-10-06T19:30:58.430+0000] {base.py:73} INFO - Using connection ID 'minio_s3' for task execution.
[2025-10-06T19:30:58.431+0000] {connection_wrapper.py:340} INFO - AWS Connection (conn_id='minio_s3', conn_type='s3') credentials retrieved from login and password.
[2025-10-06T19:30:58.467+0000] {logging_mixin.py:151} INFO - ✅ NDJSON subido: s3://respaldo2/rag/chunks/2025/22039_2025-09-25.ndjson  (chunks=291)
[2025-10-06T19:30:58.468+0000] {base.py:73} INFO - Using connection ID 'minio_s3' for task execution.
[2025-10-06T19:30:58.468+0000] {connection_wrapper.py:340} INFO - AWS Connection (conn_id='minio_s3', conn_type='s3') credentials retrieved from login and password.
[2025-10-06T19:30:58.527+0000] {base.py:73} INFO - Using connection ID 'minio_s3' for task execution.
[2025-10-06T19:30:58.528+0000] {connection_wrapper.py:340} INFO - AWS Connection (conn_id='minio_s3', conn_type='s3') credentials retrieved from login and password.
[2025-10-06T19:30:58.700+0000] {logging_mixin.py:151} INFO - ✅ NDJSON subido: s3://respaldo2/rag/chunks/2025/22040_2025-09-26.ndjson  (chunks=247)
[2025-10-06T19:30:58.700+0000] {base.py:73} INFO - Using connection ID 'minio_s3' for task execution.
[2025-10-06T19:30:58.700+0000] {connection_wrapper.py:340} INFO - AWS Connection (conn_id='minio_s3', conn_type='s3') credentials retrieved from login and password.
[2025-10-06T19:30:58.764+0000] {base.py:73} INFO - Using connection ID 'minio_s3' for task execution.
[2025-10-06T19:30:58.764+0000] {connection_wrapper.py:340} INFO - AWS Connection (conn_id='minio_s3', conn_type='s3') credentials retrieved from login and password.
[2025-10-06T19:30:58.798+0000] {logging_mixin.py:151} INFO - ✅ NDJSON subido: s3://respaldo2/rag/chunks/2025/22041_2025-09-29.ndjson  (chunks=323)
[2025-10-06T19:30:58.799+0000] {base.py:73} INFO - Using connection ID 'minio_s3' for task execution.
[2025-10-06T19:30:58.799+0000] {connection_wrapper.py:340} INFO - AWS Connection (conn_id='minio_s3', conn_type='s3') credentials retrieved from login and password.
[2025-10-06T19:30:58.856+0000] {base.py:73} INFO - Using connection ID 'minio_s3' for task execution.
[2025-10-06T19:30:58.856+0000] {connection_wrapper.py:340} INFO - AWS Connection (conn_id='minio_s3', conn_type='s3') credentials retrieved from login and password.
[2025-10-06T19:30:58.890+0000] {logging_mixin.py:151} INFO - ✅ NDJSON subido: s3://respaldo2/rag/chunks/2025/22042_2025-09-30.ndjson  (chunks=261)
[2025-10-06T19:30:58.890+0000] {base.py:73} INFO - Using connection ID 'minio_s3' for task execution.
[2025-10-06T19:30:58.891+0000] {connection_wrapper.py:340} INFO - AWS Connection (conn_id='minio_s3', conn_type='s3') credentials retrieved from login and password.
[2025-10-06T19:30:58.957+0000] {base.py:73} INFO - Using connection ID 'minio_s3' for task execution.
[2025-10-06T19:30:58.957+0000] {connection_wrapper.py:340} INFO - AWS Connection (conn_id='minio_s3', conn_type='s3') credentials retrieved from login and password.
[2025-10-06T19:30:58.993+0000] {logging_mixin.py:151} INFO - ✅ NDJSON subido: s3://respaldo2/rag/chunks/2025/22043_2025-10-01.ndjson  (chunks=344)
[2025-10-06T19:30:58.994+0000] {base.py:73} INFO - Using connection ID 'minio_s3' for task execution.
[2025-10-06T19:30:58.994+0000] {connection_wrapper.py:340} INFO - AWS Connection (conn_id='minio_s3', conn_type='s3') credentials retrieved from login and password.
[2025-10-06T19:30:59.205+0000] {base.py:73} INFO - Using connection ID 'minio_s3' for task execution.
[2025-10-06T19:30:59.205+0000] {connection_wrapper.py:340} INFO - AWS Connection (conn_id='minio_s3', conn_type='s3') credentials retrieved from login and password.
[2025-10-06T19:30:59.239+0000] {logging_mixin.py:151} INFO - ✅ NDJSON subido: s3://respaldo2/rag/chunks/2025/22044_2025-10-02.ndjson  (chunks=314)
[2025-10-06T19:30:59.240+0000] {base.py:73} INFO - Using connection ID 'minio_s3' for task execution.
[2025-10-06T19:30:59.240+0000] {connection_wrapper.py:340} INFO - AWS Connection (conn_id='minio_s3', conn_type='s3') credentials retrieved from login and password.
[2025-10-06T19:30:59.296+0000] {base.py:73} INFO - Using connection ID 'minio_s3' for task execution.
[2025-10-06T19:30:59.296+0000] {connection_wrapper.py:340} INFO - AWS Connection (conn_id='minio_s3', conn_type='s3') credentials retrieved from login and password.
[2025-10-06T19:30:59.332+0000] {logging_mixin.py:151} INFO - ✅ NDJSON subido: s3://respaldo2/rag/chunks/2025/22045_2025-10-03.ndjson  (chunks=241)
[2025-10-06T19:30:59.333+0000] {base.py:73} INFO - Using connection ID 'minio_s3' for task execution.
[2025-10-06T19:30:59.333+0000] {connection_wrapper.py:340} INFO - AWS Connection (conn_id='minio_s3', conn_type='s3') credentials retrieved from login and password.
[2025-10-06T19:30:59.394+0000] {base.py:73} INFO - Using connection ID 'minio_s3' for task execution.
[2025-10-06T19:30:59.395+0000] {connection_wrapper.py:340} INFO - AWS Connection (conn_id='minio_s3', conn_type='s3') credentials retrieved from login and password.
[2025-10-06T19:30:59.430+0000] {logging_mixin.py:151} INFO - ✅ NDJSON subido: s3://respaldo2/rag/chunks/2025/22046_2025-10-06.ndjson  (chunks=308)
[2025-10-06T19:30:59.431+0000] {base.py:73} INFO - Using connection ID 'minio_s3' for task execution.
[2025-10-06T19:30:59.431+0000] {connection_wrapper.py:340} INFO - AWS Connection (conn_id='minio_s3', conn_type='s3') credentials retrieved from login and password.
[2025-10-06T19:30:59.464+0000] {logging_mixin.py:151} INFO - 📄 Manifest: s3://respaldo2/rag/chunks/2025/_chunks_manifest.json
[2025-10-06T19:30:59.464+0000] {python.py:194} INFO - Done. Returned value was: {'processed': 15, 'pages': 15, 'chunks': 4184, 'manifest_key': 'rag/chunks/2025/_chunks_manifest.json'}
[2025-10-06T19:30:59.474+0000] {taskinstance.py:1398} INFO - Marking task as SUCCESS. dag_id=flujo_RAG_completo, task_id=chunk_from_txt, execution_date=20251006T192649, start_date=20251006T193056, end_date=20251006T193059
[2025-10-06T19:30:59.524+0000] {local_task_job_runner.py:228} INFO - Task exited with return code 0
[2025-10-06T19:30:59.533+0000] {taskinstance.py:2776} INFO - 0 downstream tasks scheduled from follow-on schedule check
