[2025-10-06T19:30:29.483+0000] {taskinstance.py:1157} INFO - Dependencies all met for dep_context=non-requeueable deps ti=<TaskInstance: flujo_RAG_completo.chunk_from_txt manual__2025-10-06T19:26:49+00:00 [queued]>
[2025-10-06T19:30:29.486+0000] {taskinstance.py:1157} INFO - Dependencies all met for dep_context=requeueable deps ti=<TaskInstance: flujo_RAG_completo.chunk_from_txt manual__2025-10-06T19:26:49+00:00 [queued]>
[2025-10-06T19:30:29.486+0000] {taskinstance.py:1359} INFO - Starting attempt 2 of 2
[2025-10-06T19:30:29.491+0000] {taskinstance.py:1380} INFO - Executing <Task(PythonOperator): chunk_from_txt> on 2025-10-06 19:26:49+00:00
[2025-10-06T19:30:29.497+0000] {standard_task_runner.py:57} INFO - Started process 402 to run task
[2025-10-06T19:30:29.500+0000] {standard_task_runner.py:84} INFO - Running: ['***', 'tasks', 'run', 'flujo_RAG_completo', 'chunk_from_txt', 'manual__2025-10-06T19:26:49+00:00', '--job-id', '283', '--raw', '--subdir', 'DAGS_FOLDER/Ingestion_pipeline.py', '--cfg-path', '/tmp/tmphfsl1zkn']
[2025-10-06T19:30:29.503+0000] {standard_task_runner.py:85} INFO - Job 283: Subtask chunk_from_txt
[2025-10-06T19:30:29.529+0000] {task_command.py:415} INFO - Running <TaskInstance: flujo_RAG_completo.chunk_from_txt manual__2025-10-06T19:26:49+00:00 [running]> on host a21c1baf7ef9
[2025-10-06T19:30:29.564+0000] {taskinstance.py:1660} INFO - Exporting env vars: AIRFLOW_CTX_DAG_OWNER='***' AIRFLOW_CTX_DAG_ID='flujo_RAG_completo' AIRFLOW_CTX_TASK_ID='chunk_from_txt' AIRFLOW_CTX_EXECUTION_DATE='2025-10-06T19:26:49+00:00' AIRFLOW_CTX_TRY_NUMBER='2' AIRFLOW_CTX_DAG_RUN_ID='manual__2025-10-06T19:26:49+00:00'
[2025-10-06T19:30:29.565+0000] {crypto.py:82} WARNING - empty cryptography key - values will not be stored encrypted.
[2025-10-06T19:30:29.566+0000] {base.py:73} INFO - Using connection ID 'minio_s3' for task execution.
[2025-10-06T19:30:29.566+0000] {warnings.py:109} WARNING - <string>:8: AirflowProviderDeprecationWarning: AWS Connection (conn_id='minio_s3', conn_type='s3') has connection type 's3', which has been replaced by connection type 'aws'. Please update your connection to have `conn_type='aws'`.

[2025-10-06T19:30:29.566+0000] {connection_wrapper.py:340} INFO - AWS Connection (conn_id='minio_s3', conn_type='s3') credentials retrieved from login and password.
[2025-10-06T19:30:29.566+0000] {warnings.py:109} WARNING - <string>:8: AirflowProviderDeprecationWarning: Host minio specified in the connection is not used. Please, set it on extra['endpoint_url'] instead

[2025-10-06T19:30:29.704+0000] {base.py:73} INFO - Using connection ID 'minio_s3' for task execution.
[2025-10-06T19:30:29.704+0000] {connection_wrapper.py:340} INFO - AWS Connection (conn_id='minio_s3', conn_type='s3') credentials retrieved from login and password.
[2025-10-06T19:30:30.084+0000] {base.py:73} INFO - Using connection ID 'minio_s3' for task execution.
[2025-10-06T19:30:30.085+0000] {connection_wrapper.py:340} INFO - AWS Connection (conn_id='minio_s3', conn_type='s3') credentials retrieved from login and password.
[2025-10-06T19:30:30.132+0000] {logging_mixin.py:151} INFO - ✅ NDJSON subido: s3://respaldo2/rag/chunks/2025/22032_2025-09-16.ndjson  (chunks=268)
[2025-10-06T19:30:30.134+0000] {base.py:73} INFO - Using connection ID 'minio_s3' for task execution.
[2025-10-06T19:30:30.135+0000] {connection_wrapper.py:340} INFO - AWS Connection (conn_id='minio_s3', conn_type='s3') credentials retrieved from login and password.
[2025-10-06T19:30:30.198+0000] {base.py:73} INFO - Using connection ID 'minio_s3' for task execution.
[2025-10-06T19:30:30.198+0000] {connection_wrapper.py:340} INFO - AWS Connection (conn_id='minio_s3', conn_type='s3') credentials retrieved from login and password.
[2025-10-06T19:30:30.241+0000] {logging_mixin.py:151} INFO - ✅ NDJSON subido: s3://respaldo2/rag/chunks/2025/22033_2025-09-17.ndjson  (chunks=270)
[2025-10-06T19:30:30.242+0000] {base.py:73} INFO - Using connection ID 'minio_s3' for task execution.
[2025-10-06T19:30:30.242+0000] {connection_wrapper.py:340} INFO - AWS Connection (conn_id='minio_s3', conn_type='s3') credentials retrieved from login and password.
[2025-10-06T19:30:30.449+0000] {base.py:73} INFO - Using connection ID 'minio_s3' for task execution.
[2025-10-06T19:30:30.449+0000] {connection_wrapper.py:340} INFO - AWS Connection (conn_id='minio_s3', conn_type='s3') credentials retrieved from login and password.
[2025-10-06T19:30:30.490+0000] {logging_mixin.py:151} INFO - ✅ NDJSON subido: s3://respaldo2/rag/chunks/2025/22034_2025-09-18.ndjson  (chunks=290)
[2025-10-06T19:30:30.491+0000] {base.py:73} INFO - Using connection ID 'minio_s3' for task execution.
[2025-10-06T19:30:30.491+0000] {connection_wrapper.py:340} INFO - AWS Connection (conn_id='minio_s3', conn_type='s3') credentials retrieved from login and password.
[2025-10-06T19:30:30.562+0000] {base.py:73} INFO - Using connection ID 'minio_s3' for task execution.
[2025-10-06T19:30:30.562+0000] {connection_wrapper.py:340} INFO - AWS Connection (conn_id='minio_s3', conn_type='s3') credentials retrieved from login and password.
[2025-10-06T19:30:30.601+0000] {logging_mixin.py:151} INFO - ✅ NDJSON subido: s3://respaldo2/rag/chunks/2025/22035_2025-09-19.ndjson  (chunks=277)
[2025-10-06T19:30:30.601+0000] {base.py:73} INFO - Using connection ID 'minio_s3' for task execution.
[2025-10-06T19:30:30.601+0000] {connection_wrapper.py:340} INFO - AWS Connection (conn_id='minio_s3', conn_type='s3') credentials retrieved from login and password.
[2025-10-06T19:30:30.668+0000] {base.py:73} INFO - Using connection ID 'minio_s3' for task execution.
[2025-10-06T19:30:30.668+0000] {connection_wrapper.py:340} INFO - AWS Connection (conn_id='minio_s3', conn_type='s3') credentials retrieved from login and password.
[2025-10-06T19:30:30.708+0000] {logging_mixin.py:151} INFO - ✅ NDJSON subido: s3://respaldo2/rag/chunks/2025/22036_2025-09-22.ndjson  (chunks=271)
[2025-10-06T19:30:30.708+0000] {base.py:73} INFO - Using connection ID 'minio_s3' for task execution.
[2025-10-06T19:30:30.708+0000] {connection_wrapper.py:340} INFO - AWS Connection (conn_id='minio_s3', conn_type='s3') credentials retrieved from login and password.
[2025-10-06T19:30:30.781+0000] {base.py:73} INFO - Using connection ID 'minio_s3' for task execution.
[2025-10-06T19:30:30.781+0000] {connection_wrapper.py:340} INFO - AWS Connection (conn_id='minio_s3', conn_type='s3') credentials retrieved from login and password.
[2025-10-06T19:30:30.967+0000] {logging_mixin.py:151} INFO - ✅ NDJSON subido: s3://respaldo2/rag/chunks/2025/22037_2025-09-23.ndjson  (chunks=269)
[2025-10-06T19:30:30.968+0000] {base.py:73} INFO - Using connection ID 'minio_s3' for task execution.
[2025-10-06T19:30:30.968+0000] {connection_wrapper.py:340} INFO - AWS Connection (conn_id='minio_s3', conn_type='s3') credentials retrieved from login and password.
[2025-10-06T19:30:31.029+0000] {base.py:73} INFO - Using connection ID 'minio_s3' for task execution.
[2025-10-06T19:30:31.029+0000] {connection_wrapper.py:340} INFO - AWS Connection (conn_id='minio_s3', conn_type='s3') credentials retrieved from login and password.
[2025-10-06T19:30:31.066+0000] {logging_mixin.py:151} INFO - ✅ NDJSON subido: s3://respaldo2/rag/chunks/2025/22038_2025-09-24.ndjson  (chunks=210)
[2025-10-06T19:30:31.067+0000] {base.py:73} INFO - Using connection ID 'minio_s3' for task execution.
[2025-10-06T19:30:31.067+0000] {connection_wrapper.py:340} INFO - AWS Connection (conn_id='minio_s3', conn_type='s3') credentials retrieved from login and password.
[2025-10-06T19:30:31.133+0000] {base.py:73} INFO - Using connection ID 'minio_s3' for task execution.
[2025-10-06T19:30:31.133+0000] {connection_wrapper.py:340} INFO - AWS Connection (conn_id='minio_s3', conn_type='s3') credentials retrieved from login and password.
[2025-10-06T19:30:31.170+0000] {logging_mixin.py:151} INFO - ✅ NDJSON subido: s3://respaldo2/rag/chunks/2025/22039_2025-09-25.ndjson  (chunks=291)
[2025-10-06T19:30:31.171+0000] {base.py:73} INFO - Using connection ID 'minio_s3' for task execution.
[2025-10-06T19:30:31.171+0000] {connection_wrapper.py:340} INFO - AWS Connection (conn_id='minio_s3', conn_type='s3') credentials retrieved from login and password.
[2025-10-06T19:30:31.232+0000] {base.py:73} INFO - Using connection ID 'minio_s3' for task execution.
[2025-10-06T19:30:31.233+0000] {connection_wrapper.py:340} INFO - AWS Connection (conn_id='minio_s3', conn_type='s3') credentials retrieved from login and password.
[2025-10-06T19:30:31.419+0000] {logging_mixin.py:151} INFO - ✅ NDJSON subido: s3://respaldo2/rag/chunks/2025/22040_2025-09-26.ndjson  (chunks=247)
[2025-10-06T19:30:31.420+0000] {base.py:73} INFO - Using connection ID 'minio_s3' for task execution.
[2025-10-06T19:30:31.420+0000] {connection_wrapper.py:340} INFO - AWS Connection (conn_id='minio_s3', conn_type='s3') credentials retrieved from login and password.
[2025-10-06T19:30:31.493+0000] {base.py:73} INFO - Using connection ID 'minio_s3' for task execution.
[2025-10-06T19:30:31.493+0000] {connection_wrapper.py:340} INFO - AWS Connection (conn_id='minio_s3', conn_type='s3') credentials retrieved from login and password.
[2025-10-06T19:30:31.535+0000] {logging_mixin.py:151} INFO - ✅ NDJSON subido: s3://respaldo2/rag/chunks/2025/22041_2025-09-29.ndjson  (chunks=323)
[2025-10-06T19:30:31.536+0000] {base.py:73} INFO - Using connection ID 'minio_s3' for task execution.
[2025-10-06T19:30:31.536+0000] {connection_wrapper.py:340} INFO - AWS Connection (conn_id='minio_s3', conn_type='s3') credentials retrieved from login and password.
[2025-10-06T19:30:31.608+0000] {base.py:73} INFO - Using connection ID 'minio_s3' for task execution.
[2025-10-06T19:30:31.609+0000] {connection_wrapper.py:340} INFO - AWS Connection (conn_id='minio_s3', conn_type='s3') credentials retrieved from login and password.
[2025-10-06T19:30:31.650+0000] {logging_mixin.py:151} INFO - ✅ NDJSON subido: s3://respaldo2/rag/chunks/2025/22042_2025-09-30.ndjson  (chunks=261)
[2025-10-06T19:30:31.651+0000] {base.py:73} INFO - Using connection ID 'minio_s3' for task execution.
[2025-10-06T19:30:31.651+0000] {connection_wrapper.py:340} INFO - AWS Connection (conn_id='minio_s3', conn_type='s3') credentials retrieved from login and password.
[2025-10-06T19:30:31.733+0000] {base.py:73} INFO - Using connection ID 'minio_s3' for task execution.
[2025-10-06T19:30:31.733+0000] {connection_wrapper.py:340} INFO - AWS Connection (conn_id='minio_s3', conn_type='s3') credentials retrieved from login and password.
[2025-10-06T19:30:31.778+0000] {logging_mixin.py:151} INFO - ✅ NDJSON subido: s3://respaldo2/rag/chunks/2025/22043_2025-10-01.ndjson  (chunks=344)
[2025-10-06T19:30:31.779+0000] {base.py:73} INFO - Using connection ID 'minio_s3' for task execution.
[2025-10-06T19:30:31.779+0000] {connection_wrapper.py:340} INFO - AWS Connection (conn_id='minio_s3', conn_type='s3') credentials retrieved from login and password.
[2025-10-06T19:30:32.027+0000] {base.py:73} INFO - Using connection ID 'minio_s3' for task execution.
[2025-10-06T19:30:32.028+0000] {connection_wrapper.py:340} INFO - AWS Connection (conn_id='minio_s3', conn_type='s3') credentials retrieved from login and password.
[2025-10-06T19:30:32.071+0000] {logging_mixin.py:151} INFO - ✅ NDJSON subido: s3://respaldo2/rag/chunks/2025/22044_2025-10-02.ndjson  (chunks=314)
[2025-10-06T19:30:32.072+0000] {base.py:73} INFO - Using connection ID 'minio_s3' for task execution.
[2025-10-06T19:30:32.072+0000] {connection_wrapper.py:340} INFO - AWS Connection (conn_id='minio_s3', conn_type='s3') credentials retrieved from login and password.
[2025-10-06T19:30:32.141+0000] {base.py:73} INFO - Using connection ID 'minio_s3' for task execution.
[2025-10-06T19:30:32.141+0000] {connection_wrapper.py:340} INFO - AWS Connection (conn_id='minio_s3', conn_type='s3') credentials retrieved from login and password.
[2025-10-06T19:30:32.182+0000] {logging_mixin.py:151} INFO - ✅ NDJSON subido: s3://respaldo2/rag/chunks/2025/22045_2025-10-03.ndjson  (chunks=241)
[2025-10-06T19:30:32.183+0000] {base.py:73} INFO - Using connection ID 'minio_s3' for task execution.
[2025-10-06T19:30:32.183+0000] {connection_wrapper.py:340} INFO - AWS Connection (conn_id='minio_s3', conn_type='s3') credentials retrieved from login and password.
[2025-10-06T19:30:32.256+0000] {base.py:73} INFO - Using connection ID 'minio_s3' for task execution.
[2025-10-06T19:30:32.257+0000] {connection_wrapper.py:340} INFO - AWS Connection (conn_id='minio_s3', conn_type='s3') credentials retrieved from login and password.
[2025-10-06T19:30:32.300+0000] {logging_mixin.py:151} INFO - ✅ NDJSON subido: s3://respaldo2/rag/chunks/2025/22046_2025-10-06.ndjson  (chunks=308)
[2025-10-06T19:30:32.300+0000] {base.py:73} INFO - Using connection ID 'minio_s3' for task execution.
[2025-10-06T19:30:32.301+0000] {connection_wrapper.py:340} INFO - AWS Connection (conn_id='minio_s3', conn_type='s3') credentials retrieved from login and password.
[2025-10-06T19:30:32.339+0000] {logging_mixin.py:151} INFO - 📄 Manifest: s3://respaldo2/rag/chunks/2025/_chunks_manifest.json
[2025-10-06T19:30:32.339+0000] {python.py:194} INFO - Done. Returned value was: {'processed': 15, 'pages': 15, 'chunks': 4184, 'manifest_key': 'rag/chunks/2025/_chunks_manifest.json'}
[2025-10-06T19:30:32.349+0000] {taskinstance.py:1398} INFO - Marking task as SUCCESS. dag_id=flujo_RAG_completo, task_id=chunk_from_txt, execution_date=20251006T192649, start_date=20251006T193029, end_date=20251006T193032
[2025-10-06T19:30:32.388+0000] {local_task_job_runner.py:228} INFO - Task exited with return code 0
[2025-10-06T19:30:32.397+0000] {taskinstance.py:2776} INFO - 0 downstream tasks scheduled from follow-on schedule check
