[2025-10-06T15:52:11.443+0000] {taskinstance.py:1157} INFO - Dependencies all met for dep_context=non-requeueable deps ti=<TaskInstance: flujo_RAG_completo.pinecone_upsert manual__2025-10-06T15:35:46+00:00 [queued]>
[2025-10-06T15:52:11.447+0000] {taskinstance.py:1157} INFO - Dependencies all met for dep_context=requeueable deps ti=<TaskInstance: flujo_RAG_completo.pinecone_upsert manual__2025-10-06T15:35:46+00:00 [queued]>
[2025-10-06T15:52:11.447+0000] {taskinstance.py:1359} INFO - Starting attempt 1 of 1
[2025-10-06T15:52:11.452+0000] {taskinstance.py:1380} INFO - Executing <Task(PythonOperator): pinecone_upsert> on 2025-10-06 15:35:46+00:00
[2025-10-06T15:52:11.459+0000] {standard_task_runner.py:57} INFO - Started process 50141 to run task
[2025-10-06T15:52:11.462+0000] {standard_task_runner.py:84} INFO - Running: ['***', 'tasks', 'run', 'flujo_RAG_completo', 'pinecone_upsert', 'manual__2025-10-06T15:35:46+00:00', '--job-id', '277', '--raw', '--subdir', 'DAGS_FOLDER/Ingestion_pipeline.py', '--cfg-path', '/tmp/tmpnnn7ohyo']
[2025-10-06T15:52:11.465+0000] {standard_task_runner.py:85} INFO - Job 277: Subtask pinecone_upsert
[2025-10-06T15:52:11.492+0000] {task_command.py:415} INFO - Running <TaskInstance: flujo_RAG_completo.pinecone_upsert manual__2025-10-06T15:35:46+00:00 [running]> on host c16a2a509134
[2025-10-06T15:52:11.530+0000] {taskinstance.py:1660} INFO - Exporting env vars: AIRFLOW_CTX_DAG_OWNER='***' AIRFLOW_CTX_DAG_ID='flujo_RAG_completo' AIRFLOW_CTX_TASK_ID='pinecone_upsert' AIRFLOW_CTX_EXECUTION_DATE='2025-10-06T15:35:46+00:00' AIRFLOW_CTX_TRY_NUMBER='1' AIRFLOW_CTX_DAG_RUN_ID='manual__2025-10-06T15:35:46+00:00'
[2025-10-06T15:52:11.531+0000] {crypto.py:82} WARNING - empty cryptography key - values will not be stored encrypted.
[2025-10-06T15:52:11.532+0000] {base.py:73} INFO - Using connection ID 'minio_s3' for task execution.
[2025-10-06T15:52:11.532+0000] {warnings.py:109} WARNING - <string>:8: AirflowProviderDeprecationWarning: AWS Connection (conn_id='minio_s3', conn_type='s3') has connection type 's3', which has been replaced by connection type 'aws'. Please update your connection to have `conn_type='aws'`.

[2025-10-06T15:52:11.533+0000] {connection_wrapper.py:340} INFO - AWS Connection (conn_id='minio_s3', conn_type='s3') credentials retrieved from login and password.
[2025-10-06T15:52:11.533+0000] {warnings.py:109} WARNING - <string>:8: AirflowProviderDeprecationWarning: Host minio specified in the connection is not used. Please, set it on extra['endpoint_url'] instead

[2025-10-06T15:52:11.692+0000] {base.py:73} INFO - Using connection ID 'minio_s3' for task execution.
[2025-10-06T15:52:11.692+0000] {connection_wrapper.py:340} INFO - AWS Connection (conn_id='minio_s3', conn_type='s3') credentials retrieved from login and password.
[2025-10-06T15:52:11.748+0000] {base.py:73} INFO - Using connection ID 'minio_s3' for task execution.
[2025-10-06T15:52:11.748+0000] {connection_wrapper.py:340} INFO - AWS Connection (conn_id='minio_s3', conn_type='s3') credentials retrieved from login and password.
[2025-10-06T15:52:12.062+0000] {base.py:73} INFO - Using connection ID 'minio_s3' for task execution.
[2025-10-06T15:52:12.063+0000] {connection_wrapper.py:340} INFO - AWS Connection (conn_id='minio_s3', conn_type='s3') credentials retrieved from login and password.
[2025-10-06T15:52:12.107+0000] {base.py:73} INFO - Using connection ID 'minio_s3' for task execution.
[2025-10-06T15:52:12.108+0000] {connection_wrapper.py:340} INFO - AWS Connection (conn_id='minio_s3', conn_type='s3') credentials retrieved from login and password.
[2025-10-06T15:52:12.152+0000] {base.py:73} INFO - Using connection ID 'minio_s3' for task execution.
[2025-10-06T15:52:12.152+0000] {connection_wrapper.py:340} INFO - AWS Connection (conn_id='minio_s3', conn_type='s3') credentials retrieved from login and password.
[2025-10-06T15:52:12.203+0000] {base.py:73} INFO - Using connection ID 'minio_s3' for task execution.
[2025-10-06T15:52:12.205+0000] {connection_wrapper.py:340} INFO - AWS Connection (conn_id='minio_s3', conn_type='s3') credentials retrieved from login and password.
[2025-10-06T15:52:12.267+0000] {base.py:73} INFO - Using connection ID 'minio_s3' for task execution.
[2025-10-06T15:52:12.267+0000] {connection_wrapper.py:340} INFO - AWS Connection (conn_id='minio_s3', conn_type='s3') credentials retrieved from login and password.
[2025-10-06T15:52:12.320+0000] {base.py:73} INFO - Using connection ID 'minio_s3' for task execution.
[2025-10-06T15:52:12.321+0000] {connection_wrapper.py:340} INFO - AWS Connection (conn_id='minio_s3', conn_type='s3') credentials retrieved from login and password.
[2025-10-06T15:52:12.374+0000] {base.py:73} INFO - Using connection ID 'minio_s3' for task execution.
[2025-10-06T15:52:12.374+0000] {connection_wrapper.py:340} INFO - AWS Connection (conn_id='minio_s3', conn_type='s3') credentials retrieved from login and password.
[2025-10-06T15:52:12.594+0000] {base.py:73} INFO - Using connection ID 'minio_s3' for task execution.
[2025-10-06T15:52:12.594+0000] {connection_wrapper.py:340} INFO - AWS Connection (conn_id='minio_s3', conn_type='s3') credentials retrieved from login and password.
[2025-10-06T15:52:12.635+0000] {base.py:73} INFO - Using connection ID 'minio_s3' for task execution.
[2025-10-06T15:52:12.636+0000] {connection_wrapper.py:340} INFO - AWS Connection (conn_id='minio_s3', conn_type='s3') credentials retrieved from login and password.
[2025-10-06T15:52:12.678+0000] {base.py:73} INFO - Using connection ID 'minio_s3' for task execution.
[2025-10-06T15:52:12.678+0000] {connection_wrapper.py:340} INFO - AWS Connection (conn_id='minio_s3', conn_type='s3') credentials retrieved from login and password.
[2025-10-06T15:52:12.723+0000] {base.py:73} INFO - Using connection ID 'minio_s3' for task execution.
[2025-10-06T15:52:12.724+0000] {connection_wrapper.py:340} INFO - AWS Connection (conn_id='minio_s3', conn_type='s3') credentials retrieved from login and password.
[2025-10-06T15:52:12.769+0000] {base.py:73} INFO - Using connection ID 'minio_s3' for task execution.
[2025-10-06T15:52:12.769+0000] {connection_wrapper.py:340} INFO - AWS Connection (conn_id='minio_s3', conn_type='s3') credentials retrieved from login and password.
[2025-10-06T15:52:12.820+0000] {base.py:73} INFO - Using connection ID 'minio_s3' for task execution.
[2025-10-06T15:52:12.820+0000] {connection_wrapper.py:340} INFO - AWS Connection (conn_id='minio_s3', conn_type='s3') credentials retrieved from login and password.
[2025-10-06T15:52:12.866+0000] {SentenceTransformer.py:208} INFO - Use pytorch device_name: cpu
[2025-10-06T15:52:12.866+0000] {SentenceTransformer.py:216} INFO - Load pretrained SentenceTransformer: sentence-transformers/paraphrase-multilingual-MiniLM-L12-v2
[2025-10-06T15:52:22.010+0000] {discover_namespace_packages.py:12} INFO - Discovering subpackages in _NamespacePath(['/home/***/.local/lib/python3.8/site-packages/pinecone_plugins'])
[2025-10-06T15:52:22.011+0000] {discover_plugins.py:9} INFO - Looking for plugins in pinecone_plugins.inference
[2025-10-06T15:52:22.017+0000] {installation.py:10} INFO - Installing plugin inference into Pinecone
[2025-10-06T15:52:29.578+0000] {discover_namespace_packages.py:12} INFO - Discovering subpackages in _NamespacePath(['/home/***/.local/lib/python3.8/site-packages/pinecone_plugins'])
[2025-10-06T15:52:29.580+0000] {discover_plugins.py:9} INFO - Looking for plugins in pinecone_plugins.inference
[2025-10-06T15:52:29.581+0000] {installation.py:10} INFO - Installing plugin inference into Pinecone
[2025-10-06T15:52:33.140+0000] {logging_mixin.py:151} INFO - ✅ Upsert Pinecone: {'indexed': 256, 'dim': 384, 'namespace': '2025'}
[2025-10-06T15:52:33.141+0000] {python.py:194} INFO - Done. Returned value was: {'indexed': 256, 'dim': 384, 'namespace': '2025'}
[2025-10-06T15:52:33.171+0000] {taskinstance.py:1398} INFO - Marking task as SUCCESS. dag_id=flujo_RAG_completo, task_id=pinecone_upsert, execution_date=20251006T153546, start_date=20251006T155211, end_date=20251006T155233
[2025-10-06T15:52:33.278+0000] {local_task_job_runner.py:228} INFO - Task exited with return code 0
[2025-10-06T15:52:33.289+0000] {taskinstance.py:2776} INFO - 0 downstream tasks scheduled from follow-on schedule check
