[2025-10-07T02:26:47.736+0000] {taskinstance.py:1157} INFO - Dependencies all met for dep_context=non-requeueable deps ti=<TaskInstance: flujo_RAG_completo.extract_texts manual__2025-10-07T02:26:17+00:00 [queued]>
[2025-10-07T02:26:47.739+0000] {taskinstance.py:1157} INFO - Dependencies all met for dep_context=requeueable deps ti=<TaskInstance: flujo_RAG_completo.extract_texts manual__2025-10-07T02:26:17+00:00 [queued]>
[2025-10-07T02:26:47.740+0000] {taskinstance.py:1359} INFO - Starting attempt 1 of 1
[2025-10-07T02:26:47.746+0000] {taskinstance.py:1380} INFO - Executing <Task(PythonOperator): extract_texts> on 2025-10-07 02:26:17+00:00
[2025-10-07T02:26:47.752+0000] {standard_task_runner.py:57} INFO - Started process 17501 to run task
[2025-10-07T02:26:47.755+0000] {standard_task_runner.py:84} INFO - Running: ['***', 'tasks', 'run', 'flujo_RAG_completo', 'extract_texts', 'manual__2025-10-07T02:26:17+00:00', '--job-id', '302', '--raw', '--subdir', 'DAGS_FOLDER/Ingestion_pipeline.py', '--cfg-path', '/tmp/tmphs8oay1b']
[2025-10-07T02:26:47.757+0000] {standard_task_runner.py:85} INFO - Job 302: Subtask extract_texts
[2025-10-07T02:26:47.783+0000] {task_command.py:415} INFO - Running <TaskInstance: flujo_RAG_completo.extract_texts manual__2025-10-07T02:26:17+00:00 [running]> on host a21c1baf7ef9
[2025-10-07T02:26:47.822+0000] {taskinstance.py:1660} INFO - Exporting env vars: AIRFLOW_CTX_DAG_OWNER='***' AIRFLOW_CTX_DAG_ID='flujo_RAG_completo' AIRFLOW_CTX_TASK_ID='extract_texts' AIRFLOW_CTX_EXECUTION_DATE='2025-10-07T02:26:17+00:00' AIRFLOW_CTX_TRY_NUMBER='1' AIRFLOW_CTX_DAG_RUN_ID='manual__2025-10-07T02:26:17+00:00'
[2025-10-07T02:26:47.823+0000] {crypto.py:82} WARNING - empty cryptography key - values will not be stored encrypted.
[2025-10-07T02:26:47.824+0000] {base.py:73} INFO - Using connection ID 'minio_s3' for task execution.
[2025-10-07T02:26:47.825+0000] {warnings.py:109} WARNING - <string>:8: AirflowProviderDeprecationWarning: AWS Connection (conn_id='minio_s3', conn_type='s3') has connection type 's3', which has been replaced by connection type 'aws'. Please update your connection to have `conn_type='aws'`.

[2025-10-07T02:26:47.825+0000] {connection_wrapper.py:340} INFO - AWS Connection (conn_id='minio_s3', conn_type='s3') credentials retrieved from login and password.
[2025-10-07T02:26:47.825+0000] {warnings.py:109} WARNING - <string>:8: AirflowProviderDeprecationWarning: Host minio specified in the connection is not used. Please, set it on extra['endpoint_url'] instead

[2025-10-07T02:26:47.986+0000] {base.py:73} INFO - Using connection ID 'minio_s3' for task execution.
[2025-10-07T02:26:47.986+0000] {connection_wrapper.py:340} INFO - AWS Connection (conn_id='minio_s3', conn_type='s3') credentials retrieved from login and password.
[2025-10-07T02:26:53.365+0000] {base.py:73} INFO - Using connection ID 'minio_s3' for task execution.
[2025-10-07T02:26:53.365+0000] {connection_wrapper.py:340} INFO - AWS Connection (conn_id='minio_s3', conn_type='s3') credentials retrieved from login and password.
[2025-10-07T02:26:53.676+0000] {logging_mixin.py:151} INFO - ✅ TXT subido: s3://respaldo2/rag/text/2025/22032_2025-09-16.txt  (páginas=70, chars=183179)
[2025-10-07T02:26:53.676+0000] {base.py:73} INFO - Using connection ID 'minio_s3' for task execution.
[2025-10-07T02:26:53.677+0000] {connection_wrapper.py:340} INFO - AWS Connection (conn_id='minio_s3', conn_type='s3') credentials retrieved from login and password.
[2025-10-07T02:26:58.347+0000] {base.py:73} INFO - Using connection ID 'minio_s3' for task execution.
[2025-10-07T02:26:58.348+0000] {connection_wrapper.py:340} INFO - AWS Connection (conn_id='minio_s3', conn_type='s3') credentials retrieved from login and password.
[2025-10-07T02:26:58.640+0000] {logging_mixin.py:151} INFO - ✅ TXT subido: s3://respaldo2/rag/text/2025/22033_2025-09-17.txt  (páginas=74, chars=183414)
[2025-10-07T02:26:58.641+0000] {base.py:73} INFO - Using connection ID 'minio_s3' for task execution.
[2025-10-07T02:26:58.642+0000] {connection_wrapper.py:340} INFO - AWS Connection (conn_id='minio_s3', conn_type='s3') credentials retrieved from login and password.
[2025-10-07T02:27:03.792+0000] {base.py:73} INFO - Using connection ID 'minio_s3' for task execution.
[2025-10-07T02:27:03.792+0000] {connection_wrapper.py:340} INFO - AWS Connection (conn_id='minio_s3', conn_type='s3') credentials retrieved from login and password.
[2025-10-07T02:27:03.834+0000] {logging_mixin.py:151} INFO - ✅ TXT subido: s3://respaldo2/rag/text/2025/22034_2025-09-18.txt  (páginas=78, chars=208221)
[2025-10-07T02:27:03.835+0000] {base.py:73} INFO - Using connection ID 'minio_s3' for task execution.
[2025-10-07T02:27:03.835+0000] {connection_wrapper.py:340} INFO - AWS Connection (conn_id='minio_s3', conn_type='s3') credentials retrieved from login and password.
[2025-10-07T02:27:08.786+0000] {base.py:73} INFO - Using connection ID 'minio_s3' for task execution.
[2025-10-07T02:27:08.787+0000] {connection_wrapper.py:340} INFO - AWS Connection (conn_id='minio_s3', conn_type='s3') credentials retrieved from login and password.
[2025-10-07T02:27:08.829+0000] {logging_mixin.py:151} INFO - ✅ TXT subido: s3://respaldo2/rag/text/2025/22035_2025-09-19.txt  (páginas=74, chars=194210)
[2025-10-07T02:27:08.830+0000] {base.py:73} INFO - Using connection ID 'minio_s3' for task execution.
[2025-10-07T02:27:08.830+0000] {connection_wrapper.py:340} INFO - AWS Connection (conn_id='minio_s3', conn_type='s3') credentials retrieved from login and password.
[2025-10-07T02:27:13.657+0000] {base.py:73} INFO - Using connection ID 'minio_s3' for task execution.
[2025-10-07T02:27:13.658+0000] {connection_wrapper.py:340} INFO - AWS Connection (conn_id='minio_s3', conn_type='s3') credentials retrieved from login and password.
[2025-10-07T02:27:13.697+0000] {logging_mixin.py:151} INFO - ✅ TXT subido: s3://respaldo2/rag/text/2025/22036_2025-09-22.txt  (páginas=74, chars=189235)
[2025-10-07T02:27:13.698+0000] {base.py:73} INFO - Using connection ID 'minio_s3' for task execution.
[2025-10-07T02:27:13.698+0000] {connection_wrapper.py:340} INFO - AWS Connection (conn_id='minio_s3', conn_type='s3') credentials retrieved from login and password.
[2025-10-07T02:27:18.260+0000] {base.py:73} INFO - Using connection ID 'minio_s3' for task execution.
[2025-10-07T02:27:18.261+0000] {connection_wrapper.py:340} INFO - AWS Connection (conn_id='minio_s3', conn_type='s3') credentials retrieved from login and password.
[2025-10-07T02:27:18.300+0000] {logging_mixin.py:151} INFO - ✅ TXT subido: s3://respaldo2/rag/text/2025/22037_2025-09-23.txt  (páginas=73, chars=185973)
[2025-10-07T02:27:18.301+0000] {base.py:73} INFO - Using connection ID 'minio_s3' for task execution.
[2025-10-07T02:27:18.301+0000] {connection_wrapper.py:340} INFO - AWS Connection (conn_id='minio_s3', conn_type='s3') credentials retrieved from login and password.
[2025-10-07T02:27:21.844+0000] {base.py:73} INFO - Using connection ID 'minio_s3' for task execution.
[2025-10-07T02:27:21.844+0000] {connection_wrapper.py:340} INFO - AWS Connection (conn_id='minio_s3', conn_type='s3') credentials retrieved from login and password.
[2025-10-07T02:27:21.881+0000] {logging_mixin.py:151} INFO - ✅ TXT subido: s3://respaldo2/rag/text/2025/22038_2025-09-24.txt  (páginas=59, chars=143062)
[2025-10-07T02:27:21.882+0000] {base.py:73} INFO - Using connection ID 'minio_s3' for task execution.
[2025-10-07T02:27:21.882+0000] {connection_wrapper.py:340} INFO - AWS Connection (conn_id='minio_s3', conn_type='s3') credentials retrieved from login and password.
[2025-10-07T02:27:26.959+0000] {base.py:73} INFO - Using connection ID 'minio_s3' for task execution.
[2025-10-07T02:27:26.960+0000] {connection_wrapper.py:340} INFO - AWS Connection (conn_id='minio_s3', conn_type='s3') credentials retrieved from login and password.
[2025-10-07T02:27:27.002+0000] {logging_mixin.py:151} INFO - ✅ TXT subido: s3://respaldo2/rag/text/2025/22039_2025-09-25.txt  (páginas=82, chars=202948)
[2025-10-07T02:27:27.003+0000] {base.py:73} INFO - Using connection ID 'minio_s3' for task execution.
[2025-10-07T02:27:27.003+0000] {connection_wrapper.py:340} INFO - AWS Connection (conn_id='minio_s3', conn_type='s3') credentials retrieved from login and password.
[2025-10-07T02:27:31.450+0000] {base.py:73} INFO - Using connection ID 'minio_s3' for task execution.
[2025-10-07T02:27:31.450+0000] {connection_wrapper.py:340} INFO - AWS Connection (conn_id='minio_s3', conn_type='s3') credentials retrieved from login and password.
[2025-10-07T02:27:31.487+0000] {logging_mixin.py:151} INFO - ✅ TXT subido: s3://respaldo2/rag/text/2025/22040_2025-09-26.txt  (páginas=69, chars=173078)
[2025-10-07T02:27:31.488+0000] {base.py:73} INFO - Using connection ID 'minio_s3' for task execution.
[2025-10-07T02:27:31.488+0000] {connection_wrapper.py:340} INFO - AWS Connection (conn_id='minio_s3', conn_type='s3') credentials retrieved from login and password.
[2025-10-07T02:27:37.020+0000] {base.py:73} INFO - Using connection ID 'minio_s3' for task execution.
[2025-10-07T02:27:37.021+0000] {connection_wrapper.py:340} INFO - AWS Connection (conn_id='minio_s3', conn_type='s3') credentials retrieved from login and password.
[2025-10-07T02:27:37.066+0000] {logging_mixin.py:151} INFO - ✅ TXT subido: s3://respaldo2/rag/text/2025/22041_2025-09-29.txt  (páginas=83, chars=228607)
[2025-10-07T02:27:37.067+0000] {base.py:73} INFO - Using connection ID 'minio_s3' for task execution.
[2025-10-07T02:27:37.067+0000] {connection_wrapper.py:340} INFO - AWS Connection (conn_id='minio_s3', conn_type='s3') credentials retrieved from login and password.
[2025-10-07T02:27:41.520+0000] {base.py:73} INFO - Using connection ID 'minio_s3' for task execution.
[2025-10-07T02:27:41.521+0000] {connection_wrapper.py:340} INFO - AWS Connection (conn_id='minio_s3', conn_type='s3') credentials retrieved from login and password.
[2025-10-07T02:27:41.557+0000] {logging_mixin.py:151} INFO - ✅ TXT subido: s3://respaldo2/rag/text/2025/22042_2025-09-30.txt  (páginas=70, chars=180284)
[2025-10-07T02:27:41.558+0000] {base.py:73} INFO - Using connection ID 'minio_s3' for task execution.
[2025-10-07T02:27:41.558+0000] {connection_wrapper.py:340} INFO - AWS Connection (conn_id='minio_s3', conn_type='s3') credentials retrieved from login and password.
[2025-10-07T02:27:47.374+0000] {base.py:73} INFO - Using connection ID 'minio_s3' for task execution.
[2025-10-07T02:27:47.375+0000] {connection_wrapper.py:340} INFO - AWS Connection (conn_id='minio_s3', conn_type='s3') credentials retrieved from login and password.
[2025-10-07T02:27:47.719+0000] {logging_mixin.py:151} INFO - ✅ TXT subido: s3://respaldo2/rag/text/2025/22043_2025-10-01.txt  (páginas=89, chars=241395)
[2025-10-07T02:27:47.720+0000] {base.py:73} INFO - Using connection ID 'minio_s3' for task execution.
[2025-10-07T02:27:47.720+0000] {connection_wrapper.py:340} INFO - AWS Connection (conn_id='minio_s3', conn_type='s3') credentials retrieved from login and password.
[2025-10-07T02:27:53.047+0000] {base.py:73} INFO - Using connection ID 'minio_s3' for task execution.
[2025-10-07T02:27:53.047+0000] {connection_wrapper.py:340} INFO - AWS Connection (conn_id='minio_s3', conn_type='s3') credentials retrieved from login and password.
[2025-10-07T02:27:53.089+0000] {logging_mixin.py:151} INFO - ✅ TXT subido: s3://respaldo2/rag/text/2025/22044_2025-10-02.txt  (páginas=81, chars=218531)
[2025-10-07T02:27:53.090+0000] {base.py:73} INFO - Using connection ID 'minio_s3' for task execution.
[2025-10-07T02:27:53.090+0000] {connection_wrapper.py:340} INFO - AWS Connection (conn_id='minio_s3', conn_type='s3') credentials retrieved from login and password.
[2025-10-07T02:27:57.324+0000] {base.py:73} INFO - Using connection ID 'minio_s3' for task execution.
[2025-10-07T02:27:57.324+0000] {connection_wrapper.py:340} INFO - AWS Connection (conn_id='minio_s3', conn_type='s3') credentials retrieved from login and password.
[2025-10-07T02:27:57.590+0000] {logging_mixin.py:151} INFO - ✅ TXT subido: s3://respaldo2/rag/text/2025/22045_2025-10-03.txt  (páginas=67, chars=164696)
[2025-10-07T02:27:57.590+0000] {base.py:73} INFO - Using connection ID 'minio_s3' for task execution.
[2025-10-07T02:27:57.590+0000] {connection_wrapper.py:340} INFO - AWS Connection (conn_id='minio_s3', conn_type='s3') credentials retrieved from login and password.
[2025-10-07T02:28:02.759+0000] {base.py:73} INFO - Using connection ID 'minio_s3' for task execution.
[2025-10-07T02:28:02.760+0000] {connection_wrapper.py:340} INFO - AWS Connection (conn_id='minio_s3', conn_type='s3') credentials retrieved from login and password.
[2025-10-07T02:28:02.817+0000] {logging_mixin.py:151} INFO - ✅ TXT subido: s3://respaldo2/rag/text/2025/22046_2025-10-06.txt  (páginas=83, chars=216019)
[2025-10-07T02:28:02.817+0000] {logging_mixin.py:151} INFO - ✅ Total TXT generados: 15 en s3://respaldo2/rag/text/2025/
[2025-10-07T02:28:02.818+0000] {python.py:194} INFO - Done. Returned value was: {'processed': 15, 'bucket': 'respaldo2', 'prefix_pdfs': 'boletines/2025/', 'prefix_txt': 'rag/text/2025/', 'generated_at': '2025-10-07T02:28:02.817770Z', 'items': [{'pdf_key': 'boletines/2025/22032_2025-09-16.pdf', 'txt_key': 'rag/text/2025/22032_2025-09-16.txt', 'pages': 70, 'chars': 183179}, {'pdf_key': 'boletines/2025/22033_2025-09-17.pdf', 'txt_key': 'rag/text/2025/22033_2025-09-17.txt', 'pages': 74, 'chars': 183414}, {'pdf_key': 'boletines/2025/22034_2025-09-18.pdf', 'txt_key': 'rag/text/2025/22034_2025-09-18.txt', 'pages': 78, 'chars': 208221}, {'pdf_key': 'boletines/2025/22035_2025-09-19.pdf', 'txt_key': 'rag/text/2025/22035_2025-09-19.txt', 'pages': 74, 'chars': 194210}, {'pdf_key': 'boletines/2025/22036_2025-09-22.pdf', 'txt_key': 'rag/text/2025/22036_2025-09-22.txt', 'pages': 74, 'chars': 189235}, {'pdf_key': 'boletines/2025/22037_2025-09-23.pdf', 'txt_key': 'rag/text/2025/22037_2025-09-23.txt', 'pages': 73, 'chars': 185973}, {'pdf_key': 'boletines/2025/22038_2025-09-24.pdf', 'txt_key': 'rag/text/2025/22038_2025-09-24.txt', 'pages': 59, 'chars': 143062}, {'pdf_key': 'boletines/2025/22039_2025-09-25.pdf', 'txt_key': 'rag/text/2025/22039_2025-09-25.txt', 'pages': 82, 'chars': 202948}, {'pdf_key': 'boletines/2025/22040_2025-09-26.pdf', 'txt_key': 'rag/text/2025/22040_2025-09-26.txt', 'pages': 69, 'chars': 173078}, {'pdf_key': 'boletines/2025/22041_2025-09-29.pdf', 'txt_key': 'rag/text/2025/22041_2025-09-29.txt', 'pages': 83, 'chars': 228607}, {'pdf_key': 'boletines/2025/22042_2025-09-30.pdf', 'txt_key': 'rag/text/2025/22042_2025-09-30.txt', 'pages': 70, 'chars': 180284}, {'pdf_key': 'boletines/2025/22043_2025-10-01.pdf', 'txt_key': 'rag/text/2025/22043_2025-10-01.txt', 'pages': 89, 'chars': 241395}, {'pdf_key': 'boletines/2025/22044_2025-10-02.pdf', 'txt_key': 'rag/text/2025/22044_2025-10-02.txt', 'pages': 81, 'chars': 218531}, {'pdf_key': 'boletines/2025/22045_2025-10-03.pdf', 'txt_key': 'rag/text/2025/22045_2025-10-03.txt', 'pages': 67, 'chars': 164696}, {'pdf_key': 'boletines/2025/22046_2025-10-06.pdf', 'txt_key': 'rag/text/2025/22046_2025-10-06.txt', 'pages': 83, 'chars': 216019}]}
[2025-10-07T02:28:02.829+0000] {taskinstance.py:1398} INFO - Marking task as SUCCESS. dag_id=flujo_RAG_completo, task_id=extract_texts, execution_date=20251007T022617, start_date=20251007T022647, end_date=20251007T022802
[2025-10-07T02:28:02.913+0000] {local_task_job_runner.py:228} INFO - Task exited with return code 0
[2025-10-07T02:28:02.927+0000] {taskinstance.py:2776} INFO - 1 downstream tasks scheduled from follow-on schedule check
