[2025-10-06T15:35:56.658+0000] {taskinstance.py:1157} INFO - Dependencies all met for dep_context=non-requeueable deps ti=<TaskInstance: flujo_RAG_completo.fusion_query_demo manual__2025-10-06T15:35:46+00:00 [queued]>
[2025-10-06T15:35:56.670+0000] {taskinstance.py:1157} INFO - Dependencies all met for dep_context=requeueable deps ti=<TaskInstance: flujo_RAG_completo.fusion_query_demo manual__2025-10-06T15:35:46+00:00 [queued]>
[2025-10-06T15:35:56.672+0000] {taskinstance.py:1359} INFO - Starting attempt 1 of 1
[2025-10-06T15:35:56.681+0000] {taskinstance.py:1380} INFO - Executing <Task(PythonOperator): fusion_query_demo> on 2025-10-06 15:35:46+00:00
[2025-10-06T15:35:56.692+0000] {standard_task_runner.py:57} INFO - Started process 48978 to run task
[2025-10-06T15:35:56.697+0000] {standard_task_runner.py:84} INFO - Running: ['***', 'tasks', 'run', 'flujo_RAG_completo', 'fusion_query_demo', 'manual__2025-10-06T15:35:46+00:00', '--job-id', '270', '--raw', '--subdir', 'DAGS_FOLDER/Ingestion_pipeline.py', '--cfg-path', '/tmp/tmprpdqm0vh']
[2025-10-06T15:35:56.702+0000] {standard_task_runner.py:85} INFO - Job 270: Subtask fusion_query_demo
[2025-10-06T15:35:56.894+0000] {task_command.py:415} INFO - Running <TaskInstance: flujo_RAG_completo.fusion_query_demo manual__2025-10-06T15:35:46+00:00 [running]> on host c16a2a509134
[2025-10-06T15:35:56.981+0000] {taskinstance.py:1660} INFO - Exporting env vars: AIRFLOW_CTX_DAG_OWNER='***' AIRFLOW_CTX_DAG_ID='flujo_RAG_completo' AIRFLOW_CTX_TASK_ID='fusion_query_demo' AIRFLOW_CTX_EXECUTION_DATE='2025-10-06T15:35:46+00:00' AIRFLOW_CTX_TRY_NUMBER='1' AIRFLOW_CTX_DAG_RUN_ID='manual__2025-10-06T15:35:46+00:00'
[2025-10-06T15:35:56.988+0000] {crypto.py:82} WARNING - empty cryptography key - values will not be stored encrypted.
[2025-10-06T15:35:56.989+0000] {base.py:73} INFO - Using connection ID 'minio_s3' for task execution.
[2025-10-06T15:35:56.991+0000] {warnings.py:109} WARNING - <string>:8: AirflowProviderDeprecationWarning: AWS Connection (conn_id='minio_s3', conn_type='s3') has connection type 's3', which has been replaced by connection type 'aws'. Please update your connection to have `conn_type='aws'`.

[2025-10-06T15:35:56.992+0000] {connection_wrapper.py:340} INFO - AWS Connection (conn_id='minio_s3', conn_type='s3') credentials retrieved from login and password.
[2025-10-06T15:35:56.993+0000] {warnings.py:109} WARNING - <string>:8: AirflowProviderDeprecationWarning: Host minio specified in the connection is not used. Please, set it on extra['endpoint_url'] instead

[2025-10-06T15:35:57.634+0000] {SentenceTransformer.py:208} INFO - Use pytorch device_name: cpu
[2025-10-06T15:35:57.635+0000] {SentenceTransformer.py:216} INFO - Load pretrained SentenceTransformer: sentence-transformers/paraphrase-multilingual-MiniLM-L12-v2
[2025-10-06T15:36:01.073+0000] {discover_namespace_packages.py:12} INFO - Discovering subpackages in _NamespacePath(['/home/***/.local/lib/python3.8/site-packages/pinecone_plugins'])
[2025-10-06T15:36:01.074+0000] {discover_plugins.py:9} INFO - Looking for plugins in pinecone_plugins.inference
[2025-10-06T15:36:01.079+0000] {installation.py:10} INFO - Installing plugin inference into Pinecone
[2025-10-06T15:36:04.117+0000] {base.py:73} INFO - Using connection ID 'minio_s3' for task execution.
[2025-10-06T15:36:04.117+0000] {connection_wrapper.py:340} INFO - AWS Connection (conn_id='minio_s3', conn_type='s3') credentials retrieved from login and password.
[2025-10-06T15:36:04.171+0000] {base.py:73} INFO - Using connection ID 'minio_s3' for task execution.
[2025-10-06T15:36:04.172+0000] {connection_wrapper.py:340} INFO - AWS Connection (conn_id='minio_s3', conn_type='s3') credentials retrieved from login and password.
[2025-10-06T15:36:04.222+0000] {base.py:73} INFO - Using connection ID 'minio_s3' for task execution.
[2025-10-06T15:36:04.222+0000] {connection_wrapper.py:340} INFO - AWS Connection (conn_id='minio_s3', conn_type='s3') credentials retrieved from login and password.
[2025-10-06T15:36:04.271+0000] {base.py:73} INFO - Using connection ID 'minio_s3' for task execution.
[2025-10-06T15:36:04.272+0000] {connection_wrapper.py:340} INFO - AWS Connection (conn_id='minio_s3', conn_type='s3') credentials retrieved from login and password.
[2025-10-06T15:36:04.324+0000] {base.py:73} INFO - Using connection ID 'minio_s3' for task execution.
[2025-10-06T15:36:04.325+0000] {connection_wrapper.py:340} INFO - AWS Connection (conn_id='minio_s3', conn_type='s3') credentials retrieved from login and password.
[2025-10-06T15:36:04.371+0000] {base.py:73} INFO - Using connection ID 'minio_s3' for task execution.
[2025-10-06T15:36:04.372+0000] {connection_wrapper.py:340} INFO - AWS Connection (conn_id='minio_s3', conn_type='s3') credentials retrieved from login and password.
[2025-10-06T15:36:04.422+0000] {base.py:73} INFO - Using connection ID 'minio_s3' for task execution.
[2025-10-06T15:36:04.423+0000] {connection_wrapper.py:340} INFO - AWS Connection (conn_id='minio_s3', conn_type='s3') credentials retrieved from login and password.
[2025-10-06T15:36:04.657+0000] {base.py:73} INFO - Using connection ID 'minio_s3' for task execution.
[2025-10-06T15:36:04.657+0000] {connection_wrapper.py:340} INFO - AWS Connection (conn_id='minio_s3', conn_type='s3') credentials retrieved from login and password.
[2025-10-06T15:36:04.701+0000] {base.py:73} INFO - Using connection ID 'minio_s3' for task execution.
[2025-10-06T15:36:04.702+0000] {connection_wrapper.py:340} INFO - AWS Connection (conn_id='minio_s3', conn_type='s3') credentials retrieved from login and password.
[2025-10-06T15:36:04.746+0000] {base.py:73} INFO - Using connection ID 'minio_s3' for task execution.
[2025-10-06T15:36:04.746+0000] {connection_wrapper.py:340} INFO - AWS Connection (conn_id='minio_s3', conn_type='s3') credentials retrieved from login and password.
[2025-10-06T15:36:04.797+0000] {base.py:73} INFO - Using connection ID 'minio_s3' for task execution.
[2025-10-06T15:36:04.797+0000] {connection_wrapper.py:340} INFO - AWS Connection (conn_id='minio_s3', conn_type='s3') credentials retrieved from login and password.
[2025-10-06T15:36:04.844+0000] {logging_mixin.py:151} INFO - ✅ Fusión RRF subida a s3://respaldo2/rag/fusion/2025/fusion_contrataci_n_p_blica_vial_20251006_153604.json  (top=10)
[2025-10-06T15:36:04.844+0000] {logging_mixin.py:151} INFO - 🔀 RRF para 'contratación pública vial'
[2025-10-06T15:36:04.844+0000] {logging_mixin.py:151} INFO - #01  22043_2025-10-01_p1  page=None  src=-
[2025-10-06T15:36:04.845+0000] {logging_mixin.py:151} INFO - #02  22036_2025-09-22_p1  page=None  src=-
[2025-10-06T15:36:04.845+0000] {logging_mixin.py:151} INFO - #03  22041_2025-09-29_p1  page=None  src=-
[2025-10-06T15:36:04.845+0000] {logging_mixin.py:151} INFO - #04  22042_2025-09-30_p1  page=None  src=-
[2025-10-06T15:36:04.845+0000] {logging_mixin.py:151} INFO - #05  22037_2025-09-23_p1  page=None  src=-
[2025-10-06T15:36:04.845+0000] {logging_mixin.py:151} INFO - #06  22034_2025-09-18_p1  page=None  src=-
[2025-10-06T15:36:04.845+0000] {logging_mixin.py:151} INFO - #07  22035_2025-09-19_p1  page=None  src=-
[2025-10-06T15:36:04.845+0000] {logging_mixin.py:151} INFO - #08  22044_2025-10-02_p1  page=None  src=-
[2025-10-06T15:36:04.846+0000] {logging_mixin.py:151} INFO - #09  22033_2025-09-17_p1  page=None  src=-
[2025-10-06T15:36:04.846+0000] {logging_mixin.py:151} INFO - #10  22036_2025-09-22::p1::6  page=1  src=boletines/2025/22036_2025-09-22.pdf
[2025-10-06T15:36:04.846+0000] {logging_mixin.py:151} INFO -       han entrevistado jóvenes profesionales para realizar las capacitaciones en diferentes áreas de la Dirección General de Rentas; Que asimismo se han seleccionado abogados y contadores postulantes que cumplen los requisitos necesarios para acceder a las pasantías; Que, el Artículo 9
[2025-10-06T15:36:04.847+0000] {python.py:194} INFO - Done. Returned value was: {'out_key': 'rag/fusion/2025/fusion_contrataci_n_p_blica_vial_20251006_153604.json', 'count': 10}
[2025-10-06T15:36:04.861+0000] {taskinstance.py:1398} INFO - Marking task as SUCCESS. dag_id=flujo_RAG_completo, task_id=fusion_query_demo, execution_date=20251006T153546, start_date=20251006T153556, end_date=20251006T153604
[2025-10-06T15:36:04.938+0000] {local_task_job_runner.py:228} INFO - Task exited with return code 0
[2025-10-06T15:36:04.950+0000] {taskinstance.py:2776} INFO - 0 downstream tasks scheduled from follow-on schedule check
