[2025-10-05T22:34:41.092+0000] {taskinstance.py:1157} INFO - Dependencies all met for dep_context=non-requeueable deps ti=<TaskInstance: flujo_RAG.chunk_from_txt manual__2025-10-05T22:33:57+00:00 [queued]>
[2025-10-05T22:34:41.096+0000] {taskinstance.py:1157} INFO - Dependencies all met for dep_context=requeueable deps ti=<TaskInstance: flujo_RAG.chunk_from_txt manual__2025-10-05T22:33:57+00:00 [queued]>
[2025-10-05T22:34:41.096+0000] {taskinstance.py:1359} INFO - Starting attempt 1 of 1
[2025-10-05T22:34:41.101+0000] {taskinstance.py:1380} INFO - Executing <Task(PythonOperator): chunk_from_txt> on 2025-10-05 22:33:57+00:00
[2025-10-05T22:34:41.108+0000] {standard_task_runner.py:57} INFO - Started process 307 to run task
[2025-10-05T22:34:41.111+0000] {standard_task_runner.py:84} INFO - Running: ['***', 'tasks', 'run', 'flujo_RAG', 'chunk_from_txt', 'manual__2025-10-05T22:33:57+00:00', '--job-id', '163', '--raw', '--subdir', 'DAGS_FOLDER/RAG_dag.py', '--cfg-path', '/tmp/tmpzg2t_q_u']
[2025-10-05T22:34:41.113+0000] {standard_task_runner.py:85} INFO - Job 163: Subtask chunk_from_txt
[2025-10-05T22:34:41.146+0000] {task_command.py:415} INFO - Running <TaskInstance: flujo_RAG.chunk_from_txt manual__2025-10-05T22:33:57+00:00 [running]> on host c16a2a509134
[2025-10-05T22:34:41.208+0000] {taskinstance.py:1660} INFO - Exporting env vars: AIRFLOW_CTX_DAG_OWNER='***' AIRFLOW_CTX_DAG_ID='flujo_RAG' AIRFLOW_CTX_TASK_ID='chunk_from_txt' AIRFLOW_CTX_EXECUTION_DATE='2025-10-05T22:33:57+00:00' AIRFLOW_CTX_TRY_NUMBER='1' AIRFLOW_CTX_DAG_RUN_ID='manual__2025-10-05T22:33:57+00:00'
[2025-10-05T22:34:41.337+0000] {logging_mixin.py:151} INFO - [chunk_from_txt] Escrito 279 registros -> s3://respaldo2/rag/chunks/2025/22032_2025-09-16.ndjson
[2025-10-05T22:34:41.356+0000] {logging_mixin.py:151} INFO - [chunk_from_txt] Escrito 280 registros -> s3://respaldo2/rag/chunks/2025/22033_2025-09-17.ndjson
[2025-10-05T22:34:41.369+0000] {logging_mixin.py:151} INFO - [chunk_from_txt] Escrito 327 registros -> s3://respaldo2/rag/chunks/2025/22034_2025-09-18.ndjson
[2025-10-05T22:34:41.379+0000] {logging_mixin.py:151} INFO - [chunk_from_txt] Escrito 296 registros -> s3://respaldo2/rag/chunks/2025/22035_2025-09-19.ndjson
[2025-10-05T22:34:41.388+0000] {logging_mixin.py:151} INFO - [chunk_from_txt] Escrito 292 registros -> s3://respaldo2/rag/chunks/2025/22036_2025-09-22.ndjson
[2025-10-05T22:34:41.397+0000] {logging_mixin.py:151} INFO - [chunk_from_txt] Escrito 290 registros -> s3://respaldo2/rag/chunks/2025/22037_2025-09-23.ndjson
[2025-10-05T22:34:41.406+0000] {logging_mixin.py:151} INFO - [chunk_from_txt] Escrito 231 registros -> s3://respaldo2/rag/chunks/2025/22038_2025-09-24.ndjson
[2025-10-05T22:34:41.416+0000] {logging_mixin.py:151} INFO - [chunk_from_txt] Escrito 314 registros -> s3://respaldo2/rag/chunks/2025/22039_2025-09-25.ndjson
[2025-10-05T22:34:41.424+0000] {logging_mixin.py:151} INFO - [chunk_from_txt] Escrito 266 registros -> s3://respaldo2/rag/chunks/2025/22040_2025-09-26.ndjson
[2025-10-05T22:34:41.435+0000] {logging_mixin.py:151} INFO - [chunk_from_txt] Escrito 348 registros -> s3://respaldo2/rag/chunks/2025/22041_2025-09-29.ndjson
[2025-10-05T22:34:41.444+0000] {logging_mixin.py:151} INFO - [chunk_from_txt] Escrito 284 registros -> s3://respaldo2/rag/chunks/2025/22042_2025-09-30.ndjson
[2025-10-05T22:34:41.455+0000] {logging_mixin.py:151} INFO - [chunk_from_txt] Escrito 367 registros -> s3://respaldo2/rag/chunks/2025/22043_2025-10-01.ndjson
[2025-10-05T22:34:41.473+0000] {logging_mixin.py:151} INFO - [chunk_from_txt] Escrito 336 registros -> s3://respaldo2/rag/chunks/2025/22044_2025-10-02.ndjson
[2025-10-05T22:34:41.491+0000] {logging_mixin.py:151} INFO - [chunk_from_txt] Escrito 254 registros -> s3://respaldo2/rag/chunks/2025/22045_2025-10-03.ndjson
[2025-10-05T22:34:41.491+0000] {logging_mixin.py:151} INFO - [chunk_from_txt] Hecho. Archivos NDJSON: 14 | Registros totales: 4164 | M/O=1000/200
[2025-10-05T22:34:41.492+0000] {python.py:194} INFO - Done. Returned value was: None
[2025-10-05T22:34:41.498+0000] {taskinstance.py:1398} INFO - Marking task as SUCCESS. dag_id=flujo_RAG, task_id=chunk_from_txt, execution_date=20251005T223357, start_date=20251005T223441, end_date=20251005T223441
[2025-10-05T22:34:41.528+0000] {local_task_job_runner.py:228} INFO - Task exited with return code 0
[2025-10-05T22:34:41.544+0000] {taskinstance.py:2776} INFO - 1 downstream tasks scheduled from follow-on schedule check
