[2025-10-05T23:02:39.878+0000] {taskinstance.py:1157} INFO - Dependencies all met for dep_context=non-requeueable deps ti=<TaskInstance: flujo_RAG.query_bm25_demo manual__2025-10-05T23:00:12+00:00 [queued]>
[2025-10-05T23:02:39.883+0000] {taskinstance.py:1157} INFO - Dependencies all met for dep_context=requeueable deps ti=<TaskInstance: flujo_RAG.query_bm25_demo manual__2025-10-05T23:00:12+00:00 [queued]>
[2025-10-05T23:02:39.883+0000] {taskinstance.py:1359} INFO - Starting attempt 1 of 1
[2025-10-05T23:02:39.890+0000] {taskinstance.py:1380} INFO - Executing <Task(PythonOperator): query_bm25_demo> on 2025-10-05 23:00:12+00:00
[2025-10-05T23:02:39.898+0000] {standard_task_runner.py:57} INFO - Started process 1930 to run task
[2025-10-05T23:02:39.901+0000] {standard_task_runner.py:84} INFO - Running: ['***', 'tasks', 'run', 'flujo_RAG', 'query_bm25_demo', 'manual__2025-10-05T23:00:12+00:00', '--job-id', '180', '--raw', '--subdir', 'DAGS_FOLDER/RAG_dag.py', '--cfg-path', '/tmp/tmpvo564hgg']
[2025-10-05T23:02:39.904+0000] {standard_task_runner.py:85} INFO - Job 180: Subtask query_bm25_demo
[2025-10-05T23:02:39.934+0000] {task_command.py:415} INFO - Running <TaskInstance: flujo_RAG.query_bm25_demo manual__2025-10-05T23:00:12+00:00 [running]> on host c16a2a509134
[2025-10-05T23:02:39.980+0000] {taskinstance.py:1660} INFO - Exporting env vars: AIRFLOW_CTX_DAG_OWNER='***' AIRFLOW_CTX_DAG_ID='flujo_RAG' AIRFLOW_CTX_TASK_ID='query_bm25_demo' AIRFLOW_CTX_EXECUTION_DATE='2025-10-05T23:00:12+00:00' AIRFLOW_CTX_TRY_NUMBER='1' AIRFLOW_CTX_DAG_RUN_ID='manual__2025-10-05T23:00:12+00:00'
[2025-10-05T23:02:39.982+0000] {crypto.py:82} WARNING - empty cryptography key - values will not be stored encrypted.
[2025-10-05T23:02:39.983+0000] {base.py:73} INFO - Using connection ID 'minio_s3' for task execution.
[2025-10-05T23:02:39.983+0000] {warnings.py:109} WARNING - <string>:8: AirflowProviderDeprecationWarning: AWS Connection (conn_id='minio_s3', conn_type='s3') has connection type 's3', which has been replaced by connection type 'aws'. Please update your connection to have `conn_type='aws'`.

[2025-10-05T23:02:39.984+0000] {connection_wrapper.py:340} INFO - AWS Connection (conn_id='minio_s3', conn_type='s3') credentials retrieved from login and password.
[2025-10-05T23:02:39.984+0000] {warnings.py:109} WARNING - <string>:8: AirflowProviderDeprecationWarning: Host minio specified in the connection is not used. Please, set it on extra['endpoint_url'] instead

[2025-10-05T23:02:40.129+0000] {logging_mixin.py:151} INFO - 游댍 Query: 'contrataci칩n p칰blica vial' | Top-5 resultados
[2025-10-05T23:02:40.129+0000] {logging_mixin.py:151} INFO - #01  score=3.8135  doc_id=22035_2025-09-19_p1  page=1  pdf=boletines/2025/22035_2025-09-19.pdf
[2025-10-05T23:02:40.130+0000] {logging_mixin.py:151} INFO -       Edici칩n N 22.035 Salta, viernes 19 de septiembre de 2025 Dr. Gustavo S치enz Gobernador Dra. Mar칤a Matilde L칩pez Morillo Secretaria General de la Gobernaci칩n Dra. Mar칤a Victoria Restom Directora General Edici칩n de 78 P치ginas A침o CXVII REGISTR
[2025-10-05T23:02:40.130+0000] {logging_mixin.py:151} INFO - #02  score=1.4189  doc_id=22032_2025-09-16_p1  page=1  pdf=boletines/2025/22032_2025-09-16.pdf
[2025-10-05T23:02:40.131+0000] {logging_mixin.py:151} INFO -       Edici칩n N 22.032 Salta, martes 16 de septiembre de 2025 Dr. Gustavo S치enz Gobernador Dra. Mar칤a Matilde L칩pez Morillo Secretaria General de la Gobernaci칩n Dra. Mar칤a Victoria Restom Directora General Edici칩n de 74 P치ginas A침o CXVII REGISTRO
[2025-10-05T23:02:40.131+0000] {logging_mixin.py:151} INFO - #03  score=1.4068  doc_id=22041_2025-09-29_p1  page=1  pdf=boletines/2025/22041_2025-09-29.pdf
[2025-10-05T23:02:40.131+0000] {logging_mixin.py:151} INFO -       Edici칩n N 22.041 Salta, lunes 29 de septiembre de 2025 Dr. Gustavo S치enz Gobernador Dra. Mar칤a Matilde L칩pez Morillo Secretaria General de la Gobernaci칩n Dra. Mar칤a Victoria Restom Directora General Edici칩n de 88 P치ginas A침o CXVII REGISTRO 
[2025-10-05T23:02:40.131+0000] {logging_mixin.py:151} INFO - #04  score=0.7082  doc_id=22037_2025-09-23_p1  page=1  pdf=boletines/2025/22037_2025-09-23.pdf
[2025-10-05T23:02:40.132+0000] {logging_mixin.py:151} INFO -       Edici칩n N 22.037 Salta, martes 23 de septiembre de 2025 Dr. Gustavo S치enz Gobernador Dra. Mar칤a Matilde L칩pez Morillo Secretaria General de la Gobernaci칩n Dra. Mar칤a Victoria Restom Directora General Edici칩n de 78 P치ginas A침o CXVII REGISTRO
[2025-10-05T23:02:40.132+0000] {logging_mixin.py:151} INFO - #05  score=0.7075  doc_id=22038_2025-09-24_p1  page=1  pdf=boletines/2025/22038_2025-09-24.pdf
[2025-10-05T23:02:40.132+0000] {logging_mixin.py:151} INFO -       Edici칩n N 22.038 Salta, mi칠rcoles 24 de septiembre de 2025 Dr. Gustavo S치enz Gobernador Dra. Mar칤a Matilde L칩pez Morillo Secretaria General de la Gobernaci칩n Dra. Mar칤a Victoria Restom Directora General Edici칩n de 64 P치ginas A침o CXVII REGIS
[2025-10-05T23:02:40.132+0000] {python.py:194} INFO - Done. Returned value was: {'query': 'contrataci칩n p칰blica vial', 'top_k': 5, 'results': [{'rank': 1, 'score': 3.8135383469930684, 'doc_id': '22035_2025-09-19_p1', 'page': 1, 'pdf_key': 'boletines/2025/22035_2025-09-19.pdf', 'snippet': 'Edici칩n N 22.035 Salta, viernes 19 de septiembre de 2025 Dr. Gustavo S치enz Gobernador Dra. Mar칤a Matilde L칩pez Morillo Secretaria General de la Gobernaci칩n Dra. Mar칤a Victoria Restom Directora General Edici칩n de 78 P치ginas A침o CXVII REGISTR'}, {'rank': 2, 'score': 1.4189247561942293, 'doc_id': '22032_2025-09-16_p1', 'page': 1, 'pdf_key': 'boletines/2025/22032_2025-09-16.pdf', 'snippet': 'Edici칩n N 22.032 Salta, martes 16 de septiembre de 2025 Dr. Gustavo S치enz Gobernador Dra. Mar칤a Matilde L칩pez Morillo Secretaria General de la Gobernaci칩n Dra. Mar칤a Victoria Restom Directora General Edici칩n de 74 P치ginas A침o CXVII REGISTRO'}, {'rank': 3, 'score': 1.4068466706485463, 'doc_id': '22041_2025-09-29_p1', 'page': 1, 'pdf_key': 'boletines/2025/22041_2025-09-29.pdf', 'snippet': 'Edici칩n N 22.041 Salta, lunes 29 de septiembre de 2025 Dr. Gustavo S치enz Gobernador Dra. Mar칤a Matilde L칩pez Morillo Secretaria General de la Gobernaci칩n Dra. Mar칤a Victoria Restom Directora General Edici칩n de 88 P치ginas A침o CXVII REGISTRO '}, {'rank': 4, 'score': 0.7081797138844201, 'doc_id': '22037_2025-09-23_p1', 'page': 1, 'pdf_key': 'boletines/2025/22037_2025-09-23.pdf', 'snippet': 'Edici칩n N 22.037 Salta, martes 23 de septiembre de 2025 Dr. Gustavo S치enz Gobernador Dra. Mar칤a Matilde L칩pez Morillo Secretaria General de la Gobernaci칩n Dra. Mar칤a Victoria Restom Directora General Edici칩n de 78 P치ginas A침o CXVII REGISTRO'}, {'rank': 5, 'score': 0.7075489890194026, 'doc_id': '22038_2025-09-24_p1', 'page': 1, 'pdf_key': 'boletines/2025/22038_2025-09-24.pdf', 'snippet': 'Edici칩n N 22.038 Salta, mi칠rcoles 24 de septiembre de 2025 Dr. Gustavo S치enz Gobernador Dra. Mar칤a Matilde L칩pez Morillo Secretaria General de la Gobernaci칩n Dra. Mar칤a Victoria Restom Directora General Edici칩n de 64 P치ginas A침o CXVII REGIS'}], 'model_key': 'rag/models/2025/bm25.pkl'}
[2025-10-05T23:02:40.147+0000] {taskinstance.py:1398} INFO - Marking task as SUCCESS. dag_id=flujo_RAG, task_id=query_bm25_demo, execution_date=20251005T230012, start_date=20251005T230239, end_date=20251005T230240
[2025-10-05T23:02:40.168+0000] {local_task_job_runner.py:228} INFO - Task exited with return code 0
[2025-10-05T23:02:40.184+0000] {taskinstance.py:2776} INFO - 1 downstream tasks scheduled from follow-on schedule check
