[2025-10-05T23:32:57.880+0000] {taskinstance.py:1157} INFO - Dependencies all met for dep_context=non-requeueable deps ti=<TaskInstance: flujo_RAG.extract_texts manual__2025-10-05T23:32:17+00:00 [queued]>
[2025-10-05T23:32:57.885+0000] {taskinstance.py:1157} INFO - Dependencies all met for dep_context=requeueable deps ti=<TaskInstance: flujo_RAG.extract_texts manual__2025-10-05T23:32:17+00:00 [queued]>
[2025-10-05T23:32:57.885+0000] {taskinstance.py:1359} INFO - Starting attempt 1 of 1
[2025-10-05T23:32:57.891+0000] {taskinstance.py:1380} INFO - Executing <Task(PythonOperator): extract_texts> on 2025-10-05 23:32:17+00:00
[2025-10-05T23:32:57.898+0000] {standard_task_runner.py:57} INFO - Started process 5123 to run task
[2025-10-05T23:32:57.901+0000] {standard_task_runner.py:84} INFO - Running: ['***', 'tasks', 'run', 'flujo_RAG', 'extract_texts', 'manual__2025-10-05T23:32:17+00:00', '--job-id', '224', '--raw', '--subdir', 'DAGS_FOLDER/RAG_dag.py', '--cfg-path', '/tmp/tmp8xj_vy7l']
[2025-10-05T23:32:57.903+0000] {standard_task_runner.py:85} INFO - Job 224: Subtask extract_texts
[2025-10-05T23:32:57.932+0000] {task_command.py:415} INFO - Running <TaskInstance: flujo_RAG.extract_texts manual__2025-10-05T23:32:17+00:00 [running]> on host c16a2a509134
[2025-10-05T23:32:57.975+0000] {taskinstance.py:1660} INFO - Exporting env vars: AIRFLOW_CTX_DAG_OWNER='***' AIRFLOW_CTX_DAG_ID='flujo_RAG' AIRFLOW_CTX_TASK_ID='extract_texts' AIRFLOW_CTX_EXECUTION_DATE='2025-10-05T23:32:17+00:00' AIRFLOW_CTX_TRY_NUMBER='1' AIRFLOW_CTX_DAG_RUN_ID='manual__2025-10-05T23:32:17+00:00'
[2025-10-05T23:32:57.976+0000] {crypto.py:82} WARNING - empty cryptography key - values will not be stored encrypted.
[2025-10-05T23:32:57.977+0000] {base.py:73} INFO - Using connection ID 'minio_s3' for task execution.
[2025-10-05T23:32:57.977+0000] {warnings.py:109} WARNING - <string>:8: AirflowProviderDeprecationWarning: AWS Connection (conn_id='minio_s3', conn_type='s3') has connection type 's3', which has been replaced by connection type 'aws'. Please update your connection to have `conn_type='aws'`.

[2025-10-05T23:32:57.977+0000] {connection_wrapper.py:340} INFO - AWS Connection (conn_id='minio_s3', conn_type='s3') credentials retrieved from login and password.
[2025-10-05T23:32:57.978+0000] {warnings.py:109} WARNING - <string>:8: AirflowProviderDeprecationWarning: Host minio specified in the connection is not used. Please, set it on extra['endpoint_url'] instead

[2025-10-05T23:32:58.121+0000] {base.py:73} INFO - Using connection ID 'minio_s3' for task execution.
[2025-10-05T23:32:58.122+0000] {connection_wrapper.py:340} INFO - AWS Connection (conn_id='minio_s3', conn_type='s3') credentials retrieved from login and password.
[2025-10-05T23:33:03.138+0000] {base.py:73} INFO - Using connection ID 'minio_s3' for task execution.
[2025-10-05T23:33:03.138+0000] {connection_wrapper.py:340} INFO - AWS Connection (conn_id='minio_s3', conn_type='s3') credentials retrieved from login and password.
[2025-10-05T23:33:03.191+0000] {logging_mixin.py:151} INFO - ✅ TXT subido: s3://respaldo2/rag/text/2025/22032_2025-09-16.txt  (páginas=70, chars=183179)
[2025-10-05T23:33:03.192+0000] {base.py:73} INFO - Using connection ID 'minio_s3' for task execution.
[2025-10-05T23:33:03.192+0000] {connection_wrapper.py:340} INFO - AWS Connection (conn_id='minio_s3', conn_type='s3') credentials retrieved from login and password.
[2025-10-05T23:33:08.003+0000] {base.py:73} INFO - Using connection ID 'minio_s3' for task execution.
[2025-10-05T23:33:08.003+0000] {connection_wrapper.py:340} INFO - AWS Connection (conn_id='minio_s3', conn_type='s3') credentials retrieved from login and password.
[2025-10-05T23:33:08.313+0000] {logging_mixin.py:151} INFO - ✅ TXT subido: s3://respaldo2/rag/text/2025/22033_2025-09-17.txt  (páginas=74, chars=183414)
[2025-10-05T23:33:08.314+0000] {base.py:73} INFO - Using connection ID 'minio_s3' for task execution.
[2025-10-05T23:33:08.314+0000] {connection_wrapper.py:340} INFO - AWS Connection (conn_id='minio_s3', conn_type='s3') credentials retrieved from login and password.
[2025-10-05T23:33:13.692+0000] {base.py:73} INFO - Using connection ID 'minio_s3' for task execution.
[2025-10-05T23:33:13.692+0000] {connection_wrapper.py:340} INFO - AWS Connection (conn_id='minio_s3', conn_type='s3') credentials retrieved from login and password.
[2025-10-05T23:33:13.739+0000] {logging_mixin.py:151} INFO - ✅ TXT subido: s3://respaldo2/rag/text/2025/22034_2025-09-18.txt  (páginas=78, chars=208221)
[2025-10-05T23:33:13.740+0000] {base.py:73} INFO - Using connection ID 'minio_s3' for task execution.
[2025-10-05T23:33:13.740+0000] {connection_wrapper.py:340} INFO - AWS Connection (conn_id='minio_s3', conn_type='s3') credentials retrieved from login and password.
[2025-10-05T23:33:18.926+0000] {base.py:73} INFO - Using connection ID 'minio_s3' for task execution.
[2025-10-05T23:33:18.926+0000] {connection_wrapper.py:340} INFO - AWS Connection (conn_id='minio_s3', conn_type='s3') credentials retrieved from login and password.
[2025-10-05T23:33:18.975+0000] {logging_mixin.py:151} INFO - ✅ TXT subido: s3://respaldo2/rag/text/2025/22035_2025-09-19.txt  (páginas=74, chars=194210)
[2025-10-05T23:33:18.976+0000] {base.py:73} INFO - Using connection ID 'minio_s3' for task execution.
[2025-10-05T23:33:18.976+0000] {connection_wrapper.py:340} INFO - AWS Connection (conn_id='minio_s3', conn_type='s3') credentials retrieved from login and password.
[2025-10-05T23:33:24.148+0000] {base.py:73} INFO - Using connection ID 'minio_s3' for task execution.
[2025-10-05T23:33:24.149+0000] {connection_wrapper.py:340} INFO - AWS Connection (conn_id='minio_s3', conn_type='s3') credentials retrieved from login and password.
[2025-10-05T23:33:24.195+0000] {logging_mixin.py:151} INFO - ✅ TXT subido: s3://respaldo2/rag/text/2025/22036_2025-09-22.txt  (páginas=74, chars=189235)
[2025-10-05T23:33:24.196+0000] {base.py:73} INFO - Using connection ID 'minio_s3' for task execution.
[2025-10-05T23:33:24.196+0000] {connection_wrapper.py:340} INFO - AWS Connection (conn_id='minio_s3', conn_type='s3') credentials retrieved from login and password.
[2025-10-05T23:33:29.159+0000] {base.py:73} INFO - Using connection ID 'minio_s3' for task execution.
[2025-10-05T23:33:29.160+0000] {connection_wrapper.py:340} INFO - AWS Connection (conn_id='minio_s3', conn_type='s3') credentials retrieved from login and password.
[2025-10-05T23:33:29.203+0000] {logging_mixin.py:151} INFO - ✅ TXT subido: s3://respaldo2/rag/text/2025/22037_2025-09-23.txt  (páginas=73, chars=185973)
[2025-10-05T23:33:29.204+0000] {base.py:73} INFO - Using connection ID 'minio_s3' for task execution.
[2025-10-05T23:33:29.204+0000] {connection_wrapper.py:340} INFO - AWS Connection (conn_id='minio_s3', conn_type='s3') credentials retrieved from login and password.
[2025-10-05T23:33:33.007+0000] {base.py:73} INFO - Using connection ID 'minio_s3' for task execution.
[2025-10-05T23:33:33.008+0000] {connection_wrapper.py:340} INFO - AWS Connection (conn_id='minio_s3', conn_type='s3') credentials retrieved from login and password.
[2025-10-05T23:33:33.061+0000] {logging_mixin.py:151} INFO - ✅ TXT subido: s3://respaldo2/rag/text/2025/22038_2025-09-24.txt  (páginas=59, chars=143062)
[2025-10-05T23:33:33.062+0000] {base.py:73} INFO - Using connection ID 'minio_s3' for task execution.
[2025-10-05T23:33:33.062+0000] {connection_wrapper.py:340} INFO - AWS Connection (conn_id='minio_s3', conn_type='s3') credentials retrieved from login and password.
[2025-10-05T23:33:38.864+0000] {base.py:73} INFO - Using connection ID 'minio_s3' for task execution.
[2025-10-05T23:33:38.864+0000] {connection_wrapper.py:340} INFO - AWS Connection (conn_id='minio_s3', conn_type='s3') credentials retrieved from login and password.
[2025-10-05T23:33:38.924+0000] {logging_mixin.py:151} INFO - ✅ TXT subido: s3://respaldo2/rag/text/2025/22039_2025-09-25.txt  (páginas=82, chars=202948)
[2025-10-05T23:33:38.925+0000] {base.py:73} INFO - Using connection ID 'minio_s3' for task execution.
[2025-10-05T23:33:38.926+0000] {connection_wrapper.py:340} INFO - AWS Connection (conn_id='minio_s3', conn_type='s3') credentials retrieved from login and password.
[2025-10-05T23:33:43.471+0000] {base.py:73} INFO - Using connection ID 'minio_s3' for task execution.
[2025-10-05T23:33:43.471+0000] {connection_wrapper.py:340} INFO - AWS Connection (conn_id='minio_s3', conn_type='s3') credentials retrieved from login and password.
[2025-10-05T23:33:43.525+0000] {logging_mixin.py:151} INFO - ✅ TXT subido: s3://respaldo2/rag/text/2025/22040_2025-09-26.txt  (páginas=69, chars=173078)
[2025-10-05T23:33:43.526+0000] {base.py:73} INFO - Using connection ID 'minio_s3' for task execution.
[2025-10-05T23:33:43.526+0000] {connection_wrapper.py:340} INFO - AWS Connection (conn_id='minio_s3', conn_type='s3') credentials retrieved from login and password.
[2025-10-05T23:33:49.702+0000] {base.py:73} INFO - Using connection ID 'minio_s3' for task execution.
[2025-10-05T23:33:49.703+0000] {connection_wrapper.py:340} INFO - AWS Connection (conn_id='minio_s3', conn_type='s3') credentials retrieved from login and password.
[2025-10-05T23:33:49.749+0000] {logging_mixin.py:151} INFO - ✅ TXT subido: s3://respaldo2/rag/text/2025/22041_2025-09-29.txt  (páginas=83, chars=228607)
[2025-10-05T23:33:49.749+0000] {base.py:73} INFO - Using connection ID 'minio_s3' for task execution.
[2025-10-05T23:33:49.750+0000] {connection_wrapper.py:340} INFO - AWS Connection (conn_id='minio_s3', conn_type='s3') credentials retrieved from login and password.
[2025-10-05T23:33:54.568+0000] {base.py:73} INFO - Using connection ID 'minio_s3' for task execution.
[2025-10-05T23:33:54.568+0000] {connection_wrapper.py:340} INFO - AWS Connection (conn_id='minio_s3', conn_type='s3') credentials retrieved from login and password.
[2025-10-05T23:33:54.615+0000] {logging_mixin.py:151} INFO - ✅ TXT subido: s3://respaldo2/rag/text/2025/22042_2025-09-30.txt  (páginas=70, chars=180284)
[2025-10-05T23:33:54.616+0000] {base.py:73} INFO - Using connection ID 'minio_s3' for task execution.
[2025-10-05T23:33:54.617+0000] {connection_wrapper.py:340} INFO - AWS Connection (conn_id='minio_s3', conn_type='s3') credentials retrieved from login and password.
[2025-10-05T23:34:01.043+0000] {base.py:73} INFO - Using connection ID 'minio_s3' for task execution.
[2025-10-05T23:34:01.043+0000] {connection_wrapper.py:340} INFO - AWS Connection (conn_id='minio_s3', conn_type='s3') credentials retrieved from login and password.
[2025-10-05T23:34:01.090+0000] {logging_mixin.py:151} INFO - ✅ TXT subido: s3://respaldo2/rag/text/2025/22043_2025-10-01.txt  (páginas=89, chars=241395)
[2025-10-05T23:34:01.090+0000] {base.py:73} INFO - Using connection ID 'minio_s3' for task execution.
[2025-10-05T23:34:01.091+0000] {connection_wrapper.py:340} INFO - AWS Connection (conn_id='minio_s3', conn_type='s3') credentials retrieved from login and password.
[2025-10-05T23:34:06.789+0000] {base.py:73} INFO - Using connection ID 'minio_s3' for task execution.
[2025-10-05T23:34:06.789+0000] {connection_wrapper.py:340} INFO - AWS Connection (conn_id='minio_s3', conn_type='s3') credentials retrieved from login and password.
[2025-10-05T23:34:06.837+0000] {logging_mixin.py:151} INFO - ✅ TXT subido: s3://respaldo2/rag/text/2025/22044_2025-10-02.txt  (páginas=81, chars=218531)
[2025-10-05T23:34:06.838+0000] {base.py:73} INFO - Using connection ID 'minio_s3' for task execution.
[2025-10-05T23:34:06.838+0000] {connection_wrapper.py:340} INFO - AWS Connection (conn_id='minio_s3', conn_type='s3') credentials retrieved from login and password.
[2025-10-05T23:34:11.303+0000] {base.py:73} INFO - Using connection ID 'minio_s3' for task execution.
[2025-10-05T23:34:11.304+0000] {connection_wrapper.py:340} INFO - AWS Connection (conn_id='minio_s3', conn_type='s3') credentials retrieved from login and password.
[2025-10-05T23:34:11.357+0000] {logging_mixin.py:151} INFO - ✅ TXT subido: s3://respaldo2/rag/text/2025/22045_2025-10-03.txt  (páginas=67, chars=164696)
[2025-10-05T23:34:11.358+0000] {logging_mixin.py:151} INFO - ✅ Total TXT generados: 14 en s3://respaldo2/rag/text/2025/
[2025-10-05T23:34:11.358+0000] {python.py:194} INFO - Done. Returned value was: {'processed': 14, 'bucket': 'respaldo2', 'prefix_pdfs': 'boletines/2025/', 'prefix_txt': 'rag/text/2025/', 'generated_at': '2025-10-05T23:34:11.358086Z', 'items': [{'pdf_key': 'boletines/2025/22032_2025-09-16.pdf', 'txt_key': 'rag/text/2025/22032_2025-09-16.txt', 'pages': 70, 'chars': 183179}, {'pdf_key': 'boletines/2025/22033_2025-09-17.pdf', 'txt_key': 'rag/text/2025/22033_2025-09-17.txt', 'pages': 74, 'chars': 183414}, {'pdf_key': 'boletines/2025/22034_2025-09-18.pdf', 'txt_key': 'rag/text/2025/22034_2025-09-18.txt', 'pages': 78, 'chars': 208221}, {'pdf_key': 'boletines/2025/22035_2025-09-19.pdf', 'txt_key': 'rag/text/2025/22035_2025-09-19.txt', 'pages': 74, 'chars': 194210}, {'pdf_key': 'boletines/2025/22036_2025-09-22.pdf', 'txt_key': 'rag/text/2025/22036_2025-09-22.txt', 'pages': 74, 'chars': 189235}, {'pdf_key': 'boletines/2025/22037_2025-09-23.pdf', 'txt_key': 'rag/text/2025/22037_2025-09-23.txt', 'pages': 73, 'chars': 185973}, {'pdf_key': 'boletines/2025/22038_2025-09-24.pdf', 'txt_key': 'rag/text/2025/22038_2025-09-24.txt', 'pages': 59, 'chars': 143062}, {'pdf_key': 'boletines/2025/22039_2025-09-25.pdf', 'txt_key': 'rag/text/2025/22039_2025-09-25.txt', 'pages': 82, 'chars': 202948}, {'pdf_key': 'boletines/2025/22040_2025-09-26.pdf', 'txt_key': 'rag/text/2025/22040_2025-09-26.txt', 'pages': 69, 'chars': 173078}, {'pdf_key': 'boletines/2025/22041_2025-09-29.pdf', 'txt_key': 'rag/text/2025/22041_2025-09-29.txt', 'pages': 83, 'chars': 228607}, {'pdf_key': 'boletines/2025/22042_2025-09-30.pdf', 'txt_key': 'rag/text/2025/22042_2025-09-30.txt', 'pages': 70, 'chars': 180284}, {'pdf_key': 'boletines/2025/22043_2025-10-01.pdf', 'txt_key': 'rag/text/2025/22043_2025-10-01.txt', 'pages': 89, 'chars': 241395}, {'pdf_key': 'boletines/2025/22044_2025-10-02.pdf', 'txt_key': 'rag/text/2025/22044_2025-10-02.txt', 'pages': 81, 'chars': 218531}, {'pdf_key': 'boletines/2025/22045_2025-10-03.pdf', 'txt_key': 'rag/text/2025/22045_2025-10-03.txt', 'pages': 67, 'chars': 164696}]}
[2025-10-05T23:34:11.374+0000] {taskinstance.py:1398} INFO - Marking task as SUCCESS. dag_id=flujo_RAG, task_id=extract_texts, execution_date=20251005T233217, start_date=20251005T233257, end_date=20251005T233411
[2025-10-05T23:34:11.458+0000] {local_task_job_runner.py:228} INFO - Task exited with return code 0
[2025-10-05T23:34:11.480+0000] {taskinstance.py:2776} INFO - 1 downstream tasks scheduled from follow-on schedule check
