[2025-10-02T14:09:30.387+0000] {taskinstance.py:1157} INFO - Dependencies all met for dep_context=non-requeueable deps ti=<TaskInstance: flujo_RAG.query_bm25_demo manual__2025-10-02T14:07:31+00:00 [queued]>
[2025-10-02T14:09:30.391+0000] {taskinstance.py:1157} INFO - Dependencies all met for dep_context=requeueable deps ti=<TaskInstance: flujo_RAG.query_bm25_demo manual__2025-10-02T14:07:31+00:00 [queued]>
[2025-10-02T14:09:30.391+0000] {taskinstance.py:1359} INFO - Starting attempt 1 of 1
[2025-10-02T14:09:30.395+0000] {taskinstance.py:1380} INFO - Executing <Task(PythonOperator): query_bm25_demo> on 2025-10-02 14:07:31+00:00
[2025-10-02T14:09:30.401+0000] {standard_task_runner.py:57} INFO - Started process 49821 to run task
[2025-10-02T14:09:30.404+0000] {standard_task_runner.py:84} INFO - Running: ['***', 'tasks', 'run', 'flujo_RAG', 'query_bm25_demo', 'manual__2025-10-02T14:07:31+00:00', '--job-id', '107', '--raw', '--subdir', 'DAGS_FOLDER/RAG_dag.py', '--cfg-path', '/tmp/tmpyhs5hf_j']
[2025-10-02T14:09:30.406+0000] {standard_task_runner.py:85} INFO - Job 107: Subtask query_bm25_demo
[2025-10-02T14:09:30.429+0000] {task_command.py:415} INFO - Running <TaskInstance: flujo_RAG.query_bm25_demo manual__2025-10-02T14:07:31+00:00 [running]> on host cebfb690f74d
[2025-10-02T14:09:30.463+0000] {taskinstance.py:1660} INFO - Exporting env vars: AIRFLOW_CTX_DAG_OWNER='***' AIRFLOW_CTX_DAG_ID='flujo_RAG' AIRFLOW_CTX_TASK_ID='query_bm25_demo' AIRFLOW_CTX_EXECUTION_DATE='2025-10-02T14:07:31+00:00' AIRFLOW_CTX_TRY_NUMBER='1' AIRFLOW_CTX_DAG_RUN_ID='manual__2025-10-02T14:07:31+00:00'
[2025-10-02T14:09:30.464+0000] {crypto.py:82} WARNING - empty cryptography key - values will not be stored encrypted.
[2025-10-02T14:09:30.465+0000] {base.py:73} INFO - Using connection ID 'minio_s3' for task execution.
[2025-10-02T14:09:30.465+0000] {warnings.py:109} WARNING - <string>:8: AirflowProviderDeprecationWarning: AWS Connection (conn_id='minio_s3', conn_type='s3') has connection type 's3', which has been replaced by connection type 'aws'. Please update your connection to have `conn_type='aws'`.

[2025-10-02T14:09:30.465+0000] {connection_wrapper.py:340} INFO - AWS Connection (conn_id='minio_s3', conn_type='s3') credentials retrieved from login and password.
[2025-10-02T14:09:30.465+0000] {warnings.py:109} WARNING - <string>:8: AirflowProviderDeprecationWarning: Host minio specified in the connection is not used. Please, set it on extra['endpoint_url'] instead

[2025-10-02T14:09:30.628+0000] {logging_mixin.py:151} INFO -  Query: 'contrataci贸n p煤blica vial' | Top-5 resultados
[2025-10-02T14:09:30.628+0000] {logging_mixin.py:151} INFO - #01  score=5.5403  doc_id=22035_2025-09-19_p1  page=1  pdf=boletines/2025/22035_2025-09-19.pdf
[2025-10-02T14:09:30.629+0000] {logging_mixin.py:151} INFO -       8:00 a 14:00 hs. en: Sede social de REMSa SA, sita en Manuel Sol谩 No 171- C.P 4.400- Salta- Tel茅fono: P谩g. N 34 Edici贸n N 22.035 Salta, viernes 19 de septiembre de 2025 Decreto Reglamentario N 571/2020 del 28/08/2020 0387-4221454/4310180.- 
[2025-10-02T14:09:30.629+0000] {logging_mixin.py:151} INFO - #02  score=4.8948  doc_id=22034_2025-09-18_p1  page=1  pdf=boletines/2025/22034_2025-09-18.pdf
[2025-10-02T14:09:30.629+0000] {logging_mixin.py:151} INFO -       mejorada) por un total de 838.190,00 (pesos ochocientos treinta y ocho mil ciento noventa con 00/100). El gasto que demanda lo dispuesto precedentemente se imput贸 a Fondos Provinciales CA 081013000300 Gesti贸n de Pacientes, Ejercicio vigente
[2025-10-02T14:09:30.629+0000] {logging_mixin.py:151} INFO - #03  score=4.0576  doc_id=22043_2025-10-01_p1  page=1  pdf=boletines/2025/22043_2025-10-01.pdf
[2025-10-02T14:09:30.629+0000] {logging_mixin.py:151} INFO -       la Fuente Recibo sin cargo: 100017795 Fechas de publicaci贸n: 01/10/2025 Sin cargo OP N : 100128868 P谩g. N 28 Edici贸n N 22.043 Salta, mi茅rcoles 1 de octubre de 2025 Decreto Reglamentario N 571/2020 del 28/08/2020 BUENOS AIRES, 22 de Agosto d
[2025-10-02T14:09:30.629+0000] {logging_mixin.py:151} INFO - #04  score=3.9688  doc_id=22043_2025-10-01_p1  page=1  pdf=boletines/2025/22043_2025-10-01.pdf
[2025-10-02T14:09:30.630+0000] {logging_mixin.py:151} INFO -       la modalidad de Ajuste Alzado y con un plazo de ejecuci贸n de 90 (noventa) d铆as corridos Que a tal fin, se requiere la formalizaci贸n de un convenio de ejecuci贸n de obra p煤blica entre la Secretar铆a de Obras P煤blicas y la Municipalidad de Tart
[2025-10-02T14:09:30.630+0000] {logging_mixin.py:151} INFO - #05  score=3.5936  doc_id=22041_2025-09-29_p1  page=1  pdf=boletines/2025/22041_2025-09-29.pdf
[2025-10-02T14:09:30.630+0000] {logging_mixin.py:151} INFO -       ejecuci贸n de actividades operativas, con objetivos y resultados claramente delimitados, sin implicar actividades de proceso intelectual o de asesoramiento a su vez, el proceso se llev贸 adelante mediante el m茅todo de Contrataci贸n Directa est
[2025-10-02T14:09:30.631+0000] {python.py:194} INFO - Done. Returned value was: {'query': 'contrataci贸n p煤blica vial', 'top_k': 5, 'results': [{'rank': 1, 'score': 5.540332323665234, 'doc_id': '22035_2025-09-19_p1', 'page': 1, 'pdf_key': 'boletines/2025/22035_2025-09-19.pdf', 'snippet': '8:00 a 14:00 hs. en: Sede social de REMSa SA, sita en Manuel Sol谩 No 171- C.P 4.400- Salta- Tel茅fono: P谩g. N 34 Edici贸n N 22.035 Salta, viernes 19 de septiembre de 2025 Decreto Reglamentario N 571/2020 del 28/08/2020 0387-4221454/4310180.- '}, {'rank': 2, 'score': 4.894822764765606, 'doc_id': '22034_2025-09-18_p1', 'page': 1, 'pdf_key': 'boletines/2025/22034_2025-09-18.pdf', 'snippet': 'mejorada) por un total de 838.190,00 (pesos ochocientos treinta y ocho mil ciento noventa con 00/100). El gasto que demanda lo dispuesto precedentemente se imput贸 a Fondos Provinciales CA 081013000300 Gesti贸n de Pacientes, Ejercicio vigente'}, {'rank': 3, 'score': 4.0576105408348155, 'doc_id': '22043_2025-10-01_p1', 'page': 1, 'pdf_key': 'boletines/2025/22043_2025-10-01.pdf', 'snippet': 'la Fuente Recibo sin cargo: 100017795 Fechas de publicaci贸n: 01/10/2025 Sin cargo OP N : 100128868 P谩g. N 28 Edici贸n N 22.043 Salta, mi茅rcoles 1 de octubre de 2025 Decreto Reglamentario N 571/2020 del 28/08/2020 BUENOS AIRES, 22 de Agosto d'}, {'rank': 4, 'score': 3.968802100481673, 'doc_id': '22043_2025-10-01_p1', 'page': 1, 'pdf_key': 'boletines/2025/22043_2025-10-01.pdf', 'snippet': 'la modalidad de Ajuste Alzado y con un plazo de ejecuci贸n de 90 (noventa) d铆as corridos Que a tal fin, se requiere la formalizaci贸n de un convenio de ejecuci贸n de obra p煤blica entre la Secretar铆a de Obras P煤blicas y la Municipalidad de Tart'}, {'rank': 5, 'score': 3.5935756296615904, 'doc_id': '22041_2025-09-29_p1', 'page': 1, 'pdf_key': 'boletines/2025/22041_2025-09-29.pdf', 'snippet': 'ejecuci贸n de actividades operativas, con objetivos y resultados claramente delimitados, sin implicar actividades de proceso intelectual o de asesoramiento a su vez, el proceso se llev贸 adelante mediante el m茅todo de Contrataci贸n Directa est'}], 'model_key': 'rag/models/2025/bm25.pkl'}
[2025-10-02T14:09:30.641+0000] {taskinstance.py:1398} INFO - Marking task as SUCCESS. dag_id=flujo_RAG, task_id=query_bm25_demo, execution_date=20251002T140731, start_date=20251002T140930, end_date=20251002T140930
[2025-10-02T14:09:30.673+0000] {local_task_job_runner.py:228} INFO - Task exited with return code 0
[2025-10-02T14:09:30.685+0000] {taskinstance.py:2776} INFO - 1 downstream tasks scheduled from follow-on schedule check
