[2025-09-30T23:06:45.515+0000] {taskinstance.py:1157} INFO - Dependencies all met for dep_context=non-requeueable deps ti=<TaskInstance: flujo_RAG.query_bm25_demo manual__2025-09-30T19:13:02.728529+00:00 [queued]>
[2025-09-30T23:06:45.520+0000] {taskinstance.py:1157} INFO - Dependencies all met for dep_context=requeueable deps ti=<TaskInstance: flujo_RAG.query_bm25_demo manual__2025-09-30T19:13:02.728529+00:00 [queued]>
[2025-09-30T23:06:45.520+0000] {taskinstance.py:1359} INFO - Starting attempt 1 of 1
[2025-09-30T23:06:45.525+0000] {taskinstance.py:1380} INFO - Executing <Task(PythonOperator): query_bm25_demo> on 2025-09-30 19:13:02.728529+00:00
[2025-09-30T23:06:45.529+0000] {standard_task_runner.py:57} INFO - Started process 7307 to run task
[2025-09-30T23:06:45.531+0000] {standard_task_runner.py:84} INFO - Running: ['***', 'tasks', 'run', 'flujo_RAG', 'query_bm25_demo', 'manual__2025-09-30T19:13:02.728529+00:00', '--job-id', '37', '--raw', '--subdir', 'DAGS_FOLDER/RAG_dag.py', '--cfg-path', '/tmp/tmpgmvwvipj']
[2025-09-30T23:06:45.533+0000] {standard_task_runner.py:85} INFO - Job 37: Subtask query_bm25_demo
[2025-09-30T23:06:45.557+0000] {task_command.py:415} INFO - Running <TaskInstance: flujo_RAG.query_bm25_demo manual__2025-09-30T19:13:02.728529+00:00 [running]> on host b23249bdd303
[2025-09-30T23:06:45.591+0000] {taskinstance.py:1660} INFO - Exporting env vars: AIRFLOW_CTX_DAG_OWNER='***' AIRFLOW_CTX_DAG_ID='flujo_RAG' AIRFLOW_CTX_TASK_ID='query_bm25_demo' AIRFLOW_CTX_EXECUTION_DATE='2025-09-30T19:13:02.728529+00:00' AIRFLOW_CTX_TRY_NUMBER='1' AIRFLOW_CTX_DAG_RUN_ID='manual__2025-09-30T19:13:02.728529+00:00'
[2025-09-30T23:06:45.593+0000] {crypto.py:82} WARNING - empty cryptography key - values will not be stored encrypted.
[2025-09-30T23:06:45.594+0000] {base.py:73} INFO - Using connection ID 'minio_s3' for task execution.
[2025-09-30T23:06:45.594+0000] {warnings.py:109} WARNING - <string>:8: AirflowProviderDeprecationWarning: AWS Connection (conn_id='minio_s3', conn_type='s3') has connection type 's3', which has been replaced by connection type 'aws'. Please update your connection to have `conn_type='aws'`.

[2025-09-30T23:06:45.594+0000] {connection_wrapper.py:340} INFO - AWS Connection (conn_id='minio_s3', conn_type='s3') credentials retrieved from login and password.
[2025-09-30T23:06:45.594+0000] {warnings.py:109} WARNING - <string>:8: AirflowProviderDeprecationWarning: Host minio specified in the connection is not used. Please, set it on extra['endpoint_url'] instead

[2025-09-30T23:06:45.945+0000] {logging_mixin.py:151} INFO - 🔎 Query: 'contratación pública vial' | Top-5 resultados
[2025-09-30T23:06:45.945+0000] {taskinstance.py:1935} ERROR - Task failed with exception
Traceback (most recent call last):
  File "/home/airflow/.local/lib/python3.8/site-packages/airflow/operators/python.py", line 192, in execute
    return_value = self.execute_callable()
  File "/home/airflow/.local/lib/python3.8/site-packages/airflow/operators/python.py", line 209, in execute_callable
    return self.python_callable(*self.op_args, **self.op_kwargs)
  File "/opt/airflow/plugins/tasks/bm25_query_task.py", line 63, in task_query_bm25
    doc_id = index.get_doc_id(idx)
AttributeError: 'BM25Index' object has no attribute 'get_doc_id'
[2025-09-30T23:06:45.950+0000] {taskinstance.py:1398} INFO - Marking task as FAILED. dag_id=flujo_RAG, task_id=query_bm25_demo, execution_date=20250930T191302, start_date=20250930T230645, end_date=20250930T230645
[2025-09-30T23:06:45.955+0000] {standard_task_runner.py:104} ERROR - Failed to execute job 37 for task query_bm25_demo ('BM25Index' object has no attribute 'get_doc_id'; 7307)
[2025-09-30T23:06:45.972+0000] {local_task_job_runner.py:228} INFO - Task exited with return code 1
[2025-09-30T23:06:45.982+0000] {taskinstance.py:2776} INFO - 0 downstream tasks scheduled from follow-on schedule check
