[2025-09-30T23:08:21.355+0000] {taskinstance.py:1157} INFO - Dependencies all met for dep_context=non-requeueable deps ti=<TaskInstance: flujo_RAG.query_bm25_demo manual__2025-09-30T19:13:02.728529+00:00 [queued]>
[2025-09-30T23:08:21.359+0000] {taskinstance.py:1157} INFO - Dependencies all met for dep_context=requeueable deps ti=<TaskInstance: flujo_RAG.query_bm25_demo manual__2025-09-30T19:13:02.728529+00:00 [queued]>
[2025-09-30T23:08:21.359+0000] {taskinstance.py:1359} INFO - Starting attempt 2 of 2
[2025-09-30T23:08:21.364+0000] {taskinstance.py:1380} INFO - Executing <Task(PythonOperator): query_bm25_demo> on 2025-09-30 19:13:02.728529+00:00
[2025-09-30T23:08:21.367+0000] {standard_task_runner.py:57} INFO - Started process 7383 to run task
[2025-09-30T23:08:21.370+0000] {standard_task_runner.py:84} INFO - Running: ['***', 'tasks', 'run', 'flujo_RAG', 'query_bm25_demo', 'manual__2025-09-30T19:13:02.728529+00:00', '--job-id', '38', '--raw', '--subdir', 'DAGS_FOLDER/RAG_dag.py', '--cfg-path', '/tmp/tmpzok8d0pm']
[2025-09-30T23:08:21.371+0000] {standard_task_runner.py:85} INFO - Job 38: Subtask query_bm25_demo
[2025-09-30T23:08:21.395+0000] {task_command.py:415} INFO - Running <TaskInstance: flujo_RAG.query_bm25_demo manual__2025-09-30T19:13:02.728529+00:00 [running]> on host b23249bdd303
[2025-09-30T23:08:21.431+0000] {taskinstance.py:1660} INFO - Exporting env vars: AIRFLOW_CTX_DAG_OWNER='***' AIRFLOW_CTX_DAG_ID='flujo_RAG' AIRFLOW_CTX_TASK_ID='query_bm25_demo' AIRFLOW_CTX_EXECUTION_DATE='2025-09-30T19:13:02.728529+00:00' AIRFLOW_CTX_TRY_NUMBER='2' AIRFLOW_CTX_DAG_RUN_ID='manual__2025-09-30T19:13:02.728529+00:00'
[2025-09-30T23:08:21.432+0000] {crypto.py:82} WARNING - empty cryptography key - values will not be stored encrypted.
[2025-09-30T23:08:21.433+0000] {base.py:73} INFO - Using connection ID 'minio_s3' for task execution.
[2025-09-30T23:08:21.434+0000] {warnings.py:109} WARNING - <string>:8: AirflowProviderDeprecationWarning: AWS Connection (conn_id='minio_s3', conn_type='s3') has connection type 's3', which has been replaced by connection type 'aws'. Please update your connection to have `conn_type='aws'`.

[2025-09-30T23:08:21.434+0000] {connection_wrapper.py:340} INFO - AWS Connection (conn_id='minio_s3', conn_type='s3') credentials retrieved from login and password.
[2025-09-30T23:08:21.434+0000] {warnings.py:109} WARNING - <string>:8: AirflowProviderDeprecationWarning: Host minio specified in the connection is not used. Please, set it on extra['endpoint_url'] instead

[2025-09-30T23:08:21.710+0000] {logging_mixin.py:151} INFO -  Query: 'contrataci贸n p煤blica vial' | Top-5 resultados
[2025-09-30T23:08:21.711+0000] {logging_mixin.py:151} INFO - #01  score=5.9326  doc_id=22035_2025-09-19_p1  page=1  pdf=boletines/2025/22035_2025-09-19.pdf
[2025-09-30T23:08:21.711+0000] {logging_mixin.py:151} INFO -       8:00 a 14:00 hs. en: Sede social de REMSa SA, sita en Manuel Sol谩 No 171- C.P 4.400- Salta- Tel茅fono: P谩g. N 34 Edici贸n N 22.035 Salta, viernes 19 de septiembre de 2025 Decreto Reglamentario N 571/2020 del 28/08/2020 0387-4221454/4310180.- 
[2025-09-30T23:08:21.711+0000] {logging_mixin.py:151} INFO - #02  score=5.2449  doc_id=22034_2025-09-18_p1  page=1  pdf=boletines/2025/22034_2025-09-18.pdf
[2025-09-30T23:08:21.711+0000] {logging_mixin.py:151} INFO -       mejorada) por un total de 838.190,00 (pesos ochocientos treinta y ocho mil ciento noventa con 00/100). El gasto que demanda lo dispuesto precedentemente se imput贸 a Fondos Provinciales CA 081013000300 Gesti贸n de Pacientes, Ejercicio vigente
[2025-09-30T23:08:21.711+0000] {logging_mixin.py:151} INFO - #03  score=3.8635  doc_id=22041_2025-09-29_p1  page=1  pdf=boletines/2025/22041_2025-09-29.pdf
[2025-09-30T23:08:21.712+0000] {logging_mixin.py:151} INFO -       ejecuci贸n de actividades operativas, con objetivos y resultados claramente delimitados, sin implicar actividades de proceso intelectual o de asesoramiento a su vez, el proceso se llev贸 adelante mediante el m茅todo de Contrataci贸n Directa est
[2025-09-30T23:08:21.712+0000] {logging_mixin.py:151} INFO - #04  score=3.7901  doc_id=22034_2025-09-18_p1  page=1  pdf=boletines/2025/22034_2025-09-18.pdf
[2025-09-30T23:08:21.712+0000] {logging_mixin.py:151} INFO -       REA METROPOLITANA), EN EL MARCO DE LA LEY No 7126, CON VIGENCIA A PARTIR DEL 22 DE SEPTIEMBRE DE 2025. (VER ANEXO) No 465 DEL 09/09/2025 - SECRETARA DE OBRAS PBLICAS - APRUEBA EL PROCEDIMIENTO DE 23 ADJUDICACIN SIMPLE No 19/25 - CONTRAT
[2025-09-30T23:08:21.712+0000] {logging_mixin.py:151} INFO - #05  score=3.0943  doc_id=22042_2025-09-30_p1  page=1  pdf=boletines/2025/22042_2025-09-30.pdf
[2025-09-30T23:08:21.712+0000] {logging_mixin.py:151} INFO -       VISTO la Ley N 8171; los Decretos N 131/2020 y N 417/20; las Resoluciones N 35/20 y N 36/20 de la Secretar铆a de Contrataciones dependiente del Ministerio de Econom铆a y Servicios P煤blicos; la Resoluci贸n N 475/25 de la Secretar铆a de Obras P煤b
[2025-09-30T23:08:21.713+0000] {python.py:194} INFO - Done. Returned value was: {'query': 'contrataci贸n p煤blica vial', 'top_k': 5, 'results': [{'rank': 1, 'score': 5.932559825744254, 'doc_id': '22035_2025-09-19_p1', 'page': 1, 'pdf_key': 'boletines/2025/22035_2025-09-19.pdf', 'snippet': '8:00 a 14:00 hs. en: Sede social de REMSa SA, sita en Manuel Sol谩 No 171- C.P 4.400- Salta- Tel茅fono: P谩g. N 34 Edici贸n N 22.035 Salta, viernes 19 de septiembre de 2025 Decreto Reglamentario N 571/2020 del 28/08/2020 0387-4221454/4310180.- '}, {'rank': 2, 'score': 5.2449015597635755, 'doc_id': '22034_2025-09-18_p1', 'page': 1, 'pdf_key': 'boletines/2025/22034_2025-09-18.pdf', 'snippet': 'mejorada) por un total de 838.190,00 (pesos ochocientos treinta y ocho mil ciento noventa con 00/100). El gasto que demanda lo dispuesto precedentemente se imput贸 a Fondos Provinciales CA 081013000300 Gesti贸n de Pacientes, Ejercicio vigente'}, {'rank': 3, 'score': 3.8634900264456746, 'doc_id': '22041_2025-09-29_p1', 'page': 1, 'pdf_key': 'boletines/2025/22041_2025-09-29.pdf', 'snippet': 'ejecuci贸n de actividades operativas, con objetivos y resultados claramente delimitados, sin implicar actividades de proceso intelectual o de asesoramiento a su vez, el proceso se llev贸 adelante mediante el m茅todo de Contrataci贸n Directa est'}, {'rank': 4, 'score': 3.7900504329552915, 'doc_id': '22034_2025-09-18_p1', 'page': 1, 'pdf_key': 'boletines/2025/22034_2025-09-18.pdf', 'snippet': 'REA METROPOLITANA), EN EL MARCO DE LA LEY No 7126, CON VIGENCIA A PARTIR DEL 22 DE SEPTIEMBRE DE 2025. (VER ANEXO) No 465 DEL 09/09/2025 - SECRETARA DE OBRAS PBLICAS - APRUEBA EL PROCEDIMIENTO DE 23 ADJUDICACIN SIMPLE No 19/25 - CONTRAT'}, {'rank': 5, 'score': 3.094337618693647, 'doc_id': '22042_2025-09-30_p1', 'page': 1, 'pdf_key': 'boletines/2025/22042_2025-09-30.pdf', 'snippet': 'VISTO la Ley N 8171; los Decretos N 131/2020 y N 417/20; las Resoluciones N 35/20 y N 36/20 de la Secretar铆a de Contrataciones dependiente del Ministerio de Econom铆a y Servicios P煤blicos; la Resoluci贸n N 475/25 de la Secretar铆a de Obras P煤b'}], 'model_key': 'rag/models/2025/bm25.pkl'}
[2025-09-30T23:08:21.724+0000] {taskinstance.py:1398} INFO - Marking task as SUCCESS. dag_id=flujo_RAG, task_id=query_bm25_demo, execution_date=20250930T191302, start_date=20250930T230821, end_date=20250930T230821
[2025-09-30T23:08:21.768+0000] {local_task_job_runner.py:228} INFO - Task exited with return code 0
[2025-09-30T23:08:21.778+0000] {taskinstance.py:2776} INFO - 0 downstream tasks scheduled from follow-on schedule check
