[2025-10-05T23:22:29.842+0000] {taskinstance.py:1157} INFO - Dependencies all met for dep_context=non-requeueable deps ti=<TaskInstance: flujo_RAG.query_bm25_demo manual__2025-10-05T23:14:22+00:00 [queued]>
[2025-10-05T23:22:29.850+0000] {taskinstance.py:1157} INFO - Dependencies all met for dep_context=requeueable deps ti=<TaskInstance: flujo_RAG.query_bm25_demo manual__2025-10-05T23:14:22+00:00 [queued]>
[2025-10-05T23:22:29.850+0000] {taskinstance.py:1359} INFO - Starting attempt 1 of 1
[2025-10-05T23:22:29.856+0000] {taskinstance.py:1380} INFO - Executing <Task(PythonOperator): query_bm25_demo> on 2025-10-05 23:14:22+00:00
[2025-10-05T23:22:29.863+0000] {standard_task_runner.py:57} INFO - Started process 3586 to run task
[2025-10-05T23:22:29.866+0000] {standard_task_runner.py:84} INFO - Running: ['***', 'tasks', 'run', 'flujo_RAG', 'query_bm25_demo', 'manual__2025-10-05T23:14:22+00:00', '--job-id', '200', '--raw', '--subdir', 'DAGS_FOLDER/RAG_dag.py', '--cfg-path', '/tmp/tmpa13l1at7']
[2025-10-05T23:22:29.868+0000] {standard_task_runner.py:85} INFO - Job 200: Subtask query_bm25_demo
[2025-10-05T23:22:29.897+0000] {task_command.py:415} INFO - Running <TaskInstance: flujo_RAG.query_bm25_demo manual__2025-10-05T23:14:22+00:00 [running]> on host c16a2a509134
[2025-10-05T23:22:29.939+0000] {taskinstance.py:1660} INFO - Exporting env vars: AIRFLOW_CTX_DAG_OWNER='***' AIRFLOW_CTX_DAG_ID='flujo_RAG' AIRFLOW_CTX_TASK_ID='query_bm25_demo' AIRFLOW_CTX_EXECUTION_DATE='2025-10-05T23:14:22+00:00' AIRFLOW_CTX_TRY_NUMBER='1' AIRFLOW_CTX_DAG_RUN_ID='manual__2025-10-05T23:14:22+00:00'
[2025-10-05T23:22:29.942+0000] {crypto.py:82} WARNING - empty cryptography key - values will not be stored encrypted.
[2025-10-05T23:22:29.942+0000] {base.py:73} INFO - Using connection ID 'minio_s3' for task execution.
[2025-10-05T23:22:29.943+0000] {warnings.py:109} WARNING - <string>:8: AirflowProviderDeprecationWarning: AWS Connection (conn_id='minio_s3', conn_type='s3') has connection type 's3', which has been replaced by connection type 'aws'. Please update your connection to have `conn_type='aws'`.

[2025-10-05T23:22:29.943+0000] {connection_wrapper.py:340} INFO - AWS Connection (conn_id='minio_s3', conn_type='s3') credentials retrieved from login and password.
[2025-10-05T23:22:29.943+0000] {warnings.py:109} WARNING - <string>:8: AirflowProviderDeprecationWarning: Host minio specified in the connection is not used. Please, set it on extra['endpoint_url'] instead

[2025-10-05T23:22:30.129+0000] {logging_mixin.py:151} INFO - 游댍 Query: 'contrataci칩n p칰blica vial' | Top-5 resultados
[2025-10-05T23:22:30.132+0000] {logging_mixin.py:151} INFO - #01  score=1.9310  doc_id=22035_2025-09-19_p1  page=1  pdf=boletines/2025/22035_2025-09-19.pdf
[2025-10-05T23:22:30.132+0000] {logging_mixin.py:151} INFO -       Dr. Gustavo S치enz Gobernador Dra. Mar칤a Matilde L칩pez Morillo Secretaria General de la Gobernaci칩n Dra. Mar칤a Victoria Restom Directora General Edici칩n N춿 22.035 Edici칩n de 78 P치ginas A침o CXVII REGISTRO DE PROPIEDAD INTELECTUAL N춿 82926220 
[2025-10-05T23:22:30.136+0000] {logging_mixin.py:151} INFO - #02  score=1.8610  doc_id=22043_2025-10-01_p1  page=1  pdf=boletines/2025/22043_2025-10-01.pdf
[2025-10-05T23:22:30.136+0000] {logging_mixin.py:151} INFO -       Dr. Gustavo S치enz Gobernador Dra. Mar칤a Matilde L칩pez Morillo Secretaria General de la Gobernaci칩n Dra. Mar칤a Victoria Restom Directora General Edici칩n N춿 22.043 Edici칩n de 94 P치ginas A침o CXVII REGISTRO DE PROPIEDAD INTELECTUAL N춿 82926220 
[2025-10-05T23:22:30.139+0000] {logging_mixin.py:151} INFO - #03  score=1.8423  doc_id=22041_2025-09-29_p1  page=1  pdf=boletines/2025/22041_2025-09-29.pdf
[2025-10-05T23:22:30.140+0000] {logging_mixin.py:151} INFO -       Dr. Gustavo S치enz Gobernador Dra. Mar칤a Matilde L칩pez Morillo Secretaria General de la Gobernaci칩n Dra. Mar칤a Victoria Restom Directora General Edici칩n N춿 22.041 Edici칩n de 88 P치ginas A침o CXVII REGISTRO DE PROPIEDAD INTELECTUAL N춿 82926220 
[2025-10-05T23:22:30.142+0000] {logging_mixin.py:151} INFO - #04  score=1.7365  doc_id=22042_2025-09-30_p1  page=1  pdf=boletines/2025/22042_2025-09-30.pdf
[2025-10-05T23:22:30.142+0000] {logging_mixin.py:151} INFO -       Dr. Gustavo S치enz Gobernador Dra. Mar칤a Matilde L칩pez Morillo Secretaria General de la Gobernaci칩n Dra. Mar칤a Victoria Restom Directora General Edici칩n N춿 22.042 Edici칩n de 74 P치ginas A침o CXVII REGISTRO DE PROPIEDAD INTELECTUAL N춿 82926220 
[2025-10-05T23:22:30.147+0000] {logging_mixin.py:151} INFO - #05  score=1.6910  doc_id=22033_2025-09-17_p1  page=1  pdf=boletines/2025/22033_2025-09-17.pdf
[2025-10-05T23:22:30.148+0000] {logging_mixin.py:151} INFO -       Dr. Gustavo S치enz Gobernador Dra. Mar칤a Matilde L칩pez Morillo Secretaria General de la Gobernaci칩n Dra. Mar칤a Victoria Restom Directora General Edici칩n N춿 22.033 Edici칩n de 78 P치ginas A침o CXVII REGISTRO DE PROPIEDAD INTELECTUAL N춿 82926220 
[2025-10-05T23:22:30.155+0000] {python.py:194} INFO - Done. Returned value was: {'query': 'contrataci칩n p칰blica vial', 'top_k': 5, 'results': [{'rank': 1, 'score': 1.9309590426013905, 'doc_id': '22035_2025-09-19_p1', 'page': 1, 'pdf_key': 'boletines/2025/22035_2025-09-19.pdf', 'snippet': 'Dr. Gustavo S치enz Gobernador Dra. Mar칤a Matilde L칩pez Morillo Secretaria General de la Gobernaci칩n Dra. Mar칤a Victoria Restom Directora General Edici칩n N춿 22.035 Edici칩n de 78 P치ginas A침o CXVII REGISTRO DE PROPIEDAD INTELECTUAL N춿 82926220 '}, {'rank': 2, 'score': 1.8609636185052705, 'doc_id': '22043_2025-10-01_p1', 'page': 1, 'pdf_key': 'boletines/2025/22043_2025-10-01.pdf', 'snippet': 'Dr. Gustavo S치enz Gobernador Dra. Mar칤a Matilde L칩pez Morillo Secretaria General de la Gobernaci칩n Dra. Mar칤a Victoria Restom Directora General Edici칩n N춿 22.043 Edici칩n de 94 P치ginas A침o CXVII REGISTRO DE PROPIEDAD INTELECTUAL N춿 82926220 '}, {'rank': 3, 'score': 1.8423209583942515, 'doc_id': '22041_2025-09-29_p1', 'page': 1, 'pdf_key': 'boletines/2025/22041_2025-09-29.pdf', 'snippet': 'Dr. Gustavo S치enz Gobernador Dra. Mar칤a Matilde L칩pez Morillo Secretaria General de la Gobernaci칩n Dra. Mar칤a Victoria Restom Directora General Edici칩n N춿 22.041 Edici칩n de 88 P치ginas A침o CXVII REGISTRO DE PROPIEDAD INTELECTUAL N춿 82926220 '}, {'rank': 4, 'score': 1.7365009142888115, 'doc_id': '22042_2025-09-30_p1', 'page': 1, 'pdf_key': 'boletines/2025/22042_2025-09-30.pdf', 'snippet': 'Dr. Gustavo S치enz Gobernador Dra. Mar칤a Matilde L칩pez Morillo Secretaria General de la Gobernaci칩n Dra. Mar칤a Victoria Restom Directora General Edici칩n N춿 22.042 Edici칩n de 74 P치ginas A침o CXVII REGISTRO DE PROPIEDAD INTELECTUAL N춿 82926220 '}, {'rank': 5, 'score': 1.6910317973588946, 'doc_id': '22033_2025-09-17_p1', 'page': 1, 'pdf_key': 'boletines/2025/22033_2025-09-17.pdf', 'snippet': 'Dr. Gustavo S치enz Gobernador Dra. Mar칤a Matilde L칩pez Morillo Secretaria General de la Gobernaci칩n Dra. Mar칤a Victoria Restom Directora General Edici칩n N춿 22.033 Edici칩n de 78 P치ginas A침o CXVII REGISTRO DE PROPIEDAD INTELECTUAL N춿 82926220 '}], 'model_key': 'rag/models/2025/bm25.pkl'}
[2025-10-05T23:22:30.169+0000] {taskinstance.py:1398} INFO - Marking task as SUCCESS. dag_id=flujo_RAG, task_id=query_bm25_demo, execution_date=20251005T231422, start_date=20251005T232229, end_date=20251005T232230
[2025-10-05T23:22:30.220+0000] {local_task_job_runner.py:228} INFO - Task exited with return code 0
[2025-10-05T23:22:30.236+0000] {taskinstance.py:2776} INFO - 1 downstream tasks scheduled from follow-on schedule check
