[2025-10-02T18:16:33.665+0000] {taskinstance.py:1157} INFO - Dependencies all met for dep_context=non-requeueable deps ti=<TaskInstance: flujo_RAG.chunk_from_txt manual__2025-10-02T18:15:07+00:00 [queued]>
[2025-10-02T18:16:33.669+0000] {taskinstance.py:1157} INFO - Dependencies all met for dep_context=requeueable deps ti=<TaskInstance: flujo_RAG.chunk_from_txt manual__2025-10-02T18:15:07+00:00 [queued]>
[2025-10-02T18:16:33.669+0000] {taskinstance.py:1359} INFO - Starting attempt 1 of 1
[2025-10-02T18:16:33.674+0000] {taskinstance.py:1380} INFO - Executing <Task(PythonOperator): chunk_from_txt> on 2025-10-02 18:15:07+00:00
[2025-10-02T18:16:33.679+0000] {standard_task_runner.py:57} INFO - Started process 62556 to run task
[2025-10-02T18:16:33.681+0000] {standard_task_runner.py:84} INFO - Running: ['***', 'tasks', 'run', 'flujo_RAG', 'chunk_from_txt', 'manual__2025-10-02T18:15:07+00:00', '--job-id', '146', '--raw', '--subdir', 'DAGS_FOLDER/RAG_dag.py', '--cfg-path', '/tmp/tmpk6dng7zl']
[2025-10-02T18:16:33.683+0000] {standard_task_runner.py:85} INFO - Job 146: Subtask chunk_from_txt
[2025-10-02T18:16:33.739+0000] {task_command.py:415} INFO - Running <TaskInstance: flujo_RAG.chunk_from_txt manual__2025-10-02T18:15:07+00:00 [running]> on host cebfb690f74d
[2025-10-02T18:16:33.776+0000] {taskinstance.py:1660} INFO - Exporting env vars: AIRFLOW_CTX_DAG_OWNER='***' AIRFLOW_CTX_DAG_ID='flujo_RAG' AIRFLOW_CTX_TASK_ID='chunk_from_txt' AIRFLOW_CTX_EXECUTION_DATE='2025-10-02T18:15:07+00:00' AIRFLOW_CTX_TRY_NUMBER='1' AIRFLOW_CTX_DAG_RUN_ID='manual__2025-10-02T18:15:07+00:00'
[2025-10-02T18:16:33.778+0000] {crypto.py:82} WARNING - empty cryptography key - values will not be stored encrypted.
[2025-10-02T18:16:33.778+0000] {base.py:73} INFO - Using connection ID 'minio_s3' for task execution.
[2025-10-02T18:16:33.779+0000] {warnings.py:109} WARNING - <string>:8: AirflowProviderDeprecationWarning: AWS Connection (conn_id='minio_s3', conn_type='s3') has connection type 's3', which has been replaced by connection type 'aws'. Please update your connection to have `conn_type='aws'`.

[2025-10-02T18:16:33.779+0000] {connection_wrapper.py:340} INFO - AWS Connection (conn_id='minio_s3', conn_type='s3') credentials retrieved from login and password.
[2025-10-02T18:16:33.779+0000] {warnings.py:109} WARNING - <string>:8: AirflowProviderDeprecationWarning: Host minio specified in the connection is not used. Please, set it on extra['endpoint_url'] instead

[2025-10-02T18:16:34.115+0000] {base.py:73} INFO - Using connection ID 'minio_s3' for task execution.
[2025-10-02T18:16:34.116+0000] {connection_wrapper.py:340} INFO - AWS Connection (conn_id='minio_s3', conn_type='s3') credentials retrieved from login and password.
[2025-10-02T18:16:34.200+0000] {base.py:73} INFO - Using connection ID 'minio_s3' for task execution.
[2025-10-02T18:16:34.200+0000] {connection_wrapper.py:340} INFO - AWS Connection (conn_id='minio_s3', conn_type='s3') credentials retrieved from login and password.
[2025-10-02T18:16:34.243+0000] {logging_mixin.py:151} INFO - ✅ NDJSON subido: s3://respaldo2/rag/chunks/2025/22032_2025-09-16.ndjson  (chunks=11)
[2025-10-02T18:16:34.244+0000] {base.py:73} INFO - Using connection ID 'minio_s3' for task execution.
[2025-10-02T18:16:34.244+0000] {connection_wrapper.py:340} INFO - AWS Connection (conn_id='minio_s3', conn_type='s3') credentials retrieved from login and password.
[2025-10-02T18:16:34.315+0000] {base.py:73} INFO - Using connection ID 'minio_s3' for task execution.
[2025-10-02T18:16:34.315+0000] {connection_wrapper.py:340} INFO - AWS Connection (conn_id='minio_s3', conn_type='s3') credentials retrieved from login and password.
[2025-10-02T18:16:34.357+0000] {logging_mixin.py:151} INFO - ✅ NDJSON subido: s3://respaldo2/rag/chunks/2025/22033_2025-09-17.ndjson  (chunks=16)
[2025-10-02T18:16:34.357+0000] {base.py:73} INFO - Using connection ID 'minio_s3' for task execution.
[2025-10-02T18:16:34.358+0000] {connection_wrapper.py:340} INFO - AWS Connection (conn_id='minio_s3', conn_type='s3') credentials retrieved from login and password.
[2025-10-02T18:16:34.525+0000] {base.py:73} INFO - Using connection ID 'minio_s3' for task execution.
[2025-10-02T18:16:34.525+0000] {connection_wrapper.py:340} INFO - AWS Connection (conn_id='minio_s3', conn_type='s3') credentials retrieved from login and password.
[2025-10-02T18:16:34.562+0000] {logging_mixin.py:151} INFO - ✅ NDJSON subido: s3://respaldo2/rag/chunks/2025/22034_2025-09-18.ndjson  (chunks=15)
[2025-10-02T18:16:34.562+0000] {base.py:73} INFO - Using connection ID 'minio_s3' for task execution.
[2025-10-02T18:16:34.563+0000] {connection_wrapper.py:340} INFO - AWS Connection (conn_id='minio_s3', conn_type='s3') credentials retrieved from login and password.
[2025-10-02T18:16:34.627+0000] {base.py:73} INFO - Using connection ID 'minio_s3' for task execution.
[2025-10-02T18:16:34.628+0000] {connection_wrapper.py:340} INFO - AWS Connection (conn_id='minio_s3', conn_type='s3') credentials retrieved from login and password.
[2025-10-02T18:16:34.665+0000] {logging_mixin.py:151} INFO - ✅ NDJSON subido: s3://respaldo2/rag/chunks/2025/22035_2025-09-19.ndjson  (chunks=20)
[2025-10-02T18:16:34.666+0000] {base.py:73} INFO - Using connection ID 'minio_s3' for task execution.
[2025-10-02T18:16:34.666+0000] {connection_wrapper.py:340} INFO - AWS Connection (conn_id='minio_s3', conn_type='s3') credentials retrieved from login and password.
[2025-10-02T18:16:34.731+0000] {base.py:73} INFO - Using connection ID 'minio_s3' for task execution.
[2025-10-02T18:16:34.731+0000] {connection_wrapper.py:340} INFO - AWS Connection (conn_id='minio_s3', conn_type='s3') credentials retrieved from login and password.
[2025-10-02T18:16:34.873+0000] {logging_mixin.py:151} INFO - ✅ NDJSON subido: s3://respaldo2/rag/chunks/2025/22036_2025-09-22.ndjson  (chunks=24)
[2025-10-02T18:16:34.874+0000] {base.py:73} INFO - Using connection ID 'minio_s3' for task execution.
[2025-10-02T18:16:34.874+0000] {connection_wrapper.py:340} INFO - AWS Connection (conn_id='minio_s3', conn_type='s3') credentials retrieved from login and password.
[2025-10-02T18:16:34.937+0000] {base.py:73} INFO - Using connection ID 'minio_s3' for task execution.
[2025-10-02T18:16:34.937+0000] {connection_wrapper.py:340} INFO - AWS Connection (conn_id='minio_s3', conn_type='s3') credentials retrieved from login and password.
[2025-10-02T18:16:34.973+0000] {logging_mixin.py:151} INFO - ✅ NDJSON subido: s3://respaldo2/rag/chunks/2025/22037_2025-09-23.ndjson  (chunks=23)
[2025-10-02T18:16:34.974+0000] {base.py:73} INFO - Using connection ID 'minio_s3' for task execution.
[2025-10-02T18:16:34.974+0000] {connection_wrapper.py:340} INFO - AWS Connection (conn_id='minio_s3', conn_type='s3') credentials retrieved from login and password.
[2025-10-02T18:16:35.033+0000] {base.py:73} INFO - Using connection ID 'minio_s3' for task execution.
[2025-10-02T18:16:35.034+0000] {connection_wrapper.py:340} INFO - AWS Connection (conn_id='minio_s3', conn_type='s3') credentials retrieved from login and password.
[2025-10-02T18:16:35.178+0000] {logging_mixin.py:151} INFO - ✅ NDJSON subido: s3://respaldo2/rag/chunks/2025/22038_2025-09-24.ndjson  (chunks=9)
[2025-10-02T18:16:35.178+0000] {base.py:73} INFO - Using connection ID 'minio_s3' for task execution.
[2025-10-02T18:16:35.179+0000] {connection_wrapper.py:340} INFO - AWS Connection (conn_id='minio_s3', conn_type='s3') credentials retrieved from login and password.
[2025-10-02T18:16:35.246+0000] {base.py:73} INFO - Using connection ID 'minio_s3' for task execution.
[2025-10-02T18:16:35.247+0000] {connection_wrapper.py:340} INFO - AWS Connection (conn_id='minio_s3', conn_type='s3') credentials retrieved from login and password.
[2025-10-02T18:16:35.285+0000] {logging_mixin.py:151} INFO - ✅ NDJSON subido: s3://respaldo2/rag/chunks/2025/22039_2025-09-25.ndjson  (chunks=17)
[2025-10-02T18:16:35.286+0000] {base.py:73} INFO - Using connection ID 'minio_s3' for task execution.
[2025-10-02T18:16:35.286+0000] {connection_wrapper.py:340} INFO - AWS Connection (conn_id='minio_s3', conn_type='s3') credentials retrieved from login and password.
[2025-10-02T18:16:35.348+0000] {base.py:73} INFO - Using connection ID 'minio_s3' for task execution.
[2025-10-02T18:16:35.348+0000] {connection_wrapper.py:340} INFO - AWS Connection (conn_id='minio_s3', conn_type='s3') credentials retrieved from login and password.
[2025-10-02T18:16:35.385+0000] {logging_mixin.py:151} INFO - ✅ NDJSON subido: s3://respaldo2/rag/chunks/2025/22040_2025-09-26.ndjson  (chunks=9)
[2025-10-02T18:16:35.386+0000] {base.py:73} INFO - Using connection ID 'minio_s3' for task execution.
[2025-10-02T18:16:35.386+0000] {connection_wrapper.py:340} INFO - AWS Connection (conn_id='minio_s3', conn_type='s3') credentials retrieved from login and password.
[2025-10-02T18:16:35.561+0000] {base.py:73} INFO - Using connection ID 'minio_s3' for task execution.
[2025-10-02T18:16:35.562+0000] {connection_wrapper.py:340} INFO - AWS Connection (conn_id='minio_s3', conn_type='s3') credentials retrieved from login and password.
[2025-10-02T18:16:35.599+0000] {logging_mixin.py:151} INFO - ✅ NDJSON subido: s3://respaldo2/rag/chunks/2025/22041_2025-09-29.ndjson  (chunks=25)
[2025-10-02T18:16:35.600+0000] {base.py:73} INFO - Using connection ID 'minio_s3' for task execution.
[2025-10-02T18:16:35.600+0000] {connection_wrapper.py:340} INFO - AWS Connection (conn_id='minio_s3', conn_type='s3') credentials retrieved from login and password.
[2025-10-02T18:16:35.661+0000] {base.py:73} INFO - Using connection ID 'minio_s3' for task execution.
[2025-10-02T18:16:35.662+0000] {connection_wrapper.py:340} INFO - AWS Connection (conn_id='minio_s3', conn_type='s3') credentials retrieved from login and password.
[2025-10-02T18:16:35.699+0000] {logging_mixin.py:151} INFO - ✅ NDJSON subido: s3://respaldo2/rag/chunks/2025/22042_2025-09-30.ndjson  (chunks=19)
[2025-10-02T18:16:35.700+0000] {base.py:73} INFO - Using connection ID 'minio_s3' for task execution.
[2025-10-02T18:16:35.700+0000] {connection_wrapper.py:340} INFO - AWS Connection (conn_id='minio_s3', conn_type='s3') credentials retrieved from login and password.
[2025-10-02T18:16:35.771+0000] {base.py:73} INFO - Using connection ID 'minio_s3' for task execution.
[2025-10-02T18:16:35.771+0000] {connection_wrapper.py:340} INFO - AWS Connection (conn_id='minio_s3', conn_type='s3') credentials retrieved from login and password.
[2025-10-02T18:16:35.908+0000] {logging_mixin.py:151} INFO - ✅ NDJSON subido: s3://respaldo2/rag/chunks/2025/22043_2025-10-01.ndjson  (chunks=24)
[2025-10-02T18:16:35.909+0000] {base.py:73} INFO - Using connection ID 'minio_s3' for task execution.
[2025-10-02T18:16:35.909+0000] {connection_wrapper.py:340} INFO - AWS Connection (conn_id='minio_s3', conn_type='s3') credentials retrieved from login and password.
[2025-10-02T18:16:35.979+0000] {base.py:73} INFO - Using connection ID 'minio_s3' for task execution.
[2025-10-02T18:16:35.979+0000] {connection_wrapper.py:340} INFO - AWS Connection (conn_id='minio_s3', conn_type='s3') credentials retrieved from login and password.
[2025-10-02T18:16:36.018+0000] {logging_mixin.py:151} INFO - ✅ NDJSON subido: s3://respaldo2/rag/chunks/2025/22044_2025-10-02.ndjson  (chunks=13)
[2025-10-02T18:16:36.018+0000] {base.py:73} INFO - Using connection ID 'minio_s3' for task execution.
[2025-10-02T18:16:36.019+0000] {connection_wrapper.py:340} INFO - AWS Connection (conn_id='minio_s3', conn_type='s3') credentials retrieved from login and password.
[2025-10-02T18:16:36.055+0000] {logging_mixin.py:151} INFO - 📄 Manifest: s3://respaldo2/rag/chunks/2025/_chunks_manifest.json
[2025-10-02T18:16:36.056+0000] {python.py:194} INFO - Done. Returned value was: {'processed': 13, 'pages': 13, 'chunks': 225, 'manifest_key': 'rag/chunks/2025/_chunks_manifest.json'}
[2025-10-02T18:16:36.066+0000] {taskinstance.py:1398} INFO - Marking task as SUCCESS. dag_id=flujo_RAG, task_id=chunk_from_txt, execution_date=20251002T181507, start_date=20251002T181633, end_date=20251002T181636
[2025-10-02T18:16:36.119+0000] {local_task_job_runner.py:228} INFO - Task exited with return code 0
[2025-10-02T18:16:36.134+0000] {taskinstance.py:2776} INFO - 1 downstream tasks scheduled from follow-on schedule check
