[2025-10-06T01:31:46.894+0000] {taskinstance.py:1157} INFO - Dependencies all met for dep_context=non-requeueable deps ti=<TaskInstance: flujo_RAG.pinecone_upsert manual__2025-10-06T01:17:45+00:00 [queued]>
[2025-10-06T01:31:46.898+0000] {taskinstance.py:1157} INFO - Dependencies all met for dep_context=requeueable deps ti=<TaskInstance: flujo_RAG.pinecone_upsert manual__2025-10-06T01:17:45+00:00 [queued]>
[2025-10-06T01:31:46.899+0000] {taskinstance.py:1359} INFO - Starting attempt 1 of 1
[2025-10-06T01:31:46.904+0000] {taskinstance.py:1380} INFO - Executing <Task(PythonOperator): pinecone_upsert> on 2025-10-06 01:17:45+00:00
[2025-10-06T01:31:46.912+0000] {standard_task_runner.py:57} INFO - Started process 12285 to run task
[2025-10-06T01:31:46.923+0000] {standard_task_runner.py:84} INFO - Running: ['***', 'tasks', 'run', 'flujo_RAG', 'pinecone_upsert', 'manual__2025-10-06T01:17:45+00:00', '--job-id', '257', '--raw', '--subdir', 'DAGS_FOLDER/RAG_dag.py', '--cfg-path', '/tmp/tmpfz5yigus']
[2025-10-06T01:31:46.926+0000] {standard_task_runner.py:85} INFO - Job 257: Subtask pinecone_upsert
[2025-10-06T01:31:46.957+0000] {task_command.py:415} INFO - Running <TaskInstance: flujo_RAG.pinecone_upsert manual__2025-10-06T01:17:45+00:00 [running]> on host c16a2a509134
[2025-10-06T01:31:47.002+0000] {taskinstance.py:1660} INFO - Exporting env vars: AIRFLOW_CTX_DAG_OWNER='***' AIRFLOW_CTX_DAG_ID='flujo_RAG' AIRFLOW_CTX_TASK_ID='pinecone_upsert' AIRFLOW_CTX_EXECUTION_DATE='2025-10-06T01:17:45+00:00' AIRFLOW_CTX_TRY_NUMBER='1' AIRFLOW_CTX_DAG_RUN_ID='manual__2025-10-06T01:17:45+00:00'
[2025-10-06T01:31:47.004+0000] {crypto.py:82} WARNING - empty cryptography key - values will not be stored encrypted.
[2025-10-06T01:31:47.005+0000] {base.py:73} INFO - Using connection ID 'minio_s3' for task execution.
[2025-10-06T01:31:47.006+0000] {warnings.py:109} WARNING - <string>:8: AirflowProviderDeprecationWarning: AWS Connection (conn_id='minio_s3', conn_type='s3') has connection type 's3', which has been replaced by connection type 'aws'. Please update your connection to have `conn_type='aws'`.

[2025-10-06T01:31:47.006+0000] {connection_wrapper.py:340} INFO - AWS Connection (conn_id='minio_s3', conn_type='s3') credentials retrieved from login and password.
[2025-10-06T01:31:47.007+0000] {warnings.py:109} WARNING - <string>:8: AirflowProviderDeprecationWarning: Host minio specified in the connection is not used. Please, set it on extra['endpoint_url'] instead

[2025-10-06T01:31:47.191+0000] {base.py:73} INFO - Using connection ID 'minio_s3' for task execution.
[2025-10-06T01:31:47.191+0000] {connection_wrapper.py:340} INFO - AWS Connection (conn_id='minio_s3', conn_type='s3') credentials retrieved from login and password.
[2025-10-06T01:31:47.243+0000] {base.py:73} INFO - Using connection ID 'minio_s3' for task execution.
[2025-10-06T01:31:47.243+0000] {connection_wrapper.py:340} INFO - AWS Connection (conn_id='minio_s3', conn_type='s3') credentials retrieved from login and password.
[2025-10-06T01:31:47.594+0000] {base.py:73} INFO - Using connection ID 'minio_s3' for task execution.
[2025-10-06T01:31:47.594+0000] {connection_wrapper.py:340} INFO - AWS Connection (conn_id='minio_s3', conn_type='s3') credentials retrieved from login and password.
[2025-10-06T01:31:47.638+0000] {base.py:73} INFO - Using connection ID 'minio_s3' for task execution.
[2025-10-06T01:31:47.638+0000] {connection_wrapper.py:340} INFO - AWS Connection (conn_id='minio_s3', conn_type='s3') credentials retrieved from login and password.
[2025-10-06T01:31:47.688+0000] {base.py:73} INFO - Using connection ID 'minio_s3' for task execution.
[2025-10-06T01:31:47.689+0000] {connection_wrapper.py:340} INFO - AWS Connection (conn_id='minio_s3', conn_type='s3') credentials retrieved from login and password.
[2025-10-06T01:31:47.741+0000] {base.py:73} INFO - Using connection ID 'minio_s3' for task execution.
[2025-10-06T01:31:47.741+0000] {connection_wrapper.py:340} INFO - AWS Connection (conn_id='minio_s3', conn_type='s3') credentials retrieved from login and password.
[2025-10-06T01:31:47.809+0000] {base.py:73} INFO - Using connection ID 'minio_s3' for task execution.
[2025-10-06T01:31:47.810+0000] {connection_wrapper.py:340} INFO - AWS Connection (conn_id='minio_s3', conn_type='s3') credentials retrieved from login and password.
[2025-10-06T01:31:47.865+0000] {base.py:73} INFO - Using connection ID 'minio_s3' for task execution.
[2025-10-06T01:31:47.865+0000] {connection_wrapper.py:340} INFO - AWS Connection (conn_id='minio_s3', conn_type='s3') credentials retrieved from login and password.
[2025-10-06T01:31:47.908+0000] {base.py:73} INFO - Using connection ID 'minio_s3' for task execution.
[2025-10-06T01:31:47.909+0000] {connection_wrapper.py:340} INFO - AWS Connection (conn_id='minio_s3', conn_type='s3') credentials retrieved from login and password.
[2025-10-06T01:31:48.120+0000] {base.py:73} INFO - Using connection ID 'minio_s3' for task execution.
[2025-10-06T01:31:48.120+0000] {connection_wrapper.py:340} INFO - AWS Connection (conn_id='minio_s3', conn_type='s3') credentials retrieved from login and password.
[2025-10-06T01:31:48.160+0000] {base.py:73} INFO - Using connection ID 'minio_s3' for task execution.
[2025-10-06T01:31:48.160+0000] {connection_wrapper.py:340} INFO - AWS Connection (conn_id='minio_s3', conn_type='s3') credentials retrieved from login and password.
[2025-10-06T01:31:48.198+0000] {base.py:73} INFO - Using connection ID 'minio_s3' for task execution.
[2025-10-06T01:31:48.199+0000] {connection_wrapper.py:340} INFO - AWS Connection (conn_id='minio_s3', conn_type='s3') credentials retrieved from login and password.
[2025-10-06T01:31:48.238+0000] {base.py:73} INFO - Using connection ID 'minio_s3' for task execution.
[2025-10-06T01:31:48.239+0000] {connection_wrapper.py:340} INFO - AWS Connection (conn_id='minio_s3', conn_type='s3') credentials retrieved from login and password.
[2025-10-06T01:31:48.281+0000] {base.py:73} INFO - Using connection ID 'minio_s3' for task execution.
[2025-10-06T01:31:48.282+0000] {connection_wrapper.py:340} INFO - AWS Connection (conn_id='minio_s3', conn_type='s3') credentials retrieved from login and password.
[2025-10-06T01:31:48.326+0000] {SentenceTransformer.py:208} INFO - Use pytorch device_name: cpu
[2025-10-06T01:31:48.326+0000] {SentenceTransformer.py:216} INFO - Load pretrained SentenceTransformer: sentence-transformers/paraphrase-multilingual-MiniLM-L12-v2
[2025-10-06T01:31:57.182+0000] {discover_namespace_packages.py:12} INFO - Discovering subpackages in _NamespacePath(['/home/***/.local/lib/python3.8/site-packages/pinecone_plugins'])
[2025-10-06T01:31:57.183+0000] {discover_plugins.py:9} INFO - Looking for plugins in pinecone_plugins.inference
[2025-10-06T01:31:57.190+0000] {installation.py:10} INFO - Installing plugin inference into Pinecone
[2025-10-06T01:31:57.759+0000] {discover_namespace_packages.py:12} INFO - Discovering subpackages in _NamespacePath(['/home/***/.local/lib/python3.8/site-packages/pinecone_plugins'])
[2025-10-06T01:31:57.759+0000] {discover_plugins.py:9} INFO - Looking for plugins in pinecone_plugins.inference
[2025-10-06T01:31:57.759+0000] {installation.py:10} INFO - Installing plugin inference into Pinecone
[2025-10-06T01:32:02.130+0000] {logging_mixin.py:151} INFO - ✅ Upsert Pinecone: {'indexed': 233, 'dim': 384, 'namespace': '2025'}
[2025-10-06T01:32:02.131+0000] {python.py:194} INFO - Done. Returned value was: {'indexed': 233, 'dim': 384, 'namespace': '2025'}
[2025-10-06T01:32:02.144+0000] {taskinstance.py:1398} INFO - Marking task as SUCCESS. dag_id=flujo_RAG, task_id=pinecone_upsert, execution_date=20251006T011745, start_date=20251006T013146, end_date=20251006T013202
[2025-10-06T01:32:02.220+0000] {local_task_job_runner.py:228} INFO - Task exited with return code 0
[2025-10-06T01:32:02.234+0000] {taskinstance.py:2776} INFO - 1 downstream tasks scheduled from follow-on schedule check
