[2025-10-02T18:18:06.070+0000] {taskinstance.py:1157} INFO - Dependencies all met for dep_context=non-requeueable deps ti=<TaskInstance: flujo_RAG.pinecone_query_demo manual__2025-10-02T18:15:07+00:00 [queued]>
[2025-10-02T18:18:06.073+0000] {taskinstance.py:1157} INFO - Dependencies all met for dep_context=requeueable deps ti=<TaskInstance: flujo_RAG.pinecone_query_demo manual__2025-10-02T18:15:07+00:00 [queued]>
[2025-10-02T18:18:06.073+0000] {taskinstance.py:1359} INFO - Starting attempt 1 of 1
[2025-10-02T18:18:06.079+0000] {taskinstance.py:1380} INFO - Executing <Task(PythonOperator): pinecone_query_demo> on 2025-10-02 18:15:07+00:00
[2025-10-02T18:18:06.086+0000] {standard_task_runner.py:57} INFO - Started process 62932 to run task
[2025-10-02T18:18:06.088+0000] {standard_task_runner.py:84} INFO - Running: ['***', 'tasks', 'run', 'flujo_RAG', 'pinecone_query_demo', 'manual__2025-10-02T18:15:07+00:00', '--job-id', '155', '--raw', '--subdir', 'DAGS_FOLDER/RAG_dag.py', '--cfg-path', '/tmp/tmppan7awxe']
[2025-10-02T18:18:06.090+0000] {standard_task_runner.py:85} INFO - Job 155: Subtask pinecone_query_demo
[2025-10-02T18:18:06.116+0000] {task_command.py:415} INFO - Running <TaskInstance: flujo_RAG.pinecone_query_demo manual__2025-10-02T18:15:07+00:00 [running]> on host cebfb690f74d
[2025-10-02T18:18:06.157+0000] {taskinstance.py:1660} INFO - Exporting env vars: AIRFLOW_CTX_DAG_OWNER='***' AIRFLOW_CTX_DAG_ID='flujo_RAG' AIRFLOW_CTX_TASK_ID='pinecone_query_demo' AIRFLOW_CTX_EXECUTION_DATE='2025-10-02T18:15:07+00:00' AIRFLOW_CTX_TRY_NUMBER='1' AIRFLOW_CTX_DAG_RUN_ID='manual__2025-10-02T18:15:07+00:00'
[2025-10-02T18:18:06.159+0000] {SentenceTransformer.py:208} INFO - Use pytorch device_name: cpu
[2025-10-02T18:18:06.159+0000] {SentenceTransformer.py:216} INFO - Load pretrained SentenceTransformer: sentence-transformers/paraphrase-multilingual-MiniLM-L12-v2
[2025-10-02T18:18:09.553+0000] {discover_namespace_packages.py:12} INFO - Discovering subpackages in _NamespacePath(['/home/***/.local/lib/python3.8/site-packages/pinecone_plugins'])
[2025-10-02T18:18:09.554+0000] {discover_plugins.py:9} INFO - Looking for plugins in pinecone_plugins.inference
[2025-10-02T18:18:09.557+0000] {installation.py:10} INFO - Installing plugin inference into Pinecone
[2025-10-02T18:18:12.688+0000] {logging_mixin.py:151} INFO - 🔎 Pinecone TOP-5 para 'contratación pública vial'
[2025-10-02T18:18:12.690+0000] {logging_mixin.py:151} INFO - #01  score=0.6657  id=22036_2025-09-22::p1::6  doc_id=22036_2025-09-22_p1  page=1.0  src=boletines/2025/22036_2025-09-22.pdf
[2025-10-02T18:18:12.690+0000] {logging_mixin.py:151} INFO - #02  score=0.5751  id=22043_2025-10-01::p1::9  doc_id=22043_2025-10-01_p1  page=1.0  src=boletines/2025/22043_2025-10-01.pdf
[2025-10-02T18:18:12.691+0000] {logging_mixin.py:151} INFO - #03  score=0.5713  id=22037_2025-09-23::p1::11  doc_id=22037_2025-09-23_p1  page=1.0  src=boletines/2025/22037_2025-09-23.pdf
[2025-10-02T18:18:12.692+0000] {logging_mixin.py:151} INFO - #04  score=0.5630  id=22036_2025-09-22::p1::7  doc_id=22036_2025-09-22_p1  page=1.0  src=boletines/2025/22036_2025-09-22.pdf
[2025-10-02T18:18:12.694+0000] {logging_mixin.py:151} INFO - #05  score=0.5585  id=22036_2025-09-22::p1::13  doc_id=22036_2025-09-22_p1  page=1.0  src=boletines/2025/22036_2025-09-22.pdf
[2025-10-02T18:18:12.695+0000] {python.py:194} INFO - Done. Returned value was: {'query': 'contratación pública vial', 'top_k': 5, 'matches': [{'id': '22036_2025-09-22::p1::6', 'score': 0.665687561, 'metadata': {'doc_id': '22036_2025-09-22_p1', 'page': 1.0, 'source': 'boletines/2025/22036_2025-09-22.pdf'}}, {'id': '22043_2025-10-01::p1::9', 'score': 0.575105727, 'metadata': {'doc_id': '22043_2025-10-01_p1', 'page': 1.0, 'source': 'boletines/2025/22043_2025-10-01.pdf'}}, {'id': '22037_2025-09-23::p1::11', 'score': 0.571264267, 'metadata': {'doc_id': '22037_2025-09-23_p1', 'page': 1.0, 'source': 'boletines/2025/22037_2025-09-23.pdf'}}, {'id': '22036_2025-09-22::p1::7', 'score': 0.563023567, 'metadata': {'doc_id': '22036_2025-09-22_p1', 'page': 1.0, 'source': 'boletines/2025/22036_2025-09-22.pdf'}}, {'id': '22036_2025-09-22::p1::13', 'score': 0.558497488, 'metadata': {'doc_id': '22036_2025-09-22_p1', 'page': 1.0, 'source': 'boletines/2025/22036_2025-09-22.pdf'}}], 'namespace': '2025'}
[2025-10-02T18:18:12.727+0000] {taskinstance.py:1398} INFO - Marking task as SUCCESS. dag_id=flujo_RAG, task_id=pinecone_query_demo, execution_date=20251002T181507, start_date=20251002T181806, end_date=20251002T181812
[2025-10-02T18:18:12.797+0000] {local_task_job_runner.py:228} INFO - Task exited with return code 0
[2025-10-02T18:18:12.806+0000] {taskinstance.py:2776} INFO - 0 downstream tasks scheduled from follow-on schedule check
