[2025-10-02T14:07:36.532+0000] {taskinstance.py:1157} INFO - Dependencies all met for dep_context=non-requeueable deps ti=<TaskInstance: flujo_RAG.conectar_minio manual__2025-10-02T14:07:31+00:00 [queued]>
[2025-10-02T14:07:36.535+0000] {taskinstance.py:1157} INFO - Dependencies all met for dep_context=requeueable deps ti=<TaskInstance: flujo_RAG.conectar_minio manual__2025-10-02T14:07:31+00:00 [queued]>
[2025-10-02T14:07:36.536+0000] {taskinstance.py:1359} INFO - Starting attempt 1 of 1
[2025-10-02T14:07:36.540+0000] {taskinstance.py:1380} INFO - Executing <Task(PythonOperator): conectar_minio> on 2025-10-02 14:07:31+00:00
[2025-10-02T14:07:36.547+0000] {standard_task_runner.py:57} INFO - Started process 49512 to run task
[2025-10-02T14:07:36.551+0000] {standard_task_runner.py:84} INFO - Running: ['***', 'tasks', 'run', 'flujo_RAG', 'conectar_minio', 'manual__2025-10-02T14:07:31+00:00', '--job-id', '99', '--raw', '--subdir', 'DAGS_FOLDER/RAG_dag.py', '--cfg-path', '/tmp/tmpum14goxr']
[2025-10-02T14:07:36.554+0000] {standard_task_runner.py:85} INFO - Job 99: Subtask conectar_minio
[2025-10-02T14:07:36.581+0000] {task_command.py:415} INFO - Running <TaskInstance: flujo_RAG.conectar_minio manual__2025-10-02T14:07:31+00:00 [running]> on host cebfb690f74d
[2025-10-02T14:07:36.620+0000] {taskinstance.py:1660} INFO - Exporting env vars: AIRFLOW_CTX_DAG_OWNER='***' AIRFLOW_CTX_DAG_ID='flujo_RAG' AIRFLOW_CTX_TASK_ID='conectar_minio' AIRFLOW_CTX_EXECUTION_DATE='2025-10-02T14:07:31+00:00' AIRFLOW_CTX_TRY_NUMBER='1' AIRFLOW_CTX_DAG_RUN_ID='manual__2025-10-02T14:07:31+00:00'
[2025-10-02T14:07:36.621+0000] {crypto.py:82} WARNING - empty cryptography key - values will not be stored encrypted.
[2025-10-02T14:07:36.622+0000] {base.py:73} INFO - Using connection ID 'minio_s3' for task execution.
[2025-10-02T14:07:36.622+0000] {warnings.py:109} WARNING - <string>:8: AirflowProviderDeprecationWarning: AWS Connection (conn_id='minio_s3', conn_type='s3') has connection type 's3', which has been replaced by connection type 'aws'. Please update your connection to have `conn_type='aws'`.

[2025-10-02T14:07:36.623+0000] {connection_wrapper.py:340} INFO - AWS Connection (conn_id='minio_s3', conn_type='s3') credentials retrieved from login and password.
[2025-10-02T14:07:36.623+0000] {warnings.py:109} WARNING - <string>:8: AirflowProviderDeprecationWarning: Host minio specified in the connection is not used. Please, set it on extra['endpoint_url'] instead

[2025-10-02T14:07:36.853+0000] {logging_mixin.py:151} INFO - ✅ El bucket 'respaldo2' ya existe.
[2025-10-02T14:07:36.860+0000] {logging_mixin.py:151} INFO - 📄 Archivo 'prueba.txt' subido a bucket 'respaldo2'.
[2025-10-02T14:07:36.860+0000] {python.py:194} INFO - Done. Returned value was: None
[2025-10-02T14:07:36.866+0000] {taskinstance.py:1398} INFO - Marking task as SUCCESS. dag_id=flujo_RAG, task_id=conectar_minio, execution_date=20251002T140731, start_date=20251002T140736, end_date=20251002T140736
[2025-10-02T14:07:36.885+0000] {local_task_job_runner.py:228} INFO - Task exited with return code 0
[2025-10-02T14:07:36.901+0000] {taskinstance.py:2776} INFO - 1 downstream tasks scheduled from follow-on schedule check
