[2025-10-07T23:37:51.663+0000] {taskinstance.py:1157} INFO - Dependencies all met for dep_context=non-requeueable deps ti=<TaskInstance: flujo_RAG_completo.pinecone_upsert_op manual__2025-10-07T22:42:20+00:00 [queued]>
[2025-10-07T23:37:51.676+0000] {taskinstance.py:1157} INFO - Dependencies all met for dep_context=requeueable deps ti=<TaskInstance: flujo_RAG_completo.pinecone_upsert_op manual__2025-10-07T22:42:20+00:00 [queued]>
[2025-10-07T23:37:51.677+0000] {taskinstance.py:1359} INFO - Starting attempt 1 of 1
[2025-10-07T23:37:51.725+0000] {taskinstance.py:1380} INFO - Executing <Task(PythonOperator): pinecone_upsert_op> on 2025-10-07 22:42:20+00:00
[2025-10-07T23:37:51.735+0000] {standard_task_runner.py:57} INFO - Started process 9281 to run task
[2025-10-07T23:37:51.745+0000] {standard_task_runner.py:84} INFO - Running: ['***', 'tasks', 'run', 'flujo_RAG_completo', 'pinecone_upsert_op', 'manual__2025-10-07T22:42:20+00:00', '--job-id', '335', '--raw', '--subdir', 'DAGS_FOLDER/Ingestion_pipeline.py', '--cfg-path', '/tmp/tmpszxpbhi8']
[2025-10-07T23:37:51.754+0000] {standard_task_runner.py:85} INFO - Job 335: Subtask pinecone_upsert_op
[2025-10-07T23:37:51.836+0000] {task_command.py:415} INFO - Running <TaskInstance: flujo_RAG_completo.pinecone_upsert_op manual__2025-10-07T22:42:20+00:00 [running]> on host 5586102090b0
[2025-10-07T23:37:51.906+0000] {taskinstance.py:1660} INFO - Exporting env vars: AIRFLOW_CTX_DAG_OWNER='***' AIRFLOW_CTX_DAG_ID='flujo_RAG_completo' AIRFLOW_CTX_TASK_ID='pinecone_upsert_op' AIRFLOW_CTX_EXECUTION_DATE='2025-10-07T22:42:20+00:00' AIRFLOW_CTX_TRY_NUMBER='1' AIRFLOW_CTX_DAG_RUN_ID='manual__2025-10-07T22:42:20+00:00'
[2025-10-07T23:37:51.909+0000] {crypto.py:82} WARNING - empty cryptography key - values will not be stored encrypted.
[2025-10-07T23:37:51.910+0000] {base.py:73} INFO - Using connection ID 'minio_s3' for task execution.
[2025-10-07T23:37:51.911+0000] {warnings.py:109} WARNING - <string>:8: AirflowProviderDeprecationWarning: AWS Connection (conn_id='minio_s3', conn_type='s3') has connection type 's3', which has been replaced by connection type 'aws'. Please update your connection to have `conn_type='aws'`.

[2025-10-07T23:37:51.912+0000] {connection_wrapper.py:340} INFO - AWS Connection (conn_id='minio_s3', conn_type='s3') credentials retrieved from login and password.
[2025-10-07T23:37:51.912+0000] {warnings.py:109} WARNING - <string>:8: AirflowProviderDeprecationWarning: Host minio specified in the connection is not used. Please, set it on extra['endpoint_url'] instead

[2025-10-07T23:37:52.149+0000] {logging_mixin.py:151} INFO - [PC/OP] ndjson_files=6 prefix=rag/chunks_op/2025/
[2025-10-07T23:37:52.150+0000] {base.py:73} INFO - Using connection ID 'minio_s3' for task execution.
[2025-10-07T23:37:52.150+0000] {connection_wrapper.py:340} INFO - AWS Connection (conn_id='minio_s3', conn_type='s3') credentials retrieved from login and password.
[2025-10-07T23:37:52.457+0000] {base.py:73} INFO - Using connection ID 'minio_s3' for task execution.
[2025-10-07T23:37:52.458+0000] {connection_wrapper.py:340} INFO - AWS Connection (conn_id='minio_s3', conn_type='s3') credentials retrieved from login and password.
[2025-10-07T23:37:52.517+0000] {base.py:73} INFO - Using connection ID 'minio_s3' for task execution.
[2025-10-07T23:37:52.517+0000] {connection_wrapper.py:340} INFO - AWS Connection (conn_id='minio_s3', conn_type='s3') credentials retrieved from login and password.
[2025-10-07T23:37:52.575+0000] {base.py:73} INFO - Using connection ID 'minio_s3' for task execution.
[2025-10-07T23:37:52.576+0000] {connection_wrapper.py:340} INFO - AWS Connection (conn_id='minio_s3', conn_type='s3') credentials retrieved from login and password.
[2025-10-07T23:37:52.634+0000] {base.py:73} INFO - Using connection ID 'minio_s3' for task execution.
[2025-10-07T23:37:52.635+0000] {connection_wrapper.py:340} INFO - AWS Connection (conn_id='minio_s3', conn_type='s3') credentials retrieved from login and password.
[2025-10-07T23:37:52.694+0000] {base.py:73} INFO - Using connection ID 'minio_s3' for task execution.
[2025-10-07T23:37:52.694+0000] {connection_wrapper.py:340} INFO - AWS Connection (conn_id='minio_s3', conn_type='s3') credentials retrieved from login and password.
[2025-10-07T23:37:52.757+0000] {logging_mixin.py:151} INFO - [PC/OP] parsed_kept=802 (tras min_chars>=20)
[2025-10-07T23:37:52.762+0000] {SentenceTransformer.py:208} INFO - Use pytorch device_name: cpu
[2025-10-07T23:37:52.763+0000] {SentenceTransformer.py:216} INFO - Load pretrained SentenceTransformer: sentence-transformers/paraphrase-multilingual-MiniLM-L12-v2
[2025-10-07T23:38:49.056+0000] {local_task_job_runner.py:228} INFO - Task exited with return code -9
[2025-10-07T23:38:49.090+0000] {taskinstance.py:2776} INFO - 0 downstream tasks scheduled from follow-on schedule check
