[2025-10-08T22:47:56.780+0000] {taskinstance.py:1157} INFO - Dependencies all met for dep_context=non-requeueable deps ti=<TaskInstance: flujo_RAG_completo.pinecone_upsert_op manual__2025-10-07T22:42:20+00:00 [queued]>
[2025-10-08T22:47:56.784+0000] {taskinstance.py:1157} INFO - Dependencies all met for dep_context=requeueable deps ti=<TaskInstance: flujo_RAG_completo.pinecone_upsert_op manual__2025-10-07T22:42:20+00:00 [queued]>
[2025-10-08T22:47:56.785+0000] {taskinstance.py:1359} INFO - Starting attempt 4 of 4
[2025-10-08T22:47:56.790+0000] {taskinstance.py:1380} INFO - Executing <Task(PythonOperator): pinecone_upsert_op> on 2025-10-07 22:42:20+00:00
[2025-10-08T22:47:56.797+0000] {standard_task_runner.py:57} INFO - Started process 65639 to run task
[2025-10-08T22:47:56.799+0000] {standard_task_runner.py:84} INFO - Running: ['***', 'tasks', 'run', 'flujo_RAG_completo', 'pinecone_upsert_op', 'manual__2025-10-07T22:42:20+00:00', '--job-id', '352', '--raw', '--subdir', 'DAGS_FOLDER/Ingestion_pipeline.py', '--cfg-path', '/tmp/tmpe3sa9k0h']
[2025-10-08T22:47:56.802+0000] {standard_task_runner.py:85} INFO - Job 352: Subtask pinecone_upsert_op
[2025-10-08T22:47:56.827+0000] {task_command.py:415} INFO - Running <TaskInstance: flujo_RAG_completo.pinecone_upsert_op manual__2025-10-07T22:42:20+00:00 [running]> on host 5586102090b0
[2025-10-08T22:47:56.865+0000] {taskinstance.py:1660} INFO - Exporting env vars: AIRFLOW_CTX_DAG_OWNER='***' AIRFLOW_CTX_DAG_ID='flujo_RAG_completo' AIRFLOW_CTX_TASK_ID='pinecone_upsert_op' AIRFLOW_CTX_EXECUTION_DATE='2025-10-07T22:42:20+00:00' AIRFLOW_CTX_TRY_NUMBER='4' AIRFLOW_CTX_DAG_RUN_ID='manual__2025-10-07T22:42:20+00:00'
[2025-10-08T22:47:56.866+0000] {crypto.py:82} WARNING - empty cryptography key - values will not be stored encrypted.
[2025-10-08T22:47:56.867+0000] {base.py:73} INFO - Using connection ID 'minio_s3' for task execution.
[2025-10-08T22:47:56.867+0000] {warnings.py:109} WARNING - <string>:8: AirflowProviderDeprecationWarning: AWS Connection (conn_id='minio_s3', conn_type='s3') has connection type 's3', which has been replaced by connection type 'aws'. Please update your connection to have `conn_type='aws'`.

[2025-10-08T22:47:56.868+0000] {connection_wrapper.py:340} INFO - AWS Connection (conn_id='minio_s3', conn_type='s3') credentials retrieved from login and password.
[2025-10-08T22:47:56.868+0000] {warnings.py:109} WARNING - <string>:8: AirflowProviderDeprecationWarning: Host minio specified in the connection is not used. Please, set it on extra['endpoint_url'] instead

[2025-10-08T22:47:57.013+0000] {logging_mixin.py:151} INFO - [PC/OP] ndjson_files=6 prefix=rag/chunks_op/2025/
[2025-10-08T22:47:57.013+0000] {base.py:73} INFO - Using connection ID 'minio_s3' for task execution.
[2025-10-08T22:47:57.013+0000] {connection_wrapper.py:340} INFO - AWS Connection (conn_id='minio_s3', conn_type='s3') credentials retrieved from login and password.
[2025-10-08T22:47:57.241+0000] {base.py:73} INFO - Using connection ID 'minio_s3' for task execution.
[2025-10-08T22:47:57.241+0000] {connection_wrapper.py:340} INFO - AWS Connection (conn_id='minio_s3', conn_type='s3') credentials retrieved from login and password.
[2025-10-08T22:47:57.289+0000] {base.py:73} INFO - Using connection ID 'minio_s3' for task execution.
[2025-10-08T22:47:57.289+0000] {connection_wrapper.py:340} INFO - AWS Connection (conn_id='minio_s3', conn_type='s3') credentials retrieved from login and password.
[2025-10-08T22:47:57.337+0000] {base.py:73} INFO - Using connection ID 'minio_s3' for task execution.
[2025-10-08T22:47:57.337+0000] {connection_wrapper.py:340} INFO - AWS Connection (conn_id='minio_s3', conn_type='s3') credentials retrieved from login and password.
[2025-10-08T22:47:57.384+0000] {base.py:73} INFO - Using connection ID 'minio_s3' for task execution.
[2025-10-08T22:47:57.385+0000] {connection_wrapper.py:340} INFO - AWS Connection (conn_id='minio_s3', conn_type='s3') credentials retrieved from login and password.
[2025-10-08T22:47:57.434+0000] {base.py:73} INFO - Using connection ID 'minio_s3' for task execution.
[2025-10-08T22:47:57.434+0000] {connection_wrapper.py:340} INFO - AWS Connection (conn_id='minio_s3', conn_type='s3') credentials retrieved from login and password.
[2025-10-08T22:47:57.484+0000] {logging_mixin.py:151} INFO - [PC/OP] parsed_kept=802 (tras min_chars>=20)
[2025-10-08T22:47:57.485+0000] {SentenceTransformer.py:208} INFO - Use pytorch device_name: cpu
[2025-10-08T22:47:57.485+0000] {SentenceTransformer.py:216} INFO - Load pretrained SentenceTransformer: sentence-transformers/paraphrase-multilingual-MiniLM-L12-v2
[2025-10-08T22:48:02.205+0000] {local_task_job_runner.py:228} INFO - Task exited with return code -9
[2025-10-08T22:48:02.224+0000] {taskinstance.py:2776} INFO - 0 downstream tasks scheduled from follow-on schedule check
