[2025-10-06T19:32:54.174+0000] {taskinstance.py:1157} INFO - Dependencies all met for dep_context=non-requeueable deps ti=<TaskInstance: flujo_RAG_completo.chunk_from_txt manual__2025-10-06T19:31:15+00:00 [queued]>
[2025-10-06T19:32:54.178+0000] {taskinstance.py:1157} INFO - Dependencies all met for dep_context=requeueable deps ti=<TaskInstance: flujo_RAG_completo.chunk_from_txt manual__2025-10-06T19:31:15+00:00 [queued]>
[2025-10-06T19:32:54.178+0000] {taskinstance.py:1359} INFO - Starting attempt 1 of 1
[2025-10-06T19:32:54.184+0000] {taskinstance.py:1380} INFO - Executing <Task(PythonOperator): chunk_from_txt> on 2025-10-06 19:31:15+00:00
[2025-10-06T19:32:54.191+0000] {standard_task_runner.py:57} INFO - Started process 700 to run task
[2025-10-06T19:32:54.194+0000] {standard_task_runner.py:84} INFO - Running: ['***', 'tasks', 'run', 'flujo_RAG_completo', 'chunk_from_txt', 'manual__2025-10-06T19:31:15+00:00', '--job-id', '287', '--raw', '--subdir', 'DAGS_FOLDER/Ingestion_pipeline.py', '--cfg-path', '/tmp/tmpbd7q6pa7']
[2025-10-06T19:32:54.196+0000] {standard_task_runner.py:85} INFO - Job 287: Subtask chunk_from_txt
[2025-10-06T19:32:54.224+0000] {task_command.py:415} INFO - Running <TaskInstance: flujo_RAG_completo.chunk_from_txt manual__2025-10-06T19:31:15+00:00 [running]> on host a21c1baf7ef9
[2025-10-06T19:32:54.263+0000] {taskinstance.py:1660} INFO - Exporting env vars: AIRFLOW_CTX_DAG_OWNER='***' AIRFLOW_CTX_DAG_ID='flujo_RAG_completo' AIRFLOW_CTX_TASK_ID='chunk_from_txt' AIRFLOW_CTX_EXECUTION_DATE='2025-10-06T19:31:15+00:00' AIRFLOW_CTX_TRY_NUMBER='1' AIRFLOW_CTX_DAG_RUN_ID='manual__2025-10-06T19:31:15+00:00'
[2025-10-06T19:32:54.265+0000] {crypto.py:82} WARNING - empty cryptography key - values will not be stored encrypted.
[2025-10-06T19:32:54.265+0000] {base.py:73} INFO - Using connection ID 'minio_s3' for task execution.
[2025-10-06T19:32:54.266+0000] {warnings.py:109} WARNING - <string>:8: AirflowProviderDeprecationWarning: AWS Connection (conn_id='minio_s3', conn_type='s3') has connection type 's3', which has been replaced by connection type 'aws'. Please update your connection to have `conn_type='aws'`.

[2025-10-06T19:32:54.266+0000] {connection_wrapper.py:340} INFO - AWS Connection (conn_id='minio_s3', conn_type='s3') credentials retrieved from login and password.
[2025-10-06T19:32:54.266+0000] {warnings.py:109} WARNING - <string>:8: AirflowProviderDeprecationWarning: Host minio specified in the connection is not used. Please, set it on extra['endpoint_url'] instead

[2025-10-06T19:32:54.442+0000] {base.py:73} INFO - Using connection ID 'minio_s3' for task execution.
[2025-10-06T19:32:54.442+0000] {connection_wrapper.py:340} INFO - AWS Connection (conn_id='minio_s3', conn_type='s3') credentials retrieved from login and password.
[2025-10-06T19:32:54.829+0000] {base.py:73} INFO - Using connection ID 'minio_s3' for task execution.
[2025-10-06T19:32:54.829+0000] {connection_wrapper.py:340} INFO - AWS Connection (conn_id='minio_s3', conn_type='s3') credentials retrieved from login and password.
[2025-10-06T19:32:54.867+0000] {logging_mixin.py:151} INFO - ✅ NDJSON subido: s3://respaldo2/rag/chunks/2025/22032_2025-09-16.ndjson  (chunks=268)
[2025-10-06T19:32:54.868+0000] {base.py:73} INFO - Using connection ID 'minio_s3' for task execution.
[2025-10-06T19:32:54.868+0000] {connection_wrapper.py:340} INFO - AWS Connection (conn_id='minio_s3', conn_type='s3') credentials retrieved from login and password.
[2025-10-06T19:32:54.931+0000] {base.py:73} INFO - Using connection ID 'minio_s3' for task execution.
[2025-10-06T19:32:54.931+0000] {connection_wrapper.py:340} INFO - AWS Connection (conn_id='minio_s3', conn_type='s3') credentials retrieved from login and password.
[2025-10-06T19:32:54.969+0000] {logging_mixin.py:151} INFO - ✅ NDJSON subido: s3://respaldo2/rag/chunks/2025/22033_2025-09-17.ndjson  (chunks=270)
[2025-10-06T19:32:54.970+0000] {base.py:73} INFO - Using connection ID 'minio_s3' for task execution.
[2025-10-06T19:32:54.970+0000] {connection_wrapper.py:340} INFO - AWS Connection (conn_id='minio_s3', conn_type='s3') credentials retrieved from login and password.
[2025-10-06T19:32:55.154+0000] {base.py:73} INFO - Using connection ID 'minio_s3' for task execution.
[2025-10-06T19:32:55.155+0000] {connection_wrapper.py:340} INFO - AWS Connection (conn_id='minio_s3', conn_type='s3') credentials retrieved from login and password.
[2025-10-06T19:32:55.193+0000] {logging_mixin.py:151} INFO - ✅ NDJSON subido: s3://respaldo2/rag/chunks/2025/22034_2025-09-18.ndjson  (chunks=290)
[2025-10-06T19:32:55.194+0000] {base.py:73} INFO - Using connection ID 'minio_s3' for task execution.
[2025-10-06T19:32:55.194+0000] {connection_wrapper.py:340} INFO - AWS Connection (conn_id='minio_s3', conn_type='s3') credentials retrieved from login and password.
[2025-10-06T19:32:55.266+0000] {base.py:73} INFO - Using connection ID 'minio_s3' for task execution.
[2025-10-06T19:32:55.266+0000] {connection_wrapper.py:340} INFO - AWS Connection (conn_id='minio_s3', conn_type='s3') credentials retrieved from login and password.
[2025-10-06T19:32:55.309+0000] {logging_mixin.py:151} INFO - ✅ NDJSON subido: s3://respaldo2/rag/chunks/2025/22035_2025-09-19.ndjson  (chunks=277)
[2025-10-06T19:32:55.309+0000] {base.py:73} INFO - Using connection ID 'minio_s3' for task execution.
[2025-10-06T19:32:55.310+0000] {connection_wrapper.py:340} INFO - AWS Connection (conn_id='minio_s3', conn_type='s3') credentials retrieved from login and password.
[2025-10-06T19:32:55.382+0000] {base.py:73} INFO - Using connection ID 'minio_s3' for task execution.
[2025-10-06T19:32:55.383+0000] {connection_wrapper.py:340} INFO - AWS Connection (conn_id='minio_s3', conn_type='s3') credentials retrieved from login and password.
[2025-10-06T19:32:55.429+0000] {logging_mixin.py:151} INFO - ✅ NDJSON subido: s3://respaldo2/rag/chunks/2025/22036_2025-09-22.ndjson  (chunks=271)
[2025-10-06T19:32:55.429+0000] {base.py:73} INFO - Using connection ID 'minio_s3' for task execution.
[2025-10-06T19:32:55.430+0000] {connection_wrapper.py:340} INFO - AWS Connection (conn_id='minio_s3', conn_type='s3') credentials retrieved from login and password.
[2025-10-06T19:32:55.504+0000] {base.py:73} INFO - Using connection ID 'minio_s3' for task execution.
[2025-10-06T19:32:55.505+0000] {connection_wrapper.py:340} INFO - AWS Connection (conn_id='minio_s3', conn_type='s3') credentials retrieved from login and password.
[2025-10-06T19:32:55.704+0000] {logging_mixin.py:151} INFO - ✅ NDJSON subido: s3://respaldo2/rag/chunks/2025/22037_2025-09-23.ndjson  (chunks=269)
[2025-10-06T19:32:55.705+0000] {base.py:73} INFO - Using connection ID 'minio_s3' for task execution.
[2025-10-06T19:32:55.705+0000] {connection_wrapper.py:340} INFO - AWS Connection (conn_id='minio_s3', conn_type='s3') credentials retrieved from login and password.
[2025-10-06T19:32:55.771+0000] {base.py:73} INFO - Using connection ID 'minio_s3' for task execution.
[2025-10-06T19:32:55.771+0000] {connection_wrapper.py:340} INFO - AWS Connection (conn_id='minio_s3', conn_type='s3') credentials retrieved from login and password.
[2025-10-06T19:32:55.812+0000] {logging_mixin.py:151} INFO - ✅ NDJSON subido: s3://respaldo2/rag/chunks/2025/22038_2025-09-24.ndjson  (chunks=210)
[2025-10-06T19:32:55.813+0000] {base.py:73} INFO - Using connection ID 'minio_s3' for task execution.
[2025-10-06T19:32:55.813+0000] {connection_wrapper.py:340} INFO - AWS Connection (conn_id='minio_s3', conn_type='s3') credentials retrieved from login and password.
[2025-10-06T19:32:55.888+0000] {base.py:73} INFO - Using connection ID 'minio_s3' for task execution.
[2025-10-06T19:32:55.889+0000] {connection_wrapper.py:340} INFO - AWS Connection (conn_id='minio_s3', conn_type='s3') credentials retrieved from login and password.
[2025-10-06T19:32:55.935+0000] {logging_mixin.py:151} INFO - ✅ NDJSON subido: s3://respaldo2/rag/chunks/2025/22039_2025-09-25.ndjson  (chunks=291)
[2025-10-06T19:32:55.935+0000] {base.py:73} INFO - Using connection ID 'minio_s3' for task execution.
[2025-10-06T19:32:55.936+0000] {connection_wrapper.py:340} INFO - AWS Connection (conn_id='minio_s3', conn_type='s3') credentials retrieved from login and password.
[2025-10-06T19:32:56.010+0000] {base.py:73} INFO - Using connection ID 'minio_s3' for task execution.
[2025-10-06T19:32:56.010+0000] {connection_wrapper.py:340} INFO - AWS Connection (conn_id='minio_s3', conn_type='s3') credentials retrieved from login and password.
[2025-10-06T19:32:56.217+0000] {logging_mixin.py:151} INFO - ✅ NDJSON subido: s3://respaldo2/rag/chunks/2025/22040_2025-09-26.ndjson  (chunks=247)
[2025-10-06T19:32:56.218+0000] {base.py:73} INFO - Using connection ID 'minio_s3' for task execution.
[2025-10-06T19:32:56.218+0000] {connection_wrapper.py:340} INFO - AWS Connection (conn_id='minio_s3', conn_type='s3') credentials retrieved from login and password.
[2025-10-06T19:32:56.297+0000] {base.py:73} INFO - Using connection ID 'minio_s3' for task execution.
[2025-10-06T19:32:56.297+0000] {connection_wrapper.py:340} INFO - AWS Connection (conn_id='minio_s3', conn_type='s3') credentials retrieved from login and password.
[2025-10-06T19:32:56.340+0000] {logging_mixin.py:151} INFO - ✅ NDJSON subido: s3://respaldo2/rag/chunks/2025/22041_2025-09-29.ndjson  (chunks=323)
[2025-10-06T19:32:56.340+0000] {base.py:73} INFO - Using connection ID 'minio_s3' for task execution.
[2025-10-06T19:32:56.341+0000] {connection_wrapper.py:340} INFO - AWS Connection (conn_id='minio_s3', conn_type='s3') credentials retrieved from login and password.
[2025-10-06T19:32:56.412+0000] {base.py:73} INFO - Using connection ID 'minio_s3' for task execution.
[2025-10-06T19:32:56.412+0000] {connection_wrapper.py:340} INFO - AWS Connection (conn_id='minio_s3', conn_type='s3') credentials retrieved from login and password.
[2025-10-06T19:32:56.456+0000] {logging_mixin.py:151} INFO - ✅ NDJSON subido: s3://respaldo2/rag/chunks/2025/22042_2025-09-30.ndjson  (chunks=261)
[2025-10-06T19:32:56.457+0000] {base.py:73} INFO - Using connection ID 'minio_s3' for task execution.
[2025-10-06T19:32:56.457+0000] {connection_wrapper.py:340} INFO - AWS Connection (conn_id='minio_s3', conn_type='s3') credentials retrieved from login and password.
[2025-10-06T19:32:56.539+0000] {base.py:73} INFO - Using connection ID 'minio_s3' for task execution.
[2025-10-06T19:32:56.540+0000] {connection_wrapper.py:340} INFO - AWS Connection (conn_id='minio_s3', conn_type='s3') credentials retrieved from login and password.
[2025-10-06T19:32:56.584+0000] {logging_mixin.py:151} INFO - ✅ NDJSON subido: s3://respaldo2/rag/chunks/2025/22043_2025-10-01.ndjson  (chunks=344)
[2025-10-06T19:32:56.584+0000] {base.py:73} INFO - Using connection ID 'minio_s3' for task execution.
[2025-10-06T19:32:56.584+0000] {connection_wrapper.py:340} INFO - AWS Connection (conn_id='minio_s3', conn_type='s3') credentials retrieved from login and password.
[2025-10-06T19:32:56.805+0000] {base.py:73} INFO - Using connection ID 'minio_s3' for task execution.
[2025-10-06T19:32:56.805+0000] {connection_wrapper.py:340} INFO - AWS Connection (conn_id='minio_s3', conn_type='s3') credentials retrieved from login and password.
[2025-10-06T19:32:56.842+0000] {logging_mixin.py:151} INFO - ✅ NDJSON subido: s3://respaldo2/rag/chunks/2025/22044_2025-10-02.ndjson  (chunks=314)
[2025-10-06T19:32:56.843+0000] {base.py:73} INFO - Using connection ID 'minio_s3' for task execution.
[2025-10-06T19:32:56.843+0000] {connection_wrapper.py:340} INFO - AWS Connection (conn_id='minio_s3', conn_type='s3') credentials retrieved from login and password.
[2025-10-06T19:32:56.904+0000] {base.py:73} INFO - Using connection ID 'minio_s3' for task execution.
[2025-10-06T19:32:56.905+0000] {connection_wrapper.py:340} INFO - AWS Connection (conn_id='minio_s3', conn_type='s3') credentials retrieved from login and password.
[2025-10-06T19:32:56.942+0000] {logging_mixin.py:151} INFO - ✅ NDJSON subido: s3://respaldo2/rag/chunks/2025/22045_2025-10-03.ndjson  (chunks=241)
[2025-10-06T19:32:56.942+0000] {base.py:73} INFO - Using connection ID 'minio_s3' for task execution.
[2025-10-06T19:32:56.942+0000] {connection_wrapper.py:340} INFO - AWS Connection (conn_id='minio_s3', conn_type='s3') credentials retrieved from login and password.
[2025-10-06T19:32:57.008+0000] {base.py:73} INFO - Using connection ID 'minio_s3' for task execution.
[2025-10-06T19:32:57.008+0000] {connection_wrapper.py:340} INFO - AWS Connection (conn_id='minio_s3', conn_type='s3') credentials retrieved from login and password.
[2025-10-06T19:32:57.047+0000] {logging_mixin.py:151} INFO - ✅ NDJSON subido: s3://respaldo2/rag/chunks/2025/22046_2025-10-06.ndjson  (chunks=308)
[2025-10-06T19:32:57.047+0000] {base.py:73} INFO - Using connection ID 'minio_s3' for task execution.
[2025-10-06T19:32:57.047+0000] {connection_wrapper.py:340} INFO - AWS Connection (conn_id='minio_s3', conn_type='s3') credentials retrieved from login and password.
[2025-10-06T19:32:57.085+0000] {logging_mixin.py:151} INFO - 📄 Manifest: s3://respaldo2/rag/chunks/2025/_chunks_manifest.json
[2025-10-06T19:32:57.085+0000] {python.py:194} INFO - Done. Returned value was: {'processed': 15, 'pages': 15, 'chunks': 4184, 'manifest_key': 'rag/chunks/2025/_chunks_manifest.json'}
[2025-10-06T19:32:57.095+0000] {taskinstance.py:1398} INFO - Marking task as SUCCESS. dag_id=flujo_RAG_completo, task_id=chunk_from_txt, execution_date=20251006T193115, start_date=20251006T193254, end_date=20251006T193257
[2025-10-06T19:32:57.126+0000] {local_task_job_runner.py:228} INFO - Task exited with return code 0
[2025-10-06T19:32:57.138+0000] {taskinstance.py:2776} INFO - 1 downstream tasks scheduled from follow-on schedule check
