[2025-10-07T01:56:48.958+0000] {taskinstance.py:1157} INFO - Dependencies all met for dep_context=non-requeueable deps ti=<TaskInstance: flujo_RAG_completo.chunk_from_txt manual__2025-10-06T19:31:15+00:00 [queued]>
[2025-10-07T01:56:48.967+0000] {taskinstance.py:1157} INFO - Dependencies all met for dep_context=requeueable deps ti=<TaskInstance: flujo_RAG_completo.chunk_from_txt manual__2025-10-06T19:31:15+00:00 [queued]>
[2025-10-07T01:56:48.967+0000] {taskinstance.py:1359} INFO - Starting attempt 2 of 2
[2025-10-07T01:56:48.973+0000] {taskinstance.py:1380} INFO - Executing <Task(PythonOperator): chunk_from_txt> on 2025-10-06 19:31:15+00:00
[2025-10-07T01:56:48.980+0000] {standard_task_runner.py:57} INFO - Started process 15513 to run task
[2025-10-07T01:56:48.984+0000] {standard_task_runner.py:84} INFO - Running: ['***', 'tasks', 'run', 'flujo_RAG_completo', 'chunk_from_txt', 'manual__2025-10-06T19:31:15+00:00', '--job-id', '289', '--raw', '--subdir', 'DAGS_FOLDER/Ingestion_pipeline.py', '--cfg-path', '/tmp/tmp387brwxc']
[2025-10-07T01:56:48.986+0000] {standard_task_runner.py:85} INFO - Job 289: Subtask chunk_from_txt
[2025-10-07T01:56:49.024+0000] {task_command.py:415} INFO - Running <TaskInstance: flujo_RAG_completo.chunk_from_txt manual__2025-10-06T19:31:15+00:00 [running]> on host a21c1baf7ef9
[2025-10-07T01:56:49.070+0000] {taskinstance.py:1660} INFO - Exporting env vars: AIRFLOW_CTX_DAG_OWNER='***' AIRFLOW_CTX_DAG_ID='flujo_RAG_completo' AIRFLOW_CTX_TASK_ID='chunk_from_txt' AIRFLOW_CTX_EXECUTION_DATE='2025-10-06T19:31:15+00:00' AIRFLOW_CTX_TRY_NUMBER='2' AIRFLOW_CTX_DAG_RUN_ID='manual__2025-10-06T19:31:15+00:00'
[2025-10-07T01:56:49.073+0000] {crypto.py:82} WARNING - empty cryptography key - values will not be stored encrypted.
[2025-10-07T01:56:49.074+0000] {base.py:73} INFO - Using connection ID 'minio_s3' for task execution.
[2025-10-07T01:56:49.075+0000] {warnings.py:109} WARNING - <string>:8: AirflowProviderDeprecationWarning: AWS Connection (conn_id='minio_s3', conn_type='s3') has connection type 's3', which has been replaced by connection type 'aws'. Please update your connection to have `conn_type='aws'`.

[2025-10-07T01:56:49.075+0000] {connection_wrapper.py:340} INFO - AWS Connection (conn_id='minio_s3', conn_type='s3') credentials retrieved from login and password.
[2025-10-07T01:56:49.076+0000] {warnings.py:109} WARNING - <string>:8: AirflowProviderDeprecationWarning: Host minio specified in the connection is not used. Please, set it on extra['endpoint_url'] instead

[2025-10-07T01:56:49.353+0000] {base.py:73} INFO - Using connection ID 'minio_s3' for task execution.
[2025-10-07T01:56:49.354+0000] {connection_wrapper.py:340} INFO - AWS Connection (conn_id='minio_s3', conn_type='s3') credentials retrieved from login and password.
[2025-10-07T01:56:49.433+0000] {base.py:73} INFO - Using connection ID 'minio_s3' for task execution.
[2025-10-07T01:56:49.434+0000] {connection_wrapper.py:340} INFO - AWS Connection (conn_id='minio_s3', conn_type='s3') credentials retrieved from login and password.
[2025-10-07T01:56:49.732+0000] {logging_mixin.py:151} INFO - ✅ NDJSON subido: s3://respaldo2/rag/chunks/2025/22032_2025-09-16.ndjson  (chunks=11)
[2025-10-07T01:56:49.732+0000] {base.py:73} INFO - Using connection ID 'minio_s3' for task execution.
[2025-10-07T01:56:49.732+0000] {connection_wrapper.py:340} INFO - AWS Connection (conn_id='minio_s3', conn_type='s3') credentials retrieved from login and password.
[2025-10-07T01:56:49.801+0000] {base.py:73} INFO - Using connection ID 'minio_s3' for task execution.
[2025-10-07T01:56:49.801+0000] {connection_wrapper.py:340} INFO - AWS Connection (conn_id='minio_s3', conn_type='s3') credentials retrieved from login and password.
[2025-10-07T01:56:49.856+0000] {logging_mixin.py:151} INFO - ✅ NDJSON subido: s3://respaldo2/rag/chunks/2025/22033_2025-09-17.ndjson  (chunks=16)
[2025-10-07T01:56:49.857+0000] {base.py:73} INFO - Using connection ID 'minio_s3' for task execution.
[2025-10-07T01:56:49.857+0000] {connection_wrapper.py:340} INFO - AWS Connection (conn_id='minio_s3', conn_type='s3') credentials retrieved from login and password.
[2025-10-07T01:56:49.931+0000] {base.py:73} INFO - Using connection ID 'minio_s3' for task execution.
[2025-10-07T01:56:49.932+0000] {connection_wrapper.py:340} INFO - AWS Connection (conn_id='minio_s3', conn_type='s3') credentials retrieved from login and password.
[2025-10-07T01:56:49.974+0000] {logging_mixin.py:151} INFO - ✅ NDJSON subido: s3://respaldo2/rag/chunks/2025/22034_2025-09-18.ndjson  (chunks=15)
[2025-10-07T01:56:49.975+0000] {base.py:73} INFO - Using connection ID 'minio_s3' for task execution.
[2025-10-07T01:56:49.975+0000] {connection_wrapper.py:340} INFO - AWS Connection (conn_id='minio_s3', conn_type='s3') credentials retrieved from login and password.
[2025-10-07T01:56:50.052+0000] {base.py:73} INFO - Using connection ID 'minio_s3' for task execution.
[2025-10-07T01:56:50.052+0000] {connection_wrapper.py:340} INFO - AWS Connection (conn_id='minio_s3', conn_type='s3') credentials retrieved from login and password.
[2025-10-07T01:56:50.123+0000] {logging_mixin.py:151} INFO - ✅ NDJSON subido: s3://respaldo2/rag/chunks/2025/22035_2025-09-19.ndjson  (chunks=20)
[2025-10-07T01:56:50.124+0000] {base.py:73} INFO - Using connection ID 'minio_s3' for task execution.
[2025-10-07T01:56:50.125+0000] {connection_wrapper.py:340} INFO - AWS Connection (conn_id='minio_s3', conn_type='s3') credentials retrieved from login and password.
[2025-10-07T01:56:50.405+0000] {base.py:73} INFO - Using connection ID 'minio_s3' for task execution.
[2025-10-07T01:56:50.405+0000] {connection_wrapper.py:340} INFO - AWS Connection (conn_id='minio_s3', conn_type='s3') credentials retrieved from login and password.
[2025-10-07T01:56:50.446+0000] {logging_mixin.py:151} INFO - ✅ NDJSON subido: s3://respaldo2/rag/chunks/2025/22036_2025-09-22.ndjson  (chunks=24)
[2025-10-07T01:56:50.447+0000] {base.py:73} INFO - Using connection ID 'minio_s3' for task execution.
[2025-10-07T01:56:50.447+0000] {connection_wrapper.py:340} INFO - AWS Connection (conn_id='minio_s3', conn_type='s3') credentials retrieved from login and password.
[2025-10-07T01:56:50.515+0000] {base.py:73} INFO - Using connection ID 'minio_s3' for task execution.
[2025-10-07T01:56:50.516+0000] {connection_wrapper.py:340} INFO - AWS Connection (conn_id='minio_s3', conn_type='s3') credentials retrieved from login and password.
[2025-10-07T01:56:50.555+0000] {logging_mixin.py:151} INFO - ✅ NDJSON subido: s3://respaldo2/rag/chunks/2025/22037_2025-09-23.ndjson  (chunks=23)
[2025-10-07T01:56:50.556+0000] {base.py:73} INFO - Using connection ID 'minio_s3' for task execution.
[2025-10-07T01:56:50.556+0000] {connection_wrapper.py:340} INFO - AWS Connection (conn_id='minio_s3', conn_type='s3') credentials retrieved from login and password.
[2025-10-07T01:56:50.621+0000] {base.py:73} INFO - Using connection ID 'minio_s3' for task execution.
[2025-10-07T01:56:50.622+0000] {connection_wrapper.py:340} INFO - AWS Connection (conn_id='minio_s3', conn_type='s3') credentials retrieved from login and password.
[2025-10-07T01:56:50.662+0000] {logging_mixin.py:151} INFO - ✅ NDJSON subido: s3://respaldo2/rag/chunks/2025/22038_2025-09-24.ndjson  (chunks=9)
[2025-10-07T01:56:50.663+0000] {base.py:73} INFO - Using connection ID 'minio_s3' for task execution.
[2025-10-07T01:56:50.664+0000] {connection_wrapper.py:340} INFO - AWS Connection (conn_id='minio_s3', conn_type='s3') credentials retrieved from login and password.
[2025-10-07T01:56:50.732+0000] {base.py:73} INFO - Using connection ID 'minio_s3' for task execution.
[2025-10-07T01:56:50.732+0000] {connection_wrapper.py:340} INFO - AWS Connection (conn_id='minio_s3', conn_type='s3') credentials retrieved from login and password.
[2025-10-07T01:56:50.947+0000] {logging_mixin.py:151} INFO - ✅ NDJSON subido: s3://respaldo2/rag/chunks/2025/22039_2025-09-25.ndjson  (chunks=17)
[2025-10-07T01:56:50.947+0000] {base.py:73} INFO - Using connection ID 'minio_s3' for task execution.
[2025-10-07T01:56:50.947+0000] {connection_wrapper.py:340} INFO - AWS Connection (conn_id='minio_s3', conn_type='s3') credentials retrieved from login and password.
[2025-10-07T01:56:51.011+0000] {base.py:73} INFO - Using connection ID 'minio_s3' for task execution.
[2025-10-07T01:56:51.012+0000] {connection_wrapper.py:340} INFO - AWS Connection (conn_id='minio_s3', conn_type='s3') credentials retrieved from login and password.
[2025-10-07T01:56:51.051+0000] {logging_mixin.py:151} INFO - ✅ NDJSON subido: s3://respaldo2/rag/chunks/2025/22040_2025-09-26.ndjson  (chunks=9)
[2025-10-07T01:56:51.051+0000] {base.py:73} INFO - Using connection ID 'minio_s3' for task execution.
[2025-10-07T01:56:51.052+0000] {connection_wrapper.py:340} INFO - AWS Connection (conn_id='minio_s3', conn_type='s3') credentials retrieved from login and password.
[2025-10-07T01:56:51.128+0000] {base.py:73} INFO - Using connection ID 'minio_s3' for task execution.
[2025-10-07T01:56:51.128+0000] {connection_wrapper.py:340} INFO - AWS Connection (conn_id='minio_s3', conn_type='s3') credentials retrieved from login and password.
[2025-10-07T01:56:51.171+0000] {logging_mixin.py:151} INFO - ✅ NDJSON subido: s3://respaldo2/rag/chunks/2025/22041_2025-09-29.ndjson  (chunks=25)
[2025-10-07T01:56:51.172+0000] {base.py:73} INFO - Using connection ID 'minio_s3' for task execution.
[2025-10-07T01:56:51.172+0000] {connection_wrapper.py:340} INFO - AWS Connection (conn_id='minio_s3', conn_type='s3') credentials retrieved from login and password.
[2025-10-07T01:56:51.241+0000] {base.py:73} INFO - Using connection ID 'minio_s3' for task execution.
[2025-10-07T01:56:51.241+0000] {connection_wrapper.py:340} INFO - AWS Connection (conn_id='minio_s3', conn_type='s3') credentials retrieved from login and password.
[2025-10-07T01:56:51.300+0000] {logging_mixin.py:151} INFO - ✅ NDJSON subido: s3://respaldo2/rag/chunks/2025/22042_2025-09-30.ndjson  (chunks=19)
[2025-10-07T01:56:51.301+0000] {base.py:73} INFO - Using connection ID 'minio_s3' for task execution.
[2025-10-07T01:56:51.301+0000] {connection_wrapper.py:340} INFO - AWS Connection (conn_id='minio_s3', conn_type='s3') credentials retrieved from login and password.
[2025-10-07T01:56:51.558+0000] {base.py:73} INFO - Using connection ID 'minio_s3' for task execution.
[2025-10-07T01:56:51.558+0000] {connection_wrapper.py:340} INFO - AWS Connection (conn_id='minio_s3', conn_type='s3') credentials retrieved from login and password.
[2025-10-07T01:56:51.600+0000] {logging_mixin.py:151} INFO - ✅ NDJSON subido: s3://respaldo2/rag/chunks/2025/22043_2025-10-01.ndjson  (chunks=24)
[2025-10-07T01:56:51.601+0000] {base.py:73} INFO - Using connection ID 'minio_s3' for task execution.
[2025-10-07T01:56:51.601+0000] {connection_wrapper.py:340} INFO - AWS Connection (conn_id='minio_s3', conn_type='s3') credentials retrieved from login and password.
[2025-10-07T01:56:51.668+0000] {base.py:73} INFO - Using connection ID 'minio_s3' for task execution.
[2025-10-07T01:56:51.669+0000] {connection_wrapper.py:340} INFO - AWS Connection (conn_id='minio_s3', conn_type='s3') credentials retrieved from login and password.
[2025-10-07T01:56:51.708+0000] {logging_mixin.py:151} INFO - ✅ NDJSON subido: s3://respaldo2/rag/chunks/2025/22044_2025-10-02.ndjson  (chunks=13)
[2025-10-07T01:56:51.709+0000] {base.py:73} INFO - Using connection ID 'minio_s3' for task execution.
[2025-10-07T01:56:51.709+0000] {connection_wrapper.py:340} INFO - AWS Connection (conn_id='minio_s3', conn_type='s3') credentials retrieved from login and password.
[2025-10-07T01:56:51.774+0000] {base.py:73} INFO - Using connection ID 'minio_s3' for task execution.
[2025-10-07T01:56:51.774+0000] {connection_wrapper.py:340} INFO - AWS Connection (conn_id='minio_s3', conn_type='s3') credentials retrieved from login and password.
[2025-10-07T01:56:51.820+0000] {logging_mixin.py:151} INFO - ✅ NDJSON subido: s3://respaldo2/rag/chunks/2025/22045_2025-10-03.ndjson  (chunks=11)
[2025-10-07T01:56:51.821+0000] {base.py:73} INFO - Using connection ID 'minio_s3' for task execution.
[2025-10-07T01:56:51.821+0000] {connection_wrapper.py:340} INFO - AWS Connection (conn_id='minio_s3', conn_type='s3') credentials retrieved from login and password.
[2025-10-07T01:56:52.062+0000] {base.py:73} INFO - Using connection ID 'minio_s3' for task execution.
[2025-10-07T01:56:52.062+0000] {connection_wrapper.py:340} INFO - AWS Connection (conn_id='minio_s3', conn_type='s3') credentials retrieved from login and password.
[2025-10-07T01:56:52.100+0000] {logging_mixin.py:151} INFO - ✅ NDJSON subido: s3://respaldo2/rag/chunks/2025/22046_2025-10-06.ndjson  (chunks=22)
[2025-10-07T01:56:52.101+0000] {base.py:73} INFO - Using connection ID 'minio_s3' for task execution.
[2025-10-07T01:56:52.101+0000] {connection_wrapper.py:340} INFO - AWS Connection (conn_id='minio_s3', conn_type='s3') credentials retrieved from login and password.
[2025-10-07T01:56:52.140+0000] {logging_mixin.py:151} INFO - 📄 Manifest: s3://respaldo2/rag/chunks/2025/_chunks_manifest.json
[2025-10-07T01:56:52.140+0000] {python.py:194} INFO - Done. Returned value was: {'processed': 15, 'pages': 15, 'chunks': 258, 'manifest_key': 'rag/chunks/2025/_chunks_manifest.json'}
[2025-10-07T01:56:52.153+0000] {taskinstance.py:1398} INFO - Marking task as SUCCESS. dag_id=flujo_RAG_completo, task_id=chunk_from_txt, execution_date=20251006T193115, start_date=20251007T015648, end_date=20251007T015652
[2025-10-07T01:56:52.202+0000] {local_task_job_runner.py:228} INFO - Task exited with return code 0
[2025-10-07T01:56:52.216+0000] {taskinstance.py:2776} INFO - 0 downstream tasks scheduled from follow-on schedule check
