[2025-10-07T02:39:52.514+0000] {taskinstance.py:1157} INFO - Dependencies all met for dep_context=non-requeueable deps ti=<TaskInstance: flujo_RAG_completo.extract_texts_by_op manual__2025-10-07T02:26:17+00:00 [queued]>
[2025-10-07T02:39:52.517+0000] {taskinstance.py:1157} INFO - Dependencies all met for dep_context=requeueable deps ti=<TaskInstance: flujo_RAG_completo.extract_texts_by_op manual__2025-10-07T02:26:17+00:00 [queued]>
[2025-10-07T02:39:52.518+0000] {taskinstance.py:1359} INFO - Starting attempt 4 of 4
[2025-10-07T02:39:52.523+0000] {taskinstance.py:1380} INFO - Executing <Task(PythonOperator): extract_texts_by_op> on 2025-10-07 02:26:17+00:00
[2025-10-07T02:39:52.529+0000] {standard_task_runner.py:57} INFO - Started process 18349 to run task
[2025-10-07T02:39:52.532+0000] {standard_task_runner.py:84} INFO - Running: ['***', 'tasks', 'run', 'flujo_RAG_completo', 'extract_texts_by_op', 'manual__2025-10-07T02:26:17+00:00', '--job-id', '308', '--raw', '--subdir', 'DAGS_FOLDER/Ingestion_pipeline.py', '--cfg-path', '/tmp/tmpcaxm2fpy']
[2025-10-07T02:39:52.534+0000] {standard_task_runner.py:85} INFO - Job 308: Subtask extract_texts_by_op
[2025-10-07T02:39:52.556+0000] {task_command.py:415} INFO - Running <TaskInstance: flujo_RAG_completo.extract_texts_by_op manual__2025-10-07T02:26:17+00:00 [running]> on host a21c1baf7ef9
[2025-10-07T02:39:52.597+0000] {taskinstance.py:1660} INFO - Exporting env vars: AIRFLOW_CTX_DAG_OWNER='***' AIRFLOW_CTX_DAG_ID='flujo_RAG_completo' AIRFLOW_CTX_TASK_ID='extract_texts_by_op' AIRFLOW_CTX_EXECUTION_DATE='2025-10-07T02:26:17+00:00' AIRFLOW_CTX_TRY_NUMBER='4' AIRFLOW_CTX_DAG_RUN_ID='manual__2025-10-07T02:26:17+00:00'
[2025-10-07T02:39:53.300+0000] {logging_mixin.py:151} INFO - ✅ 77 TXT(s) por OP desde: s3://respaldo2/boletines/2025/22032_2025-09-16.pdf
[2025-10-07T02:39:53.803+0000] {logging_mixin.py:151} INFO - ✅ 88 TXT(s) por OP desde: s3://respaldo2/boletines/2025/22033_2025-09-17.pdf
[2025-10-07T02:39:54.242+0000] {logging_mixin.py:151} INFO - ✅ 79 TXT(s) por OP desde: s3://respaldo2/boletines/2025/22034_2025-09-18.pdf
[2025-10-07T02:39:54.688+0000] {logging_mixin.py:151} INFO - ✅ 74 TXT(s) por OP desde: s3://respaldo2/boletines/2025/22035_2025-09-19.pdf
[2025-10-07T02:39:55.127+0000] {logging_mixin.py:151} INFO - ✅ 75 TXT(s) por OP desde: s3://respaldo2/boletines/2025/22036_2025-09-22.pdf
[2025-10-07T02:39:55.676+0000] {logging_mixin.py:151} INFO - ✅ 74 TXT(s) por OP desde: s3://respaldo2/boletines/2025/22037_2025-09-23.pdf
[2025-10-07T02:39:56.072+0000] {logging_mixin.py:151} INFO - ✅ 73 TXT(s) por OP desde: s3://respaldo2/boletines/2025/22038_2025-09-24.pdf
[2025-10-07T02:39:56.592+0000] {logging_mixin.py:151} INFO - ✅ 99 TXT(s) por OP desde: s3://respaldo2/boletines/2025/22039_2025-09-25.pdf
[2025-10-07T02:39:57.028+0000] {logging_mixin.py:151} INFO - ✅ 81 TXT(s) por OP desde: s3://respaldo2/boletines/2025/22040_2025-09-26.pdf
[2025-10-07T02:39:57.542+0000] {logging_mixin.py:151} INFO - ✅ 80 TXT(s) por OP desde: s3://respaldo2/boletines/2025/22041_2025-09-29.pdf
[2025-10-07T02:39:58.140+0000] {logging_mixin.py:151} INFO - ✅ 72 TXT(s) por OP desde: s3://respaldo2/boletines/2025/22042_2025-09-30.pdf
[2025-10-07T02:39:58.774+0000] {logging_mixin.py:151} INFO - ✅ 93 TXT(s) por OP desde: s3://respaldo2/boletines/2025/22043_2025-10-01.pdf
[2025-10-07T02:39:59.316+0000] {logging_mixin.py:151} INFO - ✅ 81 TXT(s) por OP desde: s3://respaldo2/boletines/2025/22044_2025-10-02.pdf
[2025-10-07T02:39:59.794+0000] {logging_mixin.py:151} INFO - ✅ 79 TXT(s) por OP desde: s3://respaldo2/boletines/2025/22045_2025-10-03.pdf
[2025-10-07T02:40:00.440+0000] {logging_mixin.py:151} INFO - ✅ 97 TXT(s) por OP desde: s3://respaldo2/boletines/2025/22046_2025-10-06.pdf
[2025-10-07T02:40:00.441+0000] {logging_mixin.py:151} INFO - ✅ Total TXT generados (por OP): 1222 en s3://respaldo2/rag/text_op/2025/
[2025-10-07T02:40:00.442+0000] {logging_mixin.py:151} INFO - ✅ Los metadatos estan en: s3://respaldo2/None
[2025-10-07T02:40:00.442+0000] {python.py:194} INFO - Done. Returned value was: {'processed_pdfs': 15, 'generated_docs': 1222, 'bucket': 'respaldo2', 'prefix_pdfs': 'boletines/2025/', 'prefix_txt': 'rag/text_op/2025/', 'prefix_meta': None, 'generated_at': '2025-10-07T02:40:00.441844Z', 'items_sample': [{'pdf_key': 'boletines/2025/22032_2025-09-16.pdf', 'txt_key': 'rag/text_op/2025/22032_OPSA100051525_2025-09-16.txt', 'boletin': '22032', 'fecha': '2025-09-16', 'op': 'SA100051525', 'doc_index': 1, 'chars': 10340, 'created_at': '2025-10-07T02:39:52.761247Z'}, {'pdf_key': 'boletines/2025/22032_2025-09-16.pdf', 'txt_key': 'rag/text_op/2025/22032_OPSA100051526_2025-09-16.txt', 'boletin': '22032', 'fecha': '2025-09-16', 'op': 'SA100051526', 'doc_index': 2, 'chars': 5170, 'created_at': '2025-10-07T02:39:52.767121Z'}, {'pdf_key': 'boletines/2025/22032_2025-09-16.pdf', 'txt_key': 'rag/text_op/2025/22032_OPSA100051527_2025-09-16.txt', 'boletin': '22032', 'fecha': '2025-09-16', 'op': 'SA100051527', 'doc_index': 3, 'chars': 3815, 'created_at': '2025-10-07T02:39:52.772415Z'}, {'pdf_key': 'boletines/2025/22032_2025-09-16.pdf', 'txt_key': 'rag/text_op/2025/22032_OP100128356_2025-09-16.txt', 'boletin': '22032', 'fecha': '2025-09-16', 'op': '100128356', 'doc_index': 4, 'chars': 2738, 'created_at': '2025-10-07T02:39:52.778526Z'}, {'pdf_key': 'boletines/2025/22032_2025-09-16.pdf', 'txt_key': 'rag/text_op/2025/22032_OP100128351_2025-09-16.txt', 'boletin': '22032', 'fecha': '2025-09-16', 'op': '100128351', 'doc_index': 5, 'chars': 3502, 'created_at': '2025-10-07T02:39:52.783301Z'}]}
[2025-10-07T02:40:00.457+0000] {taskinstance.py:1398} INFO - Marking task as SUCCESS. dag_id=flujo_RAG_completo, task_id=extract_texts_by_op, execution_date=20251007T022617, start_date=20251007T023952, end_date=20251007T024000
[2025-10-07T02:40:00.484+0000] {local_task_job_runner.py:228} INFO - Task exited with return code 0
[2025-10-07T02:40:00.494+0000] {taskinstance.py:2776} INFO - 0 downstream tasks scheduled from follow-on schedule check
