[2025-10-01T17:53:37.228+0000] {taskinstance.py:1157} INFO - Dependencies all met for dep_context=non-requeueable deps ti=<TaskInstance: flujo_RAG.chunk_from_txt manual__2025-10-01T13:33:42.656094+00:00 [queued]>
[2025-10-01T17:53:37.232+0000] {taskinstance.py:1157} INFO - Dependencies all met for dep_context=requeueable deps ti=<TaskInstance: flujo_RAG.chunk_from_txt manual__2025-10-01T13:33:42.656094+00:00 [queued]>
[2025-10-01T17:53:37.233+0000] {taskinstance.py:1359} INFO - Starting attempt 4 of 4
[2025-10-01T17:53:37.237+0000] {taskinstance.py:1380} INFO - Executing <Task(PythonOperator): chunk_from_txt> on 2025-10-01 13:33:42.656094+00:00
[2025-10-01T17:53:37.245+0000] {standard_task_runner.py:57} INFO - Started process 6889 to run task
[2025-10-01T17:53:37.249+0000] {standard_task_runner.py:84} INFO - Running: ['***', 'tasks', 'run', 'flujo_RAG', 'chunk_from_txt', 'manual__2025-10-01T13:33:42.656094+00:00', '--job-id', '77', '--raw', '--subdir', 'DAGS_FOLDER/RAG_dag.py', '--cfg-path', '/tmp/tmp5rbb3esf']
[2025-10-01T17:53:37.252+0000] {standard_task_runner.py:85} INFO - Job 77: Subtask chunk_from_txt
[2025-10-01T17:53:37.298+0000] {task_command.py:415} INFO - Running <TaskInstance: flujo_RAG.chunk_from_txt manual__2025-10-01T13:33:42.656094+00:00 [running]> on host 2f9c2b1ff132
[2025-10-01T17:53:37.343+0000] {taskinstance.py:1660} INFO - Exporting env vars: AIRFLOW_CTX_DAG_OWNER='***' AIRFLOW_CTX_DAG_ID='flujo_RAG' AIRFLOW_CTX_TASK_ID='chunk_from_txt' AIRFLOW_CTX_EXECUTION_DATE='2025-10-01T13:33:42.656094+00:00' AIRFLOW_CTX_TRY_NUMBER='4' AIRFLOW_CTX_DAG_RUN_ID='manual__2025-10-01T13:33:42.656094+00:00'
[2025-10-01T17:53:37.344+0000] {crypto.py:82} WARNING - empty cryptography key - values will not be stored encrypted.
[2025-10-01T17:53:37.346+0000] {base.py:73} INFO - Using connection ID 'minio_s3' for task execution.
[2025-10-01T17:53:37.346+0000] {warnings.py:109} WARNING - <string>:8: AirflowProviderDeprecationWarning: AWS Connection (conn_id='minio_s3', conn_type='s3') has connection type 's3', which has been replaced by connection type 'aws'. Please update your connection to have `conn_type='aws'`.

[2025-10-01T17:53:37.346+0000] {connection_wrapper.py:340} INFO - AWS Connection (conn_id='minio_s3', conn_type='s3') credentials retrieved from login and password.
[2025-10-01T17:53:37.347+0000] {warnings.py:109} WARNING - <string>:8: AirflowProviderDeprecationWarning: Host minio specified in the connection is not used. Please, set it on extra['endpoint_url'] instead

[2025-10-01T17:53:37.578+0000] {base.py:73} INFO - Using connection ID 'minio_s3' for task execution.
[2025-10-01T17:53:37.578+0000] {connection_wrapper.py:340} INFO - AWS Connection (conn_id='minio_s3', conn_type='s3') credentials retrieved from login and password.
[2025-10-01T17:53:37.653+0000] {base.py:73} INFO - Using connection ID 'minio_s3' for task execution.
[2025-10-01T17:53:37.653+0000] {connection_wrapper.py:340} INFO - AWS Connection (conn_id='minio_s3', conn_type='s3') credentials retrieved from login and password.
[2025-10-01T17:53:37.696+0000] {logging_mixin.py:151} INFO - ✅ NDJSON subido: s3://respaldo2/rag/chunks/2025/22032_2025-09-16.ndjson  (chunks=11)
[2025-10-01T17:53:37.697+0000] {base.py:73} INFO - Using connection ID 'minio_s3' for task execution.
[2025-10-01T17:53:37.697+0000] {connection_wrapper.py:340} INFO - AWS Connection (conn_id='minio_s3', conn_type='s3') credentials retrieved from login and password.
[2025-10-01T17:53:38.193+0000] {base.py:73} INFO - Using connection ID 'minio_s3' for task execution.
[2025-10-01T17:53:38.193+0000] {connection_wrapper.py:340} INFO - AWS Connection (conn_id='minio_s3', conn_type='s3') credentials retrieved from login and password.
[2025-10-01T17:53:38.232+0000] {logging_mixin.py:151} INFO - ✅ NDJSON subido: s3://respaldo2/rag/chunks/2025/22033_2025-09-17.ndjson  (chunks=16)
[2025-10-01T17:53:38.233+0000] {base.py:73} INFO - Using connection ID 'minio_s3' for task execution.
[2025-10-01T17:53:38.233+0000] {connection_wrapper.py:340} INFO - AWS Connection (conn_id='minio_s3', conn_type='s3') credentials retrieved from login and password.
[2025-10-01T17:53:38.305+0000] {base.py:73} INFO - Using connection ID 'minio_s3' for task execution.
[2025-10-01T17:53:38.305+0000] {connection_wrapper.py:340} INFO - AWS Connection (conn_id='minio_s3', conn_type='s3') credentials retrieved from login and password.
[2025-10-01T17:53:38.350+0000] {logging_mixin.py:151} INFO - ✅ NDJSON subido: s3://respaldo2/rag/chunks/2025/22034_2025-09-18.ndjson  (chunks=15)
[2025-10-01T17:53:38.350+0000] {base.py:73} INFO - Using connection ID 'minio_s3' for task execution.
[2025-10-01T17:53:38.351+0000] {connection_wrapper.py:340} INFO - AWS Connection (conn_id='minio_s3', conn_type='s3') credentials retrieved from login and password.
[2025-10-01T17:53:38.437+0000] {base.py:73} INFO - Using connection ID 'minio_s3' for task execution.
[2025-10-01T17:53:38.437+0000] {connection_wrapper.py:340} INFO - AWS Connection (conn_id='minio_s3', conn_type='s3') credentials retrieved from login and password.
[2025-10-01T17:53:38.476+0000] {logging_mixin.py:151} INFO - ✅ NDJSON subido: s3://respaldo2/rag/chunks/2025/22035_2025-09-19.ndjson  (chunks=20)
[2025-10-01T17:53:38.477+0000] {base.py:73} INFO - Using connection ID 'minio_s3' for task execution.
[2025-10-01T17:53:38.477+0000] {connection_wrapper.py:340} INFO - AWS Connection (conn_id='minio_s3', conn_type='s3') credentials retrieved from login and password.
[2025-10-01T17:53:38.555+0000] {base.py:73} INFO - Using connection ID 'minio_s3' for task execution.
[2025-10-01T17:53:38.555+0000] {connection_wrapper.py:340} INFO - AWS Connection (conn_id='minio_s3', conn_type='s3') credentials retrieved from login and password.
[2025-10-01T17:53:38.744+0000] {logging_mixin.py:151} INFO - ✅ NDJSON subido: s3://respaldo2/rag/chunks/2025/22036_2025-09-22.ndjson  (chunks=24)
[2025-10-01T17:53:38.745+0000] {base.py:73} INFO - Using connection ID 'minio_s3' for task execution.
[2025-10-01T17:53:38.745+0000] {connection_wrapper.py:340} INFO - AWS Connection (conn_id='minio_s3', conn_type='s3') credentials retrieved from login and password.
[2025-10-01T17:53:38.807+0000] {base.py:73} INFO - Using connection ID 'minio_s3' for task execution.
[2025-10-01T17:53:38.808+0000] {connection_wrapper.py:340} INFO - AWS Connection (conn_id='minio_s3', conn_type='s3') credentials retrieved from login and password.
[2025-10-01T17:53:38.846+0000] {logging_mixin.py:151} INFO - ✅ NDJSON subido: s3://respaldo2/rag/chunks/2025/22037_2025-09-23.ndjson  (chunks=23)
[2025-10-01T17:53:38.846+0000] {base.py:73} INFO - Using connection ID 'minio_s3' for task execution.
[2025-10-01T17:53:38.847+0000] {connection_wrapper.py:340} INFO - AWS Connection (conn_id='minio_s3', conn_type='s3') credentials retrieved from login and password.
[2025-10-01T17:53:38.909+0000] {base.py:73} INFO - Using connection ID 'minio_s3' for task execution.
[2025-10-01T17:53:38.910+0000] {connection_wrapper.py:340} INFO - AWS Connection (conn_id='minio_s3', conn_type='s3') credentials retrieved from login and password.
[2025-10-01T17:53:38.952+0000] {logging_mixin.py:151} INFO - ✅ NDJSON subido: s3://respaldo2/rag/chunks/2025/22038_2025-09-24.ndjson  (chunks=9)
[2025-10-01T17:53:38.953+0000] {base.py:73} INFO - Using connection ID 'minio_s3' for task execution.
[2025-10-01T17:53:38.953+0000] {connection_wrapper.py:340} INFO - AWS Connection (conn_id='minio_s3', conn_type='s3') credentials retrieved from login and password.
[2025-10-01T17:53:39.023+0000] {base.py:73} INFO - Using connection ID 'minio_s3' for task execution.
[2025-10-01T17:53:39.023+0000] {connection_wrapper.py:340} INFO - AWS Connection (conn_id='minio_s3', conn_type='s3') credentials retrieved from login and password.
[2025-10-01T17:53:39.199+0000] {logging_mixin.py:151} INFO - ✅ NDJSON subido: s3://respaldo2/rag/chunks/2025/22039_2025-09-25.ndjson  (chunks=17)
[2025-10-01T17:53:39.200+0000] {base.py:73} INFO - Using connection ID 'minio_s3' for task execution.
[2025-10-01T17:53:39.200+0000] {connection_wrapper.py:340} INFO - AWS Connection (conn_id='minio_s3', conn_type='s3') credentials retrieved from login and password.
[2025-10-01T17:53:39.263+0000] {base.py:73} INFO - Using connection ID 'minio_s3' for task execution.
[2025-10-01T17:53:39.263+0000] {connection_wrapper.py:340} INFO - AWS Connection (conn_id='minio_s3', conn_type='s3') credentials retrieved from login and password.
[2025-10-01T17:53:39.302+0000] {logging_mixin.py:151} INFO - ✅ NDJSON subido: s3://respaldo2/rag/chunks/2025/22040_2025-09-26.ndjson  (chunks=9)
[2025-10-01T17:53:39.302+0000] {base.py:73} INFO - Using connection ID 'minio_s3' for task execution.
[2025-10-01T17:53:39.305+0000] {connection_wrapper.py:340} INFO - AWS Connection (conn_id='minio_s3', conn_type='s3') credentials retrieved from login and password.
[2025-10-01T17:53:39.374+0000] {base.py:73} INFO - Using connection ID 'minio_s3' for task execution.
[2025-10-01T17:53:39.374+0000] {connection_wrapper.py:340} INFO - AWS Connection (conn_id='minio_s3', conn_type='s3') credentials retrieved from login and password.
[2025-10-01T17:53:39.413+0000] {logging_mixin.py:151} INFO - ✅ NDJSON subido: s3://respaldo2/rag/chunks/2025/22041_2025-09-29.ndjson  (chunks=25)
[2025-10-01T17:53:39.413+0000] {base.py:73} INFO - Using connection ID 'minio_s3' for task execution.
[2025-10-01T17:53:39.414+0000] {connection_wrapper.py:340} INFO - AWS Connection (conn_id='minio_s3', conn_type='s3') credentials retrieved from login and password.
[2025-10-01T17:53:39.488+0000] {base.py:73} INFO - Using connection ID 'minio_s3' for task execution.
[2025-10-01T17:53:39.489+0000] {connection_wrapper.py:340} INFO - AWS Connection (conn_id='minio_s3', conn_type='s3') credentials retrieved from login and password.
[2025-10-01T17:53:39.680+0000] {logging_mixin.py:151} INFO - ✅ NDJSON subido: s3://respaldo2/rag/chunks/2025/22042_2025-09-30.ndjson  (chunks=19)
[2025-10-01T17:53:39.681+0000] {base.py:73} INFO - Using connection ID 'minio_s3' for task execution.
[2025-10-01T17:53:39.681+0000] {connection_wrapper.py:340} INFO - AWS Connection (conn_id='minio_s3', conn_type='s3') credentials retrieved from login and password.
[2025-10-01T17:53:39.749+0000] {base.py:73} INFO - Using connection ID 'minio_s3' for task execution.
[2025-10-01T17:53:39.749+0000] {connection_wrapper.py:340} INFO - AWS Connection (conn_id='minio_s3', conn_type='s3') credentials retrieved from login and password.
[2025-10-01T17:53:39.784+0000] {logging_mixin.py:151} INFO - ✅ NDJSON subido: s3://respaldo2/rag/chunks/2025/22043_2025-10-01.ndjson  (chunks=24)
[2025-10-01T17:53:39.785+0000] {base.py:73} INFO - Using connection ID 'minio_s3' for task execution.
[2025-10-01T17:53:39.785+0000] {connection_wrapper.py:340} INFO - AWS Connection (conn_id='minio_s3', conn_type='s3') credentials retrieved from login and password.
[2025-10-01T17:53:39.829+0000] {logging_mixin.py:151} INFO - 📄 Manifest: s3://respaldo2/rag/chunks/2025/_chunks_manifest.json
[2025-10-01T17:53:39.829+0000] {python.py:194} INFO - Done. Returned value was: {'processed': 12, 'pages': 12, 'chunks': 212, 'manifest_key': 'rag/chunks/2025/_chunks_manifest.json'}
[2025-10-01T17:53:39.842+0000] {taskinstance.py:1398} INFO - Marking task as SUCCESS. dag_id=flujo_RAG, task_id=chunk_from_txt, execution_date=20251001T133342, start_date=20251001T175337, end_date=20251001T175339
[2025-10-01T17:53:39.905+0000] {local_task_job_runner.py:228} INFO - Task exited with return code 0
[2025-10-01T17:53:39.916+0000] {taskinstance.py:2776} INFO - 0 downstream tasks scheduled from follow-on schedule check
