[2025-10-01T13:48:58.465+0000] {taskinstance.py:1157} INFO - Dependencies all met for dep_context=non-requeueable deps ti=<TaskInstance: flujo_RAG.chunk_from_txt manual__2025-10-01T13:33:42.656094+00:00 [queued]>
[2025-10-01T13:48:58.469+0000] {taskinstance.py:1157} INFO - Dependencies all met for dep_context=requeueable deps ti=<TaskInstance: flujo_RAG.chunk_from_txt manual__2025-10-01T13:33:42.656094+00:00 [queued]>
[2025-10-01T13:48:58.469+0000] {taskinstance.py:1359} INFO - Starting attempt 2 of 2
[2025-10-01T13:48:58.473+0000] {taskinstance.py:1380} INFO - Executing <Task(PythonOperator): chunk_from_txt> on 2025-10-01 13:33:42.656094+00:00
[2025-10-01T13:48:58.477+0000] {standard_task_runner.py:57} INFO - Started process 2501 to run task
[2025-10-01T13:48:58.479+0000] {standard_task_runner.py:84} INFO - Running: ['***', 'tasks', 'run', 'flujo_RAG', 'chunk_from_txt', 'manual__2025-10-01T13:33:42.656094+00:00', '--job-id', '55', '--raw', '--subdir', 'DAGS_FOLDER/RAG_dag.py', '--cfg-path', '/tmp/tmpayek_jpi']
[2025-10-01T13:48:58.481+0000] {standard_task_runner.py:85} INFO - Job 55: Subtask chunk_from_txt
[2025-10-01T13:48:58.502+0000] {task_command.py:415} INFO - Running <TaskInstance: flujo_RAG.chunk_from_txt manual__2025-10-01T13:33:42.656094+00:00 [running]> on host b23249bdd303
[2025-10-01T13:48:58.536+0000] {taskinstance.py:1660} INFO - Exporting env vars: AIRFLOW_CTX_DAG_OWNER='***' AIRFLOW_CTX_DAG_ID='flujo_RAG' AIRFLOW_CTX_TASK_ID='chunk_from_txt' AIRFLOW_CTX_EXECUTION_DATE='2025-10-01T13:33:42.656094+00:00' AIRFLOW_CTX_TRY_NUMBER='2' AIRFLOW_CTX_DAG_RUN_ID='manual__2025-10-01T13:33:42.656094+00:00'
[2025-10-01T13:48:58.537+0000] {crypto.py:82} WARNING - empty cryptography key - values will not be stored encrypted.
[2025-10-01T13:48:58.538+0000] {base.py:73} INFO - Using connection ID 'minio_s3' for task execution.
[2025-10-01T13:48:58.538+0000] {warnings.py:109} WARNING - <string>:8: AirflowProviderDeprecationWarning: AWS Connection (conn_id='minio_s3', conn_type='s3') has connection type 's3', which has been replaced by connection type 'aws'. Please update your connection to have `conn_type='aws'`.

[2025-10-01T13:48:58.538+0000] {connection_wrapper.py:340} INFO - AWS Connection (conn_id='minio_s3', conn_type='s3') credentials retrieved from login and password.
[2025-10-01T13:48:58.538+0000] {warnings.py:109} WARNING - <string>:8: AirflowProviderDeprecationWarning: Host minio specified in the connection is not used. Please, set it on extra['endpoint_url'] instead

[2025-10-01T13:48:58.748+0000] {base.py:73} INFO - Using connection ID 'minio_s3' for task execution.
[2025-10-01T13:48:58.748+0000] {connection_wrapper.py:340} INFO - AWS Connection (conn_id='minio_s3', conn_type='s3') credentials retrieved from login and password.
[2025-10-01T13:48:58.812+0000] {base.py:73} INFO - Using connection ID 'minio_s3' for task execution.
[2025-10-01T13:48:58.813+0000] {connection_wrapper.py:340} INFO - AWS Connection (conn_id='minio_s3', conn_type='s3') credentials retrieved from login and password.
[2025-10-01T13:48:58.850+0000] {logging_mixin.py:151} INFO - ✅ NDJSON subido: s3://respaldo2/rag/chunks/2025/22032_2025-09-16.ndjson  (chunks=11)
[2025-10-01T13:48:58.851+0000] {base.py:73} INFO - Using connection ID 'minio_s3' for task execution.
[2025-10-01T13:48:58.851+0000] {connection_wrapper.py:340} INFO - AWS Connection (conn_id='minio_s3', conn_type='s3') credentials retrieved from login and password.
[2025-10-01T13:48:59.023+0000] {base.py:73} INFO - Using connection ID 'minio_s3' for task execution.
[2025-10-01T13:48:59.023+0000] {connection_wrapper.py:340} INFO - AWS Connection (conn_id='minio_s3', conn_type='s3') credentials retrieved from login and password.
[2025-10-01T13:48:59.064+0000] {logging_mixin.py:151} INFO - ✅ NDJSON subido: s3://respaldo2/rag/chunks/2025/22033_2025-09-17.ndjson  (chunks=16)
[2025-10-01T13:48:59.065+0000] {base.py:73} INFO - Using connection ID 'minio_s3' for task execution.
[2025-10-01T13:48:59.065+0000] {connection_wrapper.py:340} INFO - AWS Connection (conn_id='minio_s3', conn_type='s3') credentials retrieved from login and password.
[2025-10-01T13:48:59.135+0000] {base.py:73} INFO - Using connection ID 'minio_s3' for task execution.
[2025-10-01T13:48:59.135+0000] {connection_wrapper.py:340} INFO - AWS Connection (conn_id='minio_s3', conn_type='s3') credentials retrieved from login and password.
[2025-10-01T13:48:59.175+0000] {logging_mixin.py:151} INFO - ✅ NDJSON subido: s3://respaldo2/rag/chunks/2025/22034_2025-09-18.ndjson  (chunks=15)
[2025-10-01T13:48:59.176+0000] {base.py:73} INFO - Using connection ID 'minio_s3' for task execution.
[2025-10-01T13:48:59.176+0000] {connection_wrapper.py:340} INFO - AWS Connection (conn_id='minio_s3', conn_type='s3') credentials retrieved from login and password.
[2025-10-01T13:48:59.320+0000] {base.py:73} INFO - Using connection ID 'minio_s3' for task execution.
[2025-10-01T13:48:59.320+0000] {connection_wrapper.py:340} INFO - AWS Connection (conn_id='minio_s3', conn_type='s3') credentials retrieved from login and password.
[2025-10-01T13:48:59.357+0000] {logging_mixin.py:151} INFO - ✅ NDJSON subido: s3://respaldo2/rag/chunks/2025/22035_2025-09-19.ndjson  (chunks=20)
[2025-10-01T13:48:59.357+0000] {base.py:73} INFO - Using connection ID 'minio_s3' for task execution.
[2025-10-01T13:48:59.357+0000] {connection_wrapper.py:340} INFO - AWS Connection (conn_id='minio_s3', conn_type='s3') credentials retrieved from login and password.
[2025-10-01T13:48:59.424+0000] {base.py:73} INFO - Using connection ID 'minio_s3' for task execution.
[2025-10-01T13:48:59.424+0000] {connection_wrapper.py:340} INFO - AWS Connection (conn_id='minio_s3', conn_type='s3') credentials retrieved from login and password.
[2025-10-01T13:48:59.464+0000] {logging_mixin.py:151} INFO - ✅ NDJSON subido: s3://respaldo2/rag/chunks/2025/22036_2025-09-22.ndjson  (chunks=24)
[2025-10-01T13:48:59.465+0000] {base.py:73} INFO - Using connection ID 'minio_s3' for task execution.
[2025-10-01T13:48:59.465+0000] {connection_wrapper.py:340} INFO - AWS Connection (conn_id='minio_s3', conn_type='s3') credentials retrieved from login and password.
[2025-10-01T13:48:59.611+0000] {base.py:73} INFO - Using connection ID 'minio_s3' for task execution.
[2025-10-01T13:48:59.612+0000] {connection_wrapper.py:340} INFO - AWS Connection (conn_id='minio_s3', conn_type='s3') credentials retrieved from login and password.
[2025-10-01T13:48:59.646+0000] {logging_mixin.py:151} INFO - ✅ NDJSON subido: s3://respaldo2/rag/chunks/2025/22037_2025-09-23.ndjson  (chunks=23)
[2025-10-01T13:48:59.647+0000] {base.py:73} INFO - Using connection ID 'minio_s3' for task execution.
[2025-10-01T13:48:59.647+0000] {connection_wrapper.py:340} INFO - AWS Connection (conn_id='minio_s3', conn_type='s3') credentials retrieved from login and password.
[2025-10-01T13:48:59.702+0000] {base.py:73} INFO - Using connection ID 'minio_s3' for task execution.
[2025-10-01T13:48:59.703+0000] {connection_wrapper.py:340} INFO - AWS Connection (conn_id='minio_s3', conn_type='s3') credentials retrieved from login and password.
[2025-10-01T13:48:59.741+0000] {logging_mixin.py:151} INFO - ✅ NDJSON subido: s3://respaldo2/rag/chunks/2025/22038_2025-09-24.ndjson  (chunks=9)
[2025-10-01T13:48:59.742+0000] {base.py:73} INFO - Using connection ID 'minio_s3' for task execution.
[2025-10-01T13:48:59.742+0000] {connection_wrapper.py:340} INFO - AWS Connection (conn_id='minio_s3', conn_type='s3') credentials retrieved from login and password.
[2025-10-01T13:48:59.897+0000] {base.py:73} INFO - Using connection ID 'minio_s3' for task execution.
[2025-10-01T13:48:59.898+0000] {connection_wrapper.py:340} INFO - AWS Connection (conn_id='minio_s3', conn_type='s3') credentials retrieved from login and password.
[2025-10-01T13:48:59.935+0000] {logging_mixin.py:151} INFO - ✅ NDJSON subido: s3://respaldo2/rag/chunks/2025/22039_2025-09-25.ndjson  (chunks=17)
[2025-10-01T13:48:59.935+0000] {base.py:73} INFO - Using connection ID 'minio_s3' for task execution.
[2025-10-01T13:48:59.935+0000] {connection_wrapper.py:340} INFO - AWS Connection (conn_id='minio_s3', conn_type='s3') credentials retrieved from login and password.
[2025-10-01T13:48:59.997+0000] {base.py:73} INFO - Using connection ID 'minio_s3' for task execution.
[2025-10-01T13:48:59.997+0000] {connection_wrapper.py:340} INFO - AWS Connection (conn_id='minio_s3', conn_type='s3') credentials retrieved from login and password.
[2025-10-01T13:49:00.033+0000] {logging_mixin.py:151} INFO - ✅ NDJSON subido: s3://respaldo2/rag/chunks/2025/22040_2025-09-26.ndjson  (chunks=9)
[2025-10-01T13:49:00.034+0000] {base.py:73} INFO - Using connection ID 'minio_s3' for task execution.
[2025-10-01T13:49:00.034+0000] {connection_wrapper.py:340} INFO - AWS Connection (conn_id='minio_s3', conn_type='s3') credentials retrieved from login and password.
[2025-10-01T13:49:00.106+0000] {base.py:73} INFO - Using connection ID 'minio_s3' for task execution.
[2025-10-01T13:49:00.106+0000] {connection_wrapper.py:340} INFO - AWS Connection (conn_id='minio_s3', conn_type='s3') credentials retrieved from login and password.
[2025-10-01T13:49:00.237+0000] {logging_mixin.py:151} INFO - ✅ NDJSON subido: s3://respaldo2/rag/chunks/2025/22041_2025-09-29.ndjson  (chunks=25)
[2025-10-01T13:49:00.237+0000] {base.py:73} INFO - Using connection ID 'minio_s3' for task execution.
[2025-10-01T13:49:00.238+0000] {connection_wrapper.py:340} INFO - AWS Connection (conn_id='minio_s3', conn_type='s3') credentials retrieved from login and password.
[2025-10-01T13:49:00.297+0000] {base.py:73} INFO - Using connection ID 'minio_s3' for task execution.
[2025-10-01T13:49:00.297+0000] {connection_wrapper.py:340} INFO - AWS Connection (conn_id='minio_s3', conn_type='s3') credentials retrieved from login and password.
[2025-10-01T13:49:00.335+0000] {logging_mixin.py:151} INFO - ✅ NDJSON subido: s3://respaldo2/rag/chunks/2025/22042_2025-09-30.ndjson  (chunks=19)
[2025-10-01T13:49:00.336+0000] {base.py:73} INFO - Using connection ID 'minio_s3' for task execution.
[2025-10-01T13:49:00.336+0000] {connection_wrapper.py:340} INFO - AWS Connection (conn_id='minio_s3', conn_type='s3') credentials retrieved from login and password.
[2025-10-01T13:49:00.406+0000] {base.py:73} INFO - Using connection ID 'minio_s3' for task execution.
[2025-10-01T13:49:00.407+0000] {connection_wrapper.py:340} INFO - AWS Connection (conn_id='minio_s3', conn_type='s3') credentials retrieved from login and password.
[2025-10-01T13:49:00.540+0000] {logging_mixin.py:151} INFO - ✅ NDJSON subido: s3://respaldo2/rag/chunks/2025/22043_2025-10-01.ndjson  (chunks=24)
[2025-10-01T13:49:00.541+0000] {base.py:73} INFO - Using connection ID 'minio_s3' for task execution.
[2025-10-01T13:49:00.541+0000] {connection_wrapper.py:340} INFO - AWS Connection (conn_id='minio_s3', conn_type='s3') credentials retrieved from login and password.
[2025-10-01T13:49:00.577+0000] {logging_mixin.py:151} INFO - 📄 Manifest: s3://respaldo2/rag/chunks/2025/_chunks_manifest.json
[2025-10-01T13:49:00.578+0000] {python.py:194} INFO - Done. Returned value was: {'processed': 12, 'pages': 12, 'chunks': 212, 'manifest_key': 'rag/chunks/2025/_chunks_manifest.json'}
[2025-10-01T13:49:00.588+0000] {taskinstance.py:1398} INFO - Marking task as SUCCESS. dag_id=flujo_RAG, task_id=chunk_from_txt, execution_date=20251001T133342, start_date=20251001T134858, end_date=20251001T134900
[2025-10-01T13:49:00.609+0000] {local_task_job_runner.py:228} INFO - Task exited with return code 0
[2025-10-01T13:49:00.622+0000] {taskinstance.py:2776} INFO - 1 downstream tasks scheduled from follow-on schedule check
