[2025-10-01T15:00:21.055+0000] {taskinstance.py:1157} INFO - Dependencies all met for dep_context=non-requeueable deps ti=<TaskInstance: flujo_RAG.chunk_from_txt manual__2025-10-01T13:33:42.656094+00:00 [queued]>
[2025-10-01T15:00:21.059+0000] {taskinstance.py:1157} INFO - Dependencies all met for dep_context=requeueable deps ti=<TaskInstance: flujo_RAG.chunk_from_txt manual__2025-10-01T13:33:42.656094+00:00 [queued]>
[2025-10-01T15:00:21.060+0000] {taskinstance.py:1359} INFO - Starting attempt 3 of 3
[2025-10-01T15:00:21.064+0000] {taskinstance.py:1380} INFO - Executing <Task(PythonOperator): chunk_from_txt> on 2025-10-01 13:33:42.656094+00:00
[2025-10-01T15:00:21.071+0000] {standard_task_runner.py:57} INFO - Started process 5711 to run task
[2025-10-01T15:00:21.074+0000] {standard_task_runner.py:84} INFO - Running: ['***', 'tasks', 'run', 'flujo_RAG', 'chunk_from_txt', 'manual__2025-10-01T13:33:42.656094+00:00', '--job-id', '64', '--raw', '--subdir', 'DAGS_FOLDER/RAG_dag.py', '--cfg-path', '/tmp/tmp8koh1ufi']
[2025-10-01T15:00:21.077+0000] {standard_task_runner.py:85} INFO - Job 64: Subtask chunk_from_txt
[2025-10-01T15:00:21.103+0000] {task_command.py:415} INFO - Running <TaskInstance: flujo_RAG.chunk_from_txt manual__2025-10-01T13:33:42.656094+00:00 [running]> on host b23249bdd303
[2025-10-01T15:00:21.139+0000] {taskinstance.py:1660} INFO - Exporting env vars: AIRFLOW_CTX_DAG_OWNER='***' AIRFLOW_CTX_DAG_ID='flujo_RAG' AIRFLOW_CTX_TASK_ID='chunk_from_txt' AIRFLOW_CTX_EXECUTION_DATE='2025-10-01T13:33:42.656094+00:00' AIRFLOW_CTX_TRY_NUMBER='3' AIRFLOW_CTX_DAG_RUN_ID='manual__2025-10-01T13:33:42.656094+00:00'
[2025-10-01T15:00:21.140+0000] {crypto.py:82} WARNING - empty cryptography key - values will not be stored encrypted.
[2025-10-01T15:00:21.141+0000] {base.py:73} INFO - Using connection ID 'minio_s3' for task execution.
[2025-10-01T15:00:21.141+0000] {warnings.py:109} WARNING - <string>:8: AirflowProviderDeprecationWarning: AWS Connection (conn_id='minio_s3', conn_type='s3') has connection type 's3', which has been replaced by connection type 'aws'. Please update your connection to have `conn_type='aws'`.

[2025-10-01T15:00:21.142+0000] {connection_wrapper.py:340} INFO - AWS Connection (conn_id='minio_s3', conn_type='s3') credentials retrieved from login and password.
[2025-10-01T15:00:21.142+0000] {warnings.py:109} WARNING - <string>:8: AirflowProviderDeprecationWarning: Host minio specified in the connection is not used. Please, set it on extra['endpoint_url'] instead

[2025-10-01T15:00:21.301+0000] {base.py:73} INFO - Using connection ID 'minio_s3' for task execution.
[2025-10-01T15:00:21.301+0000] {connection_wrapper.py:340} INFO - AWS Connection (conn_id='minio_s3', conn_type='s3') credentials retrieved from login and password.
[2025-10-01T15:00:21.371+0000] {base.py:73} INFO - Using connection ID 'minio_s3' for task execution.
[2025-10-01T15:00:21.371+0000] {connection_wrapper.py:340} INFO - AWS Connection (conn_id='minio_s3', conn_type='s3') credentials retrieved from login and password.
[2025-10-01T15:00:21.411+0000] {logging_mixin.py:151} INFO - ✅ NDJSON subido: s3://respaldo2/rag/chunks/2025/22032_2025-09-16.ndjson  (chunks=11)
[2025-10-01T15:00:21.412+0000] {base.py:73} INFO - Using connection ID 'minio_s3' for task execution.
[2025-10-01T15:00:21.412+0000] {connection_wrapper.py:340} INFO - AWS Connection (conn_id='minio_s3', conn_type='s3') credentials retrieved from login and password.
[2025-10-01T15:00:21.654+0000] {base.py:73} INFO - Using connection ID 'minio_s3' for task execution.
[2025-10-01T15:00:21.654+0000] {connection_wrapper.py:340} INFO - AWS Connection (conn_id='minio_s3', conn_type='s3') credentials retrieved from login and password.
[2025-10-01T15:00:21.689+0000] {logging_mixin.py:151} INFO - ✅ NDJSON subido: s3://respaldo2/rag/chunks/2025/22033_2025-09-17.ndjson  (chunks=16)
[2025-10-01T15:00:21.690+0000] {base.py:73} INFO - Using connection ID 'minio_s3' for task execution.
[2025-10-01T15:00:21.690+0000] {connection_wrapper.py:340} INFO - AWS Connection (conn_id='minio_s3', conn_type='s3') credentials retrieved from login and password.
[2025-10-01T15:00:21.757+0000] {base.py:73} INFO - Using connection ID 'minio_s3' for task execution.
[2025-10-01T15:00:21.757+0000] {connection_wrapper.py:340} INFO - AWS Connection (conn_id='minio_s3', conn_type='s3') credentials retrieved from login and password.
[2025-10-01T15:00:21.798+0000] {logging_mixin.py:151} INFO - ✅ NDJSON subido: s3://respaldo2/rag/chunks/2025/22034_2025-09-18.ndjson  (chunks=15)
[2025-10-01T15:00:21.799+0000] {base.py:73} INFO - Using connection ID 'minio_s3' for task execution.
[2025-10-01T15:00:21.799+0000] {connection_wrapper.py:340} INFO - AWS Connection (conn_id='minio_s3', conn_type='s3') credentials retrieved from login and password.
[2025-10-01T15:00:21.867+0000] {base.py:73} INFO - Using connection ID 'minio_s3' for task execution.
[2025-10-01T15:00:21.867+0000] {connection_wrapper.py:340} INFO - AWS Connection (conn_id='minio_s3', conn_type='s3') credentials retrieved from login and password.
[2025-10-01T15:00:21.906+0000] {logging_mixin.py:151} INFO - ✅ NDJSON subido: s3://respaldo2/rag/chunks/2025/22035_2025-09-19.ndjson  (chunks=20)
[2025-10-01T15:00:21.907+0000] {base.py:73} INFO - Using connection ID 'minio_s3' for task execution.
[2025-10-01T15:00:21.907+0000] {connection_wrapper.py:340} INFO - AWS Connection (conn_id='minio_s3', conn_type='s3') credentials retrieved from login and password.
[2025-10-01T15:00:21.973+0000] {base.py:73} INFO - Using connection ID 'minio_s3' for task execution.
[2025-10-01T15:00:21.973+0000] {connection_wrapper.py:340} INFO - AWS Connection (conn_id='minio_s3', conn_type='s3') credentials retrieved from login and password.
[2025-10-01T15:00:22.148+0000] {logging_mixin.py:151} INFO - ✅ NDJSON subido: s3://respaldo2/rag/chunks/2025/22036_2025-09-22.ndjson  (chunks=24)
[2025-10-01T15:00:22.149+0000] {base.py:73} INFO - Using connection ID 'minio_s3' for task execution.
[2025-10-01T15:00:22.149+0000] {connection_wrapper.py:340} INFO - AWS Connection (conn_id='minio_s3', conn_type='s3') credentials retrieved from login and password.
[2025-10-01T15:00:22.211+0000] {base.py:73} INFO - Using connection ID 'minio_s3' for task execution.
[2025-10-01T15:00:22.211+0000] {connection_wrapper.py:340} INFO - AWS Connection (conn_id='minio_s3', conn_type='s3') credentials retrieved from login and password.
[2025-10-01T15:00:22.245+0000] {logging_mixin.py:151} INFO - ✅ NDJSON subido: s3://respaldo2/rag/chunks/2025/22037_2025-09-23.ndjson  (chunks=23)
[2025-10-01T15:00:22.246+0000] {base.py:73} INFO - Using connection ID 'minio_s3' for task execution.
[2025-10-01T15:00:22.246+0000] {connection_wrapper.py:340} INFO - AWS Connection (conn_id='minio_s3', conn_type='s3') credentials retrieved from login and password.
[2025-10-01T15:00:22.303+0000] {base.py:73} INFO - Using connection ID 'minio_s3' for task execution.
[2025-10-01T15:00:22.303+0000] {connection_wrapper.py:340} INFO - AWS Connection (conn_id='minio_s3', conn_type='s3') credentials retrieved from login and password.
[2025-10-01T15:00:22.339+0000] {logging_mixin.py:151} INFO - ✅ NDJSON subido: s3://respaldo2/rag/chunks/2025/22038_2025-09-24.ndjson  (chunks=9)
[2025-10-01T15:00:22.339+0000] {base.py:73} INFO - Using connection ID 'minio_s3' for task execution.
[2025-10-01T15:00:22.339+0000] {connection_wrapper.py:340} INFO - AWS Connection (conn_id='minio_s3', conn_type='s3') credentials retrieved from login and password.
[2025-10-01T15:00:22.402+0000] {base.py:73} INFO - Using connection ID 'minio_s3' for task execution.
[2025-10-01T15:00:22.402+0000] {connection_wrapper.py:340} INFO - AWS Connection (conn_id='minio_s3', conn_type='s3') credentials retrieved from login and password.
[2025-10-01T15:00:22.567+0000] {logging_mixin.py:151} INFO - ✅ NDJSON subido: s3://respaldo2/rag/chunks/2025/22039_2025-09-25.ndjson  (chunks=17)
[2025-10-01T15:00:22.568+0000] {base.py:73} INFO - Using connection ID 'minio_s3' for task execution.
[2025-10-01T15:00:22.568+0000] {connection_wrapper.py:340} INFO - AWS Connection (conn_id='minio_s3', conn_type='s3') credentials retrieved from login and password.
[2025-10-01T15:00:22.627+0000] {base.py:73} INFO - Using connection ID 'minio_s3' for task execution.
[2025-10-01T15:00:22.628+0000] {connection_wrapper.py:340} INFO - AWS Connection (conn_id='minio_s3', conn_type='s3') credentials retrieved from login and password.
[2025-10-01T15:00:22.668+0000] {logging_mixin.py:151} INFO - ✅ NDJSON subido: s3://respaldo2/rag/chunks/2025/22040_2025-09-26.ndjson  (chunks=9)
[2025-10-01T15:00:22.668+0000] {base.py:73} INFO - Using connection ID 'minio_s3' for task execution.
[2025-10-01T15:00:22.669+0000] {connection_wrapper.py:340} INFO - AWS Connection (conn_id='minio_s3', conn_type='s3') credentials retrieved from login and password.
[2025-10-01T15:00:22.734+0000] {base.py:73} INFO - Using connection ID 'minio_s3' for task execution.
[2025-10-01T15:00:22.734+0000] {connection_wrapper.py:340} INFO - AWS Connection (conn_id='minio_s3', conn_type='s3') credentials retrieved from login and password.
[2025-10-01T15:00:22.771+0000] {logging_mixin.py:151} INFO - ✅ NDJSON subido: s3://respaldo2/rag/chunks/2025/22041_2025-09-29.ndjson  (chunks=25)
[2025-10-01T15:00:22.772+0000] {base.py:73} INFO - Using connection ID 'minio_s3' for task execution.
[2025-10-01T15:00:22.772+0000] {connection_wrapper.py:340} INFO - AWS Connection (conn_id='minio_s3', conn_type='s3') credentials retrieved from login and password.
[2025-10-01T15:00:22.833+0000] {base.py:73} INFO - Using connection ID 'minio_s3' for task execution.
[2025-10-01T15:00:22.833+0000] {connection_wrapper.py:340} INFO - AWS Connection (conn_id='minio_s3', conn_type='s3') credentials retrieved from login and password.
[2025-10-01T15:00:23.013+0000] {logging_mixin.py:151} INFO - ✅ NDJSON subido: s3://respaldo2/rag/chunks/2025/22042_2025-09-30.ndjson  (chunks=19)
[2025-10-01T15:00:23.014+0000] {base.py:73} INFO - Using connection ID 'minio_s3' for task execution.
[2025-10-01T15:00:23.014+0000] {connection_wrapper.py:340} INFO - AWS Connection (conn_id='minio_s3', conn_type='s3') credentials retrieved from login and password.
[2025-10-01T15:00:23.087+0000] {base.py:73} INFO - Using connection ID 'minio_s3' for task execution.
[2025-10-01T15:00:23.088+0000] {connection_wrapper.py:340} INFO - AWS Connection (conn_id='minio_s3', conn_type='s3') credentials retrieved from login and password.
[2025-10-01T15:00:23.128+0000] {logging_mixin.py:151} INFO - ✅ NDJSON subido: s3://respaldo2/rag/chunks/2025/22043_2025-10-01.ndjson  (chunks=24)
[2025-10-01T15:00:23.129+0000] {base.py:73} INFO - Using connection ID 'minio_s3' for task execution.
[2025-10-01T15:00:23.129+0000] {connection_wrapper.py:340} INFO - AWS Connection (conn_id='minio_s3', conn_type='s3') credentials retrieved from login and password.
[2025-10-01T15:00:23.168+0000] {logging_mixin.py:151} INFO - 📄 Manifest: s3://respaldo2/rag/chunks/2025/_chunks_manifest.json
[2025-10-01T15:00:23.169+0000] {python.py:194} INFO - Done. Returned value was: {'processed': 12, 'pages': 12, 'chunks': 212, 'manifest_key': 'rag/chunks/2025/_chunks_manifest.json'}
[2025-10-01T15:00:23.180+0000] {taskinstance.py:1398} INFO - Marking task as SUCCESS. dag_id=flujo_RAG, task_id=chunk_from_txt, execution_date=20251001T133342, start_date=20251001T150021, end_date=20251001T150023
[2025-10-01T15:00:23.207+0000] {local_task_job_runner.py:228} INFO - Task exited with return code 0
[2025-10-01T15:00:23.221+0000] {taskinstance.py:2776} INFO - 1 downstream tasks scheduled from follow-on schedule check
