[2025-10-01T13:35:03.316+0000] {taskinstance.py:1157} INFO - Dependencies all met for dep_context=non-requeueable deps ti=<TaskInstance: flujo_RAG.chunk_from_txt manual__2025-10-01T13:33:42.656094+00:00 [queued]>
[2025-10-01T13:35:03.319+0000] {taskinstance.py:1157} INFO - Dependencies all met for dep_context=requeueable deps ti=<TaskInstance: flujo_RAG.chunk_from_txt manual__2025-10-01T13:33:42.656094+00:00 [queued]>
[2025-10-01T13:35:03.319+0000] {taskinstance.py:1359} INFO - Starting attempt 1 of 1
[2025-10-01T13:35:03.324+0000] {taskinstance.py:1380} INFO - Executing <Task(PythonOperator): chunk_from_txt> on 2025-10-01 13:33:42.656094+00:00
[2025-10-01T13:35:03.328+0000] {standard_task_runner.py:57} INFO - Started process 1757 to run task
[2025-10-01T13:35:03.330+0000] {standard_task_runner.py:84} INFO - Running: ['***', 'tasks', 'run', 'flujo_RAG', 'chunk_from_txt', 'manual__2025-10-01T13:33:42.656094+00:00', '--job-id', '46', '--raw', '--subdir', 'DAGS_FOLDER/RAG_dag.py', '--cfg-path', '/tmp/tmp8twfy3i4']
[2025-10-01T13:35:03.332+0000] {standard_task_runner.py:85} INFO - Job 46: Subtask chunk_from_txt
[2025-10-01T13:35:03.353+0000] {task_command.py:415} INFO - Running <TaskInstance: flujo_RAG.chunk_from_txt manual__2025-10-01T13:33:42.656094+00:00 [running]> on host b23249bdd303
[2025-10-01T13:35:03.387+0000] {taskinstance.py:1660} INFO - Exporting env vars: AIRFLOW_CTX_DAG_OWNER='***' AIRFLOW_CTX_DAG_ID='flujo_RAG' AIRFLOW_CTX_TASK_ID='chunk_from_txt' AIRFLOW_CTX_EXECUTION_DATE='2025-10-01T13:33:42.656094+00:00' AIRFLOW_CTX_TRY_NUMBER='1' AIRFLOW_CTX_DAG_RUN_ID='manual__2025-10-01T13:33:42.656094+00:00'
[2025-10-01T13:35:03.388+0000] {crypto.py:82} WARNING - empty cryptography key - values will not be stored encrypted.
[2025-10-01T13:35:03.388+0000] {base.py:73} INFO - Using connection ID 'minio_s3' for task execution.
[2025-10-01T13:35:03.389+0000] {warnings.py:109} WARNING - <string>:8: AirflowProviderDeprecationWarning: AWS Connection (conn_id='minio_s3', conn_type='s3') has connection type 's3', which has been replaced by connection type 'aws'. Please update your connection to have `conn_type='aws'`.

[2025-10-01T13:35:03.389+0000] {connection_wrapper.py:340} INFO - AWS Connection (conn_id='minio_s3', conn_type='s3') credentials retrieved from login and password.
[2025-10-01T13:35:03.389+0000] {warnings.py:109} WARNING - <string>:8: AirflowProviderDeprecationWarning: Host minio specified in the connection is not used. Please, set it on extra['endpoint_url'] instead

[2025-10-01T13:35:03.579+0000] {base.py:73} INFO - Using connection ID 'minio_s3' for task execution.
[2025-10-01T13:35:03.579+0000] {connection_wrapper.py:340} INFO - AWS Connection (conn_id='minio_s3', conn_type='s3') credentials retrieved from login and password.
[2025-10-01T13:35:03.671+0000] {base.py:73} INFO - Using connection ID 'minio_s3' for task execution.
[2025-10-01T13:35:03.671+0000] {connection_wrapper.py:340} INFO - AWS Connection (conn_id='minio_s3', conn_type='s3') credentials retrieved from login and password.
[2025-10-01T13:35:03.728+0000] {logging_mixin.py:151} INFO - ✅ NDJSON subido: s3://respaldo2/rag/chunks/2025/22032_2025-09-16.ndjson  (chunks=11)
[2025-10-01T13:35:03.729+0000] {base.py:73} INFO - Using connection ID 'minio_s3' for task execution.
[2025-10-01T13:35:03.729+0000] {connection_wrapper.py:340} INFO - AWS Connection (conn_id='minio_s3', conn_type='s3') credentials retrieved from login and password.
[2025-10-01T13:35:03.898+0000] {base.py:73} INFO - Using connection ID 'minio_s3' for task execution.
[2025-10-01T13:35:03.899+0000] {connection_wrapper.py:340} INFO - AWS Connection (conn_id='minio_s3', conn_type='s3') credentials retrieved from login and password.
[2025-10-01T13:35:03.935+0000] {logging_mixin.py:151} INFO - ✅ NDJSON subido: s3://respaldo2/rag/chunks/2025/22033_2025-09-17.ndjson  (chunks=16)
[2025-10-01T13:35:03.935+0000] {base.py:73} INFO - Using connection ID 'minio_s3' for task execution.
[2025-10-01T13:35:03.935+0000] {connection_wrapper.py:340} INFO - AWS Connection (conn_id='minio_s3', conn_type='s3') credentials retrieved from login and password.
[2025-10-01T13:35:04.000+0000] {base.py:73} INFO - Using connection ID 'minio_s3' for task execution.
[2025-10-01T13:35:04.000+0000] {connection_wrapper.py:340} INFO - AWS Connection (conn_id='minio_s3', conn_type='s3') credentials retrieved from login and password.
[2025-10-01T13:35:04.037+0000] {logging_mixin.py:151} INFO - ✅ NDJSON subido: s3://respaldo2/rag/chunks/2025/22034_2025-09-18.ndjson  (chunks=15)
[2025-10-01T13:35:04.037+0000] {base.py:73} INFO - Using connection ID 'minio_s3' for task execution.
[2025-10-01T13:35:04.038+0000] {connection_wrapper.py:340} INFO - AWS Connection (conn_id='minio_s3', conn_type='s3') credentials retrieved from login and password.
[2025-10-01T13:35:04.188+0000] {base.py:73} INFO - Using connection ID 'minio_s3' for task execution.
[2025-10-01T13:35:04.189+0000] {connection_wrapper.py:340} INFO - AWS Connection (conn_id='minio_s3', conn_type='s3') credentials retrieved from login and password.
[2025-10-01T13:35:04.227+0000] {logging_mixin.py:151} INFO - ✅ NDJSON subido: s3://respaldo2/rag/chunks/2025/22035_2025-09-19.ndjson  (chunks=20)
[2025-10-01T13:35:04.228+0000] {base.py:73} INFO - Using connection ID 'minio_s3' for task execution.
[2025-10-01T13:35:04.228+0000] {connection_wrapper.py:340} INFO - AWS Connection (conn_id='minio_s3', conn_type='s3') credentials retrieved from login and password.
[2025-10-01T13:35:04.292+0000] {base.py:73} INFO - Using connection ID 'minio_s3' for task execution.
[2025-10-01T13:35:04.292+0000] {connection_wrapper.py:340} INFO - AWS Connection (conn_id='minio_s3', conn_type='s3') credentials retrieved from login and password.
[2025-10-01T13:35:04.329+0000] {logging_mixin.py:151} INFO - ✅ NDJSON subido: s3://respaldo2/rag/chunks/2025/22036_2025-09-22.ndjson  (chunks=24)
[2025-10-01T13:35:04.330+0000] {base.py:73} INFO - Using connection ID 'minio_s3' for task execution.
[2025-10-01T13:35:04.330+0000] {connection_wrapper.py:340} INFO - AWS Connection (conn_id='minio_s3', conn_type='s3') credentials retrieved from login and password.
[2025-10-01T13:35:04.484+0000] {base.py:73} INFO - Using connection ID 'minio_s3' for task execution.
[2025-10-01T13:35:04.484+0000] {connection_wrapper.py:340} INFO - AWS Connection (conn_id='minio_s3', conn_type='s3') credentials retrieved from login and password.
[2025-10-01T13:35:04.521+0000] {logging_mixin.py:151} INFO - ✅ NDJSON subido: s3://respaldo2/rag/chunks/2025/22037_2025-09-23.ndjson  (chunks=23)
[2025-10-01T13:35:04.521+0000] {base.py:73} INFO - Using connection ID 'minio_s3' for task execution.
[2025-10-01T13:35:04.521+0000] {connection_wrapper.py:340} INFO - AWS Connection (conn_id='minio_s3', conn_type='s3') credentials retrieved from login and password.
[2025-10-01T13:35:04.580+0000] {base.py:73} INFO - Using connection ID 'minio_s3' for task execution.
[2025-10-01T13:35:04.581+0000] {connection_wrapper.py:340} INFO - AWS Connection (conn_id='minio_s3', conn_type='s3') credentials retrieved from login and password.
[2025-10-01T13:35:04.621+0000] {logging_mixin.py:151} INFO - ✅ NDJSON subido: s3://respaldo2/rag/chunks/2025/22038_2025-09-24.ndjson  (chunks=9)
[2025-10-01T13:35:04.622+0000] {base.py:73} INFO - Using connection ID 'minio_s3' for task execution.
[2025-10-01T13:35:04.622+0000] {connection_wrapper.py:340} INFO - AWS Connection (conn_id='minio_s3', conn_type='s3') credentials retrieved from login and password.
[2025-10-01T13:35:04.783+0000] {base.py:73} INFO - Using connection ID 'minio_s3' for task execution.
[2025-10-01T13:35:04.783+0000] {connection_wrapper.py:340} INFO - AWS Connection (conn_id='minio_s3', conn_type='s3') credentials retrieved from login and password.
[2025-10-01T13:35:04.819+0000] {logging_mixin.py:151} INFO - ✅ NDJSON subido: s3://respaldo2/rag/chunks/2025/22039_2025-09-25.ndjson  (chunks=17)
[2025-10-01T13:35:04.820+0000] {base.py:73} INFO - Using connection ID 'minio_s3' for task execution.
[2025-10-01T13:35:04.820+0000] {connection_wrapper.py:340} INFO - AWS Connection (conn_id='minio_s3', conn_type='s3') credentials retrieved from login and password.
[2025-10-01T13:35:04.879+0000] {base.py:73} INFO - Using connection ID 'minio_s3' for task execution.
[2025-10-01T13:35:04.880+0000] {connection_wrapper.py:340} INFO - AWS Connection (conn_id='minio_s3', conn_type='s3') credentials retrieved from login and password.
[2025-10-01T13:35:04.915+0000] {logging_mixin.py:151} INFO - ✅ NDJSON subido: s3://respaldo2/rag/chunks/2025/22040_2025-09-26.ndjson  (chunks=9)
[2025-10-01T13:35:04.915+0000] {base.py:73} INFO - Using connection ID 'minio_s3' for task execution.
[2025-10-01T13:35:04.915+0000] {connection_wrapper.py:340} INFO - AWS Connection (conn_id='minio_s3', conn_type='s3') credentials retrieved from login and password.
[2025-10-01T13:35:04.990+0000] {base.py:73} INFO - Using connection ID 'minio_s3' for task execution.
[2025-10-01T13:35:04.991+0000] {connection_wrapper.py:340} INFO - AWS Connection (conn_id='minio_s3', conn_type='s3') credentials retrieved from login and password.
[2025-10-01T13:35:05.128+0000] {logging_mixin.py:151} INFO - ✅ NDJSON subido: s3://respaldo2/rag/chunks/2025/22041_2025-09-29.ndjson  (chunks=25)
[2025-10-01T13:35:05.129+0000] {base.py:73} INFO - Using connection ID 'minio_s3' for task execution.
[2025-10-01T13:35:05.129+0000] {connection_wrapper.py:340} INFO - AWS Connection (conn_id='minio_s3', conn_type='s3') credentials retrieved from login and password.
[2025-10-01T13:35:05.190+0000] {base.py:73} INFO - Using connection ID 'minio_s3' for task execution.
[2025-10-01T13:35:05.191+0000] {connection_wrapper.py:340} INFO - AWS Connection (conn_id='minio_s3', conn_type='s3') credentials retrieved from login and password.
[2025-10-01T13:35:05.229+0000] {logging_mixin.py:151} INFO - ✅ NDJSON subido: s3://respaldo2/rag/chunks/2025/22042_2025-09-30.ndjson  (chunks=19)
[2025-10-01T13:35:05.229+0000] {base.py:73} INFO - Using connection ID 'minio_s3' for task execution.
[2025-10-01T13:35:05.230+0000] {connection_wrapper.py:340} INFO - AWS Connection (conn_id='minio_s3', conn_type='s3') credentials retrieved from login and password.
[2025-10-01T13:35:05.300+0000] {base.py:73} INFO - Using connection ID 'minio_s3' for task execution.
[2025-10-01T13:35:05.300+0000] {connection_wrapper.py:340} INFO - AWS Connection (conn_id='minio_s3', conn_type='s3') credentials retrieved from login and password.
[2025-10-01T13:35:05.429+0000] {logging_mixin.py:151} INFO - ✅ NDJSON subido: s3://respaldo2/rag/chunks/2025/22043_2025-10-01.ndjson  (chunks=24)
[2025-10-01T13:35:05.430+0000] {base.py:73} INFO - Using connection ID 'minio_s3' for task execution.
[2025-10-01T13:35:05.430+0000] {connection_wrapper.py:340} INFO - AWS Connection (conn_id='minio_s3', conn_type='s3') credentials retrieved from login and password.
[2025-10-01T13:35:05.466+0000] {logging_mixin.py:151} INFO - 📄 Manifest: s3://respaldo2/rag/chunks/2025/_chunks_manifest.json
[2025-10-01T13:35:05.466+0000] {python.py:194} INFO - Done. Returned value was: {'processed': 12, 'pages': 12, 'chunks': 212, 'manifest_key': 'rag/chunks/2025/_chunks_manifest.json'}
[2025-10-01T13:35:05.477+0000] {taskinstance.py:1398} INFO - Marking task as SUCCESS. dag_id=flujo_RAG, task_id=chunk_from_txt, execution_date=20251001T133342, start_date=20251001T133503, end_date=20251001T133505
[2025-10-01T13:35:05.522+0000] {local_task_job_runner.py:228} INFO - Task exited with return code 0
[2025-10-01T13:35:05.536+0000] {taskinstance.py:2776} INFO - 1 downstream tasks scheduled from follow-on schedule check
