[2025-10-08T00:00:06.228+0000] {processor.py:157} INFO - Started process (PID=9859) to work on /opt/airflow/dags/Ingestion_pipeline.py
[2025-10-08T00:00:06.228+0000] {processor.py:829} INFO - Processing file /opt/airflow/dags/Ingestion_pipeline.py for tasks to queue
[2025-10-08T00:00:06.230+0000] {logging_mixin.py:151} INFO - [2025-10-08T00:00:06.230+0000] {dagbag.py:539} INFO - Filling up the DagBag from /opt/airflow/dags/Ingestion_pipeline.py
[2025-10-08T00:00:06.247+0000] {processor.py:839} INFO - DAG(s) dict_keys(['flujo_RAG_completo']) retrieved from /opt/airflow/dags/Ingestion_pipeline.py
[2025-10-08T00:00:06.265+0000] {logging_mixin.py:151} INFO - [2025-10-08T00:00:06.265+0000] {dag.py:2915} INFO - Sync 1 DAGs
[2025-10-08T00:00:06.272+0000] {logging_mixin.py:151} INFO - [2025-10-08T00:00:06.271+0000] {dag.py:3696} INFO - Setting next_dagrun for flujo_RAG_completo to None, run_after=None
[2025-10-08T00:00:06.281+0000] {processor.py:179} INFO - Processing /opt/airflow/dags/Ingestion_pipeline.py took 0.056 seconds
[2025-10-08T00:00:36.515+0000] {processor.py:157} INFO - Started process (PID=9885) to work on /opt/airflow/dags/Ingestion_pipeline.py
[2025-10-08T00:00:36.515+0000] {processor.py:829} INFO - Processing file /opt/airflow/dags/Ingestion_pipeline.py for tasks to queue
[2025-10-08T00:00:36.517+0000] {logging_mixin.py:151} INFO - [2025-10-08T00:00:36.517+0000] {dagbag.py:539} INFO - Filling up the DagBag from /opt/airflow/dags/Ingestion_pipeline.py
[2025-10-08T00:00:36.533+0000] {processor.py:839} INFO - DAG(s) dict_keys(['flujo_RAG_completo']) retrieved from /opt/airflow/dags/Ingestion_pipeline.py
[2025-10-08T00:00:36.553+0000] {logging_mixin.py:151} INFO - [2025-10-08T00:00:36.553+0000] {dag.py:2915} INFO - Sync 1 DAGs
[2025-10-08T00:00:36.560+0000] {logging_mixin.py:151} INFO - [2025-10-08T00:00:36.560+0000] {dag.py:3696} INFO - Setting next_dagrun for flujo_RAG_completo to None, run_after=None
[2025-10-08T00:00:36.570+0000] {processor.py:179} INFO - Processing /opt/airflow/dags/Ingestion_pipeline.py took 0.058 seconds
[2025-10-08T00:01:06.854+0000] {processor.py:157} INFO - Started process (PID=9903) to work on /opt/airflow/dags/Ingestion_pipeline.py
[2025-10-08T00:01:06.854+0000] {processor.py:829} INFO - Processing file /opt/airflow/dags/Ingestion_pipeline.py for tasks to queue
[2025-10-08T00:01:06.856+0000] {logging_mixin.py:151} INFO - [2025-10-08T00:01:06.856+0000] {dagbag.py:539} INFO - Filling up the DagBag from /opt/airflow/dags/Ingestion_pipeline.py
[2025-10-08T00:01:06.871+0000] {processor.py:839} INFO - DAG(s) dict_keys(['flujo_RAG_completo']) retrieved from /opt/airflow/dags/Ingestion_pipeline.py
[2025-10-08T00:01:06.889+0000] {logging_mixin.py:151} INFO - [2025-10-08T00:01:06.889+0000] {dag.py:2915} INFO - Sync 1 DAGs
[2025-10-08T00:01:06.896+0000] {logging_mixin.py:151} INFO - [2025-10-08T00:01:06.896+0000] {dag.py:3696} INFO - Setting next_dagrun for flujo_RAG_completo to None, run_after=None
[2025-10-08T00:01:06.905+0000] {processor.py:179} INFO - Processing /opt/airflow/dags/Ingestion_pipeline.py took 0.054 seconds
[2025-10-08T00:01:37.203+0000] {processor.py:157} INFO - Started process (PID=9929) to work on /opt/airflow/dags/Ingestion_pipeline.py
[2025-10-08T00:01:37.204+0000] {processor.py:829} INFO - Processing file /opt/airflow/dags/Ingestion_pipeline.py for tasks to queue
[2025-10-08T00:01:37.206+0000] {logging_mixin.py:151} INFO - [2025-10-08T00:01:37.206+0000] {dagbag.py:539} INFO - Filling up the DagBag from /opt/airflow/dags/Ingestion_pipeline.py
[2025-10-08T00:01:37.224+0000] {processor.py:839} INFO - DAG(s) dict_keys(['flujo_RAG_completo']) retrieved from /opt/airflow/dags/Ingestion_pipeline.py
[2025-10-08T00:01:37.245+0000] {logging_mixin.py:151} INFO - [2025-10-08T00:01:37.245+0000] {dag.py:2915} INFO - Sync 1 DAGs
[2025-10-08T00:01:37.251+0000] {logging_mixin.py:151} INFO - [2025-10-08T00:01:37.251+0000] {dag.py:3696} INFO - Setting next_dagrun for flujo_RAG_completo to None, run_after=None
[2025-10-08T00:01:37.262+0000] {processor.py:179} INFO - Processing /opt/airflow/dags/Ingestion_pipeline.py took 0.062 seconds
[2025-10-08T00:02:07.503+0000] {processor.py:157} INFO - Started process (PID=9956) to work on /opt/airflow/dags/Ingestion_pipeline.py
[2025-10-08T00:02:07.504+0000] {processor.py:829} INFO - Processing file /opt/airflow/dags/Ingestion_pipeline.py for tasks to queue
[2025-10-08T00:02:07.507+0000] {logging_mixin.py:151} INFO - [2025-10-08T00:02:07.507+0000] {dagbag.py:539} INFO - Filling up the DagBag from /opt/airflow/dags/Ingestion_pipeline.py
[2025-10-08T00:02:07.521+0000] {processor.py:839} INFO - DAG(s) dict_keys(['flujo_RAG_completo']) retrieved from /opt/airflow/dags/Ingestion_pipeline.py
[2025-10-08T00:02:07.540+0000] {logging_mixin.py:151} INFO - [2025-10-08T00:02:07.539+0000] {dag.py:2915} INFO - Sync 1 DAGs
[2025-10-08T00:02:07.546+0000] {logging_mixin.py:151} INFO - [2025-10-08T00:02:07.546+0000] {dag.py:3696} INFO - Setting next_dagrun for flujo_RAG_completo to None, run_after=None
[2025-10-08T00:02:07.556+0000] {processor.py:179} INFO - Processing /opt/airflow/dags/Ingestion_pipeline.py took 0.057 seconds
[2025-10-08T00:02:37.822+0000] {processor.py:157} INFO - Started process (PID=9982) to work on /opt/airflow/dags/Ingestion_pipeline.py
[2025-10-08T00:02:37.823+0000] {processor.py:829} INFO - Processing file /opt/airflow/dags/Ingestion_pipeline.py for tasks to queue
[2025-10-08T00:02:37.825+0000] {logging_mixin.py:151} INFO - [2025-10-08T00:02:37.825+0000] {dagbag.py:539} INFO - Filling up the DagBag from /opt/airflow/dags/Ingestion_pipeline.py
[2025-10-08T00:02:37.841+0000] {processor.py:839} INFO - DAG(s) dict_keys(['flujo_RAG_completo']) retrieved from /opt/airflow/dags/Ingestion_pipeline.py
[2025-10-08T00:02:37.862+0000] {logging_mixin.py:151} INFO - [2025-10-08T00:02:37.862+0000] {dag.py:2915} INFO - Sync 1 DAGs
[2025-10-08T00:02:37.870+0000] {logging_mixin.py:151} INFO - [2025-10-08T00:02:37.870+0000] {dag.py:3696} INFO - Setting next_dagrun for flujo_RAG_completo to None, run_after=None
[2025-10-08T00:02:37.881+0000] {processor.py:179} INFO - Processing /opt/airflow/dags/Ingestion_pipeline.py took 0.061 seconds
[2025-10-08T00:03:08.170+0000] {processor.py:157} INFO - Started process (PID=10000) to work on /opt/airflow/dags/Ingestion_pipeline.py
[2025-10-08T00:03:08.171+0000] {processor.py:829} INFO - Processing file /opt/airflow/dags/Ingestion_pipeline.py for tasks to queue
[2025-10-08T00:03:08.173+0000] {logging_mixin.py:151} INFO - [2025-10-08T00:03:08.173+0000] {dagbag.py:539} INFO - Filling up the DagBag from /opt/airflow/dags/Ingestion_pipeline.py
[2025-10-08T00:03:08.188+0000] {processor.py:839} INFO - DAG(s) dict_keys(['flujo_RAG_completo']) retrieved from /opt/airflow/dags/Ingestion_pipeline.py
[2025-10-08T00:03:08.207+0000] {logging_mixin.py:151} INFO - [2025-10-08T00:03:08.206+0000] {dag.py:2915} INFO - Sync 1 DAGs
[2025-10-08T00:03:08.213+0000] {logging_mixin.py:151} INFO - [2025-10-08T00:03:08.213+0000] {dag.py:3696} INFO - Setting next_dagrun for flujo_RAG_completo to None, run_after=None
[2025-10-08T00:03:08.223+0000] {processor.py:179} INFO - Processing /opt/airflow/dags/Ingestion_pipeline.py took 0.057 seconds
[2025-10-08T00:03:38.464+0000] {processor.py:157} INFO - Started process (PID=10026) to work on /opt/airflow/dags/Ingestion_pipeline.py
[2025-10-08T00:03:38.465+0000] {processor.py:829} INFO - Processing file /opt/airflow/dags/Ingestion_pipeline.py for tasks to queue
[2025-10-08T00:03:38.466+0000] {logging_mixin.py:151} INFO - [2025-10-08T00:03:38.466+0000] {dagbag.py:539} INFO - Filling up the DagBag from /opt/airflow/dags/Ingestion_pipeline.py
[2025-10-08T00:03:38.481+0000] {processor.py:839} INFO - DAG(s) dict_keys(['flujo_RAG_completo']) retrieved from /opt/airflow/dags/Ingestion_pipeline.py
[2025-10-08T00:03:38.500+0000] {logging_mixin.py:151} INFO - [2025-10-08T00:03:38.499+0000] {dag.py:2915} INFO - Sync 1 DAGs
[2025-10-08T00:03:38.506+0000] {logging_mixin.py:151} INFO - [2025-10-08T00:03:38.506+0000] {dag.py:3696} INFO - Setting next_dagrun for flujo_RAG_completo to None, run_after=None
[2025-10-08T00:03:38.516+0000] {processor.py:179} INFO - Processing /opt/airflow/dags/Ingestion_pipeline.py took 0.054 seconds
[2025-10-08T00:04:08.756+0000] {processor.py:157} INFO - Started process (PID=10052) to work on /opt/airflow/dags/Ingestion_pipeline.py
[2025-10-08T00:04:08.757+0000] {processor.py:829} INFO - Processing file /opt/airflow/dags/Ingestion_pipeline.py for tasks to queue
[2025-10-08T00:04:08.759+0000] {logging_mixin.py:151} INFO - [2025-10-08T00:04:08.758+0000] {dagbag.py:539} INFO - Filling up the DagBag from /opt/airflow/dags/Ingestion_pipeline.py
[2025-10-08T00:04:08.773+0000] {processor.py:839} INFO - DAG(s) dict_keys(['flujo_RAG_completo']) retrieved from /opt/airflow/dags/Ingestion_pipeline.py
[2025-10-08T00:04:08.792+0000] {logging_mixin.py:151} INFO - [2025-10-08T00:04:08.792+0000] {dag.py:2915} INFO - Sync 1 DAGs
[2025-10-08T00:04:08.799+0000] {logging_mixin.py:151} INFO - [2025-10-08T00:04:08.799+0000] {dag.py:3696} INFO - Setting next_dagrun for flujo_RAG_completo to None, run_after=None
[2025-10-08T00:04:08.810+0000] {processor.py:179} INFO - Processing /opt/airflow/dags/Ingestion_pipeline.py took 0.058 seconds
[2025-10-08T00:04:39.076+0000] {processor.py:157} INFO - Started process (PID=10078) to work on /opt/airflow/dags/Ingestion_pipeline.py
[2025-10-08T00:04:39.077+0000] {processor.py:829} INFO - Processing file /opt/airflow/dags/Ingestion_pipeline.py for tasks to queue
[2025-10-08T00:04:39.078+0000] {logging_mixin.py:151} INFO - [2025-10-08T00:04:39.078+0000] {dagbag.py:539} INFO - Filling up the DagBag from /opt/airflow/dags/Ingestion_pipeline.py
[2025-10-08T00:04:39.093+0000] {processor.py:839} INFO - DAG(s) dict_keys(['flujo_RAG_completo']) retrieved from /opt/airflow/dags/Ingestion_pipeline.py
[2025-10-08T00:04:39.112+0000] {logging_mixin.py:151} INFO - [2025-10-08T00:04:39.112+0000] {dag.py:2915} INFO - Sync 1 DAGs
[2025-10-08T00:04:39.119+0000] {logging_mixin.py:151} INFO - [2025-10-08T00:04:39.119+0000] {dag.py:3696} INFO - Setting next_dagrun for flujo_RAG_completo to None, run_after=None
[2025-10-08T00:04:39.128+0000] {processor.py:179} INFO - Processing /opt/airflow/dags/Ingestion_pipeline.py took 0.054 seconds
[2025-10-08T00:05:09.383+0000] {processor.py:157} INFO - Started process (PID=10095) to work on /opt/airflow/dags/Ingestion_pipeline.py
[2025-10-08T00:05:09.385+0000] {processor.py:829} INFO - Processing file /opt/airflow/dags/Ingestion_pipeline.py for tasks to queue
[2025-10-08T00:05:09.387+0000] {logging_mixin.py:151} INFO - [2025-10-08T00:05:09.387+0000] {dagbag.py:539} INFO - Filling up the DagBag from /opt/airflow/dags/Ingestion_pipeline.py
[2025-10-08T00:05:09.403+0000] {processor.py:839} INFO - DAG(s) dict_keys(['flujo_RAG_completo']) retrieved from /opt/airflow/dags/Ingestion_pipeline.py
[2025-10-08T00:05:09.421+0000] {logging_mixin.py:151} INFO - [2025-10-08T00:05:09.421+0000] {dag.py:2915} INFO - Sync 1 DAGs
[2025-10-08T00:05:09.427+0000] {logging_mixin.py:151} INFO - [2025-10-08T00:05:09.427+0000] {dag.py:3696} INFO - Setting next_dagrun for flujo_RAG_completo to None, run_after=None
[2025-10-08T00:05:09.437+0000] {processor.py:179} INFO - Processing /opt/airflow/dags/Ingestion_pipeline.py took 0.057 seconds
[2025-10-08T00:05:39.715+0000] {processor.py:157} INFO - Started process (PID=10121) to work on /opt/airflow/dags/Ingestion_pipeline.py
[2025-10-08T00:05:39.717+0000] {processor.py:829} INFO - Processing file /opt/airflow/dags/Ingestion_pipeline.py for tasks to queue
[2025-10-08T00:05:39.718+0000] {logging_mixin.py:151} INFO - [2025-10-08T00:05:39.718+0000] {dagbag.py:539} INFO - Filling up the DagBag from /opt/airflow/dags/Ingestion_pipeline.py
[2025-10-08T00:05:39.733+0000] {processor.py:839} INFO - DAG(s) dict_keys(['flujo_RAG_completo']) retrieved from /opt/airflow/dags/Ingestion_pipeline.py
[2025-10-08T00:05:39.752+0000] {logging_mixin.py:151} INFO - [2025-10-08T00:05:39.752+0000] {dag.py:2915} INFO - Sync 1 DAGs
[2025-10-08T00:05:39.758+0000] {logging_mixin.py:151} INFO - [2025-10-08T00:05:39.758+0000] {dag.py:3696} INFO - Setting next_dagrun for flujo_RAG_completo to None, run_after=None
[2025-10-08T00:05:39.768+0000] {processor.py:179} INFO - Processing /opt/airflow/dags/Ingestion_pipeline.py took 0.056 seconds
[2025-10-08T00:06:10.046+0000] {processor.py:157} INFO - Started process (PID=10147) to work on /opt/airflow/dags/Ingestion_pipeline.py
[2025-10-08T00:06:10.047+0000] {processor.py:829} INFO - Processing file /opt/airflow/dags/Ingestion_pipeline.py for tasks to queue
[2025-10-08T00:06:10.049+0000] {logging_mixin.py:151} INFO - [2025-10-08T00:06:10.048+0000] {dagbag.py:539} INFO - Filling up the DagBag from /opt/airflow/dags/Ingestion_pipeline.py
[2025-10-08T00:06:10.065+0000] {processor.py:839} INFO - DAG(s) dict_keys(['flujo_RAG_completo']) retrieved from /opt/airflow/dags/Ingestion_pipeline.py
[2025-10-08T00:06:10.084+0000] {logging_mixin.py:151} INFO - [2025-10-08T00:06:10.084+0000] {dag.py:2915} INFO - Sync 1 DAGs
[2025-10-08T00:06:10.092+0000] {logging_mixin.py:151} INFO - [2025-10-08T00:06:10.092+0000] {dag.py:3696} INFO - Setting next_dagrun for flujo_RAG_completo to None, run_after=None
[2025-10-08T00:06:10.102+0000] {processor.py:179} INFO - Processing /opt/airflow/dags/Ingestion_pipeline.py took 0.060 seconds
[2025-10-08T00:06:40.359+0000] {processor.py:157} INFO - Started process (PID=10172) to work on /opt/airflow/dags/Ingestion_pipeline.py
[2025-10-08T00:06:40.360+0000] {processor.py:829} INFO - Processing file /opt/airflow/dags/Ingestion_pipeline.py for tasks to queue
[2025-10-08T00:06:40.363+0000] {logging_mixin.py:151} INFO - [2025-10-08T00:06:40.363+0000] {dagbag.py:539} INFO - Filling up the DagBag from /opt/airflow/dags/Ingestion_pipeline.py
[2025-10-08T00:06:40.381+0000] {processor.py:839} INFO - DAG(s) dict_keys(['flujo_RAG_completo']) retrieved from /opt/airflow/dags/Ingestion_pipeline.py
[2025-10-08T00:06:40.403+0000] {logging_mixin.py:151} INFO - [2025-10-08T00:06:40.403+0000] {dag.py:2915} INFO - Sync 1 DAGs
[2025-10-08T00:06:40.411+0000] {logging_mixin.py:151} INFO - [2025-10-08T00:06:40.411+0000] {dag.py:3696} INFO - Setting next_dagrun for flujo_RAG_completo to None, run_after=None
[2025-10-08T00:06:40.423+0000] {processor.py:179} INFO - Processing /opt/airflow/dags/Ingestion_pipeline.py took 0.067 seconds
[2025-10-08T00:07:10.673+0000] {processor.py:157} INFO - Started process (PID=10191) to work on /opt/airflow/dags/Ingestion_pipeline.py
[2025-10-08T00:07:10.674+0000] {processor.py:829} INFO - Processing file /opt/airflow/dags/Ingestion_pipeline.py for tasks to queue
[2025-10-08T00:07:10.675+0000] {logging_mixin.py:151} INFO - [2025-10-08T00:07:10.675+0000] {dagbag.py:539} INFO - Filling up the DagBag from /opt/airflow/dags/Ingestion_pipeline.py
[2025-10-08T00:07:10.691+0000] {processor.py:839} INFO - DAG(s) dict_keys(['flujo_RAG_completo']) retrieved from /opt/airflow/dags/Ingestion_pipeline.py
[2025-10-08T00:07:10.709+0000] {logging_mixin.py:151} INFO - [2025-10-08T00:07:10.709+0000] {dag.py:2915} INFO - Sync 1 DAGs
[2025-10-08T00:07:10.715+0000] {logging_mixin.py:151} INFO - [2025-10-08T00:07:10.715+0000] {dag.py:3696} INFO - Setting next_dagrun for flujo_RAG_completo to None, run_after=None
[2025-10-08T00:07:10.725+0000] {processor.py:179} INFO - Processing /opt/airflow/dags/Ingestion_pipeline.py took 0.056 seconds
[2025-10-08T00:07:40.959+0000] {processor.py:157} INFO - Started process (PID=10217) to work on /opt/airflow/dags/Ingestion_pipeline.py
[2025-10-08T00:07:40.960+0000] {processor.py:829} INFO - Processing file /opt/airflow/dags/Ingestion_pipeline.py for tasks to queue
[2025-10-08T00:07:40.962+0000] {logging_mixin.py:151} INFO - [2025-10-08T00:07:40.962+0000] {dagbag.py:539} INFO - Filling up the DagBag from /opt/airflow/dags/Ingestion_pipeline.py
[2025-10-08T00:07:40.978+0000] {processor.py:839} INFO - DAG(s) dict_keys(['flujo_RAG_completo']) retrieved from /opt/airflow/dags/Ingestion_pipeline.py
[2025-10-08T00:07:40.996+0000] {logging_mixin.py:151} INFO - [2025-10-08T00:07:40.996+0000] {dag.py:2915} INFO - Sync 1 DAGs
[2025-10-08T00:07:41.003+0000] {logging_mixin.py:151} INFO - [2025-10-08T00:07:41.003+0000] {dag.py:3696} INFO - Setting next_dagrun for flujo_RAG_completo to None, run_after=None
[2025-10-08T00:07:41.014+0000] {processor.py:179} INFO - Processing /opt/airflow/dags/Ingestion_pipeline.py took 0.059 seconds
[2025-10-08T00:08:11.140+0000] {processor.py:157} INFO - Started process (PID=10243) to work on /opt/airflow/dags/Ingestion_pipeline.py
[2025-10-08T00:08:11.141+0000] {processor.py:829} INFO - Processing file /opt/airflow/dags/Ingestion_pipeline.py for tasks to queue
[2025-10-08T00:08:11.143+0000] {logging_mixin.py:151} INFO - [2025-10-08T00:08:11.143+0000] {dagbag.py:539} INFO - Filling up the DagBag from /opt/airflow/dags/Ingestion_pipeline.py
[2025-10-08T00:08:11.158+0000] {processor.py:839} INFO - DAG(s) dict_keys(['flujo_RAG_completo']) retrieved from /opt/airflow/dags/Ingestion_pipeline.py
[2025-10-08T00:08:11.177+0000] {logging_mixin.py:151} INFO - [2025-10-08T00:08:11.177+0000] {dag.py:2915} INFO - Sync 1 DAGs
[2025-10-08T00:08:11.184+0000] {logging_mixin.py:151} INFO - [2025-10-08T00:08:11.184+0000] {dag.py:3696} INFO - Setting next_dagrun for flujo_RAG_completo to None, run_after=None
[2025-10-08T00:08:11.193+0000] {processor.py:179} INFO - Processing /opt/airflow/dags/Ingestion_pipeline.py took 0.057 seconds
[2025-10-08T00:08:41.445+0000] {processor.py:157} INFO - Started process (PID=10261) to work on /opt/airflow/dags/Ingestion_pipeline.py
[2025-10-08T00:08:41.446+0000] {processor.py:829} INFO - Processing file /opt/airflow/dags/Ingestion_pipeline.py for tasks to queue
[2025-10-08T00:08:41.448+0000] {logging_mixin.py:151} INFO - [2025-10-08T00:08:41.447+0000] {dagbag.py:539} INFO - Filling up the DagBag from /opt/airflow/dags/Ingestion_pipeline.py
[2025-10-08T00:08:41.465+0000] {processor.py:839} INFO - DAG(s) dict_keys(['flujo_RAG_completo']) retrieved from /opt/airflow/dags/Ingestion_pipeline.py
[2025-10-08T00:08:41.485+0000] {logging_mixin.py:151} INFO - [2025-10-08T00:08:41.485+0000] {dag.py:2915} INFO - Sync 1 DAGs
[2025-10-08T00:08:41.492+0000] {logging_mixin.py:151} INFO - [2025-10-08T00:08:41.492+0000] {dag.py:3696} INFO - Setting next_dagrun for flujo_RAG_completo to None, run_after=None
[2025-10-08T00:08:41.502+0000] {processor.py:179} INFO - Processing /opt/airflow/dags/Ingestion_pipeline.py took 0.060 seconds
[2025-10-08T00:09:11.755+0000] {processor.py:157} INFO - Started process (PID=10287) to work on /opt/airflow/dags/Ingestion_pipeline.py
[2025-10-08T00:09:11.756+0000] {processor.py:829} INFO - Processing file /opt/airflow/dags/Ingestion_pipeline.py for tasks to queue
[2025-10-08T00:09:11.757+0000] {logging_mixin.py:151} INFO - [2025-10-08T00:09:11.757+0000] {dagbag.py:539} INFO - Filling up the DagBag from /opt/airflow/dags/Ingestion_pipeline.py
[2025-10-08T00:09:11.772+0000] {processor.py:839} INFO - DAG(s) dict_keys(['flujo_RAG_completo']) retrieved from /opt/airflow/dags/Ingestion_pipeline.py
[2025-10-08T00:09:11.791+0000] {logging_mixin.py:151} INFO - [2025-10-08T00:09:11.791+0000] {dag.py:2915} INFO - Sync 1 DAGs
[2025-10-08T00:09:11.797+0000] {logging_mixin.py:151} INFO - [2025-10-08T00:09:11.797+0000] {dag.py:3696} INFO - Setting next_dagrun for flujo_RAG_completo to None, run_after=None
[2025-10-08T00:09:11.807+0000] {processor.py:179} INFO - Processing /opt/airflow/dags/Ingestion_pipeline.py took 0.055 seconds
[2025-10-08T00:09:42.100+0000] {processor.py:157} INFO - Started process (PID=10313) to work on /opt/airflow/dags/Ingestion_pipeline.py
[2025-10-08T00:09:42.101+0000] {processor.py:829} INFO - Processing file /opt/airflow/dags/Ingestion_pipeline.py for tasks to queue
[2025-10-08T00:09:42.103+0000] {logging_mixin.py:151} INFO - [2025-10-08T00:09:42.103+0000] {dagbag.py:539} INFO - Filling up the DagBag from /opt/airflow/dags/Ingestion_pipeline.py
[2025-10-08T00:09:42.117+0000] {processor.py:839} INFO - DAG(s) dict_keys(['flujo_RAG_completo']) retrieved from /opt/airflow/dags/Ingestion_pipeline.py
[2025-10-08T00:09:42.135+0000] {logging_mixin.py:151} INFO - [2025-10-08T00:09:42.135+0000] {dag.py:2915} INFO - Sync 1 DAGs
[2025-10-08T00:09:42.142+0000] {logging_mixin.py:151} INFO - [2025-10-08T00:09:42.142+0000] {dag.py:3696} INFO - Setting next_dagrun for flujo_RAG_completo to None, run_after=None
[2025-10-08T00:09:42.151+0000] {processor.py:179} INFO - Processing /opt/airflow/dags/Ingestion_pipeline.py took 0.053 seconds
[2025-10-08T00:10:12.421+0000] {processor.py:157} INFO - Started process (PID=10339) to work on /opt/airflow/dags/Ingestion_pipeline.py
[2025-10-08T00:10:12.422+0000] {processor.py:829} INFO - Processing file /opt/airflow/dags/Ingestion_pipeline.py for tasks to queue
[2025-10-08T00:10:12.423+0000] {logging_mixin.py:151} INFO - [2025-10-08T00:10:12.423+0000] {dagbag.py:539} INFO - Filling up the DagBag from /opt/airflow/dags/Ingestion_pipeline.py
[2025-10-08T00:10:12.440+0000] {processor.py:839} INFO - DAG(s) dict_keys(['flujo_RAG_completo']) retrieved from /opt/airflow/dags/Ingestion_pipeline.py
[2025-10-08T00:10:12.460+0000] {logging_mixin.py:151} INFO - [2025-10-08T00:10:12.459+0000] {dag.py:2915} INFO - Sync 1 DAGs
[2025-10-08T00:10:12.467+0000] {logging_mixin.py:151} INFO - [2025-10-08T00:10:12.467+0000] {dag.py:3696} INFO - Setting next_dagrun for flujo_RAG_completo to None, run_after=None
[2025-10-08T00:10:12.476+0000] {processor.py:179} INFO - Processing /opt/airflow/dags/Ingestion_pipeline.py took 0.058 seconds
[2025-10-08T00:10:42.752+0000] {processor.py:157} INFO - Started process (PID=10357) to work on /opt/airflow/dags/Ingestion_pipeline.py
[2025-10-08T00:10:42.753+0000] {processor.py:829} INFO - Processing file /opt/airflow/dags/Ingestion_pipeline.py for tasks to queue
[2025-10-08T00:10:42.754+0000] {logging_mixin.py:151} INFO - [2025-10-08T00:10:42.754+0000] {dagbag.py:539} INFO - Filling up the DagBag from /opt/airflow/dags/Ingestion_pipeline.py
[2025-10-08T00:10:42.772+0000] {processor.py:839} INFO - DAG(s) dict_keys(['flujo_RAG_completo']) retrieved from /opt/airflow/dags/Ingestion_pipeline.py
[2025-10-08T00:10:42.790+0000] {logging_mixin.py:151} INFO - [2025-10-08T00:10:42.790+0000] {dag.py:2915} INFO - Sync 1 DAGs
[2025-10-08T00:10:42.797+0000] {logging_mixin.py:151} INFO - [2025-10-08T00:10:42.797+0000] {dag.py:3696} INFO - Setting next_dagrun for flujo_RAG_completo to None, run_after=None
[2025-10-08T00:10:42.807+0000] {processor.py:179} INFO - Processing /opt/airflow/dags/Ingestion_pipeline.py took 0.057 seconds
[2025-10-08T00:11:13.077+0000] {processor.py:157} INFO - Started process (PID=10383) to work on /opt/airflow/dags/Ingestion_pipeline.py
[2025-10-08T00:11:13.078+0000] {processor.py:829} INFO - Processing file /opt/airflow/dags/Ingestion_pipeline.py for tasks to queue
[2025-10-08T00:11:13.080+0000] {logging_mixin.py:151} INFO - [2025-10-08T00:11:13.079+0000] {dagbag.py:539} INFO - Filling up the DagBag from /opt/airflow/dags/Ingestion_pipeline.py
[2025-10-08T00:11:13.096+0000] {processor.py:839} INFO - DAG(s) dict_keys(['flujo_RAG_completo']) retrieved from /opt/airflow/dags/Ingestion_pipeline.py
[2025-10-08T00:11:13.115+0000] {logging_mixin.py:151} INFO - [2025-10-08T00:11:13.115+0000] {dag.py:2915} INFO - Sync 1 DAGs
[2025-10-08T00:11:13.122+0000] {logging_mixin.py:151} INFO - [2025-10-08T00:11:13.122+0000] {dag.py:3696} INFO - Setting next_dagrun for flujo_RAG_completo to None, run_after=None
[2025-10-08T00:11:13.132+0000] {processor.py:179} INFO - Processing /opt/airflow/dags/Ingestion_pipeline.py took 0.058 seconds
[2025-10-08T00:11:43.399+0000] {processor.py:157} INFO - Started process (PID=10409) to work on /opt/airflow/dags/Ingestion_pipeline.py
[2025-10-08T00:11:43.400+0000] {processor.py:829} INFO - Processing file /opt/airflow/dags/Ingestion_pipeline.py for tasks to queue
[2025-10-08T00:11:43.402+0000] {logging_mixin.py:151} INFO - [2025-10-08T00:11:43.402+0000] {dagbag.py:539} INFO - Filling up the DagBag from /opt/airflow/dags/Ingestion_pipeline.py
[2025-10-08T00:11:43.417+0000] {processor.py:839} INFO - DAG(s) dict_keys(['flujo_RAG_completo']) retrieved from /opt/airflow/dags/Ingestion_pipeline.py
[2025-10-08T00:11:43.435+0000] {logging_mixin.py:151} INFO - [2025-10-08T00:11:43.435+0000] {dag.py:2915} INFO - Sync 1 DAGs
[2025-10-08T00:11:43.442+0000] {logging_mixin.py:151} INFO - [2025-10-08T00:11:43.442+0000] {dag.py:3696} INFO - Setting next_dagrun for flujo_RAG_completo to None, run_after=None
[2025-10-08T00:11:43.452+0000] {processor.py:179} INFO - Processing /opt/airflow/dags/Ingestion_pipeline.py took 0.056 seconds
[2025-10-08T00:12:13.712+0000] {processor.py:157} INFO - Started process (PID=10436) to work on /opt/airflow/dags/Ingestion_pipeline.py
[2025-10-08T00:12:13.715+0000] {processor.py:829} INFO - Processing file /opt/airflow/dags/Ingestion_pipeline.py for tasks to queue
[2025-10-08T00:12:13.717+0000] {logging_mixin.py:151} INFO - [2025-10-08T00:12:13.716+0000] {dagbag.py:539} INFO - Filling up the DagBag from /opt/airflow/dags/Ingestion_pipeline.py
[2025-10-08T00:12:13.734+0000] {processor.py:839} INFO - DAG(s) dict_keys(['flujo_RAG_completo']) retrieved from /opt/airflow/dags/Ingestion_pipeline.py
[2025-10-08T00:12:13.752+0000] {logging_mixin.py:151} INFO - [2025-10-08T00:12:13.752+0000] {dag.py:2915} INFO - Sync 1 DAGs
[2025-10-08T00:12:13.759+0000] {logging_mixin.py:151} INFO - [2025-10-08T00:12:13.759+0000] {dag.py:3696} INFO - Setting next_dagrun for flujo_RAG_completo to None, run_after=None
[2025-10-08T00:12:13.768+0000] {processor.py:179} INFO - Processing /opt/airflow/dags/Ingestion_pipeline.py took 0.060 seconds
[2025-10-08T00:12:44.062+0000] {processor.py:157} INFO - Started process (PID=10454) to work on /opt/airflow/dags/Ingestion_pipeline.py
[2025-10-08T00:12:44.064+0000] {processor.py:829} INFO - Processing file /opt/airflow/dags/Ingestion_pipeline.py for tasks to queue
[2025-10-08T00:12:44.065+0000] {logging_mixin.py:151} INFO - [2025-10-08T00:12:44.065+0000] {dagbag.py:539} INFO - Filling up the DagBag from /opt/airflow/dags/Ingestion_pipeline.py
[2025-10-08T00:12:44.082+0000] {processor.py:839} INFO - DAG(s) dict_keys(['flujo_RAG_completo']) retrieved from /opt/airflow/dags/Ingestion_pipeline.py
[2025-10-08T00:12:44.101+0000] {logging_mixin.py:151} INFO - [2025-10-08T00:12:44.101+0000] {dag.py:2915} INFO - Sync 1 DAGs
[2025-10-08T00:12:44.108+0000] {logging_mixin.py:151} INFO - [2025-10-08T00:12:44.108+0000] {dag.py:3696} INFO - Setting next_dagrun for flujo_RAG_completo to None, run_after=None
[2025-10-08T00:12:44.117+0000] {processor.py:179} INFO - Processing /opt/airflow/dags/Ingestion_pipeline.py took 0.057 seconds
[2025-10-08T00:13:14.348+0000] {processor.py:157} INFO - Started process (PID=10480) to work on /opt/airflow/dags/Ingestion_pipeline.py
[2025-10-08T00:13:14.350+0000] {processor.py:829} INFO - Processing file /opt/airflow/dags/Ingestion_pipeline.py for tasks to queue
[2025-10-08T00:13:14.352+0000] {logging_mixin.py:151} INFO - [2025-10-08T00:13:14.352+0000] {dagbag.py:539} INFO - Filling up the DagBag from /opt/airflow/dags/Ingestion_pipeline.py
[2025-10-08T00:13:14.368+0000] {processor.py:839} INFO - DAG(s) dict_keys(['flujo_RAG_completo']) retrieved from /opt/airflow/dags/Ingestion_pipeline.py
[2025-10-08T00:13:14.387+0000] {logging_mixin.py:151} INFO - [2025-10-08T00:13:14.387+0000] {dag.py:2915} INFO - Sync 1 DAGs
[2025-10-08T00:13:14.393+0000] {logging_mixin.py:151} INFO - [2025-10-08T00:13:14.393+0000] {dag.py:3696} INFO - Setting next_dagrun for flujo_RAG_completo to None, run_after=None
[2025-10-08T00:13:14.403+0000] {processor.py:179} INFO - Processing /opt/airflow/dags/Ingestion_pipeline.py took 0.057 seconds
[2025-10-08T00:13:44.614+0000] {processor.py:157} INFO - Started process (PID=10506) to work on /opt/airflow/dags/Ingestion_pipeline.py
[2025-10-08T00:13:44.616+0000] {processor.py:829} INFO - Processing file /opt/airflow/dags/Ingestion_pipeline.py for tasks to queue
[2025-10-08T00:13:44.618+0000] {logging_mixin.py:151} INFO - [2025-10-08T00:13:44.617+0000] {dagbag.py:539} INFO - Filling up the DagBag from /opt/airflow/dags/Ingestion_pipeline.py
[2025-10-08T00:13:44.636+0000] {processor.py:839} INFO - DAG(s) dict_keys(['flujo_RAG_completo']) retrieved from /opt/airflow/dags/Ingestion_pipeline.py
[2025-10-08T00:13:44.654+0000] {logging_mixin.py:151} INFO - [2025-10-08T00:13:44.654+0000] {dag.py:2915} INFO - Sync 1 DAGs
[2025-10-08T00:13:44.661+0000] {logging_mixin.py:151} INFO - [2025-10-08T00:13:44.661+0000] {dag.py:3696} INFO - Setting next_dagrun for flujo_RAG_completo to None, run_after=None
[2025-10-08T00:13:44.673+0000] {processor.py:179} INFO - Processing /opt/airflow/dags/Ingestion_pipeline.py took 0.061 seconds
[2025-10-08T00:14:14.902+0000] {processor.py:157} INFO - Started process (PID=10532) to work on /opt/airflow/dags/Ingestion_pipeline.py
[2025-10-08T00:14:14.903+0000] {processor.py:829} INFO - Processing file /opt/airflow/dags/Ingestion_pipeline.py for tasks to queue
[2025-10-08T00:14:14.905+0000] {logging_mixin.py:151} INFO - [2025-10-08T00:14:14.904+0000] {dagbag.py:539} INFO - Filling up the DagBag from /opt/airflow/dags/Ingestion_pipeline.py
[2025-10-08T00:14:14.918+0000] {processor.py:839} INFO - DAG(s) dict_keys(['flujo_RAG_completo']) retrieved from /opt/airflow/dags/Ingestion_pipeline.py
[2025-10-08T00:14:14.936+0000] {logging_mixin.py:151} INFO - [2025-10-08T00:14:14.935+0000] {dag.py:2915} INFO - Sync 1 DAGs
[2025-10-08T00:14:14.944+0000] {logging_mixin.py:151} INFO - [2025-10-08T00:14:14.943+0000] {dag.py:3696} INFO - Setting next_dagrun for flujo_RAG_completo to None, run_after=None
[2025-10-08T00:14:14.953+0000] {processor.py:179} INFO - Processing /opt/airflow/dags/Ingestion_pipeline.py took 0.053 seconds
[2025-10-08T00:14:45.164+0000] {processor.py:157} INFO - Started process (PID=10550) to work on /opt/airflow/dags/Ingestion_pipeline.py
[2025-10-08T00:14:45.166+0000] {processor.py:829} INFO - Processing file /opt/airflow/dags/Ingestion_pipeline.py for tasks to queue
[2025-10-08T00:14:45.167+0000] {logging_mixin.py:151} INFO - [2025-10-08T00:14:45.167+0000] {dagbag.py:539} INFO - Filling up the DagBag from /opt/airflow/dags/Ingestion_pipeline.py
[2025-10-08T00:14:45.182+0000] {processor.py:839} INFO - DAG(s) dict_keys(['flujo_RAG_completo']) retrieved from /opt/airflow/dags/Ingestion_pipeline.py
[2025-10-08T00:14:45.201+0000] {logging_mixin.py:151} INFO - [2025-10-08T00:14:45.201+0000] {dag.py:2915} INFO - Sync 1 DAGs
[2025-10-08T00:14:45.208+0000] {logging_mixin.py:151} INFO - [2025-10-08T00:14:45.208+0000] {dag.py:3696} INFO - Setting next_dagrun for flujo_RAG_completo to None, run_after=None
[2025-10-08T00:14:45.218+0000] {processor.py:179} INFO - Processing /opt/airflow/dags/Ingestion_pipeline.py took 0.057 seconds
[2025-10-08T00:15:15.457+0000] {processor.py:157} INFO - Started process (PID=10576) to work on /opt/airflow/dags/Ingestion_pipeline.py
[2025-10-08T00:15:15.458+0000] {processor.py:829} INFO - Processing file /opt/airflow/dags/Ingestion_pipeline.py for tasks to queue
[2025-10-08T00:15:15.460+0000] {logging_mixin.py:151} INFO - [2025-10-08T00:15:15.460+0000] {dagbag.py:539} INFO - Filling up the DagBag from /opt/airflow/dags/Ingestion_pipeline.py
[2025-10-08T00:15:15.476+0000] {processor.py:839} INFO - DAG(s) dict_keys(['flujo_RAG_completo']) retrieved from /opt/airflow/dags/Ingestion_pipeline.py
[2025-10-08T00:15:15.494+0000] {logging_mixin.py:151} INFO - [2025-10-08T00:15:15.494+0000] {dag.py:2915} INFO - Sync 1 DAGs
[2025-10-08T00:15:15.500+0000] {logging_mixin.py:151} INFO - [2025-10-08T00:15:15.500+0000] {dag.py:3696} INFO - Setting next_dagrun for flujo_RAG_completo to None, run_after=None
[2025-10-08T00:15:15.510+0000] {processor.py:179} INFO - Processing /opt/airflow/dags/Ingestion_pipeline.py took 0.055 seconds
[2025-10-08T00:15:45.723+0000] {processor.py:157} INFO - Started process (PID=10602) to work on /opt/airflow/dags/Ingestion_pipeline.py
[2025-10-08T00:15:45.724+0000] {processor.py:829} INFO - Processing file /opt/airflow/dags/Ingestion_pipeline.py for tasks to queue
[2025-10-08T00:15:45.726+0000] {logging_mixin.py:151} INFO - [2025-10-08T00:15:45.726+0000] {dagbag.py:539} INFO - Filling up the DagBag from /opt/airflow/dags/Ingestion_pipeline.py
[2025-10-08T00:15:45.741+0000] {processor.py:839} INFO - DAG(s) dict_keys(['flujo_RAG_completo']) retrieved from /opt/airflow/dags/Ingestion_pipeline.py
[2025-10-08T00:15:45.759+0000] {logging_mixin.py:151} INFO - [2025-10-08T00:15:45.759+0000] {dag.py:2915} INFO - Sync 1 DAGs
[2025-10-08T00:15:45.765+0000] {logging_mixin.py:151} INFO - [2025-10-08T00:15:45.765+0000] {dag.py:3696} INFO - Setting next_dagrun for flujo_RAG_completo to None, run_after=None
[2025-10-08T00:15:45.775+0000] {processor.py:179} INFO - Processing /opt/airflow/dags/Ingestion_pipeline.py took 0.055 seconds
[2025-10-08T00:16:16.081+0000] {processor.py:157} INFO - Started process (PID=10628) to work on /opt/airflow/dags/Ingestion_pipeline.py
[2025-10-08T00:16:16.083+0000] {processor.py:829} INFO - Processing file /opt/airflow/dags/Ingestion_pipeline.py for tasks to queue
[2025-10-08T00:16:16.085+0000] {logging_mixin.py:151} INFO - [2025-10-08T00:16:16.085+0000] {dagbag.py:539} INFO - Filling up the DagBag from /opt/airflow/dags/Ingestion_pipeline.py
[2025-10-08T00:16:16.101+0000] {processor.py:839} INFO - DAG(s) dict_keys(['flujo_RAG_completo']) retrieved from /opt/airflow/dags/Ingestion_pipeline.py
[2025-10-08T00:16:16.119+0000] {logging_mixin.py:151} INFO - [2025-10-08T00:16:16.119+0000] {dag.py:2915} INFO - Sync 1 DAGs
[2025-10-08T00:16:16.126+0000] {logging_mixin.py:151} INFO - [2025-10-08T00:16:16.126+0000] {dag.py:3696} INFO - Setting next_dagrun for flujo_RAG_completo to None, run_after=None
[2025-10-08T00:16:16.136+0000] {processor.py:179} INFO - Processing /opt/airflow/dags/Ingestion_pipeline.py took 0.057 seconds
[2025-10-08T00:16:46.371+0000] {processor.py:157} INFO - Started process (PID=10646) to work on /opt/airflow/dags/Ingestion_pipeline.py
[2025-10-08T00:16:46.373+0000] {processor.py:829} INFO - Processing file /opt/airflow/dags/Ingestion_pipeline.py for tasks to queue
[2025-10-08T00:16:46.374+0000] {logging_mixin.py:151} INFO - [2025-10-08T00:16:46.374+0000] {dagbag.py:539} INFO - Filling up the DagBag from /opt/airflow/dags/Ingestion_pipeline.py
[2025-10-08T00:16:46.388+0000] {processor.py:839} INFO - DAG(s) dict_keys(['flujo_RAG_completo']) retrieved from /opt/airflow/dags/Ingestion_pipeline.py
[2025-10-08T00:16:46.408+0000] {logging_mixin.py:151} INFO - [2025-10-08T00:16:46.407+0000] {dag.py:2915} INFO - Sync 1 DAGs
[2025-10-08T00:16:46.414+0000] {logging_mixin.py:151} INFO - [2025-10-08T00:16:46.414+0000] {dag.py:3696} INFO - Setting next_dagrun for flujo_RAG_completo to None, run_after=None
[2025-10-08T00:16:46.425+0000] {processor.py:179} INFO - Processing /opt/airflow/dags/Ingestion_pipeline.py took 0.055 seconds
[2025-10-08T00:17:16.741+0000] {processor.py:157} INFO - Started process (PID=10672) to work on /opt/airflow/dags/Ingestion_pipeline.py
[2025-10-08T00:17:16.743+0000] {processor.py:829} INFO - Processing file /opt/airflow/dags/Ingestion_pipeline.py for tasks to queue
[2025-10-08T00:17:16.745+0000] {logging_mixin.py:151} INFO - [2025-10-08T00:17:16.745+0000] {dagbag.py:539} INFO - Filling up the DagBag from /opt/airflow/dags/Ingestion_pipeline.py
[2025-10-08T00:17:16.760+0000] {processor.py:839} INFO - DAG(s) dict_keys(['flujo_RAG_completo']) retrieved from /opt/airflow/dags/Ingestion_pipeline.py
[2025-10-08T00:17:16.779+0000] {logging_mixin.py:151} INFO - [2025-10-08T00:17:16.779+0000] {dag.py:2915} INFO - Sync 1 DAGs
[2025-10-08T00:17:16.785+0000] {logging_mixin.py:151} INFO - [2025-10-08T00:17:16.785+0000] {dag.py:3696} INFO - Setting next_dagrun for flujo_RAG_completo to None, run_after=None
[2025-10-08T00:17:16.795+0000] {processor.py:179} INFO - Processing /opt/airflow/dags/Ingestion_pipeline.py took 0.056 seconds
[2025-10-08T00:17:47.098+0000] {processor.py:157} INFO - Started process (PID=10698) to work on /opt/airflow/dags/Ingestion_pipeline.py
[2025-10-08T00:17:47.100+0000] {processor.py:829} INFO - Processing file /opt/airflow/dags/Ingestion_pipeline.py for tasks to queue
[2025-10-08T00:17:47.102+0000] {logging_mixin.py:151} INFO - [2025-10-08T00:17:47.102+0000] {dagbag.py:539} INFO - Filling up the DagBag from /opt/airflow/dags/Ingestion_pipeline.py
[2025-10-08T00:17:47.121+0000] {processor.py:839} INFO - DAG(s) dict_keys(['flujo_RAG_completo']) retrieved from /opt/airflow/dags/Ingestion_pipeline.py
[2025-10-08T00:17:47.140+0000] {logging_mixin.py:151} INFO - [2025-10-08T00:17:47.140+0000] {dag.py:2915} INFO - Sync 1 DAGs
[2025-10-08T00:17:47.147+0000] {logging_mixin.py:151} INFO - [2025-10-08T00:17:47.147+0000] {dag.py:3696} INFO - Setting next_dagrun for flujo_RAG_completo to None, run_after=None
[2025-10-08T00:17:47.158+0000] {processor.py:179} INFO - Processing /opt/airflow/dags/Ingestion_pipeline.py took 0.063 seconds
