[2025-10-08T00:00:28.445+0000] {processor.py:157} INFO - Started process (PID=9876) to work on /opt/airflow/dags/RAG_dag.py
[2025-10-08T00:00:28.446+0000] {processor.py:829} INFO - Processing file /opt/airflow/dags/RAG_dag.py for tasks to queue
[2025-10-08T00:00:28.447+0000] {logging_mixin.py:151} INFO - [2025-10-08T00:00:28.447+0000] {dagbag.py:539} INFO - Filling up the DagBag from /opt/airflow/dags/RAG_dag.py
[2025-10-08T00:00:28.464+0000] {processor.py:839} INFO - DAG(s) dict_keys(['flujo_RAG']) retrieved from /opt/airflow/dags/RAG_dag.py
[2025-10-08T00:00:28.489+0000] {logging_mixin.py:151} INFO - [2025-10-08T00:00:28.488+0000] {dag.py:2915} INFO - Sync 1 DAGs
[2025-10-08T00:00:28.495+0000] {logging_mixin.py:151} INFO - [2025-10-08T00:00:28.494+0000] {dag.py:3696} INFO - Setting next_dagrun for flujo_RAG to None, run_after=None
[2025-10-08T00:00:28.505+0000] {processor.py:179} INFO - Processing /opt/airflow/dags/RAG_dag.py took 0.063 seconds
[2025-10-08T00:00:58.774+0000] {processor.py:157} INFO - Started process (PID=9902) to work on /opt/airflow/dags/RAG_dag.py
[2025-10-08T00:00:58.775+0000] {processor.py:829} INFO - Processing file /opt/airflow/dags/RAG_dag.py for tasks to queue
[2025-10-08T00:00:58.777+0000] {logging_mixin.py:151} INFO - [2025-10-08T00:00:58.777+0000] {dagbag.py:539} INFO - Filling up the DagBag from /opt/airflow/dags/RAG_dag.py
[2025-10-08T00:00:58.794+0000] {processor.py:839} INFO - DAG(s) dict_keys(['flujo_RAG']) retrieved from /opt/airflow/dags/RAG_dag.py
[2025-10-08T00:00:58.820+0000] {logging_mixin.py:151} INFO - [2025-10-08T00:00:58.819+0000] {dag.py:2915} INFO - Sync 1 DAGs
[2025-10-08T00:00:58.826+0000] {logging_mixin.py:151} INFO - [2025-10-08T00:00:58.826+0000] {dag.py:3696} INFO - Setting next_dagrun for flujo_RAG to None, run_after=None
[2025-10-08T00:00:58.837+0000] {processor.py:179} INFO - Processing /opt/airflow/dags/RAG_dag.py took 0.065 seconds
[2025-10-08T00:01:29.115+0000] {processor.py:157} INFO - Started process (PID=9920) to work on /opt/airflow/dags/RAG_dag.py
[2025-10-08T00:01:29.116+0000] {processor.py:829} INFO - Processing file /opt/airflow/dags/RAG_dag.py for tasks to queue
[2025-10-08T00:01:29.117+0000] {logging_mixin.py:151} INFO - [2025-10-08T00:01:29.117+0000] {dagbag.py:539} INFO - Filling up the DagBag from /opt/airflow/dags/RAG_dag.py
[2025-10-08T00:01:29.133+0000] {processor.py:839} INFO - DAG(s) dict_keys(['flujo_RAG']) retrieved from /opt/airflow/dags/RAG_dag.py
[2025-10-08T00:01:29.155+0000] {logging_mixin.py:151} INFO - [2025-10-08T00:01:29.155+0000] {dag.py:2915} INFO - Sync 1 DAGs
[2025-10-08T00:01:29.161+0000] {logging_mixin.py:151} INFO - [2025-10-08T00:01:29.161+0000] {dag.py:3696} INFO - Setting next_dagrun for flujo_RAG to None, run_after=None
[2025-10-08T00:01:29.171+0000] {processor.py:179} INFO - Processing /opt/airflow/dags/RAG_dag.py took 0.058 seconds
[2025-10-08T00:01:59.427+0000] {processor.py:157} INFO - Started process (PID=9946) to work on /opt/airflow/dags/RAG_dag.py
[2025-10-08T00:01:59.428+0000] {processor.py:829} INFO - Processing file /opt/airflow/dags/RAG_dag.py for tasks to queue
[2025-10-08T00:01:59.430+0000] {logging_mixin.py:151} INFO - [2025-10-08T00:01:59.430+0000] {dagbag.py:539} INFO - Filling up the DagBag from /opt/airflow/dags/RAG_dag.py
[2025-10-08T00:01:59.448+0000] {processor.py:839} INFO - DAG(s) dict_keys(['flujo_RAG']) retrieved from /opt/airflow/dags/RAG_dag.py
[2025-10-08T00:01:59.473+0000] {logging_mixin.py:151} INFO - [2025-10-08T00:01:59.473+0000] {dag.py:2915} INFO - Sync 1 DAGs
[2025-10-08T00:01:59.481+0000] {logging_mixin.py:151} INFO - [2025-10-08T00:01:59.480+0000] {dag.py:3696} INFO - Setting next_dagrun for flujo_RAG to None, run_after=None
[2025-10-08T00:01:59.492+0000] {processor.py:179} INFO - Processing /opt/airflow/dags/RAG_dag.py took 0.068 seconds
[2025-10-08T00:02:29.742+0000] {processor.py:157} INFO - Started process (PID=9973) to work on /opt/airflow/dags/RAG_dag.py
[2025-10-08T00:02:29.743+0000] {processor.py:829} INFO - Processing file /opt/airflow/dags/RAG_dag.py for tasks to queue
[2025-10-08T00:02:29.746+0000] {logging_mixin.py:151} INFO - [2025-10-08T00:02:29.746+0000] {dagbag.py:539} INFO - Filling up the DagBag from /opt/airflow/dags/RAG_dag.py
[2025-10-08T00:02:29.768+0000] {processor.py:839} INFO - DAG(s) dict_keys(['flujo_RAG']) retrieved from /opt/airflow/dags/RAG_dag.py
[2025-10-08T00:02:29.795+0000] {logging_mixin.py:151} INFO - [2025-10-08T00:02:29.795+0000] {dag.py:2915} INFO - Sync 1 DAGs
[2025-10-08T00:02:29.804+0000] {logging_mixin.py:151} INFO - [2025-10-08T00:02:29.804+0000] {dag.py:3696} INFO - Setting next_dagrun for flujo_RAG to None, run_after=None
[2025-10-08T00:02:29.816+0000] {processor.py:179} INFO - Processing /opt/airflow/dags/RAG_dag.py took 0.077 seconds
[2025-10-08T00:02:59.995+0000] {processor.py:157} INFO - Started process (PID=9999) to work on /opt/airflow/dags/RAG_dag.py
[2025-10-08T00:02:59.996+0000] {processor.py:829} INFO - Processing file /opt/airflow/dags/RAG_dag.py for tasks to queue
[2025-10-08T00:02:59.998+0000] {logging_mixin.py:151} INFO - [2025-10-08T00:02:59.998+0000] {dagbag.py:539} INFO - Filling up the DagBag from /opt/airflow/dags/RAG_dag.py
[2025-10-08T00:03:00.025+0000] {processor.py:839} INFO - DAG(s) dict_keys(['flujo_RAG']) retrieved from /opt/airflow/dags/RAG_dag.py
[2025-10-08T00:03:00.069+0000] {logging_mixin.py:151} INFO - [2025-10-08T00:03:00.068+0000] {dag.py:2915} INFO - Sync 1 DAGs
[2025-10-08T00:03:00.079+0000] {logging_mixin.py:151} INFO - [2025-10-08T00:03:00.079+0000] {dag.py:3696} INFO - Setting next_dagrun for flujo_RAG to None, run_after=None
[2025-10-08T00:03:00.095+0000] {processor.py:179} INFO - Processing /opt/airflow/dags/RAG_dag.py took 0.103 seconds
[2025-10-08T00:03:30.381+0000] {processor.py:157} INFO - Started process (PID=10017) to work on /opt/airflow/dags/RAG_dag.py
[2025-10-08T00:03:30.382+0000] {processor.py:829} INFO - Processing file /opt/airflow/dags/RAG_dag.py for tasks to queue
[2025-10-08T00:03:30.384+0000] {logging_mixin.py:151} INFO - [2025-10-08T00:03:30.383+0000] {dagbag.py:539} INFO - Filling up the DagBag from /opt/airflow/dags/RAG_dag.py
[2025-10-08T00:03:30.401+0000] {processor.py:839} INFO - DAG(s) dict_keys(['flujo_RAG']) retrieved from /opt/airflow/dags/RAG_dag.py
[2025-10-08T00:03:30.423+0000] {logging_mixin.py:151} INFO - [2025-10-08T00:03:30.423+0000] {dag.py:2915} INFO - Sync 1 DAGs
[2025-10-08T00:03:30.429+0000] {logging_mixin.py:151} INFO - [2025-10-08T00:03:30.429+0000] {dag.py:3696} INFO - Setting next_dagrun for flujo_RAG to None, run_after=None
[2025-10-08T00:03:30.439+0000] {processor.py:179} INFO - Processing /opt/airflow/dags/RAG_dag.py took 0.061 seconds
[2025-10-08T00:04:00.682+0000] {processor.py:157} INFO - Started process (PID=10043) to work on /opt/airflow/dags/RAG_dag.py
[2025-10-08T00:04:00.683+0000] {processor.py:829} INFO - Processing file /opt/airflow/dags/RAG_dag.py for tasks to queue
[2025-10-08T00:04:00.686+0000] {logging_mixin.py:151} INFO - [2025-10-08T00:04:00.686+0000] {dagbag.py:539} INFO - Filling up the DagBag from /opt/airflow/dags/RAG_dag.py
[2025-10-08T00:04:00.710+0000] {processor.py:839} INFO - DAG(s) dict_keys(['flujo_RAG']) retrieved from /opt/airflow/dags/RAG_dag.py
[2025-10-08T00:04:00.736+0000] {logging_mixin.py:151} INFO - [2025-10-08T00:04:00.736+0000] {dag.py:2915} INFO - Sync 1 DAGs
[2025-10-08T00:04:00.745+0000] {logging_mixin.py:151} INFO - [2025-10-08T00:04:00.745+0000] {dag.py:3696} INFO - Setting next_dagrun for flujo_RAG to None, run_after=None
[2025-10-08T00:04:00.756+0000] {processor.py:179} INFO - Processing /opt/airflow/dags/RAG_dag.py took 0.077 seconds
[2025-10-08T00:04:31.009+0000] {processor.py:157} INFO - Started process (PID=10069) to work on /opt/airflow/dags/RAG_dag.py
[2025-10-08T00:04:31.010+0000] {processor.py:829} INFO - Processing file /opt/airflow/dags/RAG_dag.py for tasks to queue
[2025-10-08T00:04:31.012+0000] {logging_mixin.py:151} INFO - [2025-10-08T00:04:31.011+0000] {dagbag.py:539} INFO - Filling up the DagBag from /opt/airflow/dags/RAG_dag.py
[2025-10-08T00:04:31.030+0000] {processor.py:839} INFO - DAG(s) dict_keys(['flujo_RAG']) retrieved from /opt/airflow/dags/RAG_dag.py
[2025-10-08T00:04:31.054+0000] {logging_mixin.py:151} INFO - [2025-10-08T00:04:31.054+0000] {dag.py:2915} INFO - Sync 1 DAGs
[2025-10-08T00:04:31.060+0000] {logging_mixin.py:151} INFO - [2025-10-08T00:04:31.060+0000] {dag.py:3696} INFO - Setting next_dagrun for flujo_RAG to None, run_after=None
[2025-10-08T00:04:31.070+0000] {processor.py:179} INFO - Processing /opt/airflow/dags/RAG_dag.py took 0.068 seconds
[2025-10-08T00:05:01.302+0000] {processor.py:157} INFO - Started process (PID=10094) to work on /opt/airflow/dags/RAG_dag.py
[2025-10-08T00:05:01.303+0000] {processor.py:829} INFO - Processing file /opt/airflow/dags/RAG_dag.py for tasks to queue
[2025-10-08T00:05:01.305+0000] {logging_mixin.py:151} INFO - [2025-10-08T00:05:01.305+0000] {dagbag.py:539} INFO - Filling up the DagBag from /opt/airflow/dags/RAG_dag.py
[2025-10-08T00:05:01.325+0000] {processor.py:839} INFO - DAG(s) dict_keys(['flujo_RAG']) retrieved from /opt/airflow/dags/RAG_dag.py
[2025-10-08T00:05:01.350+0000] {logging_mixin.py:151} INFO - [2025-10-08T00:05:01.350+0000] {dag.py:2915} INFO - Sync 1 DAGs
[2025-10-08T00:05:01.357+0000] {logging_mixin.py:151} INFO - [2025-10-08T00:05:01.357+0000] {dag.py:3696} INFO - Setting next_dagrun for flujo_RAG to None, run_after=None
[2025-10-08T00:05:01.368+0000] {processor.py:179} INFO - Processing /opt/airflow/dags/RAG_dag.py took 0.068 seconds
[2025-10-08T00:05:31.623+0000] {processor.py:157} INFO - Started process (PID=10112) to work on /opt/airflow/dags/RAG_dag.py
[2025-10-08T00:05:31.624+0000] {processor.py:829} INFO - Processing file /opt/airflow/dags/RAG_dag.py for tasks to queue
[2025-10-08T00:05:31.627+0000] {logging_mixin.py:151} INFO - [2025-10-08T00:05:31.626+0000] {dagbag.py:539} INFO - Filling up the DagBag from /opt/airflow/dags/RAG_dag.py
[2025-10-08T00:05:31.643+0000] {processor.py:839} INFO - DAG(s) dict_keys(['flujo_RAG']) retrieved from /opt/airflow/dags/RAG_dag.py
[2025-10-08T00:05:31.666+0000] {logging_mixin.py:151} INFO - [2025-10-08T00:05:31.665+0000] {dag.py:2915} INFO - Sync 1 DAGs
[2025-10-08T00:05:31.672+0000] {logging_mixin.py:151} INFO - [2025-10-08T00:05:31.672+0000] {dag.py:3696} INFO - Setting next_dagrun for flujo_RAG to None, run_after=None
[2025-10-08T00:05:31.681+0000] {processor.py:179} INFO - Processing /opt/airflow/dags/RAG_dag.py took 0.061 seconds
[2025-10-08T00:06:01.959+0000] {processor.py:157} INFO - Started process (PID=10138) to work on /opt/airflow/dags/RAG_dag.py
[2025-10-08T00:06:01.960+0000] {processor.py:829} INFO - Processing file /opt/airflow/dags/RAG_dag.py for tasks to queue
[2025-10-08T00:06:01.962+0000] {logging_mixin.py:151} INFO - [2025-10-08T00:06:01.962+0000] {dagbag.py:539} INFO - Filling up the DagBag from /opt/airflow/dags/RAG_dag.py
[2025-10-08T00:06:01.978+0000] {processor.py:839} INFO - DAG(s) dict_keys(['flujo_RAG']) retrieved from /opt/airflow/dags/RAG_dag.py
[2025-10-08T00:06:02.001+0000] {logging_mixin.py:151} INFO - [2025-10-08T00:06:02.001+0000] {dag.py:2915} INFO - Sync 1 DAGs
[2025-10-08T00:06:02.009+0000] {logging_mixin.py:151} INFO - [2025-10-08T00:06:02.009+0000] {dag.py:3696} INFO - Setting next_dagrun for flujo_RAG to None, run_after=None
[2025-10-08T00:06:02.019+0000] {processor.py:179} INFO - Processing /opt/airflow/dags/RAG_dag.py took 0.062 seconds
[2025-10-08T00:06:32.274+0000] {processor.py:157} INFO - Started process (PID=10164) to work on /opt/airflow/dags/RAG_dag.py
[2025-10-08T00:06:32.275+0000] {processor.py:829} INFO - Processing file /opt/airflow/dags/RAG_dag.py for tasks to queue
[2025-10-08T00:06:32.277+0000] {logging_mixin.py:151} INFO - [2025-10-08T00:06:32.277+0000] {dagbag.py:539} INFO - Filling up the DagBag from /opt/airflow/dags/RAG_dag.py
[2025-10-08T00:06:32.294+0000] {processor.py:839} INFO - DAG(s) dict_keys(['flujo_RAG']) retrieved from /opt/airflow/dags/RAG_dag.py
[2025-10-08T00:06:32.321+0000] {logging_mixin.py:151} INFO - [2025-10-08T00:06:32.320+0000] {dag.py:2915} INFO - Sync 1 DAGs
[2025-10-08T00:06:32.327+0000] {logging_mixin.py:151} INFO - [2025-10-08T00:06:32.327+0000] {dag.py:3696} INFO - Setting next_dagrun for flujo_RAG to None, run_after=None
[2025-10-08T00:06:32.339+0000] {processor.py:179} INFO - Processing /opt/airflow/dags/RAG_dag.py took 0.067 seconds
[2025-10-08T00:07:02.596+0000] {processor.py:157} INFO - Started process (PID=10190) to work on /opt/airflow/dags/RAG_dag.py
[2025-10-08T00:07:02.598+0000] {processor.py:829} INFO - Processing file /opt/airflow/dags/RAG_dag.py for tasks to queue
[2025-10-08T00:07:02.601+0000] {logging_mixin.py:151} INFO - [2025-10-08T00:07:02.601+0000] {dagbag.py:539} INFO - Filling up the DagBag from /opt/airflow/dags/RAG_dag.py
[2025-10-08T00:07:02.626+0000] {processor.py:839} INFO - DAG(s) dict_keys(['flujo_RAG']) retrieved from /opt/airflow/dags/RAG_dag.py
[2025-10-08T00:07:02.656+0000] {logging_mixin.py:151} INFO - [2025-10-08T00:07:02.656+0000] {dag.py:2915} INFO - Sync 1 DAGs
[2025-10-08T00:07:02.666+0000] {logging_mixin.py:151} INFO - [2025-10-08T00:07:02.666+0000] {dag.py:3696} INFO - Setting next_dagrun for flujo_RAG to None, run_after=None
[2025-10-08T00:07:02.680+0000] {processor.py:179} INFO - Processing /opt/airflow/dags/RAG_dag.py took 0.087 seconds
[2025-10-08T00:07:32.867+0000] {processor.py:157} INFO - Started process (PID=10209) to work on /opt/airflow/dags/RAG_dag.py
[2025-10-08T00:07:32.869+0000] {processor.py:829} INFO - Processing file /opt/airflow/dags/RAG_dag.py for tasks to queue
[2025-10-08T00:07:32.870+0000] {logging_mixin.py:151} INFO - [2025-10-08T00:07:32.870+0000] {dagbag.py:539} INFO - Filling up the DagBag from /opt/airflow/dags/RAG_dag.py
[2025-10-08T00:07:32.888+0000] {processor.py:839} INFO - DAG(s) dict_keys(['flujo_RAG']) retrieved from /opt/airflow/dags/RAG_dag.py
[2025-10-08T00:07:32.910+0000] {logging_mixin.py:151} INFO - [2025-10-08T00:07:32.910+0000] {dag.py:2915} INFO - Sync 1 DAGs
[2025-10-08T00:07:32.916+0000] {logging_mixin.py:151} INFO - [2025-10-08T00:07:32.916+0000] {dag.py:3696} INFO - Setting next_dagrun for flujo_RAG to None, run_after=None
[2025-10-08T00:07:32.926+0000] {processor.py:179} INFO - Processing /opt/airflow/dags/RAG_dag.py took 0.061 seconds
[2025-10-08T00:08:03.050+0000] {processor.py:157} INFO - Started process (PID=10234) to work on /opt/airflow/dags/RAG_dag.py
[2025-10-08T00:08:03.051+0000] {processor.py:829} INFO - Processing file /opt/airflow/dags/RAG_dag.py for tasks to queue
[2025-10-08T00:08:03.054+0000] {logging_mixin.py:151} INFO - [2025-10-08T00:08:03.054+0000] {dagbag.py:539} INFO - Filling up the DagBag from /opt/airflow/dags/RAG_dag.py
[2025-10-08T00:08:03.070+0000] {processor.py:839} INFO - DAG(s) dict_keys(['flujo_RAG']) retrieved from /opt/airflow/dags/RAG_dag.py
[2025-10-08T00:08:03.094+0000] {logging_mixin.py:151} INFO - [2025-10-08T00:08:03.094+0000] {dag.py:2915} INFO - Sync 1 DAGs
[2025-10-08T00:08:03.102+0000] {logging_mixin.py:151} INFO - [2025-10-08T00:08:03.101+0000] {dag.py:3696} INFO - Setting next_dagrun for flujo_RAG to None, run_after=None
[2025-10-08T00:08:03.110+0000] {processor.py:179} INFO - Processing /opt/airflow/dags/RAG_dag.py took 0.066 seconds
[2025-10-08T00:08:33.355+0000] {processor.py:157} INFO - Started process (PID=10260) to work on /opt/airflow/dags/RAG_dag.py
[2025-10-08T00:08:33.356+0000] {processor.py:829} INFO - Processing file /opt/airflow/dags/RAG_dag.py for tasks to queue
[2025-10-08T00:08:33.358+0000] {logging_mixin.py:151} INFO - [2025-10-08T00:08:33.358+0000] {dagbag.py:539} INFO - Filling up the DagBag from /opt/airflow/dags/RAG_dag.py
[2025-10-08T00:08:33.375+0000] {processor.py:839} INFO - DAG(s) dict_keys(['flujo_RAG']) retrieved from /opt/airflow/dags/RAG_dag.py
[2025-10-08T00:08:33.400+0000] {logging_mixin.py:151} INFO - [2025-10-08T00:08:33.400+0000] {dag.py:2915} INFO - Sync 1 DAGs
[2025-10-08T00:08:33.406+0000] {logging_mixin.py:151} INFO - [2025-10-08T00:08:33.406+0000] {dag.py:3696} INFO - Setting next_dagrun for flujo_RAG to None, run_after=None
[2025-10-08T00:08:33.415+0000] {processor.py:179} INFO - Processing /opt/airflow/dags/RAG_dag.py took 0.063 seconds
[2025-10-08T00:09:03.672+0000] {processor.py:157} INFO - Started process (PID=10285) to work on /opt/airflow/dags/RAG_dag.py
[2025-10-08T00:09:03.673+0000] {processor.py:829} INFO - Processing file /opt/airflow/dags/RAG_dag.py for tasks to queue
[2025-10-08T00:09:03.676+0000] {logging_mixin.py:151} INFO - [2025-10-08T00:09:03.676+0000] {dagbag.py:539} INFO - Filling up the DagBag from /opt/airflow/dags/RAG_dag.py
[2025-10-08T00:09:03.704+0000] {processor.py:839} INFO - DAG(s) dict_keys(['flujo_RAG']) retrieved from /opt/airflow/dags/RAG_dag.py
[2025-10-08T00:09:03.735+0000] {logging_mixin.py:151} INFO - [2025-10-08T00:09:03.735+0000] {dag.py:2915} INFO - Sync 1 DAGs
[2025-10-08T00:09:03.746+0000] {logging_mixin.py:151} INFO - [2025-10-08T00:09:03.745+0000] {dag.py:3696} INFO - Setting next_dagrun for flujo_RAG to None, run_after=None
[2025-10-08T00:09:03.759+0000] {processor.py:179} INFO - Processing /opt/airflow/dags/RAG_dag.py took 0.091 seconds
[2025-10-08T00:09:34.027+0000] {processor.py:157} INFO - Started process (PID=10304) to work on /opt/airflow/dags/RAG_dag.py
[2025-10-08T00:09:34.028+0000] {processor.py:829} INFO - Processing file /opt/airflow/dags/RAG_dag.py for tasks to queue
[2025-10-08T00:09:34.030+0000] {logging_mixin.py:151} INFO - [2025-10-08T00:09:34.030+0000] {dagbag.py:539} INFO - Filling up the DagBag from /opt/airflow/dags/RAG_dag.py
[2025-10-08T00:09:34.046+0000] {processor.py:839} INFO - DAG(s) dict_keys(['flujo_RAG']) retrieved from /opt/airflow/dags/RAG_dag.py
[2025-10-08T00:09:34.069+0000] {logging_mixin.py:151} INFO - [2025-10-08T00:09:34.069+0000] {dag.py:2915} INFO - Sync 1 DAGs
[2025-10-08T00:09:34.075+0000] {logging_mixin.py:151} INFO - [2025-10-08T00:09:34.075+0000] {dag.py:3696} INFO - Setting next_dagrun for flujo_RAG to None, run_after=None
[2025-10-08T00:09:34.084+0000] {processor.py:179} INFO - Processing /opt/airflow/dags/RAG_dag.py took 0.059 seconds
[2025-10-08T00:10:04.357+0000] {processor.py:157} INFO - Started process (PID=10330) to work on /opt/airflow/dags/RAG_dag.py
[2025-10-08T00:10:04.358+0000] {processor.py:829} INFO - Processing file /opt/airflow/dags/RAG_dag.py for tasks to queue
[2025-10-08T00:10:04.359+0000] {logging_mixin.py:151} INFO - [2025-10-08T00:10:04.359+0000] {dagbag.py:539} INFO - Filling up the DagBag from /opt/airflow/dags/RAG_dag.py
[2025-10-08T00:10:04.379+0000] {processor.py:839} INFO - DAG(s) dict_keys(['flujo_RAG']) retrieved from /opt/airflow/dags/RAG_dag.py
[2025-10-08T00:10:04.402+0000] {logging_mixin.py:151} INFO - [2025-10-08T00:10:04.402+0000] {dag.py:2915} INFO - Sync 1 DAGs
[2025-10-08T00:10:04.408+0000] {logging_mixin.py:151} INFO - [2025-10-08T00:10:04.408+0000] {dag.py:3696} INFO - Setting next_dagrun for flujo_RAG to None, run_after=None
[2025-10-08T00:10:04.417+0000] {processor.py:179} INFO - Processing /opt/airflow/dags/RAG_dag.py took 0.063 seconds
[2025-10-08T00:10:34.658+0000] {processor.py:157} INFO - Started process (PID=10356) to work on /opt/airflow/dags/RAG_dag.py
[2025-10-08T00:10:34.659+0000] {processor.py:829} INFO - Processing file /opt/airflow/dags/RAG_dag.py for tasks to queue
[2025-10-08T00:10:34.661+0000] {logging_mixin.py:151} INFO - [2025-10-08T00:10:34.660+0000] {dagbag.py:539} INFO - Filling up the DagBag from /opt/airflow/dags/RAG_dag.py
[2025-10-08T00:10:34.679+0000] {processor.py:839} INFO - DAG(s) dict_keys(['flujo_RAG']) retrieved from /opt/airflow/dags/RAG_dag.py
[2025-10-08T00:10:34.702+0000] {logging_mixin.py:151} INFO - [2025-10-08T00:10:34.702+0000] {dag.py:2915} INFO - Sync 1 DAGs
[2025-10-08T00:10:34.709+0000] {logging_mixin.py:151} INFO - [2025-10-08T00:10:34.709+0000] {dag.py:3696} INFO - Setting next_dagrun for flujo_RAG to None, run_after=None
[2025-10-08T00:10:34.719+0000] {processor.py:179} INFO - Processing /opt/airflow/dags/RAG_dag.py took 0.063 seconds
[2025-10-08T00:11:04.999+0000] {processor.py:157} INFO - Started process (PID=10374) to work on /opt/airflow/dags/RAG_dag.py
[2025-10-08T00:11:05.000+0000] {processor.py:829} INFO - Processing file /opt/airflow/dags/RAG_dag.py for tasks to queue
[2025-10-08T00:11:05.004+0000] {logging_mixin.py:151} INFO - [2025-10-08T00:11:05.003+0000] {dagbag.py:539} INFO - Filling up the DagBag from /opt/airflow/dags/RAG_dag.py
[2025-10-08T00:11:05.033+0000] {processor.py:839} INFO - DAG(s) dict_keys(['flujo_RAG']) retrieved from /opt/airflow/dags/RAG_dag.py
[2025-10-08T00:11:05.063+0000] {logging_mixin.py:151} INFO - [2025-10-08T00:11:05.063+0000] {dag.py:2915} INFO - Sync 1 DAGs
[2025-10-08T00:11:05.074+0000] {logging_mixin.py:151} INFO - [2025-10-08T00:11:05.073+0000] {dag.py:3696} INFO - Setting next_dagrun for flujo_RAG to None, run_after=None
[2025-10-08T00:11:05.085+0000] {processor.py:179} INFO - Processing /opt/airflow/dags/RAG_dag.py took 0.090 seconds
[2025-10-08T00:11:35.309+0000] {processor.py:157} INFO - Started process (PID=10400) to work on /opt/airflow/dags/RAG_dag.py
[2025-10-08T00:11:35.310+0000] {processor.py:829} INFO - Processing file /opt/airflow/dags/RAG_dag.py for tasks to queue
[2025-10-08T00:11:35.311+0000] {logging_mixin.py:151} INFO - [2025-10-08T00:11:35.311+0000] {dagbag.py:539} INFO - Filling up the DagBag from /opt/airflow/dags/RAG_dag.py
[2025-10-08T00:11:35.331+0000] {processor.py:839} INFO - DAG(s) dict_keys(['flujo_RAG']) retrieved from /opt/airflow/dags/RAG_dag.py
[2025-10-08T00:11:35.356+0000] {logging_mixin.py:151} INFO - [2025-10-08T00:11:35.356+0000] {dag.py:2915} INFO - Sync 1 DAGs
[2025-10-08T00:11:35.364+0000] {logging_mixin.py:151} INFO - [2025-10-08T00:11:35.364+0000] {dag.py:3696} INFO - Setting next_dagrun for flujo_RAG to None, run_after=None
[2025-10-08T00:11:35.373+0000] {processor.py:179} INFO - Processing /opt/airflow/dags/RAG_dag.py took 0.066 seconds
[2025-10-08T00:12:05.645+0000] {processor.py:157} INFO - Started process (PID=10427) to work on /opt/airflow/dags/RAG_dag.py
[2025-10-08T00:12:05.645+0000] {processor.py:829} INFO - Processing file /opt/airflow/dags/RAG_dag.py for tasks to queue
[2025-10-08T00:12:05.647+0000] {logging_mixin.py:151} INFO - [2025-10-08T00:12:05.647+0000] {dagbag.py:539} INFO - Filling up the DagBag from /opt/airflow/dags/RAG_dag.py
[2025-10-08T00:12:05.663+0000] {processor.py:839} INFO - DAG(s) dict_keys(['flujo_RAG']) retrieved from /opt/airflow/dags/RAG_dag.py
[2025-10-08T00:12:05.685+0000] {logging_mixin.py:151} INFO - [2025-10-08T00:12:05.685+0000] {dag.py:2915} INFO - Sync 1 DAGs
[2025-10-08T00:12:05.692+0000] {logging_mixin.py:151} INFO - [2025-10-08T00:12:05.692+0000] {dag.py:3696} INFO - Setting next_dagrun for flujo_RAG to None, run_after=None
[2025-10-08T00:12:05.703+0000] {processor.py:179} INFO - Processing /opt/airflow/dags/RAG_dag.py took 0.060 seconds
[2025-10-08T00:12:35.984+0000] {processor.py:157} INFO - Started process (PID=10453) to work on /opt/airflow/dags/RAG_dag.py
[2025-10-08T00:12:35.985+0000] {processor.py:829} INFO - Processing file /opt/airflow/dags/RAG_dag.py for tasks to queue
[2025-10-08T00:12:35.986+0000] {logging_mixin.py:151} INFO - [2025-10-08T00:12:35.986+0000] {dagbag.py:539} INFO - Filling up the DagBag from /opt/airflow/dags/RAG_dag.py
[2025-10-08T00:12:36.003+0000] {processor.py:839} INFO - DAG(s) dict_keys(['flujo_RAG']) retrieved from /opt/airflow/dags/RAG_dag.py
[2025-10-08T00:12:36.026+0000] {logging_mixin.py:151} INFO - [2025-10-08T00:12:36.026+0000] {dag.py:2915} INFO - Sync 1 DAGs
[2025-10-08T00:12:36.032+0000] {logging_mixin.py:151} INFO - [2025-10-08T00:12:36.032+0000] {dag.py:3696} INFO - Setting next_dagrun for flujo_RAG to None, run_after=None
[2025-10-08T00:12:36.042+0000] {processor.py:179} INFO - Processing /opt/airflow/dags/RAG_dag.py took 0.060 seconds
[2025-10-08T00:13:06.285+0000] {processor.py:157} INFO - Started process (PID=10471) to work on /opt/airflow/dags/RAG_dag.py
[2025-10-08T00:13:06.286+0000] {processor.py:829} INFO - Processing file /opt/airflow/dags/RAG_dag.py for tasks to queue
[2025-10-08T00:13:06.288+0000] {logging_mixin.py:151} INFO - [2025-10-08T00:13:06.287+0000] {dagbag.py:539} INFO - Filling up the DagBag from /opt/airflow/dags/RAG_dag.py
[2025-10-08T00:13:06.305+0000] {processor.py:839} INFO - DAG(s) dict_keys(['flujo_RAG']) retrieved from /opt/airflow/dags/RAG_dag.py
[2025-10-08T00:13:06.333+0000] {logging_mixin.py:151} INFO - [2025-10-08T00:13:06.333+0000] {dag.py:2915} INFO - Sync 1 DAGs
[2025-10-08T00:13:06.342+0000] {logging_mixin.py:151} INFO - [2025-10-08T00:13:06.342+0000] {dag.py:3696} INFO - Setting next_dagrun for flujo_RAG to None, run_after=None
[2025-10-08T00:13:06.354+0000] {processor.py:179} INFO - Processing /opt/airflow/dags/RAG_dag.py took 0.071 seconds
[2025-10-08T00:13:36.537+0000] {processor.py:157} INFO - Started process (PID=10497) to work on /opt/airflow/dags/RAG_dag.py
[2025-10-08T00:13:36.539+0000] {processor.py:829} INFO - Processing file /opt/airflow/dags/RAG_dag.py for tasks to queue
[2025-10-08T00:13:36.541+0000] {logging_mixin.py:151} INFO - [2025-10-08T00:13:36.541+0000] {dagbag.py:539} INFO - Filling up the DagBag from /opt/airflow/dags/RAG_dag.py
[2025-10-08T00:13:36.561+0000] {processor.py:839} INFO - DAG(s) dict_keys(['flujo_RAG']) retrieved from /opt/airflow/dags/RAG_dag.py
[2025-10-08T00:13:36.585+0000] {logging_mixin.py:151} INFO - [2025-10-08T00:13:36.585+0000] {dag.py:2915} INFO - Sync 1 DAGs
[2025-10-08T00:13:36.592+0000] {logging_mixin.py:151} INFO - [2025-10-08T00:13:36.592+0000] {dag.py:3696} INFO - Setting next_dagrun for flujo_RAG to None, run_after=None
[2025-10-08T00:13:36.602+0000] {processor.py:179} INFO - Processing /opt/airflow/dags/RAG_dag.py took 0.067 seconds
[2025-10-08T00:14:06.844+0000] {processor.py:157} INFO - Started process (PID=10523) to work on /opt/airflow/dags/RAG_dag.py
[2025-10-08T00:14:06.845+0000] {processor.py:829} INFO - Processing file /opt/airflow/dags/RAG_dag.py for tasks to queue
[2025-10-08T00:14:06.847+0000] {logging_mixin.py:151} INFO - [2025-10-08T00:14:06.847+0000] {dagbag.py:539} INFO - Filling up the DagBag from /opt/airflow/dags/RAG_dag.py
[2025-10-08T00:14:06.864+0000] {processor.py:839} INFO - DAG(s) dict_keys(['flujo_RAG']) retrieved from /opt/airflow/dags/RAG_dag.py
[2025-10-08T00:14:06.888+0000] {logging_mixin.py:151} INFO - [2025-10-08T00:14:06.888+0000] {dag.py:2915} INFO - Sync 1 DAGs
[2025-10-08T00:14:06.895+0000] {logging_mixin.py:151} INFO - [2025-10-08T00:14:06.895+0000] {dag.py:3696} INFO - Setting next_dagrun for flujo_RAG to None, run_after=None
[2025-10-08T00:14:06.904+0000] {processor.py:179} INFO - Processing /opt/airflow/dags/RAG_dag.py took 0.063 seconds
[2025-10-08T00:14:37.090+0000] {processor.py:157} INFO - Started process (PID=10549) to work on /opt/airflow/dags/RAG_dag.py
[2025-10-08T00:14:37.092+0000] {processor.py:829} INFO - Processing file /opt/airflow/dags/RAG_dag.py for tasks to queue
[2025-10-08T00:14:37.095+0000] {logging_mixin.py:151} INFO - [2025-10-08T00:14:37.095+0000] {dagbag.py:539} INFO - Filling up the DagBag from /opt/airflow/dags/RAG_dag.py
[2025-10-08T00:14:37.116+0000] {processor.py:839} INFO - DAG(s) dict_keys(['flujo_RAG']) retrieved from /opt/airflow/dags/RAG_dag.py
[2025-10-08T00:14:37.144+0000] {logging_mixin.py:151} INFO - [2025-10-08T00:14:37.144+0000] {dag.py:2915} INFO - Sync 1 DAGs
[2025-10-08T00:14:37.153+0000] {logging_mixin.py:151} INFO - [2025-10-08T00:14:37.152+0000] {dag.py:3696} INFO - Setting next_dagrun for flujo_RAG to None, run_after=None
[2025-10-08T00:14:37.164+0000] {processor.py:179} INFO - Processing /opt/airflow/dags/RAG_dag.py took 0.077 seconds
[2025-10-08T00:15:07.356+0000] {processor.py:157} INFO - Started process (PID=10567) to work on /opt/airflow/dags/RAG_dag.py
[2025-10-08T00:15:07.357+0000] {processor.py:829} INFO - Processing file /opt/airflow/dags/RAG_dag.py for tasks to queue
[2025-10-08T00:15:07.359+0000] {logging_mixin.py:151} INFO - [2025-10-08T00:15:07.359+0000] {dagbag.py:539} INFO - Filling up the DagBag from /opt/airflow/dags/RAG_dag.py
[2025-10-08T00:15:07.378+0000] {processor.py:839} INFO - DAG(s) dict_keys(['flujo_RAG']) retrieved from /opt/airflow/dags/RAG_dag.py
[2025-10-08T00:15:07.402+0000] {logging_mixin.py:151} INFO - [2025-10-08T00:15:07.401+0000] {dag.py:2915} INFO - Sync 1 DAGs
[2025-10-08T00:15:07.408+0000] {logging_mixin.py:151} INFO - [2025-10-08T00:15:07.408+0000] {dag.py:3696} INFO - Setting next_dagrun for flujo_RAG to None, run_after=None
[2025-10-08T00:15:07.417+0000] {processor.py:179} INFO - Processing /opt/airflow/dags/RAG_dag.py took 0.063 seconds
[2025-10-08T00:15:37.655+0000] {processor.py:157} INFO - Started process (PID=10593) to work on /opt/airflow/dags/RAG_dag.py
[2025-10-08T00:15:37.655+0000] {processor.py:829} INFO - Processing file /opt/airflow/dags/RAG_dag.py for tasks to queue
[2025-10-08T00:15:37.657+0000] {logging_mixin.py:151} INFO - [2025-10-08T00:15:37.657+0000] {dagbag.py:539} INFO - Filling up the DagBag from /opt/airflow/dags/RAG_dag.py
[2025-10-08T00:15:37.672+0000] {processor.py:839} INFO - DAG(s) dict_keys(['flujo_RAG']) retrieved from /opt/airflow/dags/RAG_dag.py
[2025-10-08T00:15:37.695+0000] {logging_mixin.py:151} INFO - [2025-10-08T00:15:37.694+0000] {dag.py:2915} INFO - Sync 1 DAGs
[2025-10-08T00:15:37.708+0000] {logging_mixin.py:151} INFO - [2025-10-08T00:15:37.708+0000] {dag.py:3696} INFO - Setting next_dagrun for flujo_RAG to None, run_after=None
[2025-10-08T00:15:37.720+0000] {processor.py:179} INFO - Processing /opt/airflow/dags/RAG_dag.py took 0.067 seconds
[2025-10-08T00:16:07.988+0000] {processor.py:157} INFO - Started process (PID=10619) to work on /opt/airflow/dags/RAG_dag.py
[2025-10-08T00:16:07.989+0000] {processor.py:829} INFO - Processing file /opt/airflow/dags/RAG_dag.py for tasks to queue
[2025-10-08T00:16:07.991+0000] {logging_mixin.py:151} INFO - [2025-10-08T00:16:07.991+0000] {dagbag.py:539} INFO - Filling up the DagBag from /opt/airflow/dags/RAG_dag.py
[2025-10-08T00:16:08.008+0000] {processor.py:839} INFO - DAG(s) dict_keys(['flujo_RAG']) retrieved from /opt/airflow/dags/RAG_dag.py
[2025-10-08T00:16:08.032+0000] {logging_mixin.py:151} INFO - [2025-10-08T00:16:08.032+0000] {dag.py:2915} INFO - Sync 1 DAGs
[2025-10-08T00:16:08.039+0000] {logging_mixin.py:151} INFO - [2025-10-08T00:16:08.039+0000] {dag.py:3696} INFO - Setting next_dagrun for flujo_RAG to None, run_after=None
[2025-10-08T00:16:08.049+0000] {processor.py:179} INFO - Processing /opt/airflow/dags/RAG_dag.py took 0.065 seconds
[2025-10-08T00:16:38.306+0000] {processor.py:157} INFO - Started process (PID=10645) to work on /opt/airflow/dags/RAG_dag.py
[2025-10-08T00:16:38.307+0000] {processor.py:829} INFO - Processing file /opt/airflow/dags/RAG_dag.py for tasks to queue
[2025-10-08T00:16:38.309+0000] {logging_mixin.py:151} INFO - [2025-10-08T00:16:38.308+0000] {dagbag.py:539} INFO - Filling up the DagBag from /opt/airflow/dags/RAG_dag.py
[2025-10-08T00:16:38.325+0000] {processor.py:839} INFO - DAG(s) dict_keys(['flujo_RAG']) retrieved from /opt/airflow/dags/RAG_dag.py
[2025-10-08T00:16:38.349+0000] {logging_mixin.py:151} INFO - [2025-10-08T00:16:38.349+0000] {dag.py:2915} INFO - Sync 1 DAGs
[2025-10-08T00:16:38.355+0000] {logging_mixin.py:151} INFO - [2025-10-08T00:16:38.355+0000] {dag.py:3696} INFO - Setting next_dagrun for flujo_RAG to None, run_after=None
[2025-10-08T00:16:38.365+0000] {processor.py:179} INFO - Processing /opt/airflow/dags/RAG_dag.py took 0.062 seconds
[2025-10-08T00:17:08.654+0000] {processor.py:157} INFO - Started process (PID=10663) to work on /opt/airflow/dags/RAG_dag.py
[2025-10-08T00:17:08.655+0000] {processor.py:829} INFO - Processing file /opt/airflow/dags/RAG_dag.py for tasks to queue
[2025-10-08T00:17:08.658+0000] {logging_mixin.py:151} INFO - [2025-10-08T00:17:08.658+0000] {dagbag.py:539} INFO - Filling up the DagBag from /opt/airflow/dags/RAG_dag.py
[2025-10-08T00:17:08.681+0000] {processor.py:839} INFO - DAG(s) dict_keys(['flujo_RAG']) retrieved from /opt/airflow/dags/RAG_dag.py
[2025-10-08T00:17:08.708+0000] {logging_mixin.py:151} INFO - [2025-10-08T00:17:08.708+0000] {dag.py:2915} INFO - Sync 1 DAGs
[2025-10-08T00:17:08.716+0000] {logging_mixin.py:151} INFO - [2025-10-08T00:17:08.716+0000] {dag.py:3696} INFO - Setting next_dagrun for flujo_RAG to None, run_after=None
[2025-10-08T00:17:08.728+0000] {processor.py:179} INFO - Processing /opt/airflow/dags/RAG_dag.py took 0.078 seconds
[2025-10-08T00:17:39.009+0000] {processor.py:157} INFO - Started process (PID=10689) to work on /opt/airflow/dags/RAG_dag.py
[2025-10-08T00:17:39.010+0000] {processor.py:829} INFO - Processing file /opt/airflow/dags/RAG_dag.py for tasks to queue
[2025-10-08T00:17:39.011+0000] {logging_mixin.py:151} INFO - [2025-10-08T00:17:39.011+0000] {dagbag.py:539} INFO - Filling up the DagBag from /opt/airflow/dags/RAG_dag.py
[2025-10-08T00:17:39.028+0000] {processor.py:839} INFO - DAG(s) dict_keys(['flujo_RAG']) retrieved from /opt/airflow/dags/RAG_dag.py
[2025-10-08T00:17:39.051+0000] {logging_mixin.py:151} INFO - [2025-10-08T00:17:39.050+0000] {dag.py:2915} INFO - Sync 1 DAGs
[2025-10-08T00:17:39.057+0000] {logging_mixin.py:151} INFO - [2025-10-08T00:17:39.057+0000] {dag.py:3696} INFO - Setting next_dagrun for flujo_RAG to None, run_after=None
[2025-10-08T00:17:39.067+0000] {processor.py:179} INFO - Processing /opt/airflow/dags/RAG_dag.py took 0.060 seconds
