[2025-10-02T14:18:30.655+0000] {taskinstance.py:1157} INFO - Dependencies all met for dep_context=non-requeueable deps ti=<TaskInstance: flujo_RAG.make_qrels manual__2025-10-02T14:16:33+00:00 [queued]>
[2025-10-02T14:18:30.667+0000] {taskinstance.py:1157} INFO - Dependencies all met for dep_context=requeueable deps ti=<TaskInstance: flujo_RAG.make_qrels manual__2025-10-02T14:16:33+00:00 [queued]>
[2025-10-02T14:18:30.667+0000] {taskinstance.py:1359} INFO - Starting attempt 1 of 1
[2025-10-02T14:18:30.672+0000] {taskinstance.py:1380} INFO - Executing <Task(PythonOperator): make_qrels> on 2025-10-02 14:16:33+00:00
[2025-10-02T14:18:30.679+0000] {standard_task_runner.py:57} INFO - Started process 51048 to run task
[2025-10-02T14:18:30.699+0000] {standard_task_runner.py:84} INFO - Running: ['***', 'tasks', 'run', 'flujo_RAG', 'make_qrels', 'manual__2025-10-02T14:16:33+00:00', '--job-id', '122', '--raw', '--subdir', 'DAGS_FOLDER/RAG_dag.py', '--cfg-path', '/tmp/tmpgvcrsqhq']
[2025-10-02T14:18:30.702+0000] {standard_task_runner.py:85} INFO - Job 122: Subtask make_qrels
[2025-10-02T14:18:30.744+0000] {task_command.py:415} INFO - Running <TaskInstance: flujo_RAG.make_qrels manual__2025-10-02T14:16:33+00:00 [running]> on host cebfb690f74d
[2025-10-02T14:18:30.788+0000] {taskinstance.py:1660} INFO - Exporting env vars: AIRFLOW_CTX_DAG_OWNER='***' AIRFLOW_CTX_DAG_ID='flujo_RAG' AIRFLOW_CTX_TASK_ID='make_qrels' AIRFLOW_CTX_EXECUTION_DATE='2025-10-02T14:16:33+00:00' AIRFLOW_CTX_TRY_NUMBER='1' AIRFLOW_CTX_DAG_RUN_ID='manual__2025-10-02T14:16:33+00:00'
[2025-10-02T14:18:30.790+0000] {crypto.py:82} WARNING - empty cryptography key - values will not be stored encrypted.
[2025-10-02T14:18:30.803+0000] {base.py:73} INFO - Using connection ID 'minio_s3' for task execution.
[2025-10-02T14:18:30.804+0000] {warnings.py:109} WARNING - <string>:8: AirflowProviderDeprecationWarning: AWS Connection (conn_id='minio_s3', conn_type='s3') has connection type 's3', which has been replaced by connection type 'aws'. Please update your connection to have `conn_type='aws'`.

[2025-10-02T14:18:30.805+0000] {connection_wrapper.py:340} INFO - AWS Connection (conn_id='minio_s3', conn_type='s3') credentials retrieved from login and password.
[2025-10-02T14:18:30.805+0000] {warnings.py:109} WARNING - <string>:8: AirflowProviderDeprecationWarning: Host minio specified in the connection is not used. Please, set it on extra['endpoint_url'] instead

[2025-10-02T14:18:31.134+0000] {base.py:73} INFO - Using connection ID 'minio_s3' for task execution.
[2025-10-02T14:18:31.135+0000] {connection_wrapper.py:340} INFO - AWS Connection (conn_id='minio_s3', conn_type='s3') credentials retrieved from login and password.
[2025-10-02T14:18:31.195+0000] {base.py:73} INFO - Using connection ID 'minio_s3' for task execution.
[2025-10-02T14:18:31.196+0000] {connection_wrapper.py:340} INFO - AWS Connection (conn_id='minio_s3', conn_type='s3') credentials retrieved from login and password.
[2025-10-02T14:18:31.526+0000] {base.py:73} INFO - Using connection ID 'minio_s3' for task execution.
[2025-10-02T14:18:31.527+0000] {connection_wrapper.py:340} INFO - AWS Connection (conn_id='minio_s3', conn_type='s3') credentials retrieved from login and password.
[2025-10-02T14:18:31.578+0000] {base.py:73} INFO - Using connection ID 'minio_s3' for task execution.
[2025-10-02T14:18:31.579+0000] {connection_wrapper.py:340} INFO - AWS Connection (conn_id='minio_s3', conn_type='s3') credentials retrieved from login and password.
[2025-10-02T14:18:31.630+0000] {base.py:73} INFO - Using connection ID 'minio_s3' for task execution.
[2025-10-02T14:18:31.631+0000] {connection_wrapper.py:340} INFO - AWS Connection (conn_id='minio_s3', conn_type='s3') credentials retrieved from login and password.
[2025-10-02T14:18:31.687+0000] {base.py:73} INFO - Using connection ID 'minio_s3' for task execution.
[2025-10-02T14:18:31.687+0000] {connection_wrapper.py:340} INFO - AWS Connection (conn_id='minio_s3', conn_type='s3') credentials retrieved from login and password.
[2025-10-02T14:18:31.760+0000] {base.py:73} INFO - Using connection ID 'minio_s3' for task execution.
[2025-10-02T14:18:31.761+0000] {connection_wrapper.py:340} INFO - AWS Connection (conn_id='minio_s3', conn_type='s3') credentials retrieved from login and password.
[2025-10-02T14:18:31.819+0000] {base.py:73} INFO - Using connection ID 'minio_s3' for task execution.
[2025-10-02T14:18:31.820+0000] {connection_wrapper.py:340} INFO - AWS Connection (conn_id='minio_s3', conn_type='s3') credentials retrieved from login and password.
[2025-10-02T14:18:31.872+0000] {base.py:73} INFO - Using connection ID 'minio_s3' for task execution.
[2025-10-02T14:18:31.872+0000] {connection_wrapper.py:340} INFO - AWS Connection (conn_id='minio_s3', conn_type='s3') credentials retrieved from login and password.
[2025-10-02T14:18:32.180+0000] {base.py:73} INFO - Using connection ID 'minio_s3' for task execution.
[2025-10-02T14:18:32.181+0000] {connection_wrapper.py:340} INFO - AWS Connection (conn_id='minio_s3', conn_type='s3') credentials retrieved from login and password.
[2025-10-02T14:18:32.237+0000] {base.py:73} INFO - Using connection ID 'minio_s3' for task execution.
[2025-10-02T14:18:32.242+0000] {connection_wrapper.py:340} INFO - AWS Connection (conn_id='minio_s3', conn_type='s3') credentials retrieved from login and password.
[2025-10-02T14:18:32.301+0000] {base.py:73} INFO - Using connection ID 'minio_s3' for task execution.
[2025-10-02T14:18:32.301+0000] {connection_wrapper.py:340} INFO - AWS Connection (conn_id='minio_s3', conn_type='s3') credentials retrieved from login and password.
[2025-10-02T14:18:32.373+0000] {base.py:73} INFO - Using connection ID 'minio_s3' for task execution.
[2025-10-02T14:18:32.387+0000] {connection_wrapper.py:340} INFO - AWS Connection (conn_id='minio_s3', conn_type='s3') credentials retrieved from login and password.
[2025-10-02T14:18:32.446+0000] {base.py:73} INFO - Using connection ID 'minio_s3' for task execution.
[2025-10-02T14:18:32.447+0000] {connection_wrapper.py:340} INFO - AWS Connection (conn_id='minio_s3', conn_type='s3') credentials retrieved from login and password.
[2025-10-02T14:18:32.501+0000] {base.py:73} INFO - Using connection ID 'minio_s3' for task execution.
[2025-10-02T14:18:32.501+0000] {connection_wrapper.py:340} INFO - AWS Connection (conn_id='minio_s3', conn_type='s3') credentials retrieved from login and password.
[2025-10-02T14:18:32.551+0000] {logging_mixin.py:151} INFO - ✅ qrels generado en s3://respaldo2/rag/qrels/2025/qrels.csv (pos=10, neg=7)
[2025-10-02T14:18:32.552+0000] {python.py:194} INFO - Done. Returned value was: {'qrels_key': 'rag/qrels/2025/qrels.csv', 'positives': 10, 'rows': 17}
[2025-10-02T14:18:32.565+0000] {taskinstance.py:1398} INFO - Marking task as SUCCESS. dag_id=flujo_RAG, task_id=make_qrels, execution_date=20251002T141633, start_date=20251002T141830, end_date=20251002T141832
[2025-10-02T14:18:32.603+0000] {local_task_job_runner.py:228} INFO - Task exited with return code 0
[2025-10-02T14:18:32.620+0000] {taskinstance.py:2776} INFO - 1 downstream tasks scheduled from follow-on schedule check
