[2025-10-07T02:08:23.698+0000] {taskinstance.py:1157} INFO - Dependencies all met for dep_context=non-requeueable deps ti=<TaskInstance: flujo_RAG_completo.extract_texts_by_op manual__2025-10-07T01:57:10+00:00 [queued]>
[2025-10-07T02:08:23.701+0000] {taskinstance.py:1157} INFO - Dependencies all met for dep_context=requeueable deps ti=<TaskInstance: flujo_RAG_completo.extract_texts_by_op manual__2025-10-07T01:57:10+00:00 [queued]>
[2025-10-07T02:08:23.702+0000] {taskinstance.py:1359} INFO - Starting attempt 1 of 1
[2025-10-07T02:08:23.708+0000] {taskinstance.py:1380} INFO - Executing <Task(PythonOperator): extract_texts_by_op> on 2025-10-07 01:57:10+00:00
[2025-10-07T02:08:23.715+0000] {standard_task_runner.py:57} INFO - Started process 16248 to run task
[2025-10-07T02:08:23.718+0000] {standard_task_runner.py:84} INFO - Running: ['***', 'tasks', 'run', 'flujo_RAG_completo', 'extract_texts_by_op', 'manual__2025-10-07T01:57:10+00:00', '--job-id', '294', '--raw', '--subdir', 'DAGS_FOLDER/Ingestion_pipeline.py', '--cfg-path', '/tmp/tmpbgkbgar5']
[2025-10-07T02:08:23.720+0000] {standard_task_runner.py:85} INFO - Job 294: Subtask extract_texts_by_op
[2025-10-07T02:08:23.746+0000] {task_command.py:415} INFO - Running <TaskInstance: flujo_RAG_completo.extract_texts_by_op manual__2025-10-07T01:57:10+00:00 [running]> on host a21c1baf7ef9
[2025-10-07T02:08:23.783+0000] {taskinstance.py:1660} INFO - Exporting env vars: AIRFLOW_CTX_DAG_OWNER='***' AIRFLOW_CTX_DAG_ID='flujo_RAG_completo' AIRFLOW_CTX_TASK_ID='extract_texts_by_op' AIRFLOW_CTX_EXECUTION_DATE='2025-10-07T01:57:10+00:00' AIRFLOW_CTX_TRY_NUMBER='1' AIRFLOW_CTX_DAG_RUN_ID='manual__2025-10-07T01:57:10+00:00'
[2025-10-07T02:08:24.535+0000] {logging_mixin.py:151} INFO - ✅ 77 TXT(s) por OP desde: s3://respaldo2/boletines/2025/22032_2025-09-16.pdf
[2025-10-07T02:08:24.971+0000] {logging_mixin.py:151} INFO - ✅ 88 TXT(s) por OP desde: s3://respaldo2/boletines/2025/22033_2025-09-17.pdf
[2025-10-07T02:08:25.400+0000] {logging_mixin.py:151} INFO - ✅ 79 TXT(s) por OP desde: s3://respaldo2/boletines/2025/22034_2025-09-18.pdf
[2025-10-07T02:08:25.832+0000] {logging_mixin.py:151} INFO - ✅ 74 TXT(s) por OP desde: s3://respaldo2/boletines/2025/22035_2025-09-19.pdf
[2025-10-07T02:08:26.277+0000] {logging_mixin.py:151} INFO - ✅ 75 TXT(s) por OP desde: s3://respaldo2/boletines/2025/22036_2025-09-22.pdf
[2025-10-07T02:08:26.890+0000] {logging_mixin.py:151} INFO - ✅ 74 TXT(s) por OP desde: s3://respaldo2/boletines/2025/22037_2025-09-23.pdf
[2025-10-07T02:08:27.277+0000] {logging_mixin.py:151} INFO - ✅ 73 TXT(s) por OP desde: s3://respaldo2/boletines/2025/22038_2025-09-24.pdf
[2025-10-07T02:08:27.857+0000] {logging_mixin.py:151} INFO - ✅ 99 TXT(s) por OP desde: s3://respaldo2/boletines/2025/22039_2025-09-25.pdf
[2025-10-07T02:08:28.367+0000] {logging_mixin.py:151} INFO - ✅ 81 TXT(s) por OP desde: s3://respaldo2/boletines/2025/22040_2025-09-26.pdf
[2025-10-07T02:08:29.100+0000] {logging_mixin.py:151} INFO - ✅ 80 TXT(s) por OP desde: s3://respaldo2/boletines/2025/22041_2025-09-29.pdf
[2025-10-07T02:08:29.817+0000] {logging_mixin.py:151} INFO - ✅ 72 TXT(s) por OP desde: s3://respaldo2/boletines/2025/22042_2025-09-30.pdf
[2025-10-07T02:08:30.411+0000] {logging_mixin.py:151} INFO - ✅ 93 TXT(s) por OP desde: s3://respaldo2/boletines/2025/22043_2025-10-01.pdf
[2025-10-07T02:08:30.964+0000] {logging_mixin.py:151} INFO - ✅ 81 TXT(s) por OP desde: s3://respaldo2/boletines/2025/22044_2025-10-02.pdf
[2025-10-07T02:08:31.426+0000] {logging_mixin.py:151} INFO - ✅ 79 TXT(s) por OP desde: s3://respaldo2/boletines/2025/22045_2025-10-03.pdf
[2025-10-07T02:08:32.148+0000] {logging_mixin.py:151} INFO - ✅ 97 TXT(s) por OP desde: s3://respaldo2/boletines/2025/22046_2025-10-06.pdf
[2025-10-07T02:08:32.149+0000] {logging_mixin.py:151} INFO - ✅ Total TXT generados (por OP): 1222 en s3://respaldo2/rag/text_op/2025/
[2025-10-07T02:08:32.150+0000] {python.py:194} INFO - Done. Returned value was: {'processed_pdfs': 15, 'generated_docs': 1222, 'bucket': 'respaldo2', 'prefix_pdfs': 'boletines/2025/', 'prefix_txt': 'rag/text_op/2025/', 'generated_at': '2025-10-07T02:08:32.149662Z', 'items_sample': [{'pdf_key': 'boletines/2025/22032_2025-09-16.pdf', 'txt_key': 'rag/text_op/2025/22032_OPSA100051525_2025-09-16.txt', 'boletin': '22032', 'fecha': '2025-09-16', 'op': 'SA100051525', 'doc_index': 1, 'chars': 10340}, {'pdf_key': 'boletines/2025/22032_2025-09-16.pdf', 'txt_key': 'rag/text_op/2025/22032_OPSA100051526_2025-09-16.txt', 'boletin': '22032', 'fecha': '2025-09-16', 'op': 'SA100051526', 'doc_index': 2, 'chars': 5170}, {'pdf_key': 'boletines/2025/22032_2025-09-16.pdf', 'txt_key': 'rag/text_op/2025/22032_OPSA100051527_2025-09-16.txt', 'boletin': '22032', 'fecha': '2025-09-16', 'op': 'SA100051527', 'doc_index': 3, 'chars': 3815}, {'pdf_key': 'boletines/2025/22032_2025-09-16.pdf', 'txt_key': 'rag/text_op/2025/22032_OP100128356_2025-09-16.txt', 'boletin': '22032', 'fecha': '2025-09-16', 'op': '100128356', 'doc_index': 4, 'chars': 2738}, {'pdf_key': 'boletines/2025/22032_2025-09-16.pdf', 'txt_key': 'rag/text_op/2025/22032_OP100128351_2025-09-16.txt', 'boletin': '22032', 'fecha': '2025-09-16', 'op': '100128351', 'doc_index': 5, 'chars': 3502}]}
[2025-10-07T02:08:32.162+0000] {taskinstance.py:1398} INFO - Marking task as SUCCESS. dag_id=flujo_RAG_completo, task_id=extract_texts_by_op, execution_date=20251007T015710, start_date=20251007T020823, end_date=20251007T020832
[2025-10-07T02:08:32.209+0000] {local_task_job_runner.py:228} INFO - Task exited with return code 0
[2025-10-07T02:08:32.218+0000] {taskinstance.py:2776} INFO - 0 downstream tasks scheduled from follow-on schedule check
