[2025-09-30T19:13:05.225+0000] {taskinstance.py:1157} INFO - Dependencies all met for dep_context=non-requeueable deps ti=<TaskInstance: flujo_RAG.descargar_boletines_salta manual__2025-09-30T19:13:02.728529+00:00 [queued]>
[2025-09-30T19:13:05.228+0000] {taskinstance.py:1157} INFO - Dependencies all met for dep_context=requeueable deps ti=<TaskInstance: flujo_RAG.descargar_boletines_salta manual__2025-09-30T19:13:02.728529+00:00 [queued]>
[2025-09-30T19:13:05.228+0000] {taskinstance.py:1359} INFO - Starting attempt 1 of 1
[2025-09-30T19:13:05.232+0000] {taskinstance.py:1380} INFO - Executing <Task(PythonOperator): descargar_boletines_salta> on 2025-09-30 19:13:02.728529+00:00
[2025-09-30T19:13:05.235+0000] {standard_task_runner.py:57} INFO - Started process 598 to run task
[2025-09-30T19:13:05.237+0000] {standard_task_runner.py:84} INFO - Running: ['***', 'tasks', 'run', 'flujo_RAG', 'descargar_boletines_salta', 'manual__2025-09-30T19:13:02.728529+00:00', '--job-id', '28', '--raw', '--subdir', 'DAGS_FOLDER/RAG_dag.py', '--cfg-path', '/tmp/tmp5a5yqeue']
[2025-09-30T19:13:05.240+0000] {standard_task_runner.py:85} INFO - Job 28: Subtask descargar_boletines_salta
[2025-09-30T19:13:05.262+0000] {task_command.py:415} INFO - Running <TaskInstance: flujo_RAG.descargar_boletines_salta manual__2025-09-30T19:13:02.728529+00:00 [running]> on host b23249bdd303
[2025-09-30T19:13:05.291+0000] {taskinstance.py:1660} INFO - Exporting env vars: AIRFLOW_CTX_DAG_OWNER='***' AIRFLOW_CTX_DAG_ID='flujo_RAG' AIRFLOW_CTX_TASK_ID='descargar_boletines_salta' AIRFLOW_CTX_EXECUTION_DATE='2025-09-30T19:13:02.728529+00:00' AIRFLOW_CTX_TRY_NUMBER='1' AIRFLOW_CTX_DAG_RUN_ID='manual__2025-09-30T19:13:02.728529+00:00'
[2025-09-30T19:13:06.548+0000] {crypto.py:82} WARNING - empty cryptography key - values will not be stored encrypted.
[2025-09-30T19:13:06.552+0000] {base.py:73} INFO - Using connection ID 'minio_s3' for task execution.
[2025-09-30T19:13:06.553+0000] {warnings.py:109} WARNING - <string>:8: AirflowProviderDeprecationWarning: AWS Connection (conn_id='minio_s3', conn_type='s3') has connection type 's3', which has been replaced by connection type 'aws'. Please update your connection to have `conn_type='aws'`.

[2025-09-30T19:13:06.554+0000] {connection_wrapper.py:340} INFO - AWS Connection (conn_id='minio_s3', conn_type='s3') credentials retrieved from login and password.
[2025-09-30T19:13:06.555+0000] {warnings.py:109} WARNING - <string>:8: AirflowProviderDeprecationWarning: Host minio specified in the connection is not used. Please, set it on extra['endpoint_url'] instead

[2025-09-30T19:13:06.859+0000] {logging_mixin.py:151} INFO - ✅ PDF subido: s3://respaldo2/boletines/2025/22032_2025-09-16.pdf
[2025-09-30T19:13:08.030+0000] {logging_mixin.py:151} INFO - ✅ PDF subido: s3://respaldo2/boletines/2025/22033_2025-09-17.pdf
[2025-09-30T19:13:09.069+0000] {logging_mixin.py:151} INFO - ✅ PDF subido: s3://respaldo2/boletines/2025/22034_2025-09-18.pdf
[2025-09-30T19:13:10.001+0000] {logging_mixin.py:151} INFO - ✅ PDF subido: s3://respaldo2/boletines/2025/22035_2025-09-19.pdf
[2025-09-30T19:13:11.036+0000] {logging_mixin.py:151} INFO - ✅ PDF subido: s3://respaldo2/boletines/2025/22036_2025-09-22.pdf
[2025-09-30T19:13:12.241+0000] {logging_mixin.py:151} INFO - ✅ PDF subido: s3://respaldo2/boletines/2025/22037_2025-09-23.pdf
[2025-09-30T19:13:13.386+0000] {logging_mixin.py:151} INFO - ✅ PDF subido: s3://respaldo2/boletines/2025/22038_2025-09-24.pdf
[2025-09-30T19:13:14.438+0000] {logging_mixin.py:151} INFO - ✅ PDF subido: s3://respaldo2/boletines/2025/22039_2025-09-25.pdf
[2025-09-30T19:13:16.595+0000] {logging_mixin.py:151} INFO - ✅ PDF subido: s3://respaldo2/boletines/2025/22040_2025-09-26.pdf
[2025-09-30T19:13:19.348+0000] {logging_mixin.py:151} INFO - ✅ PDF subido: s3://respaldo2/boletines/2025/22041_2025-09-29.pdf
[2025-09-30T19:13:21.128+0000] {logging_mixin.py:151} INFO - ✅ PDF subido: s3://respaldo2/boletines/2025/22042_2025-09-30.pdf
[2025-09-30T19:13:21.134+0000] {logging_mixin.py:151} INFO - ✅ 11 boletines subidos a MinIO (bucket 'respaldo2', prefix 'boletines/2025/').
[2025-09-30T19:13:21.136+0000] {python.py:194} INFO - Done. Returned value was: {'subidos': 11, 'detalles': [{'nro': 22032, 'fecha': '2025-09-16', 'status': 'subido:respaldo2/boletines/2025/22032_2025-09-16.pdf'}, {'nro': 22033, 'fecha': '2025-09-17', 'status': 'subido:respaldo2/boletines/2025/22033_2025-09-17.pdf'}, {'nro': 22034, 'fecha': '2025-09-18', 'status': 'subido:respaldo2/boletines/2025/22034_2025-09-18.pdf'}, {'nro': 22035, 'fecha': '2025-09-19', 'status': 'subido:respaldo2/boletines/2025/22035_2025-09-19.pdf'}, {'nro': 22036, 'fecha': '2025-09-22', 'status': 'subido:respaldo2/boletines/2025/22036_2025-09-22.pdf'}, {'nro': 22037, 'fecha': '2025-09-23', 'status': 'subido:respaldo2/boletines/2025/22037_2025-09-23.pdf'}, {'nro': 22038, 'fecha': '2025-09-24', 'status': 'subido:respaldo2/boletines/2025/22038_2025-09-24.pdf'}, {'nro': 22039, 'fecha': '2025-09-25', 'status': 'subido:respaldo2/boletines/2025/22039_2025-09-25.pdf'}, {'nro': 22040, 'fecha': '2025-09-26', 'status': 'subido:respaldo2/boletines/2025/22040_2025-09-26.pdf'}, {'nro': 22041, 'fecha': '2025-09-29', 'status': 'subido:respaldo2/boletines/2025/22041_2025-09-29.pdf'}, {'nro': 22042, 'fecha': '2025-09-30', 'status': 'subido:respaldo2/boletines/2025/22042_2025-09-30.pdf'}]}
[2025-09-30T19:13:21.148+0000] {taskinstance.py:1398} INFO - Marking task as SUCCESS. dag_id=flujo_RAG, task_id=descargar_boletines_salta, execution_date=20250930T191302, start_date=20250930T191305, end_date=20250930T191321
[2025-09-30T19:13:21.177+0000] {local_task_job_runner.py:228} INFO - Task exited with return code 0
[2025-09-30T19:13:21.187+0000] {taskinstance.py:2776} INFO - 1 downstream tasks scheduled from follow-on schedule check
