[2025-10-05T22:53:32.276+0000] {taskinstance.py:1157} INFO - Dependencies all met for dep_context=non-requeueable deps ti=<TaskInstance: flujo_RAG.chunk_from_txt manual__2025-10-05T22:52:38+00:00 [queued]>
[2025-10-05T22:53:32.281+0000] {taskinstance.py:1157} INFO - Dependencies all met for dep_context=requeueable deps ti=<TaskInstance: flujo_RAG.chunk_from_txt manual__2025-10-05T22:52:38+00:00 [queued]>
[2025-10-05T22:53:32.281+0000] {taskinstance.py:1359} INFO - Starting attempt 1 of 1
[2025-10-05T22:53:32.287+0000] {taskinstance.py:1380} INFO - Executing <Task(PythonOperator): chunk_from_txt> on 2025-10-05 22:52:38+00:00
[2025-10-05T22:53:32.295+0000] {standard_task_runner.py:57} INFO - Started process 1217 to run task
[2025-10-05T22:53:32.298+0000] {standard_task_runner.py:84} INFO - Running: ['***', 'tasks', 'run', 'flujo_RAG', 'chunk_from_txt', 'manual__2025-10-05T22:52:38+00:00', '--job-id', '169', '--raw', '--subdir', 'DAGS_FOLDER/RAG_dag.py', '--cfg-path', '/tmp/tmp6nqkmjeo']
[2025-10-05T22:53:32.301+0000] {standard_task_runner.py:85} INFO - Job 169: Subtask chunk_from_txt
[2025-10-05T22:53:32.329+0000] {task_command.py:415} INFO - Running <TaskInstance: flujo_RAG.chunk_from_txt manual__2025-10-05T22:52:38+00:00 [running]> on host c16a2a509134
[2025-10-05T22:53:32.371+0000] {taskinstance.py:1660} INFO - Exporting env vars: AIRFLOW_CTX_DAG_OWNER='***' AIRFLOW_CTX_DAG_ID='flujo_RAG' AIRFLOW_CTX_TASK_ID='chunk_from_txt' AIRFLOW_CTX_EXECUTION_DATE='2025-10-05T22:52:38+00:00' AIRFLOW_CTX_TRY_NUMBER='1' AIRFLOW_CTX_DAG_RUN_ID='manual__2025-10-05T22:52:38+00:00'
[2025-10-05T22:53:32.429+0000] {logging_mixin.py:151} INFO - [chunk_from_txt] Escrito 514 registros -> s3://respaldo2/rag/chunks/2025/22032_2025-09-16.ndjson
[2025-10-05T22:53:32.442+0000] {logging_mixin.py:151} INFO - [chunk_from_txt] Escrito 522 registros -> s3://respaldo2/rag/chunks/2025/22033_2025-09-17.ndjson
[2025-10-05T22:53:32.454+0000] {logging_mixin.py:151} INFO - [chunk_from_txt] Escrito 593 registros -> s3://respaldo2/rag/chunks/2025/22034_2025-09-18.ndjson
[2025-10-05T22:53:32.466+0000] {logging_mixin.py:151} INFO - [chunk_from_txt] Escrito 546 registros -> s3://respaldo2/rag/chunks/2025/22035_2025-09-19.ndjson
[2025-10-05T22:53:32.479+0000] {logging_mixin.py:151} INFO - [chunk_from_txt] Escrito 539 registros -> s3://respaldo2/rag/chunks/2025/22036_2025-09-22.ndjson
[2025-10-05T22:53:32.491+0000] {logging_mixin.py:151} INFO - [chunk_from_txt] Escrito 535 registros -> s3://respaldo2/rag/chunks/2025/22037_2025-09-23.ndjson
[2025-10-05T22:53:32.501+0000] {logging_mixin.py:151} INFO - [chunk_from_txt] Escrito 416 registros -> s3://respaldo2/rag/chunks/2025/22038_2025-09-24.ndjson
[2025-10-05T22:53:32.513+0000] {logging_mixin.py:151} INFO - [chunk_from_txt] Escrito 579 registros -> s3://respaldo2/rag/chunks/2025/22039_2025-09-25.ndjson
[2025-10-05T22:53:32.524+0000] {logging_mixin.py:151} INFO - [chunk_from_txt] Escrito 490 registros -> s3://respaldo2/rag/chunks/2025/22040_2025-09-26.ndjson
[2025-10-05T22:53:32.540+0000] {logging_mixin.py:151} INFO - [chunk_from_txt] Escrito 644 registros -> s3://respaldo2/rag/chunks/2025/22041_2025-09-29.ndjson
[2025-10-05T22:53:32.552+0000] {logging_mixin.py:151} INFO - [chunk_from_txt] Escrito 519 registros -> s3://respaldo2/rag/chunks/2025/22042_2025-09-30.ndjson
[2025-10-05T22:53:32.567+0000] {logging_mixin.py:151} INFO - [chunk_from_txt] Escrito 684 registros -> s3://respaldo2/rag/chunks/2025/22043_2025-10-01.ndjson
[2025-10-05T22:53:32.580+0000] {logging_mixin.py:151} INFO - [chunk_from_txt] Escrito 624 registros -> s3://respaldo2/rag/chunks/2025/22044_2025-10-02.ndjson
[2025-10-05T22:53:32.591+0000] {logging_mixin.py:151} INFO - [chunk_from_txt] Escrito 468 registros -> s3://respaldo2/rag/chunks/2025/22045_2025-10-03.ndjson
[2025-10-05T22:53:32.591+0000] {logging_mixin.py:151} INFO - [chunk_from_txt] Hecho. Archivos NDJSON: 14 | Registros totales: 7673 | M/O=500/100
[2025-10-05T22:53:32.592+0000] {python.py:194} INFO - Done. Returned value was: None
[2025-10-05T22:53:32.597+0000] {taskinstance.py:1398} INFO - Marking task as SUCCESS. dag_id=flujo_RAG, task_id=chunk_from_txt, execution_date=20251005T225238, start_date=20251005T225332, end_date=20251005T225332
[2025-10-05T22:53:32.632+0000] {local_task_job_runner.py:228} INFO - Task exited with return code 0
[2025-10-05T22:53:32.648+0000] {taskinstance.py:2776} INFO - 1 downstream tasks scheduled from follow-on schedule check
