[2025-10-06T01:32:04.891+0000] {taskinstance.py:1157} INFO - Dependencies all met for dep_context=non-requeueable deps ti=<TaskInstance: flujo_RAG.pinecone_query_demo manual__2025-10-06T01:17:45+00:00 [queued]>
[2025-10-06T01:32:04.894+0000] {taskinstance.py:1157} INFO - Dependencies all met for dep_context=requeueable deps ti=<TaskInstance: flujo_RAG.pinecone_query_demo manual__2025-10-06T01:17:45+00:00 [queued]>
[2025-10-06T01:32:04.895+0000] {taskinstance.py:1359} INFO - Starting attempt 1 of 1
[2025-10-06T01:32:04.899+0000] {taskinstance.py:1380} INFO - Executing <Task(PythonOperator): pinecone_query_demo> on 2025-10-06 01:17:45+00:00
[2025-10-06T01:32:04.906+0000] {standard_task_runner.py:57} INFO - Started process 12529 to run task
[2025-10-06T01:32:04.908+0000] {standard_task_runner.py:84} INFO - Running: ['***', 'tasks', 'run', 'flujo_RAG', 'pinecone_query_demo', 'manual__2025-10-06T01:17:45+00:00', '--job-id', '261', '--raw', '--subdir', 'DAGS_FOLDER/RAG_dag.py', '--cfg-path', '/tmp/tmp6wr03g6q']
[2025-10-06T01:32:04.910+0000] {standard_task_runner.py:85} INFO - Job 261: Subtask pinecone_query_demo
[2025-10-06T01:32:04.933+0000] {task_command.py:415} INFO - Running <TaskInstance: flujo_RAG.pinecone_query_demo manual__2025-10-06T01:17:45+00:00 [running]> on host c16a2a509134
[2025-10-06T01:32:04.968+0000] {taskinstance.py:1660} INFO - Exporting env vars: AIRFLOW_CTX_DAG_OWNER='***' AIRFLOW_CTX_DAG_ID='flujo_RAG' AIRFLOW_CTX_TASK_ID='pinecone_query_demo' AIRFLOW_CTX_EXECUTION_DATE='2025-10-06T01:17:45+00:00' AIRFLOW_CTX_TRY_NUMBER='1' AIRFLOW_CTX_DAG_RUN_ID='manual__2025-10-06T01:17:45+00:00'
[2025-10-06T01:32:04.970+0000] {SentenceTransformer.py:208} INFO - Use pytorch device_name: cpu
[2025-10-06T01:32:04.970+0000] {SentenceTransformer.py:216} INFO - Load pretrained SentenceTransformer: sentence-transformers/paraphrase-multilingual-MiniLM-L12-v2
[2025-10-06T01:32:08.936+0000] {discover_namespace_packages.py:12} INFO - Discovering subpackages in _NamespacePath(['/home/***/.local/lib/python3.8/site-packages/pinecone_plugins'])
[2025-10-06T01:32:08.936+0000] {discover_plugins.py:9} INFO - Looking for plugins in pinecone_plugins.inference
[2025-10-06T01:32:08.942+0000] {installation.py:10} INFO - Installing plugin inference into Pinecone
[2025-10-06T01:32:10.191+0000] {logging_mixin.py:151} INFO - 🔎 Pinecone TOP-5 para 'contratación pública vial'
[2025-10-06T01:32:10.191+0000] {logging_mixin.py:151} INFO - #01  score=0.6657  id=22036_2025-09-22::p1::6  doc_id=22036_2025-09-22_p1  page=1.0  src=boletines/2025/22036_2025-09-22.pdf
[2025-10-06T01:32:10.192+0000] {logging_mixin.py:151} INFO - #02  score=0.6210  id=22034_2025-09-18::p1::21  doc_id=22034_2025-09-18_p1  page=1.0  src=boletines/2025/22034_2025-09-18.pdf
[2025-10-06T01:32:10.192+0000] {logging_mixin.py:151} INFO - #03  score=0.5994  id=22038_2025-09-24::p1::9  doc_id=22038_2025-09-24_p1  page=1.0  src=boletines/2025/22038_2025-09-24.pdf
[2025-10-06T01:32:10.192+0000] {logging_mixin.py:151} INFO - #04  score=0.5928  id=22037_2025-09-23::p1::38  doc_id=22037_2025-09-23_p1  page=1.0  src=boletines/2025/22037_2025-09-23.pdf
[2025-10-06T01:32:10.192+0000] {logging_mixin.py:151} INFO - #05  score=0.5897  id=22041_2025-09-29::p1::29  doc_id=22041_2025-09-29_p1  page=1.0  src=boletines/2025/22041_2025-09-29.pdf
[2025-10-06T01:32:10.192+0000] {python.py:194} INFO - Done. Returned value was: {'query': 'contratación pública vial', 'top_k': 5, 'matches': [{'id': '22036_2025-09-22::p1::6', 'score': 0.665687561, 'metadata': {'doc_id': '22036_2025-09-22_p1', 'page': 1.0, 'source': 'boletines/2025/22036_2025-09-22.pdf'}}, {'id': '22034_2025-09-18::p1::21', 'score': 0.621011734, 'metadata': {'doc_id': '22034_2025-09-18_p1', 'page': 1.0, 'source': 'boletines/2025/22034_2025-09-18.pdf'}}, {'id': '22038_2025-09-24::p1::9', 'score': 0.599439681, 'metadata': {'doc_id': '22038_2025-09-24_p1', 'page': 1.0, 'source': 'boletines/2025/22038_2025-09-24.pdf'}}, {'id': '22037_2025-09-23::p1::38', 'score': 0.592839241, 'metadata': {'doc_id': '22037_2025-09-23_p1', 'page': 1.0, 'source': 'boletines/2025/22037_2025-09-23.pdf'}}, {'id': '22041_2025-09-29::p1::29', 'score': 0.589722633, 'metadata': {'doc_id': '22041_2025-09-29_p1', 'page': 1.0, 'source': 'boletines/2025/22041_2025-09-29.pdf'}}], 'namespace': '2025'}
[2025-10-06T01:32:10.202+0000] {taskinstance.py:1398} INFO - Marking task as SUCCESS. dag_id=flujo_RAG, task_id=pinecone_query_demo, execution_date=20251006T011745, start_date=20251006T013204, end_date=20251006T013210
[2025-10-06T01:32:10.245+0000] {local_task_job_runner.py:228} INFO - Task exited with return code 0
[2025-10-06T01:32:10.257+0000] {taskinstance.py:2776} INFO - 1 downstream tasks scheduled from follow-on schedule check
