[2025-10-08T22:47:42.743+0000] {taskinstance.py:1157} INFO - Dependencies all met for dep_context=non-requeueable deps ti=<TaskInstance: flujo_RAG_completo.query_bm25_demo manual__2025-10-07T22:42:20+00:00 [queued]>
[2025-10-08T22:47:42.747+0000] {taskinstance.py:1157} INFO - Dependencies all met for dep_context=requeueable deps ti=<TaskInstance: flujo_RAG_completo.query_bm25_demo manual__2025-10-07T22:42:20+00:00 [queued]>
[2025-10-08T22:47:42.748+0000] {taskinstance.py:1359} INFO - Starting attempt 2 of 2
[2025-10-08T22:47:42.753+0000] {taskinstance.py:1380} INFO - Executing <Task(PythonOperator): query_bm25_demo> on 2025-10-07 22:42:20+00:00
[2025-10-08T22:47:42.761+0000] {standard_task_runner.py:57} INFO - Started process 65615 to run task
[2025-10-08T22:47:42.766+0000] {standard_task_runner.py:84} INFO - Running: ['***', 'tasks', 'run', 'flujo_RAG_completo', 'query_bm25_demo', 'manual__2025-10-07T22:42:20+00:00', '--job-id', '351', '--raw', '--subdir', 'DAGS_FOLDER/Ingestion_pipeline.py', '--cfg-path', '/tmp/tmp0awijk48']
[2025-10-08T22:47:42.769+0000] {standard_task_runner.py:85} INFO - Job 351: Subtask query_bm25_demo
[2025-10-08T22:47:42.798+0000] {task_command.py:415} INFO - Running <TaskInstance: flujo_RAG_completo.query_bm25_demo manual__2025-10-07T22:42:20+00:00 [running]> on host 5586102090b0
[2025-10-08T22:47:42.843+0000] {taskinstance.py:1660} INFO - Exporting env vars: AIRFLOW_CTX_DAG_OWNER='***' AIRFLOW_CTX_DAG_ID='flujo_RAG_completo' AIRFLOW_CTX_TASK_ID='query_bm25_demo' AIRFLOW_CTX_EXECUTION_DATE='2025-10-07T22:42:20+00:00' AIRFLOW_CTX_TRY_NUMBER='2' AIRFLOW_CTX_DAG_RUN_ID='manual__2025-10-07T22:42:20+00:00'
[2025-10-08T22:47:42.844+0000] {crypto.py:82} WARNING - empty cryptography key - values will not be stored encrypted.
[2025-10-08T22:47:42.845+0000] {base.py:73} INFO - Using connection ID 'minio_s3' for task execution.
[2025-10-08T22:47:42.845+0000] {warnings.py:109} WARNING - <string>:8: AirflowProviderDeprecationWarning: AWS Connection (conn_id='minio_s3', conn_type='s3') has connection type 's3', which has been replaced by connection type 'aws'. Please update your connection to have `conn_type='aws'`.

[2025-10-08T22:47:42.846+0000] {connection_wrapper.py:340} INFO - AWS Connection (conn_id='minio_s3', conn_type='s3') credentials retrieved from login and password.
[2025-10-08T22:47:42.846+0000] {warnings.py:109} WARNING - <string>:8: AirflowProviderDeprecationWarning: Host minio specified in the connection is not used. Please, set it on extra['endpoint_url'] instead

[2025-10-08T22:47:43.071+0000] {logging_mixin.py:151} INFO - 游댍 Query: 'contrataci칩n p칰blica vial' | Top-5 resultados
[2025-10-08T22:47:43.071+0000] {logging_mixin.py:151} INFO - #01  score=6.8350  doc_id=22043_2025-10-01_p1  page=1  pdf=boletines/2025/22043_2025-10-01.pdf
[2025-10-08T22:47:43.071+0000] {logging_mixin.py:151} INFO -       CONSTITUCIONES DE SOCIEDAD TEKNIVA S.A.S Por Instrumento privado de fecha 04/07/2025, y adenda de fecha 10/09/2124, se constituy칩 la Sociedad por Acciones Simplificada denominada TEKNIVA S.A.S, con domicilio en la Jurisdicci칩n de la Provinc
[2025-10-08T22:47:43.072+0000] {logging_mixin.py:151} INFO - #02  score=5.4936  doc_id=22047_2025-10-07_p1  page=1  pdf=boletines/2025/22047_2025-10-07.pdf
[2025-10-08T22:47:43.072+0000] {logging_mixin.py:151} INFO -       CONTRATACIONES ABREVIADAS CONTRATACI칍N ABREVIADA N춿 21/25 - ADJUDICACI칍N DIRECCI칍N GENERAL DE ABASTECIMIENTO Y MANTENIMIENTO DIVISI칍N PROVISI칍N SUBSIDIOS MINISTERIO DE SALUD P칔BLICA Art칤culo 1o: con encuadre en el art칤culo 15 inc. i) de la 
[2025-10-08T22:47:43.072+0000] {logging_mixin.py:151} INFO - #03  score=5.4846  doc_id=22043_2025-10-01_p1  page=1  pdf=boletines/2025/22043_2025-10-01.pdf
[2025-10-08T22:47:43.072+0000] {logging_mixin.py:151} INFO -       CONTRATACI칍N ABREVIADA N춿 78/25 - ADJUDICACI칍N PROGRAMA ABASTECIMIENTO - DIVISI칍N PROVISION DE SUBSIDIOS DIRECCI칍N GENERAL DE ABASTECIMIENTO Y MANTENIMIENTO MINISTERIO DE SALUD P칔BLICA Art칤culo 1o: con encuadre en el art칤culo 15 inc. i) de 
[2025-10-08T22:47:43.072+0000] {logging_mixin.py:151} INFO - #04  score=5.4668  doc_id=22046_2025-10-06_p1  page=1  pdf=boletines/2025/22046_2025-10-06.pdf
[2025-10-08T22:47:43.073+0000] {logging_mixin.py:151} INFO -       CONTRATACI칍N ABREVIADA N춿 62/25 - ADJUDICACI칍N PROGRAMA ABASTECIMIENTO DIRECCI칍N GENERAL DE ABASTECIMIENTO Y MANTENIMIENTO MINISTERIO DE SALUD P칔BLICA Art칤culo 1o: con encuadre en el art칤culo 15 inc. g) de la Ley 8072 de Contrataciones de l
[2025-10-08T22:47:43.073+0000] {logging_mixin.py:151} INFO - #05  score=5.4227  doc_id=22046_2025-10-06_p1  page=1  pdf=boletines/2025/22046_2025-10-06.pdf
[2025-10-08T22:47:43.073+0000] {logging_mixin.py:151} INFO -       CONTRATACI칍N ABREVIADA No 13/25 - ADJUDICACI칍N PROGRAMA ABASTECIMIENTO DIRECCI칍N GENERAL DE ABASTECIMIENTO Y MANTENIMIENTO MINISTERIO DE SALUD P칔BLICA Art칤culo 1o: con encuadre en el art칤culo 15 inc. c) de la Ley 8072 de Contrataciones de l
[2025-10-08T22:47:43.076+0000] {python.py:194} INFO - Done. Returned value was: {'query': 'contrataci칩n p칰blica vial', 'top_k': 5, 'results': [{'rank': 1, 'score': 6.834977982549854, 'doc_id': '22043_2025-10-01_p1', 'page': 1, 'pdf_key': 'boletines/2025/22043_2025-10-01.pdf', 'snippet': 'CONSTITUCIONES DE SOCIEDAD TEKNIVA S.A.S Por Instrumento privado de fecha 04/07/2025, y adenda de fecha 10/09/2124, se constituy칩 la Sociedad por Acciones Simplificada denominada TEKNIVA S.A.S, con domicilio en la Jurisdicci칩n de la Provinc'}, {'rank': 2, 'score': 5.493598676303726, 'doc_id': '22047_2025-10-07_p1', 'page': 1, 'pdf_key': 'boletines/2025/22047_2025-10-07.pdf', 'snippet': 'CONTRATACIONES ABREVIADAS CONTRATACI칍N ABREVIADA N춿 21/25 - ADJUDICACI칍N DIRECCI칍N GENERAL DE ABASTECIMIENTO Y MANTENIMIENTO DIVISI칍N PROVISI칍N SUBSIDIOS MINISTERIO DE SALUD P칔BLICA Art칤culo 1o: con encuadre en el art칤culo 15 inc. i) de la '}, {'rank': 3, 'score': 5.484630725014589, 'doc_id': '22043_2025-10-01_p1', 'page': 1, 'pdf_key': 'boletines/2025/22043_2025-10-01.pdf', 'snippet': 'CONTRATACI칍N ABREVIADA N춿 78/25 - ADJUDICACI칍N PROGRAMA ABASTECIMIENTO - DIVISI칍N PROVISION DE SUBSIDIOS DIRECCI칍N GENERAL DE ABASTECIMIENTO Y MANTENIMIENTO MINISTERIO DE SALUD P칔BLICA Art칤culo 1o: con encuadre en el art칤culo 15 inc. i) de '}, {'rank': 4, 'score': 5.466786232589371, 'doc_id': '22046_2025-10-06_p1', 'page': 1, 'pdf_key': 'boletines/2025/22046_2025-10-06.pdf', 'snippet': 'CONTRATACI칍N ABREVIADA N춿 62/25 - ADJUDICACI칍N PROGRAMA ABASTECIMIENTO DIRECCI칍N GENERAL DE ABASTECIMIENTO Y MANTENIMIENTO MINISTERIO DE SALUD P칔BLICA Art칤culo 1o: con encuadre en el art칤culo 15 inc. g) de la Ley 8072 de Contrataciones de l'}, {'rank': 5, 'score': 5.422700726078633, 'doc_id': '22046_2025-10-06_p1', 'page': 1, 'pdf_key': 'boletines/2025/22046_2025-10-06.pdf', 'snippet': 'CONTRATACI칍N ABREVIADA No 13/25 - ADJUDICACI칍N PROGRAMA ABASTECIMIENTO DIRECCI칍N GENERAL DE ABASTECIMIENTO Y MANTENIMIENTO MINISTERIO DE SALUD P칔BLICA Art칤culo 1o: con encuadre en el art칤culo 15 inc. c) de la Ley 8072 de Contrataciones de l'}], 'model_key': 'rag/models/2025/bm25.pkl'}
[2025-10-08T22:47:43.089+0000] {taskinstance.py:1398} INFO - Marking task as SUCCESS. dag_id=flujo_RAG_completo, task_id=query_bm25_demo, execution_date=20251007T224220, start_date=20251008T224742, end_date=20251008T224743
[2025-10-08T22:47:43.147+0000] {local_task_job_runner.py:228} INFO - Task exited with return code 0
[2025-10-08T22:47:43.161+0000] {taskinstance.py:2776} INFO - 0 downstream tasks scheduled from follow-on schedule check
