[2025-10-05T23:29:58.317+0000] {taskinstance.py:1157} INFO - Dependencies all met for dep_context=non-requeueable deps ti=<TaskInstance: flujo_RAG.fusion_query_demo manual__2025-10-05T23:27:02+00:00 [queued]>
[2025-10-05T23:29:58.322+0000] {taskinstance.py:1157} INFO - Dependencies all met for dep_context=requeueable deps ti=<TaskInstance: flujo_RAG.fusion_query_demo manual__2025-10-05T23:27:02+00:00 [queued]>
[2025-10-05T23:29:58.323+0000] {taskinstance.py:1359} INFO - Starting attempt 1 of 1
[2025-10-05T23:29:58.329+0000] {taskinstance.py:1380} INFO - Executing <Task(PythonOperator): fusion_query_demo> on 2025-10-05 23:27:02+00:00
[2025-10-05T23:29:58.337+0000] {standard_task_runner.py:57} INFO - Started process 4812 to run task
[2025-10-05T23:29:58.340+0000] {standard_task_runner.py:84} INFO - Running: ['***', 'tasks', 'run', 'flujo_RAG', 'fusion_query_demo', 'manual__2025-10-05T23:27:02+00:00', '--job-id', '219', '--raw', '--subdir', 'DAGS_FOLDER/RAG_dag.py', '--cfg-path', '/tmp/tmpgko4e_u2']
[2025-10-05T23:29:58.343+0000] {standard_task_runner.py:85} INFO - Job 219: Subtask fusion_query_demo
[2025-10-05T23:29:58.372+0000] {task_command.py:415} INFO - Running <TaskInstance: flujo_RAG.fusion_query_demo manual__2025-10-05T23:27:02+00:00 [running]> on host c16a2a509134
[2025-10-05T23:29:58.419+0000] {taskinstance.py:1660} INFO - Exporting env vars: AIRFLOW_CTX_DAG_OWNER='***' AIRFLOW_CTX_DAG_ID='flujo_RAG' AIRFLOW_CTX_TASK_ID='fusion_query_demo' AIRFLOW_CTX_EXECUTION_DATE='2025-10-05T23:27:02+00:00' AIRFLOW_CTX_TRY_NUMBER='1' AIRFLOW_CTX_DAG_RUN_ID='manual__2025-10-05T23:27:02+00:00'
[2025-10-05T23:29:58.421+0000] {crypto.py:82} WARNING - empty cryptography key - values will not be stored encrypted.
[2025-10-05T23:29:58.422+0000] {base.py:73} INFO - Using connection ID 'minio_s3' for task execution.
[2025-10-05T23:29:58.422+0000] {warnings.py:109} WARNING - <string>:8: AirflowProviderDeprecationWarning: AWS Connection (conn_id='minio_s3', conn_type='s3') has connection type 's3', which has been replaced by connection type 'aws'. Please update your connection to have `conn_type='aws'`.

[2025-10-05T23:29:58.423+0000] {connection_wrapper.py:340} INFO - AWS Connection (conn_id='minio_s3', conn_type='s3') credentials retrieved from login and password.
[2025-10-05T23:29:58.423+0000] {warnings.py:109} WARNING - <string>:8: AirflowProviderDeprecationWarning: Host minio specified in the connection is not used. Please, set it on extra['endpoint_url'] instead

[2025-10-05T23:29:58.577+0000] {SentenceTransformer.py:208} INFO - Use pytorch device_name: cpu
[2025-10-05T23:29:58.578+0000] {SentenceTransformer.py:216} INFO - Load pretrained SentenceTransformer: sentence-transformers/paraphrase-multilingual-MiniLM-L12-v2
[2025-10-05T23:30:02.456+0000] {discover_namespace_packages.py:12} INFO - Discovering subpackages in _NamespacePath(['/home/***/.local/lib/python3.8/site-packages/pinecone_plugins'])
[2025-10-05T23:30:02.457+0000] {discover_plugins.py:9} INFO - Looking for plugins in pinecone_plugins.inference
[2025-10-05T23:30:02.461+0000] {installation.py:10} INFO - Installing plugin inference into Pinecone
[2025-10-05T23:30:03.876+0000] {base.py:73} INFO - Using connection ID 'minio_s3' for task execution.
[2025-10-05T23:30:03.877+0000] {connection_wrapper.py:340} INFO - AWS Connection (conn_id='minio_s3', conn_type='s3') credentials retrieved from login and password.
[2025-10-05T23:30:03.928+0000] {base.py:73} INFO - Using connection ID 'minio_s3' for task execution.
[2025-10-05T23:30:03.929+0000] {connection_wrapper.py:340} INFO - AWS Connection (conn_id='minio_s3', conn_type='s3') credentials retrieved from login and password.
[2025-10-05T23:30:03.975+0000] {base.py:73} INFO - Using connection ID 'minio_s3' for task execution.
[2025-10-05T23:30:03.976+0000] {connection_wrapper.py:340} INFO - AWS Connection (conn_id='minio_s3', conn_type='s3') credentials retrieved from login and password.
[2025-10-05T23:30:04.021+0000] {base.py:73} INFO - Using connection ID 'minio_s3' for task execution.
[2025-10-05T23:30:04.021+0000] {connection_wrapper.py:340} INFO - AWS Connection (conn_id='minio_s3', conn_type='s3') credentials retrieved from login and password.
[2025-10-05T23:30:04.067+0000] {base.py:73} INFO - Using connection ID 'minio_s3' for task execution.
[2025-10-05T23:30:04.067+0000] {connection_wrapper.py:340} INFO - AWS Connection (conn_id='minio_s3', conn_type='s3') credentials retrieved from login and password.
[2025-10-05T23:30:04.111+0000] {base.py:73} INFO - Using connection ID 'minio_s3' for task execution.
[2025-10-05T23:30:04.112+0000] {connection_wrapper.py:340} INFO - AWS Connection (conn_id='minio_s3', conn_type='s3') credentials retrieved from login and password.
[2025-10-05T23:30:04.156+0000] {base.py:73} INFO - Using connection ID 'minio_s3' for task execution.
[2025-10-05T23:30:04.157+0000] {connection_wrapper.py:340} INFO - AWS Connection (conn_id='minio_s3', conn_type='s3') credentials retrieved from login and password.
[2025-10-05T23:30:04.373+0000] {base.py:73} INFO - Using connection ID 'minio_s3' for task execution.
[2025-10-05T23:30:04.374+0000] {connection_wrapper.py:340} INFO - AWS Connection (conn_id='minio_s3', conn_type='s3') credentials retrieved from login and password.
[2025-10-05T23:30:04.417+0000] {base.py:73} INFO - Using connection ID 'minio_s3' for task execution.
[2025-10-05T23:30:04.417+0000] {connection_wrapper.py:340} INFO - AWS Connection (conn_id='minio_s3', conn_type='s3') credentials retrieved from login and password.
[2025-10-05T23:30:04.458+0000] {base.py:73} INFO - Using connection ID 'minio_s3' for task execution.
[2025-10-05T23:30:04.459+0000] {connection_wrapper.py:340} INFO - AWS Connection (conn_id='minio_s3', conn_type='s3') credentials retrieved from login and password.
[2025-10-05T23:30:04.505+0000] {base.py:73} INFO - Using connection ID 'minio_s3' for task execution.
[2025-10-05T23:30:04.505+0000] {connection_wrapper.py:340} INFO - AWS Connection (conn_id='minio_s3', conn_type='s3') credentials retrieved from login and password.
[2025-10-05T23:30:04.546+0000] {logging_mixin.py:151} INFO - ✅ Fusión RRF subida a s3://respaldo2/rag/fusion/2025/fusion_contrataci_n_p_blica_vial_20251005_233004.json  (top=10)
[2025-10-05T23:30:04.546+0000] {logging_mixin.py:151} INFO - 🔀 RRF para 'contratación pública vial'
[2025-10-05T23:30:04.546+0000] {logging_mixin.py:151} INFO - #01  22035_2025-09-19_p1  page=None  src=-
[2025-10-05T23:30:04.546+0000] {logging_mixin.py:151} INFO - #02  22036_2025-09-22::p1::6  page=None  src=-
[2025-10-05T23:30:04.547+0000] {logging_mixin.py:151} INFO - #03  22032_2025-09-16_p1  page=None  src=-
[2025-10-05T23:30:04.547+0000] {logging_mixin.py:151} INFO - #04  22043_2025-10-01::p1::9  page=None  src=-
[2025-10-05T23:30:04.547+0000] {logging_mixin.py:151} INFO - #05  22041_2025-09-29_p1  page=None  src=-
[2025-10-05T23:30:04.547+0000] {logging_mixin.py:151} INFO - #06  22037_2025-09-23::p1::11  page=None  src=-
[2025-10-05T23:30:04.547+0000] {logging_mixin.py:151} INFO - #07  22037_2025-09-23_p1  page=None  src=-
[2025-10-05T23:30:04.547+0000] {logging_mixin.py:151} INFO - #08  22036_2025-09-22::p1::7  page=None  src=-
[2025-10-05T23:30:04.547+0000] {logging_mixin.py:151} INFO - #09  22038_2025-09-24_p1  page=None  src=-
[2025-10-05T23:30:04.548+0000] {logging_mixin.py:151} INFO - #10  22036_2025-09-22::p1::13  page=None  src=-
[2025-10-05T23:30:04.548+0000] {python.py:194} INFO - Done. Returned value was: {'out_key': 'rag/fusion/2025/fusion_contrataci_n_p_blica_vial_20251005_233004.json', 'count': 10}
[2025-10-05T23:30:04.561+0000] {taskinstance.py:1398} INFO - Marking task as SUCCESS. dag_id=flujo_RAG, task_id=fusion_query_demo, execution_date=20251005T232702, start_date=20251005T232958, end_date=20251005T233004
[2025-10-05T23:30:04.610+0000] {local_task_job_runner.py:228} INFO - Task exited with return code 0
[2025-10-05T23:30:04.622+0000] {taskinstance.py:2776} INFO - 1 downstream tasks scheduled from follow-on schedule check
