[2025-10-02T18:16:43.748+0000] {taskinstance.py:1157} INFO - Dependencies all met for dep_context=non-requeueable deps ti=<TaskInstance: flujo_RAG.build_bm25 manual__2025-10-02T18:15:07+00:00 [queued]>
[2025-10-02T18:16:43.752+0000] {taskinstance.py:1157} INFO - Dependencies all met for dep_context=requeueable deps ti=<TaskInstance: flujo_RAG.build_bm25 manual__2025-10-02T18:15:07+00:00 [queued]>
[2025-10-02T18:16:43.752+0000] {taskinstance.py:1359} INFO - Starting attempt 1 of 1
[2025-10-02T18:16:43.758+0000] {taskinstance.py:1380} INFO - Executing <Task(PythonOperator): build_bm25> on 2025-10-02 18:15:07+00:00
[2025-10-02T18:16:43.763+0000] {standard_task_runner.py:57} INFO - Started process 62655 to run task
[2025-10-02T18:16:43.765+0000] {standard_task_runner.py:84} INFO - Running: ['***', 'tasks', 'run', 'flujo_RAG', 'build_bm25', 'manual__2025-10-02T18:15:07+00:00', '--job-id', '149', '--raw', '--subdir', 'DAGS_FOLDER/RAG_dag.py', '--cfg-path', '/tmp/tmpdp_j26iw']
[2025-10-02T18:16:43.767+0000] {standard_task_runner.py:85} INFO - Job 149: Subtask build_bm25
[2025-10-02T18:16:43.791+0000] {task_command.py:415} INFO - Running <TaskInstance: flujo_RAG.build_bm25 manual__2025-10-02T18:15:07+00:00 [running]> on host cebfb690f74d
[2025-10-02T18:16:43.827+0000] {taskinstance.py:1660} INFO - Exporting env vars: AIRFLOW_CTX_DAG_OWNER='***' AIRFLOW_CTX_DAG_ID='flujo_RAG' AIRFLOW_CTX_TASK_ID='build_bm25' AIRFLOW_CTX_EXECUTION_DATE='2025-10-02T18:15:07+00:00' AIRFLOW_CTX_TRY_NUMBER='1' AIRFLOW_CTX_DAG_RUN_ID='manual__2025-10-02T18:15:07+00:00'
[2025-10-02T18:16:43.828+0000] {crypto.py:82} WARNING - empty cryptography key - values will not be stored encrypted.
[2025-10-02T18:16:43.829+0000] {base.py:73} INFO - Using connection ID 'minio_s3' for task execution.
[2025-10-02T18:16:43.829+0000] {warnings.py:109} WARNING - <string>:8: AirflowProviderDeprecationWarning: AWS Connection (conn_id='minio_s3', conn_type='s3') has connection type 's3', which has been replaced by connection type 'aws'. Please update your connection to have `conn_type='aws'`.

[2025-10-02T18:16:43.829+0000] {connection_wrapper.py:340} INFO - AWS Connection (conn_id='minio_s3', conn_type='s3') credentials retrieved from login and password.
[2025-10-02T18:16:43.829+0000] {warnings.py:109} WARNING - <string>:8: AirflowProviderDeprecationWarning: Host minio specified in the connection is not used. Please, set it on extra['endpoint_url'] instead

[2025-10-02T18:16:44.155+0000] {base.py:73} INFO - Using connection ID 'minio_s3' for task execution.
[2025-10-02T18:16:44.156+0000] {connection_wrapper.py:340} INFO - AWS Connection (conn_id='minio_s3', conn_type='s3') credentials retrieved from login and password.
[2025-10-02T18:16:44.203+0000] {base.py:73} INFO - Using connection ID 'minio_s3' for task execution.
[2025-10-02T18:16:44.203+0000] {connection_wrapper.py:340} INFO - AWS Connection (conn_id='minio_s3', conn_type='s3') credentials retrieved from login and password.
[2025-10-02T18:16:44.248+0000] {base.py:73} INFO - Using connection ID 'minio_s3' for task execution.
[2025-10-02T18:16:44.249+0000] {connection_wrapper.py:340} INFO - AWS Connection (conn_id='minio_s3', conn_type='s3') credentials retrieved from login and password.
[2025-10-02T18:16:44.294+0000] {base.py:73} INFO - Using connection ID 'minio_s3' for task execution.
[2025-10-02T18:16:44.294+0000] {connection_wrapper.py:340} INFO - AWS Connection (conn_id='minio_s3', conn_type='s3') credentials retrieved from login and password.
[2025-10-02T18:16:44.337+0000] {base.py:73} INFO - Using connection ID 'minio_s3' for task execution.
[2025-10-02T18:16:44.338+0000] {connection_wrapper.py:340} INFO - AWS Connection (conn_id='minio_s3', conn_type='s3') credentials retrieved from login and password.
[2025-10-02T18:16:44.490+0000] {base.py:73} INFO - Using connection ID 'minio_s3' for task execution.
[2025-10-02T18:16:44.490+0000] {connection_wrapper.py:340} INFO - AWS Connection (conn_id='minio_s3', conn_type='s3') credentials retrieved from login and password.
[2025-10-02T18:16:44.530+0000] {base.py:73} INFO - Using connection ID 'minio_s3' for task execution.
[2025-10-02T18:16:44.530+0000] {connection_wrapper.py:340} INFO - AWS Connection (conn_id='minio_s3', conn_type='s3') credentials retrieved from login and password.
[2025-10-02T18:16:44.574+0000] {base.py:73} INFO - Using connection ID 'minio_s3' for task execution.
[2025-10-02T18:16:44.575+0000] {connection_wrapper.py:340} INFO - AWS Connection (conn_id='minio_s3', conn_type='s3') credentials retrieved from login and password.
[2025-10-02T18:16:44.619+0000] {base.py:73} INFO - Using connection ID 'minio_s3' for task execution.
[2025-10-02T18:16:44.619+0000] {connection_wrapper.py:340} INFO - AWS Connection (conn_id='minio_s3', conn_type='s3') credentials retrieved from login and password.
[2025-10-02T18:16:44.766+0000] {base.py:73} INFO - Using connection ID 'minio_s3' for task execution.
[2025-10-02T18:16:44.767+0000] {connection_wrapper.py:340} INFO - AWS Connection (conn_id='minio_s3', conn_type='s3') credentials retrieved from login and password.
[2025-10-02T18:16:44.808+0000] {base.py:73} INFO - Using connection ID 'minio_s3' for task execution.
[2025-10-02T18:16:44.809+0000] {connection_wrapper.py:340} INFO - AWS Connection (conn_id='minio_s3', conn_type='s3') credentials retrieved from login and password.
[2025-10-02T18:16:44.851+0000] {base.py:73} INFO - Using connection ID 'minio_s3' for task execution.
[2025-10-02T18:16:44.851+0000] {connection_wrapper.py:340} INFO - AWS Connection (conn_id='minio_s3', conn_type='s3') credentials retrieved from login and password.
[2025-10-02T18:16:44.893+0000] {base.py:73} INFO - Using connection ID 'minio_s3' for task execution.
[2025-10-02T18:16:44.894+0000] {connection_wrapper.py:340} INFO - AWS Connection (conn_id='minio_s3', conn_type='s3') credentials retrieved from login and password.
[2025-10-02T18:16:45.037+0000] {logging_mixin.py:151} INFO - 🔧 Construyendo BM25Index sobre 13 docs y 223 chunks...
[2025-10-02T18:16:45.052+0000] {base.py:73} INFO - Using connection ID 'minio_s3' for task execution.
[2025-10-02T18:16:45.053+0000] {connection_wrapper.py:340} INFO - AWS Connection (conn_id='minio_s3', conn_type='s3') credentials retrieved from login and password.
[2025-10-02T18:16:45.097+0000] {logging_mixin.py:151} INFO - ✅ BM25 guardado en s3://respaldo2/rag/models/2025/bm25.pkl
[2025-10-02T18:16:45.097+0000] {base.py:73} INFO - Using connection ID 'minio_s3' for task execution.
[2025-10-02T18:16:45.097+0000] {connection_wrapper.py:340} INFO - AWS Connection (conn_id='minio_s3', conn_type='s3') credentials retrieved from login and password.
[2025-10-02T18:16:45.132+0000] {logging_mixin.py:151} INFO - 📄 Manifest: s3://respaldo2/rag/models/2025/_bm25_manifest.json
[2025-10-02T18:16:45.133+0000] {python.py:194} INFO - Done. Returned value was: {'bm25_key': 'rag/models/2025/bm25.pkl', 'manifest_key': 'rag/models/2025/_bm25_manifest.json', 'docs': 13, 'chunks': 223}
[2025-10-02T18:16:45.143+0000] {taskinstance.py:1398} INFO - Marking task as SUCCESS. dag_id=flujo_RAG, task_id=build_bm25, execution_date=20251002T181507, start_date=20251002T181643, end_date=20251002T181645
[2025-10-02T18:16:45.200+0000] {local_task_job_runner.py:228} INFO - Task exited with return code 0
[2025-10-02T18:16:45.212+0000] {taskinstance.py:2776} INFO - 1 downstream tasks scheduled from follow-on schedule check
