[2025-10-06T01:19:57.282+0000] {taskinstance.py:1157} INFO - Dependencies all met for dep_context=non-requeueable deps ti=<TaskInstance: flujo_RAG.chunk_from_txt manual__2025-10-06T01:17:45+00:00 [queued]>
[2025-10-06T01:19:57.287+0000] {taskinstance.py:1157} INFO - Dependencies all met for dep_context=requeueable deps ti=<TaskInstance: flujo_RAG.chunk_from_txt manual__2025-10-06T01:17:45+00:00 [queued]>
[2025-10-06T01:19:57.287+0000] {taskinstance.py:1359} INFO - Starting attempt 1 of 1
[2025-10-06T01:19:57.292+0000] {taskinstance.py:1380} INFO - Executing <Task(PythonOperator): chunk_from_txt> on 2025-10-06 01:17:45+00:00
[2025-10-06T01:19:57.299+0000] {standard_task_runner.py:57} INFO - Started process 11633 to run task
[2025-10-06T01:19:57.302+0000] {standard_task_runner.py:84} INFO - Running: ['***', 'tasks', 'run', 'flujo_RAG', 'chunk_from_txt', 'manual__2025-10-06T01:17:45+00:00', '--job-id', '253', '--raw', '--subdir', 'DAGS_FOLDER/RAG_dag.py', '--cfg-path', '/tmp/tmpxvkhcqtw']
[2025-10-06T01:19:57.305+0000] {standard_task_runner.py:85} INFO - Job 253: Subtask chunk_from_txt
[2025-10-06T01:19:57.332+0000] {task_command.py:415} INFO - Running <TaskInstance: flujo_RAG.chunk_from_txt manual__2025-10-06T01:17:45+00:00 [running]> on host c16a2a509134
[2025-10-06T01:19:57.369+0000] {taskinstance.py:1660} INFO - Exporting env vars: AIRFLOW_CTX_DAG_OWNER='***' AIRFLOW_CTX_DAG_ID='flujo_RAG' AIRFLOW_CTX_TASK_ID='chunk_from_txt' AIRFLOW_CTX_EXECUTION_DATE='2025-10-06T01:17:45+00:00' AIRFLOW_CTX_TRY_NUMBER='1' AIRFLOW_CTX_DAG_RUN_ID='manual__2025-10-06T01:17:45+00:00'
[2025-10-06T01:19:57.370+0000] {crypto.py:82} WARNING - empty cryptography key - values will not be stored encrypted.
[2025-10-06T01:19:57.371+0000] {base.py:73} INFO - Using connection ID 'minio_s3' for task execution.
[2025-10-06T01:19:57.371+0000] {warnings.py:109} WARNING - <string>:8: AirflowProviderDeprecationWarning: AWS Connection (conn_id='minio_s3', conn_type='s3') has connection type 's3', which has been replaced by connection type 'aws'. Please update your connection to have `conn_type='aws'`.

[2025-10-06T01:19:57.371+0000] {connection_wrapper.py:340} INFO - AWS Connection (conn_id='minio_s3', conn_type='s3') credentials retrieved from login and password.
[2025-10-06T01:19:57.371+0000] {warnings.py:109} WARNING - <string>:8: AirflowProviderDeprecationWarning: Host minio specified in the connection is not used. Please, set it on extra['endpoint_url'] instead

[2025-10-06T01:19:57.521+0000] {base.py:73} INFO - Using connection ID 'minio_s3' for task execution.
[2025-10-06T01:19:57.521+0000] {connection_wrapper.py:340} INFO - AWS Connection (conn_id='minio_s3', conn_type='s3') credentials retrieved from login and password.
[2025-10-06T01:19:57.588+0000] {base.py:73} INFO - Using connection ID 'minio_s3' for task execution.
[2025-10-06T01:19:57.589+0000] {connection_wrapper.py:340} INFO - AWS Connection (conn_id='minio_s3', conn_type='s3') credentials retrieved from login and password.
[2025-10-06T01:19:57.821+0000] {logging_mixin.py:151} INFO - ✅ NDJSON subido: s3://respaldo2/rag/chunks/2025/22032_2025-09-16.ndjson  (chunks=11)
[2025-10-06T01:19:57.822+0000] {base.py:73} INFO - Using connection ID 'minio_s3' for task execution.
[2025-10-06T01:19:57.822+0000] {connection_wrapper.py:340} INFO - AWS Connection (conn_id='minio_s3', conn_type='s3') credentials retrieved from login and password.
[2025-10-06T01:19:57.884+0000] {base.py:73} INFO - Using connection ID 'minio_s3' for task execution.
[2025-10-06T01:19:57.884+0000] {connection_wrapper.py:340} INFO - AWS Connection (conn_id='minio_s3', conn_type='s3') credentials retrieved from login and password.
[2025-10-06T01:19:57.921+0000] {logging_mixin.py:151} INFO - ✅ NDJSON subido: s3://respaldo2/rag/chunks/2025/22033_2025-09-17.ndjson  (chunks=16)
[2025-10-06T01:19:57.922+0000] {base.py:73} INFO - Using connection ID 'minio_s3' for task execution.
[2025-10-06T01:19:57.922+0000] {connection_wrapper.py:340} INFO - AWS Connection (conn_id='minio_s3', conn_type='s3') credentials retrieved from login and password.
[2025-10-06T01:19:57.989+0000] {base.py:73} INFO - Using connection ID 'minio_s3' for task execution.
[2025-10-06T01:19:57.989+0000] {connection_wrapper.py:340} INFO - AWS Connection (conn_id='minio_s3', conn_type='s3') credentials retrieved from login and password.
[2025-10-06T01:19:58.030+0000] {logging_mixin.py:151} INFO - ✅ NDJSON subido: s3://respaldo2/rag/chunks/2025/22034_2025-09-18.ndjson  (chunks=15)
[2025-10-06T01:19:58.031+0000] {base.py:73} INFO - Using connection ID 'minio_s3' for task execution.
[2025-10-06T01:19:58.031+0000] {connection_wrapper.py:340} INFO - AWS Connection (conn_id='minio_s3', conn_type='s3') credentials retrieved from login and password.
[2025-10-06T01:19:58.101+0000] {base.py:73} INFO - Using connection ID 'minio_s3' for task execution.
[2025-10-06T01:19:58.101+0000] {connection_wrapper.py:340} INFO - AWS Connection (conn_id='minio_s3', conn_type='s3') credentials retrieved from login and password.
[2025-10-06T01:19:58.142+0000] {logging_mixin.py:151} INFO - ✅ NDJSON subido: s3://respaldo2/rag/chunks/2025/22035_2025-09-19.ndjson  (chunks=20)
[2025-10-06T01:19:58.142+0000] {base.py:73} INFO - Using connection ID 'minio_s3' for task execution.
[2025-10-06T01:19:58.143+0000] {connection_wrapper.py:340} INFO - AWS Connection (conn_id='minio_s3', conn_type='s3') credentials retrieved from login and password.
[2025-10-06T01:19:58.379+0000] {base.py:73} INFO - Using connection ID 'minio_s3' for task execution.
[2025-10-06T01:19:58.379+0000] {connection_wrapper.py:340} INFO - AWS Connection (conn_id='minio_s3', conn_type='s3') credentials retrieved from login and password.
[2025-10-06T01:19:58.418+0000] {logging_mixin.py:151} INFO - ✅ NDJSON subido: s3://respaldo2/rag/chunks/2025/22036_2025-09-22.ndjson  (chunks=24)
[2025-10-06T01:19:58.419+0000] {base.py:73} INFO - Using connection ID 'minio_s3' for task execution.
[2025-10-06T01:19:58.419+0000] {connection_wrapper.py:340} INFO - AWS Connection (conn_id='minio_s3', conn_type='s3') credentials retrieved from login and password.
[2025-10-06T01:19:58.481+0000] {base.py:73} INFO - Using connection ID 'minio_s3' for task execution.
[2025-10-06T01:19:58.481+0000] {connection_wrapper.py:340} INFO - AWS Connection (conn_id='minio_s3', conn_type='s3') credentials retrieved from login and password.
[2025-10-06T01:19:58.519+0000] {logging_mixin.py:151} INFO - ✅ NDJSON subido: s3://respaldo2/rag/chunks/2025/22037_2025-09-23.ndjson  (chunks=23)
[2025-10-06T01:19:58.519+0000] {base.py:73} INFO - Using connection ID 'minio_s3' for task execution.
[2025-10-06T01:19:58.520+0000] {connection_wrapper.py:340} INFO - AWS Connection (conn_id='minio_s3', conn_type='s3') credentials retrieved from login and password.
[2025-10-06T01:19:58.578+0000] {base.py:73} INFO - Using connection ID 'minio_s3' for task execution.
[2025-10-06T01:19:58.578+0000] {connection_wrapper.py:340} INFO - AWS Connection (conn_id='minio_s3', conn_type='s3') credentials retrieved from login and password.
[2025-10-06T01:19:58.615+0000] {logging_mixin.py:151} INFO - ✅ NDJSON subido: s3://respaldo2/rag/chunks/2025/22038_2025-09-24.ndjson  (chunks=9)
[2025-10-06T01:19:58.616+0000] {base.py:73} INFO - Using connection ID 'minio_s3' for task execution.
[2025-10-06T01:19:58.616+0000] {connection_wrapper.py:340} INFO - AWS Connection (conn_id='minio_s3', conn_type='s3') credentials retrieved from login and password.
[2025-10-06T01:19:58.684+0000] {base.py:73} INFO - Using connection ID 'minio_s3' for task execution.
[2025-10-06T01:19:58.684+0000] {connection_wrapper.py:340} INFO - AWS Connection (conn_id='minio_s3', conn_type='s3') credentials retrieved from login and password.
[2025-10-06T01:19:58.900+0000] {logging_mixin.py:151} INFO - ✅ NDJSON subido: s3://respaldo2/rag/chunks/2025/22039_2025-09-25.ndjson  (chunks=17)
[2025-10-06T01:19:58.900+0000] {base.py:73} INFO - Using connection ID 'minio_s3' for task execution.
[2025-10-06T01:19:58.900+0000] {connection_wrapper.py:340} INFO - AWS Connection (conn_id='minio_s3', conn_type='s3') credentials retrieved from login and password.
[2025-10-06T01:19:58.961+0000] {base.py:73} INFO - Using connection ID 'minio_s3' for task execution.
[2025-10-06T01:19:58.961+0000] {connection_wrapper.py:340} INFO - AWS Connection (conn_id='minio_s3', conn_type='s3') credentials retrieved from login and password.
[2025-10-06T01:19:58.998+0000] {logging_mixin.py:151} INFO - ✅ NDJSON subido: s3://respaldo2/rag/chunks/2025/22040_2025-09-26.ndjson  (chunks=9)
[2025-10-06T01:19:58.998+0000] {base.py:73} INFO - Using connection ID 'minio_s3' for task execution.
[2025-10-06T01:19:58.999+0000] {connection_wrapper.py:340} INFO - AWS Connection (conn_id='minio_s3', conn_type='s3') credentials retrieved from login and password.
[2025-10-06T01:19:59.066+0000] {base.py:73} INFO - Using connection ID 'minio_s3' for task execution.
[2025-10-06T01:19:59.066+0000] {connection_wrapper.py:340} INFO - AWS Connection (conn_id='minio_s3', conn_type='s3') credentials retrieved from login and password.
[2025-10-06T01:19:59.102+0000] {logging_mixin.py:151} INFO - ✅ NDJSON subido: s3://respaldo2/rag/chunks/2025/22041_2025-09-29.ndjson  (chunks=25)
[2025-10-06T01:19:59.103+0000] {base.py:73} INFO - Using connection ID 'minio_s3' for task execution.
[2025-10-06T01:19:59.103+0000] {connection_wrapper.py:340} INFO - AWS Connection (conn_id='minio_s3', conn_type='s3') credentials retrieved from login and password.
[2025-10-06T01:19:59.167+0000] {base.py:73} INFO - Using connection ID 'minio_s3' for task execution.
[2025-10-06T01:19:59.168+0000] {connection_wrapper.py:340} INFO - AWS Connection (conn_id='minio_s3', conn_type='s3') credentials retrieved from login and password.
[2025-10-06T01:19:59.208+0000] {logging_mixin.py:151} INFO - ✅ NDJSON subido: s3://respaldo2/rag/chunks/2025/22042_2025-09-30.ndjson  (chunks=19)
[2025-10-06T01:19:59.209+0000] {base.py:73} INFO - Using connection ID 'minio_s3' for task execution.
[2025-10-06T01:19:59.209+0000] {connection_wrapper.py:340} INFO - AWS Connection (conn_id='minio_s3', conn_type='s3') credentials retrieved from login and password.
[2025-10-06T01:19:59.445+0000] {base.py:73} INFO - Using connection ID 'minio_s3' for task execution.
[2025-10-06T01:19:59.445+0000] {connection_wrapper.py:340} INFO - AWS Connection (conn_id='minio_s3', conn_type='s3') credentials retrieved from login and password.
[2025-10-06T01:19:59.481+0000] {logging_mixin.py:151} INFO - ✅ NDJSON subido: s3://respaldo2/rag/chunks/2025/22043_2025-10-01.ndjson  (chunks=24)
[2025-10-06T01:19:59.481+0000] {base.py:73} INFO - Using connection ID 'minio_s3' for task execution.
[2025-10-06T01:19:59.482+0000] {connection_wrapper.py:340} INFO - AWS Connection (conn_id='minio_s3', conn_type='s3') credentials retrieved from login and password.
[2025-10-06T01:19:59.547+0000] {base.py:73} INFO - Using connection ID 'minio_s3' for task execution.
[2025-10-06T01:19:59.548+0000] {connection_wrapper.py:340} INFO - AWS Connection (conn_id='minio_s3', conn_type='s3') credentials retrieved from login and password.
[2025-10-06T01:19:59.585+0000] {logging_mixin.py:151} INFO - ✅ NDJSON subido: s3://respaldo2/rag/chunks/2025/22044_2025-10-02.ndjson  (chunks=13)
[2025-10-06T01:19:59.586+0000] {base.py:73} INFO - Using connection ID 'minio_s3' for task execution.
[2025-10-06T01:19:59.586+0000] {connection_wrapper.py:340} INFO - AWS Connection (conn_id='minio_s3', conn_type='s3') credentials retrieved from login and password.
[2025-10-06T01:19:59.644+0000] {base.py:73} INFO - Using connection ID 'minio_s3' for task execution.
[2025-10-06T01:19:59.644+0000] {connection_wrapper.py:340} INFO - AWS Connection (conn_id='minio_s3', conn_type='s3') credentials retrieved from login and password.
[2025-10-06T01:19:59.680+0000] {logging_mixin.py:151} INFO - ✅ NDJSON subido: s3://respaldo2/rag/chunks/2025/22045_2025-10-03.ndjson  (chunks=11)
[2025-10-06T01:19:59.681+0000] {base.py:73} INFO - Using connection ID 'minio_s3' for task execution.
[2025-10-06T01:19:59.681+0000] {connection_wrapper.py:340} INFO - AWS Connection (conn_id='minio_s3', conn_type='s3') credentials retrieved from login and password.
[2025-10-06T01:19:59.721+0000] {logging_mixin.py:151} INFO - 📄 Manifest: s3://respaldo2/rag/chunks/2025/_chunks_manifest.json
[2025-10-06T01:19:59.721+0000] {python.py:194} INFO - Done. Returned value was: {'processed': 14, 'pages': 14, 'chunks': 236, 'manifest_key': 'rag/chunks/2025/_chunks_manifest.json'}
[2025-10-06T01:19:59.732+0000] {taskinstance.py:1398} INFO - Marking task as SUCCESS. dag_id=flujo_RAG, task_id=chunk_from_txt, execution_date=20251006T011745, start_date=20251006T011957, end_date=20251006T011959
[2025-10-06T01:19:59.759+0000] {local_task_job_runner.py:228} INFO - Task exited with return code 0
[2025-10-06T01:19:59.774+0000] {taskinstance.py:2776} INFO - 1 downstream tasks scheduled from follow-on schedule check
