[2025-10-01T18:21:43.630+0000] {taskinstance.py:1157} INFO - Dependencies all met for dep_context=non-requeueable deps ti=<TaskInstance: flujo_RAG.chunk_from_txt manual__2025-10-01T18:20:14+00:00 [queued]>
[2025-10-01T18:21:43.633+0000] {taskinstance.py:1157} INFO - Dependencies all met for dep_context=requeueable deps ti=<TaskInstance: flujo_RAG.chunk_from_txt manual__2025-10-01T18:20:14+00:00 [queued]>
[2025-10-01T18:21:43.633+0000] {taskinstance.py:1359} INFO - Starting attempt 1 of 1
[2025-10-01T18:21:43.638+0000] {taskinstance.py:1380} INFO - Executing <Task(PythonOperator): chunk_from_txt> on 2025-10-01 18:20:14+00:00
[2025-10-01T18:21:43.645+0000] {standard_task_runner.py:57} INFO - Started process 8376 to run task
[2025-10-01T18:21:43.647+0000] {standard_task_runner.py:84} INFO - Running: ['***', 'tasks', 'run', 'flujo_RAG', 'chunk_from_txt', 'manual__2025-10-01T18:20:14+00:00', '--job-id', '82', '--raw', '--subdir', 'DAGS_FOLDER/RAG_dag.py', '--cfg-path', '/tmp/tmp2hp91awe']
[2025-10-01T18:21:43.649+0000] {standard_task_runner.py:85} INFO - Job 82: Subtask chunk_from_txt
[2025-10-01T18:21:43.673+0000] {task_command.py:415} INFO - Running <TaskInstance: flujo_RAG.chunk_from_txt manual__2025-10-01T18:20:14+00:00 [running]> on host 2f9c2b1ff132
[2025-10-01T18:21:43.707+0000] {taskinstance.py:1660} INFO - Exporting env vars: AIRFLOW_CTX_DAG_OWNER='***' AIRFLOW_CTX_DAG_ID='flujo_RAG' AIRFLOW_CTX_TASK_ID='chunk_from_txt' AIRFLOW_CTX_EXECUTION_DATE='2025-10-01T18:20:14+00:00' AIRFLOW_CTX_TRY_NUMBER='1' AIRFLOW_CTX_DAG_RUN_ID='manual__2025-10-01T18:20:14+00:00'
[2025-10-01T18:21:43.708+0000] {crypto.py:82} WARNING - empty cryptography key - values will not be stored encrypted.
[2025-10-01T18:21:43.709+0000] {base.py:73} INFO - Using connection ID 'minio_s3' for task execution.
[2025-10-01T18:21:43.709+0000] {warnings.py:109} WARNING - <string>:8: AirflowProviderDeprecationWarning: AWS Connection (conn_id='minio_s3', conn_type='s3') has connection type 's3', which has been replaced by connection type 'aws'. Please update your connection to have `conn_type='aws'`.

[2025-10-01T18:21:43.709+0000] {connection_wrapper.py:340} INFO - AWS Connection (conn_id='minio_s3', conn_type='s3') credentials retrieved from login and password.
[2025-10-01T18:21:43.709+0000] {warnings.py:109} WARNING - <string>:8: AirflowProviderDeprecationWarning: Host minio specified in the connection is not used. Please, set it on extra['endpoint_url'] instead

[2025-10-01T18:21:43.857+0000] {base.py:73} INFO - Using connection ID 'minio_s3' for task execution.
[2025-10-01T18:21:43.858+0000] {connection_wrapper.py:340} INFO - AWS Connection (conn_id='minio_s3', conn_type='s3') credentials retrieved from login and password.
[2025-10-01T18:21:43.925+0000] {base.py:73} INFO - Using connection ID 'minio_s3' for task execution.
[2025-10-01T18:21:43.926+0000] {connection_wrapper.py:340} INFO - AWS Connection (conn_id='minio_s3', conn_type='s3') credentials retrieved from login and password.
[2025-10-01T18:21:43.964+0000] {logging_mixin.py:151} INFO - ✅ NDJSON subido: s3://respaldo2/rag/chunks/2025/22032_2025-09-16.ndjson  (chunks=11)
[2025-10-01T18:21:43.965+0000] {base.py:73} INFO - Using connection ID 'minio_s3' for task execution.
[2025-10-01T18:21:43.965+0000] {connection_wrapper.py:340} INFO - AWS Connection (conn_id='minio_s3', conn_type='s3') credentials retrieved from login and password.
[2025-10-01T18:21:44.205+0000] {base.py:73} INFO - Using connection ID 'minio_s3' for task execution.
[2025-10-01T18:21:44.206+0000] {connection_wrapper.py:340} INFO - AWS Connection (conn_id='minio_s3', conn_type='s3') credentials retrieved from login and password.
[2025-10-01T18:21:44.242+0000] {logging_mixin.py:151} INFO - ✅ NDJSON subido: s3://respaldo2/rag/chunks/2025/22033_2025-09-17.ndjson  (chunks=16)
[2025-10-01T18:21:44.243+0000] {base.py:73} INFO - Using connection ID 'minio_s3' for task execution.
[2025-10-01T18:21:44.243+0000] {connection_wrapper.py:340} INFO - AWS Connection (conn_id='minio_s3', conn_type='s3') credentials retrieved from login and password.
[2025-10-01T18:21:44.310+0000] {base.py:73} INFO - Using connection ID 'minio_s3' for task execution.
[2025-10-01T18:21:44.311+0000] {connection_wrapper.py:340} INFO - AWS Connection (conn_id='minio_s3', conn_type='s3') credentials retrieved from login and password.
[2025-10-01T18:21:44.349+0000] {logging_mixin.py:151} INFO - ✅ NDJSON subido: s3://respaldo2/rag/chunks/2025/22034_2025-09-18.ndjson  (chunks=15)
[2025-10-01T18:21:44.350+0000] {base.py:73} INFO - Using connection ID 'minio_s3' for task execution.
[2025-10-01T18:21:44.350+0000] {connection_wrapper.py:340} INFO - AWS Connection (conn_id='minio_s3', conn_type='s3') credentials retrieved from login and password.
[2025-10-01T18:21:44.420+0000] {base.py:73} INFO - Using connection ID 'minio_s3' for task execution.
[2025-10-01T18:21:44.420+0000] {connection_wrapper.py:340} INFO - AWS Connection (conn_id='minio_s3', conn_type='s3') credentials retrieved from login and password.
[2025-10-01T18:21:44.462+0000] {logging_mixin.py:151} INFO - ✅ NDJSON subido: s3://respaldo2/rag/chunks/2025/22035_2025-09-19.ndjson  (chunks=20)
[2025-10-01T18:21:44.462+0000] {base.py:73} INFO - Using connection ID 'minio_s3' for task execution.
[2025-10-01T18:21:44.463+0000] {connection_wrapper.py:340} INFO - AWS Connection (conn_id='minio_s3', conn_type='s3') credentials retrieved from login and password.
[2025-10-01T18:21:44.529+0000] {base.py:73} INFO - Using connection ID 'minio_s3' for task execution.
[2025-10-01T18:21:44.530+0000] {connection_wrapper.py:340} INFO - AWS Connection (conn_id='minio_s3', conn_type='s3') credentials retrieved from login and password.
[2025-10-01T18:21:44.710+0000] {logging_mixin.py:151} INFO - ✅ NDJSON subido: s3://respaldo2/rag/chunks/2025/22036_2025-09-22.ndjson  (chunks=24)
[2025-10-01T18:21:44.710+0000] {base.py:73} INFO - Using connection ID 'minio_s3' for task execution.
[2025-10-01T18:21:44.710+0000] {connection_wrapper.py:340} INFO - AWS Connection (conn_id='minio_s3', conn_type='s3') credentials retrieved from login and password.
[2025-10-01T18:21:44.777+0000] {base.py:73} INFO - Using connection ID 'minio_s3' for task execution.
[2025-10-01T18:21:44.778+0000] {connection_wrapper.py:340} INFO - AWS Connection (conn_id='minio_s3', conn_type='s3') credentials retrieved from login and password.
[2025-10-01T18:21:44.813+0000] {logging_mixin.py:151} INFO - ✅ NDJSON subido: s3://respaldo2/rag/chunks/2025/22037_2025-09-23.ndjson  (chunks=23)
[2025-10-01T18:21:44.814+0000] {base.py:73} INFO - Using connection ID 'minio_s3' for task execution.
[2025-10-01T18:21:44.814+0000] {connection_wrapper.py:340} INFO - AWS Connection (conn_id='minio_s3', conn_type='s3') credentials retrieved from login and password.
[2025-10-01T18:21:44.873+0000] {base.py:73} INFO - Using connection ID 'minio_s3' for task execution.
[2025-10-01T18:21:44.874+0000] {connection_wrapper.py:340} INFO - AWS Connection (conn_id='minio_s3', conn_type='s3') credentials retrieved from login and password.
[2025-10-01T18:21:44.910+0000] {logging_mixin.py:151} INFO - ✅ NDJSON subido: s3://respaldo2/rag/chunks/2025/22038_2025-09-24.ndjson  (chunks=9)
[2025-10-01T18:21:44.910+0000] {base.py:73} INFO - Using connection ID 'minio_s3' for task execution.
[2025-10-01T18:21:44.911+0000] {connection_wrapper.py:340} INFO - AWS Connection (conn_id='minio_s3', conn_type='s3') credentials retrieved from login and password.
[2025-10-01T18:21:44.980+0000] {base.py:73} INFO - Using connection ID 'minio_s3' for task execution.
[2025-10-01T18:21:44.980+0000] {connection_wrapper.py:340} INFO - AWS Connection (conn_id='minio_s3', conn_type='s3') credentials retrieved from login and password.
[2025-10-01T18:21:45.152+0000] {logging_mixin.py:151} INFO - ✅ NDJSON subido: s3://respaldo2/rag/chunks/2025/22039_2025-09-25.ndjson  (chunks=17)
[2025-10-01T18:21:45.152+0000] {base.py:73} INFO - Using connection ID 'minio_s3' for task execution.
[2025-10-01T18:21:45.153+0000] {connection_wrapper.py:340} INFO - AWS Connection (conn_id='minio_s3', conn_type='s3') credentials retrieved from login and password.
[2025-10-01T18:21:45.212+0000] {base.py:73} INFO - Using connection ID 'minio_s3' for task execution.
[2025-10-01T18:21:45.212+0000] {connection_wrapper.py:340} INFO - AWS Connection (conn_id='minio_s3', conn_type='s3') credentials retrieved from login and password.
[2025-10-01T18:21:45.248+0000] {logging_mixin.py:151} INFO - ✅ NDJSON subido: s3://respaldo2/rag/chunks/2025/22040_2025-09-26.ndjson  (chunks=9)
[2025-10-01T18:21:45.249+0000] {base.py:73} INFO - Using connection ID 'minio_s3' for task execution.
[2025-10-01T18:21:45.249+0000] {connection_wrapper.py:340} INFO - AWS Connection (conn_id='minio_s3', conn_type='s3') credentials retrieved from login and password.
[2025-10-01T18:21:45.315+0000] {base.py:73} INFO - Using connection ID 'minio_s3' for task execution.
[2025-10-01T18:21:45.315+0000] {connection_wrapper.py:340} INFO - AWS Connection (conn_id='minio_s3', conn_type='s3') credentials retrieved from login and password.
[2025-10-01T18:21:45.352+0000] {logging_mixin.py:151} INFO - ✅ NDJSON subido: s3://respaldo2/rag/chunks/2025/22041_2025-09-29.ndjson  (chunks=25)
[2025-10-01T18:21:45.353+0000] {base.py:73} INFO - Using connection ID 'minio_s3' for task execution.
[2025-10-01T18:21:45.353+0000] {connection_wrapper.py:340} INFO - AWS Connection (conn_id='minio_s3', conn_type='s3') credentials retrieved from login and password.
[2025-10-01T18:21:45.415+0000] {base.py:73} INFO - Using connection ID 'minio_s3' for task execution.
[2025-10-01T18:21:45.416+0000] {connection_wrapper.py:340} INFO - AWS Connection (conn_id='minio_s3', conn_type='s3') credentials retrieved from login and password.
[2025-10-01T18:21:45.590+0000] {logging_mixin.py:151} INFO - ✅ NDJSON subido: s3://respaldo2/rag/chunks/2025/22042_2025-09-30.ndjson  (chunks=19)
[2025-10-01T18:21:45.590+0000] {base.py:73} INFO - Using connection ID 'minio_s3' for task execution.
[2025-10-01T18:21:45.590+0000] {connection_wrapper.py:340} INFO - AWS Connection (conn_id='minio_s3', conn_type='s3') credentials retrieved from login and password.
[2025-10-01T18:21:45.658+0000] {base.py:73} INFO - Using connection ID 'minio_s3' for task execution.
[2025-10-01T18:21:45.658+0000] {connection_wrapper.py:340} INFO - AWS Connection (conn_id='minio_s3', conn_type='s3') credentials retrieved from login and password.
[2025-10-01T18:21:45.692+0000] {logging_mixin.py:151} INFO - ✅ NDJSON subido: s3://respaldo2/rag/chunks/2025/22043_2025-10-01.ndjson  (chunks=24)
[2025-10-01T18:21:45.693+0000] {base.py:73} INFO - Using connection ID 'minio_s3' for task execution.
[2025-10-01T18:21:45.693+0000] {connection_wrapper.py:340} INFO - AWS Connection (conn_id='minio_s3', conn_type='s3') credentials retrieved from login and password.
[2025-10-01T18:21:45.726+0000] {logging_mixin.py:151} INFO - 📄 Manifest: s3://respaldo2/rag/chunks/2025/_chunks_manifest.json
[2025-10-01T18:21:45.727+0000] {python.py:194} INFO - Done. Returned value was: {'processed': 12, 'pages': 12, 'chunks': 212, 'manifest_key': 'rag/chunks/2025/_chunks_manifest.json'}
[2025-10-01T18:21:45.736+0000] {taskinstance.py:1398} INFO - Marking task as SUCCESS. dag_id=flujo_RAG, task_id=chunk_from_txt, execution_date=20251001T182014, start_date=20251001T182143, end_date=20251001T182145
[2025-10-01T18:21:45.792+0000] {local_task_job_runner.py:228} INFO - Task exited with return code 0
[2025-10-01T18:21:45.806+0000] {taskinstance.py:2776} INFO - 2 downstream tasks scheduled from follow-on schedule check
