[2025-10-08T22:37:59.298+0000] {taskinstance.py:1157} INFO - Dependencies all met for dep_context=non-requeueable deps ti=<TaskInstance: flujo_RAG_completo.fusion_query_demo manual__2025-10-07T22:42:20+00:00 [queued]>
[2025-10-08T22:37:59.302+0000] {taskinstance.py:1157} INFO - Dependencies all met for dep_context=requeueable deps ti=<TaskInstance: flujo_RAG_completo.fusion_query_demo manual__2025-10-07T22:42:20+00:00 [queued]>
[2025-10-08T22:37:59.302+0000] {taskinstance.py:1359} INFO - Starting attempt 1 of 1
[2025-10-08T22:37:59.309+0000] {taskinstance.py:1380} INFO - Executing <Task(PythonOperator): fusion_query_demo> on 2025-10-07 22:42:20+00:00
[2025-10-08T22:37:59.316+0000] {standard_task_runner.py:57} INFO - Started process 63761 to run task
[2025-10-08T22:37:59.320+0000] {standard_task_runner.py:84} INFO - Running: ['***', 'tasks', 'run', 'flujo_RAG_completo', 'fusion_query_demo', 'manual__2025-10-07T22:42:20+00:00', '--job-id', '344', '--raw', '--subdir', 'DAGS_FOLDER/Ingestion_pipeline.py', '--cfg-path', '/tmp/tmp9dq72rqk']
[2025-10-08T22:37:59.323+0000] {standard_task_runner.py:85} INFO - Job 344: Subtask fusion_query_demo
[2025-10-08T22:37:59.352+0000] {task_command.py:415} INFO - Running <TaskInstance: flujo_RAG_completo.fusion_query_demo manual__2025-10-07T22:42:20+00:00 [running]> on host 5586102090b0
[2025-10-08T22:37:59.399+0000] {taskinstance.py:1660} INFO - Exporting env vars: AIRFLOW_CTX_DAG_OWNER='***' AIRFLOW_CTX_DAG_ID='flujo_RAG_completo' AIRFLOW_CTX_TASK_ID='fusion_query_demo' AIRFLOW_CTX_EXECUTION_DATE='2025-10-07T22:42:20+00:00' AIRFLOW_CTX_TRY_NUMBER='1' AIRFLOW_CTX_DAG_RUN_ID='manual__2025-10-07T22:42:20+00:00'
[2025-10-08T22:37:59.401+0000] {crypto.py:82} WARNING - empty cryptography key - values will not be stored encrypted.
[2025-10-08T22:37:59.401+0000] {base.py:73} INFO - Using connection ID 'minio_s3' for task execution.
[2025-10-08T22:37:59.402+0000] {warnings.py:109} WARNING - <string>:8: AirflowProviderDeprecationWarning: AWS Connection (conn_id='minio_s3', conn_type='s3') has connection type 's3', which has been replaced by connection type 'aws'. Please update your connection to have `conn_type='aws'`.

[2025-10-08T22:37:59.402+0000] {connection_wrapper.py:340} INFO - AWS Connection (conn_id='minio_s3', conn_type='s3') credentials retrieved from login and password.
[2025-10-08T22:37:59.402+0000] {warnings.py:109} WARNING - <string>:8: AirflowProviderDeprecationWarning: Host minio specified in the connection is not used. Please, set it on extra['endpoint_url'] instead

[2025-10-08T22:37:59.702+0000] {SentenceTransformer.py:208} INFO - Use pytorch device_name: cpu
[2025-10-08T22:37:59.703+0000] {SentenceTransformer.py:216} INFO - Load pretrained SentenceTransformer: sentence-transformers/paraphrase-multilingual-MiniLM-L12-v2
[2025-10-08T22:38:03.450+0000] {discover_namespace_packages.py:12} INFO - Discovering subpackages in _NamespacePath(['/home/***/.local/lib/python3.8/site-packages/pinecone_plugins'])
[2025-10-08T22:38:03.450+0000] {discover_plugins.py:9} INFO - Looking for plugins in pinecone_plugins.inference
[2025-10-08T22:38:03.454+0000] {installation.py:10} INFO - Installing plugin inference into Pinecone
[2025-10-08T22:38:07.669+0000] {base.py:73} INFO - Using connection ID 'minio_s3' for task execution.
[2025-10-08T22:38:07.670+0000] {connection_wrapper.py:340} INFO - AWS Connection (conn_id='minio_s3', conn_type='s3') credentials retrieved from login and password.
[2025-10-08T22:38:07.747+0000] {base.py:73} INFO - Using connection ID 'minio_s3' for task execution.
[2025-10-08T22:38:07.747+0000] {connection_wrapper.py:340} INFO - AWS Connection (conn_id='minio_s3', conn_type='s3') credentials retrieved from login and password.
[2025-10-08T22:38:07.788+0000] {base.py:73} INFO - Using connection ID 'minio_s3' for task execution.
[2025-10-08T22:38:07.788+0000] {connection_wrapper.py:340} INFO - AWS Connection (conn_id='minio_s3', conn_type='s3') credentials retrieved from login and password.
[2025-10-08T22:38:07.826+0000] {base.py:73} INFO - Using connection ID 'minio_s3' for task execution.
[2025-10-08T22:38:07.826+0000] {connection_wrapper.py:340} INFO - AWS Connection (conn_id='minio_s3', conn_type='s3') credentials retrieved from login and password.
[2025-10-08T22:38:07.863+0000] {base.py:73} INFO - Using connection ID 'minio_s3' for task execution.
[2025-10-08T22:38:07.863+0000] {connection_wrapper.py:340} INFO - AWS Connection (conn_id='minio_s3', conn_type='s3') credentials retrieved from login and password.
[2025-10-08T22:38:08.039+0000] {base.py:73} INFO - Using connection ID 'minio_s3' for task execution.
[2025-10-08T22:38:08.039+0000] {connection_wrapper.py:340} INFO - AWS Connection (conn_id='minio_s3', conn_type='s3') credentials retrieved from login and password.
[2025-10-08T22:38:08.084+0000] {base.py:73} INFO - Using connection ID 'minio_s3' for task execution.
[2025-10-08T22:38:08.084+0000] {connection_wrapper.py:340} INFO - AWS Connection (conn_id='minio_s3', conn_type='s3') credentials retrieved from login and password.
[2025-10-08T22:38:08.125+0000] {base.py:73} INFO - Using connection ID 'minio_s3' for task execution.
[2025-10-08T22:38:08.126+0000] {connection_wrapper.py:340} INFO - AWS Connection (conn_id='minio_s3', conn_type='s3') credentials retrieved from login and password.
[2025-10-08T22:38:08.164+0000] {base.py:73} INFO - Using connection ID 'minio_s3' for task execution.
[2025-10-08T22:38:08.164+0000] {connection_wrapper.py:340} INFO - AWS Connection (conn_id='minio_s3', conn_type='s3') credentials retrieved from login and password.
[2025-10-08T22:38:08.201+0000] {base.py:73} INFO - Using connection ID 'minio_s3' for task execution.
[2025-10-08T22:38:08.202+0000] {connection_wrapper.py:340} INFO - AWS Connection (conn_id='minio_s3', conn_type='s3') credentials retrieved from login and password.
[2025-10-08T22:38:08.239+0000] {base.py:73} INFO - Using connection ID 'minio_s3' for task execution.
[2025-10-08T22:38:08.239+0000] {connection_wrapper.py:340} INFO - AWS Connection (conn_id='minio_s3', conn_type='s3') credentials retrieved from login and password.
[2025-10-08T22:38:08.279+0000] {logging_mixin.py:151} INFO - ✅ Fusión RRF subida a s3://respaldo2/rag/fusion/2025/fusion_contrataci_n_p_blica_vial_20251008_223808.json  (top=10)
[2025-10-08T22:38:08.279+0000] {logging_mixin.py:151} INFO - 🔀 RRF para 'contratación pública vial'
[2025-10-08T22:38:08.279+0000] {logging_mixin.py:151} INFO - #01  22043_2025-10-01_p1  page=None  src=-
[2025-10-08T22:38:08.280+0000] {logging_mixin.py:151} INFO - #02  22046_2025-10-06_p1  page=None  src=-
[2025-10-08T22:38:08.280+0000] {logging_mixin.py:151} INFO - #03  22044_2025-10-02_p1  page=None  src=-
[2025-10-08T22:38:08.280+0000] {logging_mixin.py:151} INFO - #04  22047_2025-10-07_p1  page=None  src=-
[2025-10-08T22:38:08.280+0000] {logging_mixin.py:151} INFO - #05  22032_2025-09-16::p1::67  page=None  src=-
[2025-10-08T22:38:08.280+0000] {logging_mixin.py:151} INFO - #06  22043_2025-10-01::p1::88  page=None  src=-
[2025-10-08T22:38:08.280+0000] {logging_mixin.py:151} INFO - #07  22034_2025-09-18::p1::70  page=None  src=-
[2025-10-08T22:38:08.280+0000] {logging_mixin.py:151} INFO - #08  22034_2025-09-18::p1::109  page=None  src=-
[2025-10-08T22:38:08.281+0000] {logging_mixin.py:151} INFO - #09  22036_2025-09-22::p1::103  page=None  src=-
[2025-10-08T22:38:08.281+0000] {logging_mixin.py:151} INFO - #10  22037_2025-09-23::p1::36  page=None  src=-
[2025-10-08T22:38:08.284+0000] {python.py:194} INFO - Done. Returned value was: {'out_key': 'rag/fusion/2025/fusion_contrataci_n_p_blica_vial_20251008_223808.json', 'count': 10}
[2025-10-08T22:38:08.295+0000] {taskinstance.py:1398} INFO - Marking task as SUCCESS. dag_id=flujo_RAG_completo, task_id=fusion_query_demo, execution_date=20251007T224220, start_date=20251008T223759, end_date=20251008T223808
[2025-10-08T22:38:08.368+0000] {local_task_job_runner.py:228} INFO - Task exited with return code 0
[2025-10-08T22:38:08.376+0000] {taskinstance.py:2776} INFO - 0 downstream tasks scheduled from follow-on schedule check
