[2025-10-07T02:28:06.232+0000] {taskinstance.py:1157} INFO - Dependencies all met for dep_context=non-requeueable deps ti=<TaskInstance: flujo_RAG_completo.chunk_from_txt manual__2025-10-07T02:26:17+00:00 [queued]>
[2025-10-07T02:28:06.235+0000] {taskinstance.py:1157} INFO - Dependencies all met for dep_context=requeueable deps ti=<TaskInstance: flujo_RAG_completo.chunk_from_txt manual__2025-10-07T02:26:17+00:00 [queued]>
[2025-10-07T02:28:06.235+0000] {taskinstance.py:1359} INFO - Starting attempt 1 of 1
[2025-10-07T02:28:06.240+0000] {taskinstance.py:1380} INFO - Executing <Task(PythonOperator): chunk_from_txt> on 2025-10-07 02:26:17+00:00
[2025-10-07T02:28:06.251+0000] {standard_task_runner.py:57} INFO - Started process 17660 to run task
[2025-10-07T02:28:06.253+0000] {standard_task_runner.py:84} INFO - Running: ['***', 'tasks', 'run', 'flujo_RAG_completo', 'chunk_from_txt', 'manual__2025-10-07T02:26:17+00:00', '--job-id', '304', '--raw', '--subdir', 'DAGS_FOLDER/Ingestion_pipeline.py', '--cfg-path', '/tmp/tmpg4qmdyfr']
[2025-10-07T02:28:06.255+0000] {standard_task_runner.py:85} INFO - Job 304: Subtask chunk_from_txt
[2025-10-07T02:28:06.279+0000] {task_command.py:415} INFO - Running <TaskInstance: flujo_RAG_completo.chunk_from_txt manual__2025-10-07T02:26:17+00:00 [running]> on host a21c1baf7ef9
[2025-10-07T02:28:06.311+0000] {taskinstance.py:1660} INFO - Exporting env vars: AIRFLOW_CTX_DAG_OWNER='***' AIRFLOW_CTX_DAG_ID='flujo_RAG_completo' AIRFLOW_CTX_TASK_ID='chunk_from_txt' AIRFLOW_CTX_EXECUTION_DATE='2025-10-07T02:26:17+00:00' AIRFLOW_CTX_TRY_NUMBER='1' AIRFLOW_CTX_DAG_RUN_ID='manual__2025-10-07T02:26:17+00:00'
[2025-10-07T02:28:06.312+0000] {crypto.py:82} WARNING - empty cryptography key - values will not be stored encrypted.
[2025-10-07T02:28:06.313+0000] {base.py:73} INFO - Using connection ID 'minio_s3' for task execution.
[2025-10-07T02:28:06.313+0000] {warnings.py:109} WARNING - <string>:8: AirflowProviderDeprecationWarning: AWS Connection (conn_id='minio_s3', conn_type='s3') has connection type 's3', which has been replaced by connection type 'aws'. Please update your connection to have `conn_type='aws'`.

[2025-10-07T02:28:06.314+0000] {connection_wrapper.py:340} INFO - AWS Connection (conn_id='minio_s3', conn_type='s3') credentials retrieved from login and password.
[2025-10-07T02:28:06.314+0000] {warnings.py:109} WARNING - <string>:8: AirflowProviderDeprecationWarning: Host minio specified in the connection is not used. Please, set it on extra['endpoint_url'] instead

[2025-10-07T02:28:06.479+0000] {base.py:73} INFO - Using connection ID 'minio_s3' for task execution.
[2025-10-07T02:28:06.479+0000] {connection_wrapper.py:340} INFO - AWS Connection (conn_id='minio_s3', conn_type='s3') credentials retrieved from login and password.
[2025-10-07T02:28:06.725+0000] {base.py:73} INFO - Using connection ID 'minio_s3' for task execution.
[2025-10-07T02:28:06.726+0000] {connection_wrapper.py:340} INFO - AWS Connection (conn_id='minio_s3', conn_type='s3') credentials retrieved from login and password.
[2025-10-07T02:28:06.766+0000] {logging_mixin.py:151} INFO - ✅ NDJSON subido: s3://respaldo2/rag/chunks/2025/22032_2025-09-16.ndjson  (chunks=11)
[2025-10-07T02:28:06.766+0000] {base.py:73} INFO - Using connection ID 'minio_s3' for task execution.
[2025-10-07T02:28:06.767+0000] {connection_wrapper.py:340} INFO - AWS Connection (conn_id='minio_s3', conn_type='s3') credentials retrieved from login and password.
[2025-10-07T02:28:06.831+0000] {base.py:73} INFO - Using connection ID 'minio_s3' for task execution.
[2025-10-07T02:28:06.832+0000] {connection_wrapper.py:340} INFO - AWS Connection (conn_id='minio_s3', conn_type='s3') credentials retrieved from login and password.
[2025-10-07T02:28:06.867+0000] {logging_mixin.py:151} INFO - ✅ NDJSON subido: s3://respaldo2/rag/chunks/2025/22033_2025-09-17.ndjson  (chunks=16)
[2025-10-07T02:28:06.867+0000] {base.py:73} INFO - Using connection ID 'minio_s3' for task execution.
[2025-10-07T02:28:06.868+0000] {connection_wrapper.py:340} INFO - AWS Connection (conn_id='minio_s3', conn_type='s3') credentials retrieved from login and password.
[2025-10-07T02:28:06.942+0000] {base.py:73} INFO - Using connection ID 'minio_s3' for task execution.
[2025-10-07T02:28:06.942+0000] {connection_wrapper.py:340} INFO - AWS Connection (conn_id='minio_s3', conn_type='s3') credentials retrieved from login and password.
[2025-10-07T02:28:07.005+0000] {logging_mixin.py:151} INFO - ✅ NDJSON subido: s3://respaldo2/rag/chunks/2025/22034_2025-09-18.ndjson  (chunks=15)
[2025-10-07T02:28:07.006+0000] {base.py:73} INFO - Using connection ID 'minio_s3' for task execution.
[2025-10-07T02:28:07.006+0000] {connection_wrapper.py:340} INFO - AWS Connection (conn_id='minio_s3', conn_type='s3') credentials retrieved from login and password.
[2025-10-07T02:28:07.075+0000] {base.py:73} INFO - Using connection ID 'minio_s3' for task execution.
[2025-10-07T02:28:07.075+0000] {connection_wrapper.py:340} INFO - AWS Connection (conn_id='minio_s3', conn_type='s3') credentials retrieved from login and password.
[2025-10-07T02:28:07.304+0000] {logging_mixin.py:151} INFO - ✅ NDJSON subido: s3://respaldo2/rag/chunks/2025/22035_2025-09-19.ndjson  (chunks=20)
[2025-10-07T02:28:07.305+0000] {base.py:73} INFO - Using connection ID 'minio_s3' for task execution.
[2025-10-07T02:28:07.305+0000] {connection_wrapper.py:340} INFO - AWS Connection (conn_id='minio_s3', conn_type='s3') credentials retrieved from login and password.
[2025-10-07T02:28:07.373+0000] {base.py:73} INFO - Using connection ID 'minio_s3' for task execution.
[2025-10-07T02:28:07.374+0000] {connection_wrapper.py:340} INFO - AWS Connection (conn_id='minio_s3', conn_type='s3') credentials retrieved from login and password.
[2025-10-07T02:28:07.418+0000] {logging_mixin.py:151} INFO - ✅ NDJSON subido: s3://respaldo2/rag/chunks/2025/22036_2025-09-22.ndjson  (chunks=24)
[2025-10-07T02:28:07.419+0000] {base.py:73} INFO - Using connection ID 'minio_s3' for task execution.
[2025-10-07T02:28:07.419+0000] {connection_wrapper.py:340} INFO - AWS Connection (conn_id='minio_s3', conn_type='s3') credentials retrieved from login and password.
[2025-10-07T02:28:07.495+0000] {base.py:73} INFO - Using connection ID 'minio_s3' for task execution.
[2025-10-07T02:28:07.495+0000] {connection_wrapper.py:340} INFO - AWS Connection (conn_id='minio_s3', conn_type='s3') credentials retrieved from login and password.
[2025-10-07T02:28:07.539+0000] {logging_mixin.py:151} INFO - ✅ NDJSON subido: s3://respaldo2/rag/chunks/2025/22037_2025-09-23.ndjson  (chunks=23)
[2025-10-07T02:28:07.540+0000] {base.py:73} INFO - Using connection ID 'minio_s3' for task execution.
[2025-10-07T02:28:07.540+0000] {connection_wrapper.py:340} INFO - AWS Connection (conn_id='minio_s3', conn_type='s3') credentials retrieved from login and password.
[2025-10-07T02:28:07.613+0000] {base.py:73} INFO - Using connection ID 'minio_s3' for task execution.
[2025-10-07T02:28:07.614+0000] {connection_wrapper.py:340} INFO - AWS Connection (conn_id='minio_s3', conn_type='s3') credentials retrieved from login and password.
[2025-10-07T02:28:07.662+0000] {logging_mixin.py:151} INFO - ✅ NDJSON subido: s3://respaldo2/rag/chunks/2025/22038_2025-09-24.ndjson  (chunks=9)
[2025-10-07T02:28:07.663+0000] {base.py:73} INFO - Using connection ID 'minio_s3' for task execution.
[2025-10-07T02:28:07.663+0000] {connection_wrapper.py:340} INFO - AWS Connection (conn_id='minio_s3', conn_type='s3') credentials retrieved from login and password.
[2025-10-07T02:28:07.921+0000] {base.py:73} INFO - Using connection ID 'minio_s3' for task execution.
[2025-10-07T02:28:07.922+0000] {connection_wrapper.py:340} INFO - AWS Connection (conn_id='minio_s3', conn_type='s3') credentials retrieved from login and password.
[2025-10-07T02:28:07.976+0000] {logging_mixin.py:151} INFO - ✅ NDJSON subido: s3://respaldo2/rag/chunks/2025/22039_2025-09-25.ndjson  (chunks=17)
[2025-10-07T02:28:07.977+0000] {base.py:73} INFO - Using connection ID 'minio_s3' for task execution.
[2025-10-07T02:28:07.977+0000] {connection_wrapper.py:340} INFO - AWS Connection (conn_id='minio_s3', conn_type='s3') credentials retrieved from login and password.
[2025-10-07T02:28:08.055+0000] {base.py:73} INFO - Using connection ID 'minio_s3' for task execution.
[2025-10-07T02:28:08.055+0000] {connection_wrapper.py:340} INFO - AWS Connection (conn_id='minio_s3', conn_type='s3') credentials retrieved from login and password.
[2025-10-07T02:28:08.097+0000] {logging_mixin.py:151} INFO - ✅ NDJSON subido: s3://respaldo2/rag/chunks/2025/22040_2025-09-26.ndjson  (chunks=9)
[2025-10-07T02:28:08.097+0000] {base.py:73} INFO - Using connection ID 'minio_s3' for task execution.
[2025-10-07T02:28:08.098+0000] {connection_wrapper.py:340} INFO - AWS Connection (conn_id='minio_s3', conn_type='s3') credentials retrieved from login and password.
[2025-10-07T02:28:08.180+0000] {base.py:73} INFO - Using connection ID 'minio_s3' for task execution.
[2025-10-07T02:28:08.180+0000] {connection_wrapper.py:340} INFO - AWS Connection (conn_id='minio_s3', conn_type='s3') credentials retrieved from login and password.
[2025-10-07T02:28:08.223+0000] {logging_mixin.py:151} INFO - ✅ NDJSON subido: s3://respaldo2/rag/chunks/2025/22041_2025-09-29.ndjson  (chunks=25)
[2025-10-07T02:28:08.224+0000] {base.py:73} INFO - Using connection ID 'minio_s3' for task execution.
[2025-10-07T02:28:08.224+0000] {connection_wrapper.py:340} INFO - AWS Connection (conn_id='minio_s3', conn_type='s3') credentials retrieved from login and password.
[2025-10-07T02:28:08.295+0000] {base.py:73} INFO - Using connection ID 'minio_s3' for task execution.
[2025-10-07T02:28:08.295+0000] {connection_wrapper.py:340} INFO - AWS Connection (conn_id='minio_s3', conn_type='s3') credentials retrieved from login and password.
[2025-10-07T02:28:08.510+0000] {logging_mixin.py:151} INFO - ✅ NDJSON subido: s3://respaldo2/rag/chunks/2025/22042_2025-09-30.ndjson  (chunks=19)
[2025-10-07T02:28:08.510+0000] {base.py:73} INFO - Using connection ID 'minio_s3' for task execution.
[2025-10-07T02:28:08.510+0000] {connection_wrapper.py:340} INFO - AWS Connection (conn_id='minio_s3', conn_type='s3') credentials retrieved from login and password.
[2025-10-07T02:28:08.577+0000] {base.py:73} INFO - Using connection ID 'minio_s3' for task execution.
[2025-10-07T02:28:08.577+0000] {connection_wrapper.py:340} INFO - AWS Connection (conn_id='minio_s3', conn_type='s3') credentials retrieved from login and password.
[2025-10-07T02:28:08.612+0000] {logging_mixin.py:151} INFO - ✅ NDJSON subido: s3://respaldo2/rag/chunks/2025/22043_2025-10-01.ndjson  (chunks=24)
[2025-10-07T02:28:08.613+0000] {base.py:73} INFO - Using connection ID 'minio_s3' for task execution.
[2025-10-07T02:28:08.613+0000] {connection_wrapper.py:340} INFO - AWS Connection (conn_id='minio_s3', conn_type='s3') credentials retrieved from login and password.
[2025-10-07T02:28:08.675+0000] {base.py:73} INFO - Using connection ID 'minio_s3' for task execution.
[2025-10-07T02:28:08.676+0000] {connection_wrapper.py:340} INFO - AWS Connection (conn_id='minio_s3', conn_type='s3') credentials retrieved from login and password.
[2025-10-07T02:28:08.710+0000] {logging_mixin.py:151} INFO - ✅ NDJSON subido: s3://respaldo2/rag/chunks/2025/22044_2025-10-02.ndjson  (chunks=13)
[2025-10-07T02:28:08.710+0000] {base.py:73} INFO - Using connection ID 'minio_s3' for task execution.
[2025-10-07T02:28:08.711+0000] {connection_wrapper.py:340} INFO - AWS Connection (conn_id='minio_s3', conn_type='s3') credentials retrieved from login and password.
[2025-10-07T02:28:08.780+0000] {base.py:73} INFO - Using connection ID 'minio_s3' for task execution.
[2025-10-07T02:28:08.780+0000] {connection_wrapper.py:340} INFO - AWS Connection (conn_id='minio_s3', conn_type='s3') credentials retrieved from login and password.
[2025-10-07T02:28:08.821+0000] {logging_mixin.py:151} INFO - ✅ NDJSON subido: s3://respaldo2/rag/chunks/2025/22045_2025-10-03.ndjson  (chunks=11)
[2025-10-07T02:28:08.821+0000] {base.py:73} INFO - Using connection ID 'minio_s3' for task execution.
[2025-10-07T02:28:08.822+0000] {connection_wrapper.py:340} INFO - AWS Connection (conn_id='minio_s3', conn_type='s3') credentials retrieved from login and password.
[2025-10-07T02:28:09.041+0000] {base.py:73} INFO - Using connection ID 'minio_s3' for task execution.
[2025-10-07T02:28:09.042+0000] {connection_wrapper.py:340} INFO - AWS Connection (conn_id='minio_s3', conn_type='s3') credentials retrieved from login and password.
[2025-10-07T02:28:09.074+0000] {logging_mixin.py:151} INFO - ✅ NDJSON subido: s3://respaldo2/rag/chunks/2025/22046_2025-10-06.ndjson  (chunks=22)
[2025-10-07T02:28:09.075+0000] {base.py:73} INFO - Using connection ID 'minio_s3' for task execution.
[2025-10-07T02:28:09.075+0000] {connection_wrapper.py:340} INFO - AWS Connection (conn_id='minio_s3', conn_type='s3') credentials retrieved from login and password.
[2025-10-07T02:28:09.108+0000] {logging_mixin.py:151} INFO - 📄 Manifest: s3://respaldo2/rag/chunks/2025/_chunks_manifest.json
[2025-10-07T02:28:09.108+0000] {python.py:194} INFO - Done. Returned value was: {'processed': 15, 'pages': 15, 'chunks': 258, 'manifest_key': 'rag/chunks/2025/_chunks_manifest.json'}
[2025-10-07T02:28:09.119+0000] {taskinstance.py:1398} INFO - Marking task as SUCCESS. dag_id=flujo_RAG_completo, task_id=chunk_from_txt, execution_date=20251007T022617, start_date=20251007T022806, end_date=20251007T022809
[2025-10-07T02:28:09.144+0000] {local_task_job_runner.py:228} INFO - Task exited with return code 0
[2025-10-07T02:28:09.161+0000] {taskinstance.py:2776} INFO - 1 downstream tasks scheduled from follow-on schedule check
