[2025-10-06T01:31:53.370+0000] {taskinstance.py:1157} INFO - Dependencies all met for dep_context=non-requeueable deps ti=<TaskInstance: flujo_RAG.make_qrels manual__2025-10-06T01:17:45+00:00 [queued]>
[2025-10-06T01:31:53.376+0000] {taskinstance.py:1157} INFO - Dependencies all met for dep_context=requeueable deps ti=<TaskInstance: flujo_RAG.make_qrels manual__2025-10-06T01:17:45+00:00 [queued]>
[2025-10-06T01:31:53.376+0000] {taskinstance.py:1359} INFO - Starting attempt 1 of 1
[2025-10-06T01:31:53.382+0000] {taskinstance.py:1380} INFO - Executing <Task(PythonOperator): make_qrels> on 2025-10-06 01:17:45+00:00
[2025-10-06T01:31:53.390+0000] {standard_task_runner.py:57} INFO - Started process 12376 to run task
[2025-10-06T01:31:53.393+0000] {standard_task_runner.py:84} INFO - Running: ['***', 'tasks', 'run', 'flujo_RAG', 'make_qrels', 'manual__2025-10-06T01:17:45+00:00', '--job-id', '259', '--raw', '--subdir', 'DAGS_FOLDER/RAG_dag.py', '--cfg-path', '/tmp/tmpkdt8prpb']
[2025-10-06T01:31:53.401+0000] {standard_task_runner.py:85} INFO - Job 259: Subtask make_qrels
[2025-10-06T01:31:53.439+0000] {task_command.py:415} INFO - Running <TaskInstance: flujo_RAG.make_qrels manual__2025-10-06T01:17:45+00:00 [running]> on host c16a2a509134
[2025-10-06T01:31:53.485+0000] {taskinstance.py:1660} INFO - Exporting env vars: AIRFLOW_CTX_DAG_OWNER='***' AIRFLOW_CTX_DAG_ID='flujo_RAG' AIRFLOW_CTX_TASK_ID='make_qrels' AIRFLOW_CTX_EXECUTION_DATE='2025-10-06T01:17:45+00:00' AIRFLOW_CTX_TRY_NUMBER='1' AIRFLOW_CTX_DAG_RUN_ID='manual__2025-10-06T01:17:45+00:00'
[2025-10-06T01:31:53.487+0000] {crypto.py:82} WARNING - empty cryptography key - values will not be stored encrypted.
[2025-10-06T01:31:53.488+0000] {base.py:73} INFO - Using connection ID 'minio_s3' for task execution.
[2025-10-06T01:31:53.495+0000] {warnings.py:109} WARNING - <string>:8: AirflowProviderDeprecationWarning: AWS Connection (conn_id='minio_s3', conn_type='s3') has connection type 's3', which has been replaced by connection type 'aws'. Please update your connection to have `conn_type='aws'`.

[2025-10-06T01:31:53.499+0000] {connection_wrapper.py:340} INFO - AWS Connection (conn_id='minio_s3', conn_type='s3') credentials retrieved from login and password.
[2025-10-06T01:31:53.500+0000] {warnings.py:109} WARNING - <string>:8: AirflowProviderDeprecationWarning: Host minio specified in the connection is not used. Please, set it on extra['endpoint_url'] instead

[2025-10-06T01:31:53.766+0000] {base.py:73} INFO - Using connection ID 'minio_s3' for task execution.
[2025-10-06T01:31:53.767+0000] {connection_wrapper.py:340} INFO - AWS Connection (conn_id='minio_s3', conn_type='s3') credentials retrieved from login and password.
[2025-10-06T01:31:53.854+0000] {base.py:73} INFO - Using connection ID 'minio_s3' for task execution.
[2025-10-06T01:31:53.855+0000] {connection_wrapper.py:340} INFO - AWS Connection (conn_id='minio_s3', conn_type='s3') credentials retrieved from login and password.
[2025-10-06T01:31:54.173+0000] {base.py:73} INFO - Using connection ID 'minio_s3' for task execution.
[2025-10-06T01:31:54.173+0000] {connection_wrapper.py:340} INFO - AWS Connection (conn_id='minio_s3', conn_type='s3') credentials retrieved from login and password.
[2025-10-06T01:31:54.224+0000] {base.py:73} INFO - Using connection ID 'minio_s3' for task execution.
[2025-10-06T01:31:54.224+0000] {connection_wrapper.py:340} INFO - AWS Connection (conn_id='minio_s3', conn_type='s3') credentials retrieved from login and password.
[2025-10-06T01:31:54.282+0000] {base.py:73} INFO - Using connection ID 'minio_s3' for task execution.
[2025-10-06T01:31:54.282+0000] {connection_wrapper.py:340} INFO - AWS Connection (conn_id='minio_s3', conn_type='s3') credentials retrieved from login and password.
[2025-10-06T01:31:54.335+0000] {base.py:73} INFO - Using connection ID 'minio_s3' for task execution.
[2025-10-06T01:31:54.335+0000] {connection_wrapper.py:340} INFO - AWS Connection (conn_id='minio_s3', conn_type='s3') credentials retrieved from login and password.
[2025-10-06T01:31:54.383+0000] {base.py:73} INFO - Using connection ID 'minio_s3' for task execution.
[2025-10-06T01:31:54.386+0000] {connection_wrapper.py:340} INFO - AWS Connection (conn_id='minio_s3', conn_type='s3') credentials retrieved from login and password.
[2025-10-06T01:31:54.431+0000] {base.py:73} INFO - Using connection ID 'minio_s3' for task execution.
[2025-10-06T01:31:54.431+0000] {connection_wrapper.py:340} INFO - AWS Connection (conn_id='minio_s3', conn_type='s3') credentials retrieved from login and password.
[2025-10-06T01:31:54.479+0000] {base.py:73} INFO - Using connection ID 'minio_s3' for task execution.
[2025-10-06T01:31:54.479+0000] {connection_wrapper.py:340} INFO - AWS Connection (conn_id='minio_s3', conn_type='s3') credentials retrieved from login and password.
[2025-10-06T01:31:54.746+0000] {base.py:73} INFO - Using connection ID 'minio_s3' for task execution.
[2025-10-06T01:31:54.747+0000] {connection_wrapper.py:340} INFO - AWS Connection (conn_id='minio_s3', conn_type='s3') credentials retrieved from login and password.
[2025-10-06T01:31:54.808+0000] {base.py:73} INFO - Using connection ID 'minio_s3' for task execution.
[2025-10-06T01:31:54.809+0000] {connection_wrapper.py:340} INFO - AWS Connection (conn_id='minio_s3', conn_type='s3') credentials retrieved from login and password.
[2025-10-06T01:31:54.854+0000] {base.py:73} INFO - Using connection ID 'minio_s3' for task execution.
[2025-10-06T01:31:54.855+0000] {connection_wrapper.py:340} INFO - AWS Connection (conn_id='minio_s3', conn_type='s3') credentials retrieved from login and password.
[2025-10-06T01:31:54.905+0000] {base.py:73} INFO - Using connection ID 'minio_s3' for task execution.
[2025-10-06T01:31:54.906+0000] {connection_wrapper.py:340} INFO - AWS Connection (conn_id='minio_s3', conn_type='s3') credentials retrieved from login and password.
[2025-10-06T01:31:54.959+0000] {base.py:73} INFO - Using connection ID 'minio_s3' for task execution.
[2025-10-06T01:31:54.959+0000] {connection_wrapper.py:340} INFO - AWS Connection (conn_id='minio_s3', conn_type='s3') credentials retrieved from login and password.
[2025-10-06T01:31:55.013+0000] {base.py:73} INFO - Using connection ID 'minio_s3' for task execution.
[2025-10-06T01:31:55.013+0000] {connection_wrapper.py:340} INFO - AWS Connection (conn_id='minio_s3', conn_type='s3') credentials retrieved from login and password.
[2025-10-06T01:31:55.062+0000] {base.py:73} INFO - Using connection ID 'minio_s3' for task execution.
[2025-10-06T01:31:55.062+0000] {connection_wrapper.py:340} INFO - AWS Connection (conn_id='minio_s3', conn_type='s3') credentials retrieved from login and password.
[2025-10-06T01:31:55.355+0000] {logging_mixin.py:151} INFO - ✅ qrels generado en s3://respaldo2/rag/qrels/2025/qrels.csv (pos=10, neg=7)
[2025-10-06T01:31:55.356+0000] {python.py:194} INFO - Done. Returned value was: {'qrels_key': 'rag/qrels/2025/qrels.csv', 'positives': 10, 'rows': 17}
[2025-10-06T01:31:55.375+0000] {taskinstance.py:1398} INFO - Marking task as SUCCESS. dag_id=flujo_RAG, task_id=make_qrels, execution_date=20251006T011745, start_date=20251006T013153, end_date=20251006T013155
[2025-10-06T01:31:55.408+0000] {local_task_job_runner.py:228} INFO - Task exited with return code 0
[2025-10-06T01:31:55.427+0000] {taskinstance.py:2776} INFO - 1 downstream tasks scheduled from follow-on schedule check
