[2025-10-09T00:30:10.442+0000] {processor.py:157} INFO - Started process (PID=401) to work on /opt/airflow/dags/RAG_dag.py
[2025-10-09T00:30:10.443+0000] {processor.py:829} INFO - Processing file /opt/airflow/dags/RAG_dag.py for tasks to queue
[2025-10-09T00:30:10.443+0000] {logging_mixin.py:151} INFO - [2025-10-09T00:30:10.443+0000] {dagbag.py:539} INFO - Filling up the DagBag from /opt/airflow/dags/RAG_dag.py
[2025-10-09T00:30:10.468+0000] {processor.py:839} INFO - DAG(s) dict_keys(['flujo_RAG']) retrieved from /opt/airflow/dags/RAG_dag.py
[2025-10-09T00:30:10.536+0000] {logging_mixin.py:151} INFO - [2025-10-09T00:30:10.536+0000] {security.py:708} INFO - Not syncing DAG-level permissions for DAG 'DAG:flujo_RAG' as access control is unset.
[2025-10-09T00:30:10.537+0000] {logging_mixin.py:151} INFO - [2025-10-09T00:30:10.537+0000] {dag.py:2915} INFO - Sync 1 DAGs
[2025-10-09T00:30:10.542+0000] {logging_mixin.py:151} INFO - [2025-10-09T00:30:10.542+0000] {dag.py:3696} INFO - Setting next_dagrun for flujo_RAG to None, run_after=None
[2025-10-09T00:30:10.553+0000] {processor.py:179} INFO - Processing /opt/airflow/dags/RAG_dag.py took 0.114 seconds
[2025-10-09T00:30:40.780+0000] {processor.py:157} INFO - Started process (PID=427) to work on /opt/airflow/dags/RAG_dag.py
[2025-10-09T00:30:40.780+0000] {processor.py:829} INFO - Processing file /opt/airflow/dags/RAG_dag.py for tasks to queue
[2025-10-09T00:30:40.781+0000] {logging_mixin.py:151} INFO - [2025-10-09T00:30:40.781+0000] {dagbag.py:539} INFO - Filling up the DagBag from /opt/airflow/dags/RAG_dag.py
[2025-10-09T00:30:40.797+0000] {processor.py:839} INFO - DAG(s) dict_keys(['flujo_RAG']) retrieved from /opt/airflow/dags/RAG_dag.py
[2025-10-09T00:30:40.824+0000] {logging_mixin.py:151} INFO - [2025-10-09T00:30:40.824+0000] {dag.py:2915} INFO - Sync 1 DAGs
[2025-10-09T00:30:40.832+0000] {logging_mixin.py:151} INFO - [2025-10-09T00:30:40.832+0000] {dag.py:3696} INFO - Setting next_dagrun for flujo_RAG to None, run_after=None
[2025-10-09T00:30:40.840+0000] {processor.py:179} INFO - Processing /opt/airflow/dags/RAG_dag.py took 0.062 seconds
[2025-10-09T00:31:11.151+0000] {processor.py:157} INFO - Started process (PID=453) to work on /opt/airflow/dags/RAG_dag.py
[2025-10-09T00:31:11.152+0000] {processor.py:829} INFO - Processing file /opt/airflow/dags/RAG_dag.py for tasks to queue
[2025-10-09T00:31:11.153+0000] {logging_mixin.py:151} INFO - [2025-10-09T00:31:11.153+0000] {dagbag.py:539} INFO - Filling up the DagBag from /opt/airflow/dags/RAG_dag.py
[2025-10-09T00:31:11.183+0000] {processor.py:839} INFO - DAG(s) dict_keys(['flujo_RAG']) retrieved from /opt/airflow/dags/RAG_dag.py
[2025-10-09T00:31:11.210+0000] {logging_mixin.py:151} INFO - [2025-10-09T00:31:11.210+0000] {dag.py:2915} INFO - Sync 1 DAGs
[2025-10-09T00:31:11.217+0000] {logging_mixin.py:151} INFO - [2025-10-09T00:31:11.217+0000] {dag.py:3696} INFO - Setting next_dagrun for flujo_RAG to None, run_after=None
[2025-10-09T00:31:11.225+0000] {processor.py:179} INFO - Processing /opt/airflow/dags/RAG_dag.py took 0.078 seconds
[2025-10-09T00:31:41.540+0000] {processor.py:157} INFO - Started process (PID=479) to work on /opt/airflow/dags/RAG_dag.py
[2025-10-09T00:31:41.541+0000] {processor.py:829} INFO - Processing file /opt/airflow/dags/RAG_dag.py for tasks to queue
[2025-10-09T00:31:41.541+0000] {logging_mixin.py:151} INFO - [2025-10-09T00:31:41.541+0000] {dagbag.py:539} INFO - Filling up the DagBag from /opt/airflow/dags/RAG_dag.py
[2025-10-09T00:31:41.558+0000] {processor.py:839} INFO - DAG(s) dict_keys(['flujo_RAG']) retrieved from /opt/airflow/dags/RAG_dag.py
[2025-10-09T00:31:41.582+0000] {logging_mixin.py:151} INFO - [2025-10-09T00:31:41.582+0000] {dag.py:2915} INFO - Sync 1 DAGs
[2025-10-09T00:31:41.589+0000] {logging_mixin.py:151} INFO - [2025-10-09T00:31:41.589+0000] {dag.py:3696} INFO - Setting next_dagrun for flujo_RAG to None, run_after=None
[2025-10-09T00:31:41.597+0000] {processor.py:179} INFO - Processing /opt/airflow/dags/RAG_dag.py took 0.059 seconds
[2025-10-09T00:32:11.886+0000] {processor.py:157} INFO - Started process (PID=505) to work on /opt/airflow/dags/RAG_dag.py
[2025-10-09T00:32:11.886+0000] {processor.py:829} INFO - Processing file /opt/airflow/dags/RAG_dag.py for tasks to queue
[2025-10-09T00:32:11.887+0000] {logging_mixin.py:151} INFO - [2025-10-09T00:32:11.887+0000] {dagbag.py:539} INFO - Filling up the DagBag from /opt/airflow/dags/RAG_dag.py
[2025-10-09T00:32:11.904+0000] {processor.py:839} INFO - DAG(s) dict_keys(['flujo_RAG']) retrieved from /opt/airflow/dags/RAG_dag.py
[2025-10-09T00:32:11.928+0000] {logging_mixin.py:151} INFO - [2025-10-09T00:32:11.927+0000] {dag.py:2915} INFO - Sync 1 DAGs
[2025-10-09T00:32:11.934+0000] {logging_mixin.py:151} INFO - [2025-10-09T00:32:11.934+0000] {dag.py:3696} INFO - Setting next_dagrun for flujo_RAG to None, run_after=None
[2025-10-09T00:32:11.942+0000] {processor.py:179} INFO - Processing /opt/airflow/dags/RAG_dag.py took 0.059 seconds
[2025-10-09T00:32:42.217+0000] {processor.py:157} INFO - Started process (PID=523) to work on /opt/airflow/dags/RAG_dag.py
[2025-10-09T00:32:42.219+0000] {processor.py:829} INFO - Processing file /opt/airflow/dags/RAG_dag.py for tasks to queue
[2025-10-09T00:32:42.219+0000] {logging_mixin.py:151} INFO - [2025-10-09T00:32:42.219+0000] {dagbag.py:539} INFO - Filling up the DagBag from /opt/airflow/dags/RAG_dag.py
[2025-10-09T00:32:42.242+0000] {processor.py:839} INFO - DAG(s) dict_keys(['flujo_RAG']) retrieved from /opt/airflow/dags/RAG_dag.py
[2025-10-09T00:32:42.264+0000] {logging_mixin.py:151} INFO - [2025-10-09T00:32:42.264+0000] {dag.py:2915} INFO - Sync 1 DAGs
[2025-10-09T00:32:42.270+0000] {logging_mixin.py:151} INFO - [2025-10-09T00:32:42.270+0000] {dag.py:3696} INFO - Setting next_dagrun for flujo_RAG to None, run_after=None
[2025-10-09T00:32:42.276+0000] {processor.py:179} INFO - Processing /opt/airflow/dags/RAG_dag.py took 0.063 seconds
[2025-10-09T00:33:12.495+0000] {processor.py:157} INFO - Started process (PID=549) to work on /opt/airflow/dags/RAG_dag.py
[2025-10-09T00:33:12.495+0000] {processor.py:829} INFO - Processing file /opt/airflow/dags/RAG_dag.py for tasks to queue
[2025-10-09T00:33:12.496+0000] {logging_mixin.py:151} INFO - [2025-10-09T00:33:12.496+0000] {dagbag.py:539} INFO - Filling up the DagBag from /opt/airflow/dags/RAG_dag.py
[2025-10-09T00:33:12.512+0000] {processor.py:839} INFO - DAG(s) dict_keys(['flujo_RAG']) retrieved from /opt/airflow/dags/RAG_dag.py
[2025-10-09T00:33:12.532+0000] {logging_mixin.py:151} INFO - [2025-10-09T00:33:12.532+0000] {dag.py:2915} INFO - Sync 1 DAGs
[2025-10-09T00:33:12.537+0000] {logging_mixin.py:151} INFO - [2025-10-09T00:33:12.537+0000] {dag.py:3696} INFO - Setting next_dagrun for flujo_RAG to None, run_after=None
[2025-10-09T00:33:12.545+0000] {processor.py:179} INFO - Processing /opt/airflow/dags/RAG_dag.py took 0.052 seconds
[2025-10-09T00:33:42.824+0000] {processor.py:157} INFO - Started process (PID=575) to work on /opt/airflow/dags/RAG_dag.py
[2025-10-09T00:33:42.825+0000] {processor.py:829} INFO - Processing file /opt/airflow/dags/RAG_dag.py for tasks to queue
[2025-10-09T00:33:42.826+0000] {logging_mixin.py:151} INFO - [2025-10-09T00:33:42.826+0000] {dagbag.py:539} INFO - Filling up the DagBag from /opt/airflow/dags/RAG_dag.py
[2025-10-09T00:33:42.855+0000] {processor.py:839} INFO - DAG(s) dict_keys(['flujo_RAG']) retrieved from /opt/airflow/dags/RAG_dag.py
[2025-10-09T00:33:42.877+0000] {logging_mixin.py:151} INFO - [2025-10-09T00:33:42.877+0000] {dag.py:2915} INFO - Sync 1 DAGs
[2025-10-09T00:33:42.883+0000] {logging_mixin.py:151} INFO - [2025-10-09T00:33:42.883+0000] {dag.py:3696} INFO - Setting next_dagrun for flujo_RAG to None, run_after=None
[2025-10-09T00:33:42.890+0000] {processor.py:179} INFO - Processing /opt/airflow/dags/RAG_dag.py took 0.071 seconds
[2025-10-09T00:34:13.067+0000] {processor.py:157} INFO - Started process (PID=601) to work on /opt/airflow/dags/RAG_dag.py
[2025-10-09T00:34:13.068+0000] {processor.py:829} INFO - Processing file /opt/airflow/dags/RAG_dag.py for tasks to queue
[2025-10-09T00:34:13.069+0000] {logging_mixin.py:151} INFO - [2025-10-09T00:34:13.069+0000] {dagbag.py:539} INFO - Filling up the DagBag from /opt/airflow/dags/RAG_dag.py
[2025-10-09T00:34:13.093+0000] {processor.py:839} INFO - DAG(s) dict_keys(['flujo_RAG']) retrieved from /opt/airflow/dags/RAG_dag.py
[2025-10-09T00:34:13.114+0000] {logging_mixin.py:151} INFO - [2025-10-09T00:34:13.114+0000] {dag.py:2915} INFO - Sync 1 DAGs
[2025-10-09T00:34:13.120+0000] {logging_mixin.py:151} INFO - [2025-10-09T00:34:13.120+0000] {dag.py:3696} INFO - Setting next_dagrun for flujo_RAG to None, run_after=None
[2025-10-09T00:34:13.126+0000] {processor.py:179} INFO - Processing /opt/airflow/dags/RAG_dag.py took 0.063 seconds
