[2025-10-02T14:02:46.871+0000] {taskinstance.py:1157} INFO - Dependencies all met for dep_context=non-requeueable deps ti=<TaskInstance: flujo_RAG.extract_texts manual__2025-10-01T18:20:14+00:00 [queued]>
[2025-10-02T14:02:46.875+0000] {taskinstance.py:1157} INFO - Dependencies all met for dep_context=requeueable deps ti=<TaskInstance: flujo_RAG.extract_texts manual__2025-10-01T18:20:14+00:00 [queued]>
[2025-10-02T14:02:46.875+0000] {taskinstance.py:1359} INFO - Starting attempt 2 of 2
[2025-10-02T14:02:46.880+0000] {taskinstance.py:1380} INFO - Executing <Task(PythonOperator): extract_texts> on 2025-10-01 18:20:14+00:00
[2025-10-02T14:02:46.888+0000] {standard_task_runner.py:57} INFO - Started process 49220 to run task
[2025-10-02T14:02:46.893+0000] {standard_task_runner.py:84} INFO - Running: ['***', 'tasks', 'run', 'flujo_RAG', 'extract_texts', 'manual__2025-10-01T18:20:14+00:00', '--job-id', '97', '--raw', '--subdir', 'DAGS_FOLDER/RAG_dag.py', '--cfg-path', '/tmp/tmplamagduz']
[2025-10-02T14:02:46.896+0000] {standard_task_runner.py:85} INFO - Job 97: Subtask extract_texts
[2025-10-02T14:02:46.921+0000] {task_command.py:415} INFO - Running <TaskInstance: flujo_RAG.extract_texts manual__2025-10-01T18:20:14+00:00 [running]> on host cebfb690f74d
[2025-10-02T14:02:46.959+0000] {taskinstance.py:1660} INFO - Exporting env vars: AIRFLOW_CTX_DAG_OWNER='***' AIRFLOW_CTX_DAG_ID='flujo_RAG' AIRFLOW_CTX_TASK_ID='extract_texts' AIRFLOW_CTX_EXECUTION_DATE='2025-10-01T18:20:14+00:00' AIRFLOW_CTX_TRY_NUMBER='2' AIRFLOW_CTX_DAG_RUN_ID='manual__2025-10-01T18:20:14+00:00'
[2025-10-02T14:02:46.961+0000] {crypto.py:82} WARNING - empty cryptography key - values will not be stored encrypted.
[2025-10-02T14:02:46.961+0000] {base.py:73} INFO - Using connection ID 'minio_s3' for task execution.
[2025-10-02T14:02:46.961+0000] {warnings.py:109} WARNING - <string>:8: AirflowProviderDeprecationWarning: AWS Connection (conn_id='minio_s3', conn_type='s3') has connection type 's3', which has been replaced by connection type 'aws'. Please update your connection to have `conn_type='aws'`.

[2025-10-02T14:02:46.962+0000] {connection_wrapper.py:340} INFO - AWS Connection (conn_id='minio_s3', conn_type='s3') credentials retrieved from login and password.
[2025-10-02T14:02:46.962+0000] {warnings.py:109} WARNING - <string>:8: AirflowProviderDeprecationWarning: Host minio specified in the connection is not used. Please, set it on extra['endpoint_url'] instead

[2025-10-02T14:02:47.206+0000] {base.py:73} INFO - Using connection ID 'minio_s3' for task execution.
[2025-10-02T14:02:47.207+0000] {connection_wrapper.py:340} INFO - AWS Connection (conn_id='minio_s3', conn_type='s3') credentials retrieved from login and password.
[2025-10-02T14:02:52.289+0000] {base.py:73} INFO - Using connection ID 'minio_s3' for task execution.
[2025-10-02T14:02:52.289+0000] {connection_wrapper.py:340} INFO - AWS Connection (conn_id='minio_s3', conn_type='s3') credentials retrieved from login and password.
[2025-10-02T14:02:52.330+0000] {logging_mixin.py:151} INFO - ✅ TXT subido: s3://respaldo2/rag/text/2025/22032_2025-09-16.txt  (páginas=70, chars=183179)
[2025-10-02T14:02:52.331+0000] {base.py:73} INFO - Using connection ID 'minio_s3' for task execution.
[2025-10-02T14:02:52.331+0000] {connection_wrapper.py:340} INFO - AWS Connection (conn_id='minio_s3', conn_type='s3') credentials retrieved from login and password.
[2025-10-02T14:02:57.032+0000] {base.py:73} INFO - Using connection ID 'minio_s3' for task execution.
[2025-10-02T14:02:57.033+0000] {connection_wrapper.py:340} INFO - AWS Connection (conn_id='minio_s3', conn_type='s3') credentials retrieved from login and password.
[2025-10-02T14:02:57.076+0000] {logging_mixin.py:151} INFO - ✅ TXT subido: s3://respaldo2/rag/text/2025/22033_2025-09-17.txt  (páginas=74, chars=183414)
[2025-10-02T14:02:57.077+0000] {base.py:73} INFO - Using connection ID 'minio_s3' for task execution.
[2025-10-02T14:02:57.077+0000] {connection_wrapper.py:340} INFO - AWS Connection (conn_id='minio_s3', conn_type='s3') credentials retrieved from login and password.
[2025-10-02T14:03:01.881+0000] {base.py:73} INFO - Using connection ID 'minio_s3' for task execution.
[2025-10-02T14:03:01.882+0000] {connection_wrapper.py:340} INFO - AWS Connection (conn_id='minio_s3', conn_type='s3') credentials retrieved from login and password.
[2025-10-02T14:03:02.173+0000] {logging_mixin.py:151} INFO - ✅ TXT subido: s3://respaldo2/rag/text/2025/22034_2025-09-18.txt  (páginas=78, chars=208221)
[2025-10-02T14:03:02.173+0000] {base.py:73} INFO - Using connection ID 'minio_s3' for task execution.
[2025-10-02T14:03:02.174+0000] {connection_wrapper.py:340} INFO - AWS Connection (conn_id='minio_s3', conn_type='s3') credentials retrieved from login and password.
[2025-10-02T14:03:06.643+0000] {base.py:73} INFO - Using connection ID 'minio_s3' for task execution.
[2025-10-02T14:03:06.643+0000] {connection_wrapper.py:340} INFO - AWS Connection (conn_id='minio_s3', conn_type='s3') credentials retrieved from login and password.
[2025-10-02T14:03:06.682+0000] {logging_mixin.py:151} INFO - ✅ TXT subido: s3://respaldo2/rag/text/2025/22035_2025-09-19.txt  (páginas=74, chars=194210)
[2025-10-02T14:03:06.683+0000] {base.py:73} INFO - Using connection ID 'minio_s3' for task execution.
[2025-10-02T14:03:06.683+0000] {connection_wrapper.py:340} INFO - AWS Connection (conn_id='minio_s3', conn_type='s3') credentials retrieved from login and password.
[2025-10-02T14:03:11.385+0000] {base.py:73} INFO - Using connection ID 'minio_s3' for task execution.
[2025-10-02T14:03:11.385+0000] {connection_wrapper.py:340} INFO - AWS Connection (conn_id='minio_s3', conn_type='s3') credentials retrieved from login and password.
[2025-10-02T14:03:11.425+0000] {logging_mixin.py:151} INFO - ✅ TXT subido: s3://respaldo2/rag/text/2025/22036_2025-09-22.txt  (páginas=74, chars=189235)
[2025-10-02T14:03:11.426+0000] {base.py:73} INFO - Using connection ID 'minio_s3' for task execution.
[2025-10-02T14:03:11.426+0000] {connection_wrapper.py:340} INFO - AWS Connection (conn_id='minio_s3', conn_type='s3') credentials retrieved from login and password.
[2025-10-02T14:03:15.789+0000] {base.py:73} INFO - Using connection ID 'minio_s3' for task execution.
[2025-10-02T14:03:15.789+0000] {connection_wrapper.py:340} INFO - AWS Connection (conn_id='minio_s3', conn_type='s3') credentials retrieved from login and password.
[2025-10-02T14:03:15.829+0000] {logging_mixin.py:151} INFO - ✅ TXT subido: s3://respaldo2/rag/text/2025/22037_2025-09-23.txt  (páginas=73, chars=185973)
[2025-10-02T14:03:15.830+0000] {base.py:73} INFO - Using connection ID 'minio_s3' for task execution.
[2025-10-02T14:03:15.830+0000] {connection_wrapper.py:340} INFO - AWS Connection (conn_id='minio_s3', conn_type='s3') credentials retrieved from login and password.
[2025-10-02T14:03:19.452+0000] {base.py:73} INFO - Using connection ID 'minio_s3' for task execution.
[2025-10-02T14:03:19.453+0000] {connection_wrapper.py:340} INFO - AWS Connection (conn_id='minio_s3', conn_type='s3') credentials retrieved from login and password.
[2025-10-02T14:03:19.496+0000] {logging_mixin.py:151} INFO - ✅ TXT subido: s3://respaldo2/rag/text/2025/22038_2025-09-24.txt  (páginas=59, chars=143062)
[2025-10-02T14:03:19.497+0000] {base.py:73} INFO - Using connection ID 'minio_s3' for task execution.
[2025-10-02T14:03:19.497+0000] {connection_wrapper.py:340} INFO - AWS Connection (conn_id='minio_s3', conn_type='s3') credentials retrieved from login and password.
[2025-10-02T14:03:24.564+0000] {base.py:73} INFO - Using connection ID 'minio_s3' for task execution.
[2025-10-02T14:03:24.565+0000] {connection_wrapper.py:340} INFO - AWS Connection (conn_id='minio_s3', conn_type='s3') credentials retrieved from login and password.
[2025-10-02T14:03:24.604+0000] {logging_mixin.py:151} INFO - ✅ TXT subido: s3://respaldo2/rag/text/2025/22039_2025-09-25.txt  (páginas=82, chars=202948)
[2025-10-02T14:03:24.605+0000] {base.py:73} INFO - Using connection ID 'minio_s3' for task execution.
[2025-10-02T14:03:24.605+0000] {connection_wrapper.py:340} INFO - AWS Connection (conn_id='minio_s3', conn_type='s3') credentials retrieved from login and password.
[2025-10-02T14:03:28.769+0000] {base.py:73} INFO - Using connection ID 'minio_s3' for task execution.
[2025-10-02T14:03:28.770+0000] {connection_wrapper.py:340} INFO - AWS Connection (conn_id='minio_s3', conn_type='s3') credentials retrieved from login and password.
[2025-10-02T14:03:28.808+0000] {logging_mixin.py:151} INFO - ✅ TXT subido: s3://respaldo2/rag/text/2025/22040_2025-09-26.txt  (páginas=69, chars=173078)
[2025-10-02T14:03:28.809+0000] {base.py:73} INFO - Using connection ID 'minio_s3' for task execution.
[2025-10-02T14:03:28.809+0000] {connection_wrapper.py:340} INFO - AWS Connection (conn_id='minio_s3', conn_type='s3') credentials retrieved from login and password.
[2025-10-02T14:03:34.331+0000] {base.py:73} INFO - Using connection ID 'minio_s3' for task execution.
[2025-10-02T14:03:34.332+0000] {connection_wrapper.py:340} INFO - AWS Connection (conn_id='minio_s3', conn_type='s3') credentials retrieved from login and password.
[2025-10-02T14:03:34.382+0000] {logging_mixin.py:151} INFO - ✅ TXT subido: s3://respaldo2/rag/text/2025/22041_2025-09-29.txt  (páginas=83, chars=228607)
[2025-10-02T14:03:34.384+0000] {base.py:73} INFO - Using connection ID 'minio_s3' for task execution.
[2025-10-02T14:03:34.386+0000] {connection_wrapper.py:340} INFO - AWS Connection (conn_id='minio_s3', conn_type='s3') credentials retrieved from login and password.
[2025-10-02T14:03:38.829+0000] {base.py:73} INFO - Using connection ID 'minio_s3' for task execution.
[2025-10-02T14:03:38.829+0000] {connection_wrapper.py:340} INFO - AWS Connection (conn_id='minio_s3', conn_type='s3') credentials retrieved from login and password.
[2025-10-02T14:03:38.868+0000] {logging_mixin.py:151} INFO - ✅ TXT subido: s3://respaldo2/rag/text/2025/22042_2025-09-30.txt  (páginas=70, chars=180284)
[2025-10-02T14:03:38.869+0000] {base.py:73} INFO - Using connection ID 'minio_s3' for task execution.
[2025-10-02T14:03:38.869+0000] {connection_wrapper.py:340} INFO - AWS Connection (conn_id='minio_s3', conn_type='s3') credentials retrieved from login and password.
[2025-10-02T14:03:44.691+0000] {base.py:73} INFO - Using connection ID 'minio_s3' for task execution.
[2025-10-02T14:03:44.692+0000] {connection_wrapper.py:340} INFO - AWS Connection (conn_id='minio_s3', conn_type='s3') credentials retrieved from login and password.
[2025-10-02T14:03:44.730+0000] {logging_mixin.py:151} INFO - ✅ TXT subido: s3://respaldo2/rag/text/2025/22043_2025-10-01.txt  (páginas=89, chars=241395)
[2025-10-02T14:03:44.731+0000] {logging_mixin.py:151} INFO - ✅ Total TXT generados: 12 en s3://respaldo2/rag/text/2025/
[2025-10-02T14:03:44.731+0000] {python.py:194} INFO - Done. Returned value was: {'processed': 12, 'bucket': 'respaldo2', 'prefix_pdfs': 'boletines/2025/', 'prefix_txt': 'rag/text/2025/', 'generated_at': '2025-10-02T14:03:44.731215Z', 'items': [{'pdf_key': 'boletines/2025/22032_2025-09-16.pdf', 'txt_key': 'rag/text/2025/22032_2025-09-16.txt', 'pages': 70, 'chars': 183179}, {'pdf_key': 'boletines/2025/22033_2025-09-17.pdf', 'txt_key': 'rag/text/2025/22033_2025-09-17.txt', 'pages': 74, 'chars': 183414}, {'pdf_key': 'boletines/2025/22034_2025-09-18.pdf', 'txt_key': 'rag/text/2025/22034_2025-09-18.txt', 'pages': 78, 'chars': 208221}, {'pdf_key': 'boletines/2025/22035_2025-09-19.pdf', 'txt_key': 'rag/text/2025/22035_2025-09-19.txt', 'pages': 74, 'chars': 194210}, {'pdf_key': 'boletines/2025/22036_2025-09-22.pdf', 'txt_key': 'rag/text/2025/22036_2025-09-22.txt', 'pages': 74, 'chars': 189235}, {'pdf_key': 'boletines/2025/22037_2025-09-23.pdf', 'txt_key': 'rag/text/2025/22037_2025-09-23.txt', 'pages': 73, 'chars': 185973}, {'pdf_key': 'boletines/2025/22038_2025-09-24.pdf', 'txt_key': 'rag/text/2025/22038_2025-09-24.txt', 'pages': 59, 'chars': 143062}, {'pdf_key': 'boletines/2025/22039_2025-09-25.pdf', 'txt_key': 'rag/text/2025/22039_2025-09-25.txt', 'pages': 82, 'chars': 202948}, {'pdf_key': 'boletines/2025/22040_2025-09-26.pdf', 'txt_key': 'rag/text/2025/22040_2025-09-26.txt', 'pages': 69, 'chars': 173078}, {'pdf_key': 'boletines/2025/22041_2025-09-29.pdf', 'txt_key': 'rag/text/2025/22041_2025-09-29.txt', 'pages': 83, 'chars': 228607}, {'pdf_key': 'boletines/2025/22042_2025-09-30.pdf', 'txt_key': 'rag/text/2025/22042_2025-09-30.txt', 'pages': 70, 'chars': 180284}, {'pdf_key': 'boletines/2025/22043_2025-10-01.pdf', 'txt_key': 'rag/text/2025/22043_2025-10-01.txt', 'pages': 89, 'chars': 241395}]}
[2025-10-02T14:03:44.741+0000] {taskinstance.py:1398} INFO - Marking task as SUCCESS. dag_id=flujo_RAG, task_id=extract_texts, execution_date=20251001T182014, start_date=20251002T140246, end_date=20251002T140344
[2025-10-02T14:03:44.806+0000] {local_task_job_runner.py:228} INFO - Task exited with return code 0
[2025-10-02T14:03:44.815+0000] {taskinstance.py:2776} INFO - 0 downstream tasks scheduled from follow-on schedule check
