[2025-10-01T18:20:42.374+0000] {taskinstance.py:1157} INFO - Dependencies all met for dep_context=non-requeueable deps ti=<TaskInstance: flujo_RAG.extract_texts manual__2025-10-01T18:20:14+00:00 [queued]>
[2025-10-01T18:20:42.377+0000] {taskinstance.py:1157} INFO - Dependencies all met for dep_context=requeueable deps ti=<TaskInstance: flujo_RAG.extract_texts manual__2025-10-01T18:20:14+00:00 [queued]>
[2025-10-01T18:20:42.377+0000] {taskinstance.py:1359} INFO - Starting attempt 1 of 1
[2025-10-01T18:20:42.381+0000] {taskinstance.py:1380} INFO - Executing <Task(PythonOperator): extract_texts> on 2025-10-01 18:20:14+00:00
[2025-10-01T18:20:42.387+0000] {standard_task_runner.py:57} INFO - Started process 8267 to run task
[2025-10-01T18:20:42.390+0000] {standard_task_runner.py:84} INFO - Running: ['***', 'tasks', 'run', 'flujo_RAG', 'extract_texts', 'manual__2025-10-01T18:20:14+00:00', '--job-id', '81', '--raw', '--subdir', 'DAGS_FOLDER/RAG_dag.py', '--cfg-path', '/tmp/tmpjhkn6fo0']
[2025-10-01T18:20:42.391+0000] {standard_task_runner.py:85} INFO - Job 81: Subtask extract_texts
[2025-10-01T18:20:42.414+0000] {task_command.py:415} INFO - Running <TaskInstance: flujo_RAG.extract_texts manual__2025-10-01T18:20:14+00:00 [running]> on host 2f9c2b1ff132
[2025-10-01T18:20:42.446+0000] {taskinstance.py:1660} INFO - Exporting env vars: AIRFLOW_CTX_DAG_OWNER='***' AIRFLOW_CTX_DAG_ID='flujo_RAG' AIRFLOW_CTX_TASK_ID='extract_texts' AIRFLOW_CTX_EXECUTION_DATE='2025-10-01T18:20:14+00:00' AIRFLOW_CTX_TRY_NUMBER='1' AIRFLOW_CTX_DAG_RUN_ID='manual__2025-10-01T18:20:14+00:00'
[2025-10-01T18:20:42.448+0000] {crypto.py:82} WARNING - empty cryptography key - values will not be stored encrypted.
[2025-10-01T18:20:42.448+0000] {base.py:73} INFO - Using connection ID 'minio_s3' for task execution.
[2025-10-01T18:20:42.448+0000] {warnings.py:109} WARNING - <string>:8: AirflowProviderDeprecationWarning: AWS Connection (conn_id='minio_s3', conn_type='s3') has connection type 's3', which has been replaced by connection type 'aws'. Please update your connection to have `conn_type='aws'`.

[2025-10-01T18:20:42.449+0000] {connection_wrapper.py:340} INFO - AWS Connection (conn_id='minio_s3', conn_type='s3') credentials retrieved from login and password.
[2025-10-01T18:20:42.449+0000] {warnings.py:109} WARNING - <string>:8: AirflowProviderDeprecationWarning: Host minio specified in the connection is not used. Please, set it on extra['endpoint_url'] instead

[2025-10-01T18:20:42.582+0000] {base.py:73} INFO - Using connection ID 'minio_s3' for task execution.
[2025-10-01T18:20:42.583+0000] {connection_wrapper.py:340} INFO - AWS Connection (conn_id='minio_s3', conn_type='s3') credentials retrieved from login and password.
[2025-10-01T18:20:47.202+0000] {base.py:73} INFO - Using connection ID 'minio_s3' for task execution.
[2025-10-01T18:20:47.202+0000] {connection_wrapper.py:340} INFO - AWS Connection (conn_id='minio_s3', conn_type='s3') credentials retrieved from login and password.
[2025-10-01T18:20:47.256+0000] {logging_mixin.py:151} INFO - ✅ TXT subido: s3://respaldo2/rag/text/2025/22032_2025-09-16.txt  (páginas=70, chars=183179)
[2025-10-01T18:20:47.256+0000] {base.py:73} INFO - Using connection ID 'minio_s3' for task execution.
[2025-10-01T18:20:47.257+0000] {connection_wrapper.py:340} INFO - AWS Connection (conn_id='minio_s3', conn_type='s3') credentials retrieved from login and password.
[2025-10-01T18:20:52.006+0000] {base.py:73} INFO - Using connection ID 'minio_s3' for task execution.
[2025-10-01T18:20:52.007+0000] {connection_wrapper.py:340} INFO - AWS Connection (conn_id='minio_s3', conn_type='s3') credentials retrieved from login and password.
[2025-10-01T18:20:52.046+0000] {logging_mixin.py:151} INFO - ✅ TXT subido: s3://respaldo2/rag/text/2025/22033_2025-09-17.txt  (páginas=74, chars=183414)
[2025-10-01T18:20:52.047+0000] {base.py:73} INFO - Using connection ID 'minio_s3' for task execution.
[2025-10-01T18:20:52.047+0000] {connection_wrapper.py:340} INFO - AWS Connection (conn_id='minio_s3', conn_type='s3') credentials retrieved from login and password.
[2025-10-01T18:20:57.102+0000] {base.py:73} INFO - Using connection ID 'minio_s3' for task execution.
[2025-10-01T18:20:57.103+0000] {connection_wrapper.py:340} INFO - AWS Connection (conn_id='minio_s3', conn_type='s3') credentials retrieved from login and password.
[2025-10-01T18:20:57.141+0000] {logging_mixin.py:151} INFO - ✅ TXT subido: s3://respaldo2/rag/text/2025/22034_2025-09-18.txt  (páginas=78, chars=208221)
[2025-10-01T18:20:57.141+0000] {base.py:73} INFO - Using connection ID 'minio_s3' for task execution.
[2025-10-01T18:20:57.142+0000] {connection_wrapper.py:340} INFO - AWS Connection (conn_id='minio_s3', conn_type='s3') credentials retrieved from login and password.
[2025-10-01T18:21:02.020+0000] {base.py:73} INFO - Using connection ID 'minio_s3' for task execution.
[2025-10-01T18:21:02.020+0000] {connection_wrapper.py:340} INFO - AWS Connection (conn_id='minio_s3', conn_type='s3') credentials retrieved from login and password.
[2025-10-01T18:21:02.059+0000] {logging_mixin.py:151} INFO - ✅ TXT subido: s3://respaldo2/rag/text/2025/22035_2025-09-19.txt  (páginas=74, chars=194210)
[2025-10-01T18:21:02.060+0000] {base.py:73} INFO - Using connection ID 'minio_s3' for task execution.
[2025-10-01T18:21:02.060+0000] {connection_wrapper.py:340} INFO - AWS Connection (conn_id='minio_s3', conn_type='s3') credentials retrieved from login and password.
[2025-10-01T18:21:06.662+0000] {base.py:73} INFO - Using connection ID 'minio_s3' for task execution.
[2025-10-01T18:21:06.663+0000] {connection_wrapper.py:340} INFO - AWS Connection (conn_id='minio_s3', conn_type='s3') credentials retrieved from login and password.
[2025-10-01T18:21:06.713+0000] {logging_mixin.py:151} INFO - ✅ TXT subido: s3://respaldo2/rag/text/2025/22036_2025-09-22.txt  (páginas=74, chars=189235)
[2025-10-01T18:21:06.713+0000] {base.py:73} INFO - Using connection ID 'minio_s3' for task execution.
[2025-10-01T18:21:06.714+0000] {connection_wrapper.py:340} INFO - AWS Connection (conn_id='minio_s3', conn_type='s3') credentials retrieved from login and password.
[2025-10-01T18:21:11.561+0000] {base.py:73} INFO - Using connection ID 'minio_s3' for task execution.
[2025-10-01T18:21:11.561+0000] {connection_wrapper.py:340} INFO - AWS Connection (conn_id='minio_s3', conn_type='s3') credentials retrieved from login and password.
[2025-10-01T18:21:11.606+0000] {logging_mixin.py:151} INFO - ✅ TXT subido: s3://respaldo2/rag/text/2025/22037_2025-09-23.txt  (páginas=73, chars=185973)
[2025-10-01T18:21:11.606+0000] {base.py:73} INFO - Using connection ID 'minio_s3' for task execution.
[2025-10-01T18:21:11.607+0000] {connection_wrapper.py:340} INFO - AWS Connection (conn_id='minio_s3', conn_type='s3') credentials retrieved from login and password.
[2025-10-01T18:21:15.135+0000] {base.py:73} INFO - Using connection ID 'minio_s3' for task execution.
[2025-10-01T18:21:15.136+0000] {connection_wrapper.py:340} INFO - AWS Connection (conn_id='minio_s3', conn_type='s3') credentials retrieved from login and password.
[2025-10-01T18:21:15.178+0000] {logging_mixin.py:151} INFO - ✅ TXT subido: s3://respaldo2/rag/text/2025/22038_2025-09-24.txt  (páginas=59, chars=143062)
[2025-10-01T18:21:15.179+0000] {base.py:73} INFO - Using connection ID 'minio_s3' for task execution.
[2025-10-01T18:21:15.179+0000] {connection_wrapper.py:340} INFO - AWS Connection (conn_id='minio_s3', conn_type='s3') credentials retrieved from login and password.
[2025-10-01T18:21:20.058+0000] {base.py:73} INFO - Using connection ID 'minio_s3' for task execution.
[2025-10-01T18:21:20.059+0000] {connection_wrapper.py:340} INFO - AWS Connection (conn_id='minio_s3', conn_type='s3') credentials retrieved from login and password.
[2025-10-01T18:21:20.098+0000] {logging_mixin.py:151} INFO - ✅ TXT subido: s3://respaldo2/rag/text/2025/22039_2025-09-25.txt  (páginas=82, chars=202948)
[2025-10-01T18:21:20.099+0000] {base.py:73} INFO - Using connection ID 'minio_s3' for task execution.
[2025-10-01T18:21:20.099+0000] {connection_wrapper.py:340} INFO - AWS Connection (conn_id='minio_s3', conn_type='s3') credentials retrieved from login and password.
[2025-10-01T18:21:24.436+0000] {base.py:73} INFO - Using connection ID 'minio_s3' for task execution.
[2025-10-01T18:21:24.436+0000] {connection_wrapper.py:340} INFO - AWS Connection (conn_id='minio_s3', conn_type='s3') credentials retrieved from login and password.
[2025-10-01T18:21:24.478+0000] {logging_mixin.py:151} INFO - ✅ TXT subido: s3://respaldo2/rag/text/2025/22040_2025-09-26.txt  (páginas=69, chars=173078)
[2025-10-01T18:21:24.479+0000] {base.py:73} INFO - Using connection ID 'minio_s3' for task execution.
[2025-10-01T18:21:24.479+0000] {connection_wrapper.py:340} INFO - AWS Connection (conn_id='minio_s3', conn_type='s3') credentials retrieved from login and password.
[2025-10-01T18:21:30.008+0000] {base.py:73} INFO - Using connection ID 'minio_s3' for task execution.
[2025-10-01T18:21:30.009+0000] {connection_wrapper.py:340} INFO - AWS Connection (conn_id='minio_s3', conn_type='s3') credentials retrieved from login and password.
[2025-10-01T18:21:30.054+0000] {logging_mixin.py:151} INFO - ✅ TXT subido: s3://respaldo2/rag/text/2025/22041_2025-09-29.txt  (páginas=83, chars=228607)
[2025-10-01T18:21:30.055+0000] {base.py:73} INFO - Using connection ID 'minio_s3' for task execution.
[2025-10-01T18:21:30.055+0000] {connection_wrapper.py:340} INFO - AWS Connection (conn_id='minio_s3', conn_type='s3') credentials retrieved from login and password.
[2025-10-01T18:21:34.775+0000] {base.py:73} INFO - Using connection ID 'minio_s3' for task execution.
[2025-10-01T18:21:34.775+0000] {connection_wrapper.py:340} INFO - AWS Connection (conn_id='minio_s3', conn_type='s3') credentials retrieved from login and password.
[2025-10-01T18:21:34.816+0000] {logging_mixin.py:151} INFO - ✅ TXT subido: s3://respaldo2/rag/text/2025/22042_2025-09-30.txt  (páginas=70, chars=180284)
[2025-10-01T18:21:34.817+0000] {base.py:73} INFO - Using connection ID 'minio_s3' for task execution.
[2025-10-01T18:21:34.817+0000] {connection_wrapper.py:340} INFO - AWS Connection (conn_id='minio_s3', conn_type='s3') credentials retrieved from login and password.
[2025-10-01T18:21:40.515+0000] {base.py:73} INFO - Using connection ID 'minio_s3' for task execution.
[2025-10-01T18:21:40.516+0000] {connection_wrapper.py:340} INFO - AWS Connection (conn_id='minio_s3', conn_type='s3') credentials retrieved from login and password.
[2025-10-01T18:21:40.563+0000] {logging_mixin.py:151} INFO - ✅ TXT subido: s3://respaldo2/rag/text/2025/22043_2025-10-01.txt  (páginas=89, chars=241395)
[2025-10-01T18:21:40.563+0000] {logging_mixin.py:151} INFO - ✅ Total TXT generados: 12 en s3://respaldo2/rag/text/2025/
[2025-10-01T18:21:40.563+0000] {python.py:194} INFO - Done. Returned value was: {'processed': 12, 'bucket': 'respaldo2', 'prefix_pdfs': 'boletines/2025/', 'prefix_txt': 'rag/text/2025/', 'generated_at': '2025-10-01T18:21:40.563719Z', 'items': [{'pdf_key': 'boletines/2025/22032_2025-09-16.pdf', 'txt_key': 'rag/text/2025/22032_2025-09-16.txt', 'pages': 70, 'chars': 183179}, {'pdf_key': 'boletines/2025/22033_2025-09-17.pdf', 'txt_key': 'rag/text/2025/22033_2025-09-17.txt', 'pages': 74, 'chars': 183414}, {'pdf_key': 'boletines/2025/22034_2025-09-18.pdf', 'txt_key': 'rag/text/2025/22034_2025-09-18.txt', 'pages': 78, 'chars': 208221}, {'pdf_key': 'boletines/2025/22035_2025-09-19.pdf', 'txt_key': 'rag/text/2025/22035_2025-09-19.txt', 'pages': 74, 'chars': 194210}, {'pdf_key': 'boletines/2025/22036_2025-09-22.pdf', 'txt_key': 'rag/text/2025/22036_2025-09-22.txt', 'pages': 74, 'chars': 189235}, {'pdf_key': 'boletines/2025/22037_2025-09-23.pdf', 'txt_key': 'rag/text/2025/22037_2025-09-23.txt', 'pages': 73, 'chars': 185973}, {'pdf_key': 'boletines/2025/22038_2025-09-24.pdf', 'txt_key': 'rag/text/2025/22038_2025-09-24.txt', 'pages': 59, 'chars': 143062}, {'pdf_key': 'boletines/2025/22039_2025-09-25.pdf', 'txt_key': 'rag/text/2025/22039_2025-09-25.txt', 'pages': 82, 'chars': 202948}, {'pdf_key': 'boletines/2025/22040_2025-09-26.pdf', 'txt_key': 'rag/text/2025/22040_2025-09-26.txt', 'pages': 69, 'chars': 173078}, {'pdf_key': 'boletines/2025/22041_2025-09-29.pdf', 'txt_key': 'rag/text/2025/22041_2025-09-29.txt', 'pages': 83, 'chars': 228607}, {'pdf_key': 'boletines/2025/22042_2025-09-30.pdf', 'txt_key': 'rag/text/2025/22042_2025-09-30.txt', 'pages': 70, 'chars': 180284}, {'pdf_key': 'boletines/2025/22043_2025-10-01.pdf', 'txt_key': 'rag/text/2025/22043_2025-10-01.txt', 'pages': 89, 'chars': 241395}]}
[2025-10-01T18:21:40.574+0000] {taskinstance.py:1398} INFO - Marking task as SUCCESS. dag_id=flujo_RAG, task_id=extract_texts, execution_date=20251001T182014, start_date=20251001T182042, end_date=20251001T182140
[2025-10-01T18:21:40.636+0000] {local_task_job_runner.py:228} INFO - Task exited with return code 0
[2025-10-01T18:21:40.649+0000] {taskinstance.py:2776} INFO - 1 downstream tasks scheduled from follow-on schedule check
