[2025-10-07T01:59:10.043+0000] {taskinstance.py:1157} INFO - Dependencies all met for dep_context=non-requeueable deps ti=<TaskInstance: flujo_RAG_completo.chunk_from_txt manual__2025-10-07T01:57:10+00:00 [queued]>
[2025-10-07T01:59:10.049+0000] {taskinstance.py:1157} INFO - Dependencies all met for dep_context=requeueable deps ti=<TaskInstance: flujo_RAG_completo.chunk_from_txt manual__2025-10-07T01:57:10+00:00 [queued]>
[2025-10-07T01:59:10.049+0000] {taskinstance.py:1359} INFO - Starting attempt 1 of 1
[2025-10-07T01:59:10.055+0000] {taskinstance.py:1380} INFO - Executing <Task(PythonOperator): chunk_from_txt> on 2025-10-07 01:57:10+00:00
[2025-10-07T01:59:10.063+0000] {standard_task_runner.py:57} INFO - Started process 15767 to run task
[2025-10-07T01:59:10.066+0000] {standard_task_runner.py:84} INFO - Running: ['***', 'tasks', 'run', 'flujo_RAG_completo', 'chunk_from_txt', 'manual__2025-10-07T01:57:10+00:00', '--job-id', '292', '--raw', '--subdir', 'DAGS_FOLDER/Ingestion_pipeline.py', '--cfg-path', '/tmp/tmp93xwnzp0']
[2025-10-07T01:59:10.069+0000] {standard_task_runner.py:85} INFO - Job 292: Subtask chunk_from_txt
[2025-10-07T01:59:10.099+0000] {task_command.py:415} INFO - Running <TaskInstance: flujo_RAG_completo.chunk_from_txt manual__2025-10-07T01:57:10+00:00 [running]> on host a21c1baf7ef9
[2025-10-07T01:59:10.138+0000] {taskinstance.py:1660} INFO - Exporting env vars: AIRFLOW_CTX_DAG_OWNER='***' AIRFLOW_CTX_DAG_ID='flujo_RAG_completo' AIRFLOW_CTX_TASK_ID='chunk_from_txt' AIRFLOW_CTX_EXECUTION_DATE='2025-10-07T01:57:10+00:00' AIRFLOW_CTX_TRY_NUMBER='1' AIRFLOW_CTX_DAG_RUN_ID='manual__2025-10-07T01:57:10+00:00'
[2025-10-07T01:59:10.140+0000] {crypto.py:82} WARNING - empty cryptography key - values will not be stored encrypted.
[2025-10-07T01:59:10.140+0000] {base.py:73} INFO - Using connection ID 'minio_s3' for task execution.
[2025-10-07T01:59:10.140+0000] {warnings.py:109} WARNING - <string>:8: AirflowProviderDeprecationWarning: AWS Connection (conn_id='minio_s3', conn_type='s3') has connection type 's3', which has been replaced by connection type 'aws'. Please update your connection to have `conn_type='aws'`.

[2025-10-07T01:59:10.141+0000] {connection_wrapper.py:340} INFO - AWS Connection (conn_id='minio_s3', conn_type='s3') credentials retrieved from login and password.
[2025-10-07T01:59:10.141+0000] {warnings.py:109} WARNING - <string>:8: AirflowProviderDeprecationWarning: Host minio specified in the connection is not used. Please, set it on extra['endpoint_url'] instead

[2025-10-07T01:59:10.317+0000] {base.py:73} INFO - Using connection ID 'minio_s3' for task execution.
[2025-10-07T01:59:10.317+0000] {connection_wrapper.py:340} INFO - AWS Connection (conn_id='minio_s3', conn_type='s3') credentials retrieved from login and password.
[2025-10-07T01:59:10.388+0000] {base.py:73} INFO - Using connection ID 'minio_s3' for task execution.
[2025-10-07T01:59:10.389+0000] {connection_wrapper.py:340} INFO - AWS Connection (conn_id='minio_s3', conn_type='s3') credentials retrieved from login and password.
[2025-10-07T01:59:10.626+0000] {logging_mixin.py:151} INFO - ✅ NDJSON subido: s3://respaldo2/rag/chunks/2025/22032_2025-09-16.ndjson  (chunks=11)
[2025-10-07T01:59:10.627+0000] {base.py:73} INFO - Using connection ID 'minio_s3' for task execution.
[2025-10-07T01:59:10.627+0000] {connection_wrapper.py:340} INFO - AWS Connection (conn_id='minio_s3', conn_type='s3') credentials retrieved from login and password.
[2025-10-07T01:59:10.693+0000] {base.py:73} INFO - Using connection ID 'minio_s3' for task execution.
[2025-10-07T01:59:10.693+0000] {connection_wrapper.py:340} INFO - AWS Connection (conn_id='minio_s3', conn_type='s3') credentials retrieved from login and password.
[2025-10-07T01:59:10.734+0000] {logging_mixin.py:151} INFO - ✅ NDJSON subido: s3://respaldo2/rag/chunks/2025/22033_2025-09-17.ndjson  (chunks=16)
[2025-10-07T01:59:10.735+0000] {base.py:73} INFO - Using connection ID 'minio_s3' for task execution.
[2025-10-07T01:59:10.735+0000] {connection_wrapper.py:340} INFO - AWS Connection (conn_id='minio_s3', conn_type='s3') credentials retrieved from login and password.
[2025-10-07T01:59:10.806+0000] {base.py:73} INFO - Using connection ID 'minio_s3' for task execution.
[2025-10-07T01:59:10.806+0000] {connection_wrapper.py:340} INFO - AWS Connection (conn_id='minio_s3', conn_type='s3') credentials retrieved from login and password.
[2025-10-07T01:59:10.846+0000] {logging_mixin.py:151} INFO - ✅ NDJSON subido: s3://respaldo2/rag/chunks/2025/22034_2025-09-18.ndjson  (chunks=15)
[2025-10-07T01:59:10.847+0000] {base.py:73} INFO - Using connection ID 'minio_s3' for task execution.
[2025-10-07T01:59:10.847+0000] {connection_wrapper.py:340} INFO - AWS Connection (conn_id='minio_s3', conn_type='s3') credentials retrieved from login and password.
[2025-10-07T01:59:10.917+0000] {base.py:73} INFO - Using connection ID 'minio_s3' for task execution.
[2025-10-07T01:59:10.918+0000] {connection_wrapper.py:340} INFO - AWS Connection (conn_id='minio_s3', conn_type='s3') credentials retrieved from login and password.
[2025-10-07T01:59:10.960+0000] {logging_mixin.py:151} INFO - ✅ NDJSON subido: s3://respaldo2/rag/chunks/2025/22035_2025-09-19.ndjson  (chunks=20)
[2025-10-07T01:59:10.961+0000] {base.py:73} INFO - Using connection ID 'minio_s3' for task execution.
[2025-10-07T01:59:10.961+0000] {connection_wrapper.py:340} INFO - AWS Connection (conn_id='minio_s3', conn_type='s3') credentials retrieved from login and password.
[2025-10-07T01:59:11.205+0000] {base.py:73} INFO - Using connection ID 'minio_s3' for task execution.
[2025-10-07T01:59:11.206+0000] {connection_wrapper.py:340} INFO - AWS Connection (conn_id='minio_s3', conn_type='s3') credentials retrieved from login and password.
[2025-10-07T01:59:11.249+0000] {logging_mixin.py:151} INFO - ✅ NDJSON subido: s3://respaldo2/rag/chunks/2025/22036_2025-09-22.ndjson  (chunks=24)
[2025-10-07T01:59:11.250+0000] {base.py:73} INFO - Using connection ID 'minio_s3' for task execution.
[2025-10-07T01:59:11.250+0000] {connection_wrapper.py:340} INFO - AWS Connection (conn_id='minio_s3', conn_type='s3') credentials retrieved from login and password.
[2025-10-07T01:59:11.320+0000] {base.py:73} INFO - Using connection ID 'minio_s3' for task execution.
[2025-10-07T01:59:11.320+0000] {connection_wrapper.py:340} INFO - AWS Connection (conn_id='minio_s3', conn_type='s3') credentials retrieved from login and password.
[2025-10-07T01:59:11.364+0000] {logging_mixin.py:151} INFO - ✅ NDJSON subido: s3://respaldo2/rag/chunks/2025/22037_2025-09-23.ndjson  (chunks=23)
[2025-10-07T01:59:11.365+0000] {base.py:73} INFO - Using connection ID 'minio_s3' for task execution.
[2025-10-07T01:59:11.365+0000] {connection_wrapper.py:340} INFO - AWS Connection (conn_id='minio_s3', conn_type='s3') credentials retrieved from login and password.
[2025-10-07T01:59:11.428+0000] {base.py:73} INFO - Using connection ID 'minio_s3' for task execution.
[2025-10-07T01:59:11.428+0000] {connection_wrapper.py:340} INFO - AWS Connection (conn_id='minio_s3', conn_type='s3') credentials retrieved from login and password.
[2025-10-07T01:59:11.469+0000] {logging_mixin.py:151} INFO - ✅ NDJSON subido: s3://respaldo2/rag/chunks/2025/22038_2025-09-24.ndjson  (chunks=9)
[2025-10-07T01:59:11.470+0000] {base.py:73} INFO - Using connection ID 'minio_s3' for task execution.
[2025-10-07T01:59:11.470+0000] {connection_wrapper.py:340} INFO - AWS Connection (conn_id='minio_s3', conn_type='s3') credentials retrieved from login and password.
[2025-10-07T01:59:11.538+0000] {base.py:73} INFO - Using connection ID 'minio_s3' for task execution.
[2025-10-07T01:59:11.539+0000] {connection_wrapper.py:340} INFO - AWS Connection (conn_id='minio_s3', conn_type='s3') credentials retrieved from login and password.
[2025-10-07T01:59:11.744+0000] {logging_mixin.py:151} INFO - ✅ NDJSON subido: s3://respaldo2/rag/chunks/2025/22039_2025-09-25.ndjson  (chunks=17)
[2025-10-07T01:59:11.744+0000] {base.py:73} INFO - Using connection ID 'minio_s3' for task execution.
[2025-10-07T01:59:11.745+0000] {connection_wrapper.py:340} INFO - AWS Connection (conn_id='minio_s3', conn_type='s3') credentials retrieved from login and password.
[2025-10-07T01:59:11.809+0000] {base.py:73} INFO - Using connection ID 'minio_s3' for task execution.
[2025-10-07T01:59:11.809+0000] {connection_wrapper.py:340} INFO - AWS Connection (conn_id='minio_s3', conn_type='s3') credentials retrieved from login and password.
[2025-10-07T01:59:11.849+0000] {logging_mixin.py:151} INFO - ✅ NDJSON subido: s3://respaldo2/rag/chunks/2025/22040_2025-09-26.ndjson  (chunks=9)
[2025-10-07T01:59:11.850+0000] {base.py:73} INFO - Using connection ID 'minio_s3' for task execution.
[2025-10-07T01:59:11.850+0000] {connection_wrapper.py:340} INFO - AWS Connection (conn_id='minio_s3', conn_type='s3') credentials retrieved from login and password.
[2025-10-07T01:59:11.925+0000] {base.py:73} INFO - Using connection ID 'minio_s3' for task execution.
[2025-10-07T01:59:11.926+0000] {connection_wrapper.py:340} INFO - AWS Connection (conn_id='minio_s3', conn_type='s3') credentials retrieved from login and password.
[2025-10-07T01:59:11.976+0000] {logging_mixin.py:151} INFO - ✅ NDJSON subido: s3://respaldo2/rag/chunks/2025/22041_2025-09-29.ndjson  (chunks=25)
[2025-10-07T01:59:11.976+0000] {base.py:73} INFO - Using connection ID 'minio_s3' for task execution.
[2025-10-07T01:59:11.977+0000] {connection_wrapper.py:340} INFO - AWS Connection (conn_id='minio_s3', conn_type='s3') credentials retrieved from login and password.
[2025-10-07T01:59:12.043+0000] {base.py:73} INFO - Using connection ID 'minio_s3' for task execution.
[2025-10-07T01:59:12.044+0000] {connection_wrapper.py:340} INFO - AWS Connection (conn_id='minio_s3', conn_type='s3') credentials retrieved from login and password.
[2025-10-07T01:59:12.085+0000] {logging_mixin.py:151} INFO - ✅ NDJSON subido: s3://respaldo2/rag/chunks/2025/22042_2025-09-30.ndjson  (chunks=19)
[2025-10-07T01:59:12.086+0000] {base.py:73} INFO - Using connection ID 'minio_s3' for task execution.
[2025-10-07T01:59:12.086+0000] {connection_wrapper.py:340} INFO - AWS Connection (conn_id='minio_s3', conn_type='s3') credentials retrieved from login and password.
[2025-10-07T01:59:12.315+0000] {base.py:73} INFO - Using connection ID 'minio_s3' for task execution.
[2025-10-07T01:59:12.315+0000] {connection_wrapper.py:340} INFO - AWS Connection (conn_id='minio_s3', conn_type='s3') credentials retrieved from login and password.
[2025-10-07T01:59:12.355+0000] {logging_mixin.py:151} INFO - ✅ NDJSON subido: s3://respaldo2/rag/chunks/2025/22043_2025-10-01.ndjson  (chunks=24)
[2025-10-07T01:59:12.356+0000] {base.py:73} INFO - Using connection ID 'minio_s3' for task execution.
[2025-10-07T01:59:12.356+0000] {connection_wrapper.py:340} INFO - AWS Connection (conn_id='minio_s3', conn_type='s3') credentials retrieved from login and password.
[2025-10-07T01:59:12.425+0000] {base.py:73} INFO - Using connection ID 'minio_s3' for task execution.
[2025-10-07T01:59:12.425+0000] {connection_wrapper.py:340} INFO - AWS Connection (conn_id='minio_s3', conn_type='s3') credentials retrieved from login and password.
[2025-10-07T01:59:12.462+0000] {logging_mixin.py:151} INFO - ✅ NDJSON subido: s3://respaldo2/rag/chunks/2025/22044_2025-10-02.ndjson  (chunks=13)
[2025-10-07T01:59:12.463+0000] {base.py:73} INFO - Using connection ID 'minio_s3' for task execution.
[2025-10-07T01:59:12.463+0000] {connection_wrapper.py:340} INFO - AWS Connection (conn_id='minio_s3', conn_type='s3') credentials retrieved from login and password.
[2025-10-07T01:59:12.529+0000] {base.py:73} INFO - Using connection ID 'minio_s3' for task execution.
[2025-10-07T01:59:12.530+0000] {connection_wrapper.py:340} INFO - AWS Connection (conn_id='minio_s3', conn_type='s3') credentials retrieved from login and password.
[2025-10-07T01:59:12.572+0000] {logging_mixin.py:151} INFO - ✅ NDJSON subido: s3://respaldo2/rag/chunks/2025/22045_2025-10-03.ndjson  (chunks=11)
[2025-10-07T01:59:12.572+0000] {base.py:73} INFO - Using connection ID 'minio_s3' for task execution.
[2025-10-07T01:59:12.573+0000] {connection_wrapper.py:340} INFO - AWS Connection (conn_id='minio_s3', conn_type='s3') credentials retrieved from login and password.
[2025-10-07T01:59:12.788+0000] {base.py:73} INFO - Using connection ID 'minio_s3' for task execution.
[2025-10-07T01:59:12.789+0000] {connection_wrapper.py:340} INFO - AWS Connection (conn_id='minio_s3', conn_type='s3') credentials retrieved from login and password.
[2025-10-07T01:59:12.829+0000] {logging_mixin.py:151} INFO - ✅ NDJSON subido: s3://respaldo2/rag/chunks/2025/22046_2025-10-06.ndjson  (chunks=22)
[2025-10-07T01:59:12.830+0000] {base.py:73} INFO - Using connection ID 'minio_s3' for task execution.
[2025-10-07T01:59:12.831+0000] {connection_wrapper.py:340} INFO - AWS Connection (conn_id='minio_s3', conn_type='s3') credentials retrieved from login and password.
[2025-10-07T01:59:12.870+0000] {logging_mixin.py:151} INFO - 📄 Manifest: s3://respaldo2/rag/chunks/2025/_chunks_manifest.json
[2025-10-07T01:59:12.870+0000] {python.py:194} INFO - Done. Returned value was: {'processed': 15, 'pages': 15, 'chunks': 258, 'manifest_key': 'rag/chunks/2025/_chunks_manifest.json'}
[2025-10-07T01:59:12.882+0000] {taskinstance.py:1398} INFO - Marking task as SUCCESS. dag_id=flujo_RAG_completo, task_id=chunk_from_txt, execution_date=20251007T015710, start_date=20251007T015910, end_date=20251007T015912
[2025-10-07T01:59:12.915+0000] {local_task_job_runner.py:228} INFO - Task exited with return code 0
[2025-10-07T01:59:12.929+0000] {taskinstance.py:2776} INFO - 1 downstream tasks scheduled from follow-on schedule check
