[2025-10-02T18:18:24.645+0000] {taskinstance.py:1157} INFO - Dependencies all met for dep_context=non-requeueable deps ti=<TaskInstance: flujo_RAG.fusion_query_demo manual__2025-10-02T18:15:07+00:00 [queued]>
[2025-10-02T18:18:24.649+0000] {taskinstance.py:1157} INFO - Dependencies all met for dep_context=requeueable deps ti=<TaskInstance: flujo_RAG.fusion_query_demo manual__2025-10-02T18:15:07+00:00 [queued]>
[2025-10-02T18:18:24.649+0000] {taskinstance.py:1359} INFO - Starting attempt 1 of 1
[2025-10-02T18:18:24.653+0000] {taskinstance.py:1380} INFO - Executing <Task(PythonOperator): fusion_query_demo> on 2025-10-02 18:15:07+00:00
[2025-10-02T18:18:24.660+0000] {standard_task_runner.py:57} INFO - Started process 63055 to run task
[2025-10-02T18:18:24.663+0000] {standard_task_runner.py:84} INFO - Running: ['***', 'tasks', 'run', 'flujo_RAG', 'fusion_query_demo', 'manual__2025-10-02T18:15:07+00:00', '--job-id', '156', '--raw', '--subdir', 'DAGS_FOLDER/RAG_dag.py', '--cfg-path', '/tmp/tmptcykiici']
[2025-10-02T18:18:24.664+0000] {standard_task_runner.py:85} INFO - Job 156: Subtask fusion_query_demo
[2025-10-02T18:18:24.687+0000] {task_command.py:415} INFO - Running <TaskInstance: flujo_RAG.fusion_query_demo manual__2025-10-02T18:15:07+00:00 [running]> on host cebfb690f74d
[2025-10-02T18:18:24.722+0000] {taskinstance.py:1660} INFO - Exporting env vars: AIRFLOW_CTX_DAG_OWNER='***' AIRFLOW_CTX_DAG_ID='flujo_RAG' AIRFLOW_CTX_TASK_ID='fusion_query_demo' AIRFLOW_CTX_EXECUTION_DATE='2025-10-02T18:15:07+00:00' AIRFLOW_CTX_TRY_NUMBER='1' AIRFLOW_CTX_DAG_RUN_ID='manual__2025-10-02T18:15:07+00:00'
[2025-10-02T18:18:24.724+0000] {crypto.py:82} WARNING - empty cryptography key - values will not be stored encrypted.
[2025-10-02T18:18:24.725+0000] {base.py:73} INFO - Using connection ID 'minio_s3' for task execution.
[2025-10-02T18:18:24.725+0000] {warnings.py:109} WARNING - <string>:8: AirflowProviderDeprecationWarning: AWS Connection (conn_id='minio_s3', conn_type='s3') has connection type 's3', which has been replaced by connection type 'aws'. Please update your connection to have `conn_type='aws'`.

[2025-10-02T18:18:24.725+0000] {connection_wrapper.py:340} INFO - AWS Connection (conn_id='minio_s3', conn_type='s3') credentials retrieved from login and password.
[2025-10-02T18:18:24.726+0000] {warnings.py:109} WARNING - <string>:8: AirflowProviderDeprecationWarning: Host minio specified in the connection is not used. Please, set it on extra['endpoint_url'] instead

[2025-10-02T18:18:24.901+0000] {SentenceTransformer.py:208} INFO - Use pytorch device_name: cpu
[2025-10-02T18:18:24.902+0000] {SentenceTransformer.py:216} INFO - Load pretrained SentenceTransformer: sentence-transformers/paraphrase-multilingual-MiniLM-L12-v2
[2025-10-02T18:18:28.220+0000] {discover_namespace_packages.py:12} INFO - Discovering subpackages in _NamespacePath(['/home/***/.local/lib/python3.8/site-packages/pinecone_plugins'])
[2025-10-02T18:18:28.221+0000] {discover_plugins.py:9} INFO - Looking for plugins in pinecone_plugins.inference
[2025-10-02T18:18:28.225+0000] {installation.py:10} INFO - Installing plugin inference into Pinecone
[2025-10-02T18:18:30.404+0000] {base.py:73} INFO - Using connection ID 'minio_s3' for task execution.
[2025-10-02T18:18:30.404+0000] {connection_wrapper.py:340} INFO - AWS Connection (conn_id='minio_s3', conn_type='s3') credentials retrieved from login and password.
[2025-10-02T18:18:30.495+0000] {base.py:73} INFO - Using connection ID 'minio_s3' for task execution.
[2025-10-02T18:18:30.496+0000] {connection_wrapper.py:340} INFO - AWS Connection (conn_id='minio_s3', conn_type='s3') credentials retrieved from login and password.
[2025-10-02T18:18:30.551+0000] {base.py:73} INFO - Using connection ID 'minio_s3' for task execution.
[2025-10-02T18:18:30.551+0000] {connection_wrapper.py:340} INFO - AWS Connection (conn_id='minio_s3', conn_type='s3') credentials retrieved from login and password.
[2025-10-02T18:18:30.598+0000] {base.py:73} INFO - Using connection ID 'minio_s3' for task execution.
[2025-10-02T18:18:30.598+0000] {connection_wrapper.py:340} INFO - AWS Connection (conn_id='minio_s3', conn_type='s3') credentials retrieved from login and password.
[2025-10-02T18:18:30.645+0000] {base.py:73} INFO - Using connection ID 'minio_s3' for task execution.
[2025-10-02T18:18:30.645+0000] {connection_wrapper.py:340} INFO - AWS Connection (conn_id='minio_s3', conn_type='s3') credentials retrieved from login and password.
[2025-10-02T18:18:30.690+0000] {base.py:73} INFO - Using connection ID 'minio_s3' for task execution.
[2025-10-02T18:18:30.690+0000] {connection_wrapper.py:340} INFO - AWS Connection (conn_id='minio_s3', conn_type='s3') credentials retrieved from login and password.
[2025-10-02T18:18:30.903+0000] {base.py:73} INFO - Using connection ID 'minio_s3' for task execution.
[2025-10-02T18:18:30.904+0000] {connection_wrapper.py:340} INFO - AWS Connection (conn_id='minio_s3', conn_type='s3') credentials retrieved from login and password.
[2025-10-02T18:18:30.946+0000] {base.py:73} INFO - Using connection ID 'minio_s3' for task execution.
[2025-10-02T18:18:30.946+0000] {connection_wrapper.py:340} INFO - AWS Connection (conn_id='minio_s3', conn_type='s3') credentials retrieved from login and password.
[2025-10-02T18:18:30.990+0000] {base.py:73} INFO - Using connection ID 'minio_s3' for task execution.
[2025-10-02T18:18:30.991+0000] {connection_wrapper.py:340} INFO - AWS Connection (conn_id='minio_s3', conn_type='s3') credentials retrieved from login and password.
[2025-10-02T18:18:31.037+0000] {base.py:73} INFO - Using connection ID 'minio_s3' for task execution.
[2025-10-02T18:18:31.037+0000] {connection_wrapper.py:340} INFO - AWS Connection (conn_id='minio_s3', conn_type='s3') credentials retrieved from login and password.
[2025-10-02T18:18:31.086+0000] {base.py:73} INFO - Using connection ID 'minio_s3' for task execution.
[2025-10-02T18:18:31.088+0000] {connection_wrapper.py:340} INFO - AWS Connection (conn_id='minio_s3', conn_type='s3') credentials retrieved from login and password.
[2025-10-02T18:18:31.133+0000] {logging_mixin.py:151} INFO - ✅ Fusión RRF subida a s3://respaldo2/rag/fusion/2025/fusion_contrataci_n_p_blica_vial_20251002_181831.json  (top=10)
[2025-10-02T18:18:31.133+0000] {logging_mixin.py:151} INFO - 🔀 RRF para 'contratación pública vial'
[2025-10-02T18:18:31.133+0000] {logging_mixin.py:151} INFO - #01  22043_2025-10-01_p1  page=None  src=-
[2025-10-02T18:18:31.133+0000] {logging_mixin.py:151} INFO - #02  22036_2025-09-22_p1  page=None  src=-
[2025-10-02T18:18:31.133+0000] {logging_mixin.py:151} INFO - #03  22041_2025-09-29_p1  page=None  src=-
[2025-10-02T18:18:31.134+0000] {logging_mixin.py:151} INFO - #04  22037_2025-09-23_p1  page=None  src=-
[2025-10-02T18:18:31.134+0000] {logging_mixin.py:151} INFO - #05  22042_2025-09-30_p1  page=None  src=-
[2025-10-02T18:18:31.134+0000] {logging_mixin.py:151} INFO - #06  22034_2025-09-18_p1  page=None  src=-
[2025-10-02T18:18:31.134+0000] {logging_mixin.py:151} INFO - #07  22035_2025-09-19_p1  page=None  src=-
[2025-10-02T18:18:31.134+0000] {logging_mixin.py:151} INFO - #08  22044_2025-10-02_p1  page=None  src=-
[2025-10-02T18:18:31.134+0000] {logging_mixin.py:151} INFO - #09  22033_2025-09-17_p1  page=None  src=-
[2025-10-02T18:18:31.134+0000] {logging_mixin.py:151} INFO - #10  22036_2025-09-22::p1::6  page=1  src=boletines/2025/22036_2025-09-22.pdf
[2025-10-02T18:18:31.135+0000] {logging_mixin.py:151} INFO -       han entrevistado jóvenes profesionales para realizar las capacitaciones en diferentes áreas de la Dirección General de Rentas; Que asimismo se han seleccionado abogados y contadores postulantes que cumplen los requisitos necesarios para acceder a las pasantías; Que, el Artículo 9
[2025-10-02T18:18:31.136+0000] {python.py:194} INFO - Done. Returned value was: {'out_key': 'rag/fusion/2025/fusion_contrataci_n_p_blica_vial_20251002_181831.json', 'count': 10}
[2025-10-02T18:18:31.149+0000] {taskinstance.py:1398} INFO - Marking task as SUCCESS. dag_id=flujo_RAG, task_id=fusion_query_demo, execution_date=20251002T181507, start_date=20251002T181824, end_date=20251002T181831
[2025-10-02T18:18:31.207+0000] {local_task_job_runner.py:228} INFO - Task exited with return code 0
[2025-10-02T18:18:31.220+0000] {taskinstance.py:2776} INFO - 1 downstream tasks scheduled from follow-on schedule check
