[2025-10-01T15:29:10.162+0000] {taskinstance.py:1157} INFO - Dependencies all met for dep_context=non-requeueable deps ti=<TaskInstance: flujo_RAG.pinecone_upsert manual__2025-10-01T13:33:42.656094+00:00 [queued]>
[2025-10-01T15:29:10.167+0000] {taskinstance.py:1157} INFO - Dependencies all met for dep_context=requeueable deps ti=<TaskInstance: flujo_RAG.pinecone_upsert manual__2025-10-01T13:33:42.656094+00:00 [queued]>
[2025-10-01T15:29:10.167+0000] {taskinstance.py:1359} INFO - Starting attempt 5 of 5
[2025-10-01T15:29:10.172+0000] {taskinstance.py:1380} INFO - Executing <Task(PythonOperator): pinecone_upsert> on 2025-10-01 13:33:42.656094+00:00
[2025-10-01T15:29:10.179+0000] {standard_task_runner.py:57} INFO - Started process 196 to run task
[2025-10-01T15:29:10.181+0000] {standard_task_runner.py:84} INFO - Running: ['***', 'tasks', 'run', 'flujo_RAG', 'pinecone_upsert', 'manual__2025-10-01T13:33:42.656094+00:00', '--job-id', '73', '--raw', '--subdir', 'DAGS_FOLDER/RAG_dag.py', '--cfg-path', '/tmp/tmp40awa5h6']
[2025-10-01T15:29:10.184+0000] {standard_task_runner.py:85} INFO - Job 73: Subtask pinecone_upsert
[2025-10-01T15:29:10.209+0000] {task_command.py:415} INFO - Running <TaskInstance: flujo_RAG.pinecone_upsert manual__2025-10-01T13:33:42.656094+00:00 [running]> on host 2f9c2b1ff132
[2025-10-01T15:29:10.244+0000] {taskinstance.py:1660} INFO - Exporting env vars: AIRFLOW_CTX_DAG_OWNER='***' AIRFLOW_CTX_DAG_ID='flujo_RAG' AIRFLOW_CTX_TASK_ID='pinecone_upsert' AIRFLOW_CTX_EXECUTION_DATE='2025-10-01T13:33:42.656094+00:00' AIRFLOW_CTX_TRY_NUMBER='5' AIRFLOW_CTX_DAG_RUN_ID='manual__2025-10-01T13:33:42.656094+00:00'
[2025-10-01T15:29:10.245+0000] {crypto.py:82} WARNING - empty cryptography key - values will not be stored encrypted.
[2025-10-01T15:29:10.245+0000] {base.py:73} INFO - Using connection ID 'minio_s3' for task execution.
[2025-10-01T15:29:10.246+0000] {warnings.py:109} WARNING - <string>:8: AirflowProviderDeprecationWarning: AWS Connection (conn_id='minio_s3', conn_type='s3') has connection type 's3', which has been replaced by connection type 'aws'. Please update your connection to have `conn_type='aws'`.

[2025-10-01T15:29:10.246+0000] {connection_wrapper.py:340} INFO - AWS Connection (conn_id='minio_s3', conn_type='s3') credentials retrieved from login and password.
[2025-10-01T15:29:10.246+0000] {warnings.py:109} WARNING - <string>:8: AirflowProviderDeprecationWarning: Host minio specified in the connection is not used. Please, set it on extra['endpoint_url'] instead

[2025-10-01T15:29:10.426+0000] {base.py:73} INFO - Using connection ID 'minio_s3' for task execution.
[2025-10-01T15:29:10.427+0000] {connection_wrapper.py:340} INFO - AWS Connection (conn_id='minio_s3', conn_type='s3') credentials retrieved from login and password.
[2025-10-01T15:29:10.474+0000] {base.py:73} INFO - Using connection ID 'minio_s3' for task execution.
[2025-10-01T15:29:10.475+0000] {connection_wrapper.py:340} INFO - AWS Connection (conn_id='minio_s3', conn_type='s3') credentials retrieved from login and password.
[2025-10-01T15:29:10.519+0000] {base.py:73} INFO - Using connection ID 'minio_s3' for task execution.
[2025-10-01T15:29:10.520+0000] {connection_wrapper.py:340} INFO - AWS Connection (conn_id='minio_s3', conn_type='s3') credentials retrieved from login and password.
[2025-10-01T15:29:10.739+0000] {base.py:73} INFO - Using connection ID 'minio_s3' for task execution.
[2025-10-01T15:29:10.739+0000] {connection_wrapper.py:340} INFO - AWS Connection (conn_id='minio_s3', conn_type='s3') credentials retrieved from login and password.
[2025-10-01T15:29:10.780+0000] {base.py:73} INFO - Using connection ID 'minio_s3' for task execution.
[2025-10-01T15:29:10.780+0000] {connection_wrapper.py:340} INFO - AWS Connection (conn_id='minio_s3', conn_type='s3') credentials retrieved from login and password.
[2025-10-01T15:29:10.824+0000] {base.py:73} INFO - Using connection ID 'minio_s3' for task execution.
[2025-10-01T15:29:10.825+0000] {connection_wrapper.py:340} INFO - AWS Connection (conn_id='minio_s3', conn_type='s3') credentials retrieved from login and password.
[2025-10-01T15:29:10.870+0000] {base.py:73} INFO - Using connection ID 'minio_s3' for task execution.
[2025-10-01T15:29:10.870+0000] {connection_wrapper.py:340} INFO - AWS Connection (conn_id='minio_s3', conn_type='s3') credentials retrieved from login and password.
[2025-10-01T15:29:10.913+0000] {base.py:73} INFO - Using connection ID 'minio_s3' for task execution.
[2025-10-01T15:29:10.913+0000] {connection_wrapper.py:340} INFO - AWS Connection (conn_id='minio_s3', conn_type='s3') credentials retrieved from login and password.
[2025-10-01T15:29:10.970+0000] {base.py:73} INFO - Using connection ID 'minio_s3' for task execution.
[2025-10-01T15:29:10.970+0000] {connection_wrapper.py:340} INFO - AWS Connection (conn_id='minio_s3', conn_type='s3') credentials retrieved from login and password.
[2025-10-01T15:29:11.167+0000] {base.py:73} INFO - Using connection ID 'minio_s3' for task execution.
[2025-10-01T15:29:11.168+0000] {connection_wrapper.py:340} INFO - AWS Connection (conn_id='minio_s3', conn_type='s3') credentials retrieved from login and password.
[2025-10-01T15:29:11.209+0000] {base.py:73} INFO - Using connection ID 'minio_s3' for task execution.
[2025-10-01T15:29:11.209+0000] {connection_wrapper.py:340} INFO - AWS Connection (conn_id='minio_s3', conn_type='s3') credentials retrieved from login and password.
[2025-10-01T15:29:11.250+0000] {base.py:73} INFO - Using connection ID 'minio_s3' for task execution.
[2025-10-01T15:29:11.250+0000] {connection_wrapper.py:340} INFO - AWS Connection (conn_id='minio_s3', conn_type='s3') credentials retrieved from login and password.
[2025-10-01T15:29:11.294+0000] {SentenceTransformer.py:208} INFO - Use pytorch device_name: cpu
[2025-10-01T15:29:11.295+0000] {SentenceTransformer.py:216} INFO - Load pretrained SentenceTransformer: sentence-transformers/paraphrase-multilingual-MiniLM-L12-v2
[2025-10-01T15:29:55.123+0000] {discover_namespace_packages.py:12} INFO - Discovering subpackages in _NamespacePath(['/home/***/.local/lib/python3.8/site-packages/pinecone_plugins'])
[2025-10-01T15:29:55.124+0000] {discover_plugins.py:9} INFO - Looking for plugins in pinecone_plugins.inference
[2025-10-01T15:29:55.134+0000] {installation.py:10} INFO - Installing plugin inference into Pinecone
[2025-10-01T15:30:01.183+0000] {discover_namespace_packages.py:12} INFO - Discovering subpackages in _NamespacePath(['/home/***/.local/lib/python3.8/site-packages/pinecone_plugins'])
[2025-10-01T15:30:01.184+0000] {discover_plugins.py:9} INFO - Looking for plugins in pinecone_plugins.inference
[2025-10-01T15:30:01.184+0000] {installation.py:10} INFO - Installing plugin inference into Pinecone
[2025-10-01T15:30:07.074+0000] {logging_mixin.py:151} INFO - ✅ Upsert Pinecone: {'indexed': 212, 'dim': 384, 'namespace': '2025'}
[2025-10-01T15:30:07.075+0000] {python.py:194} INFO - Done. Returned value was: {'indexed': 212, 'dim': 384, 'namespace': '2025'}
[2025-10-01T15:30:07.087+0000] {taskinstance.py:1398} INFO - Marking task as SUCCESS. dag_id=flujo_RAG, task_id=pinecone_upsert, execution_date=20251001T133342, start_date=20251001T152910, end_date=20251001T153007
[2025-10-01T15:30:07.174+0000] {local_task_job_runner.py:228} INFO - Task exited with return code 0
[2025-10-01T15:30:07.184+0000] {taskinstance.py:2776} INFO - 1 downstream tasks scheduled from follow-on schedule check
