[2025-10-06T00:07:30.513+0000] {taskinstance.py:1157} INFO - Dependencies all met for dep_context=non-requeueable deps ti=<TaskInstance: flujo_RAG.chunk_from_txt manual__2025-10-06T00:05:45+00:00 [queued]>
[2025-10-06T00:07:30.518+0000] {taskinstance.py:1157} INFO - Dependencies all met for dep_context=requeueable deps ti=<TaskInstance: flujo_RAG.chunk_from_txt manual__2025-10-06T00:05:45+00:00 [queued]>
[2025-10-06T00:07:30.519+0000] {taskinstance.py:1359} INFO - Starting attempt 1 of 1
[2025-10-06T00:07:30.525+0000] {taskinstance.py:1380} INFO - Executing <Task(PythonOperator): chunk_from_txt> on 2025-10-06 00:05:45+00:00
[2025-10-06T00:07:30.533+0000] {standard_task_runner.py:57} INFO - Started process 7062 to run task
[2025-10-06T00:07:30.536+0000] {standard_task_runner.py:84} INFO - Running: ['***', 'tasks', 'run', 'flujo_RAG', 'chunk_from_txt', 'manual__2025-10-06T00:05:45+00:00', '--job-id', '237', '--raw', '--subdir', 'DAGS_FOLDER/RAG_dag.py', '--cfg-path', '/tmp/tmpvx7eic54']
[2025-10-06T00:07:30.538+0000] {standard_task_runner.py:85} INFO - Job 237: Subtask chunk_from_txt
[2025-10-06T00:07:30.568+0000] {task_command.py:415} INFO - Running <TaskInstance: flujo_RAG.chunk_from_txt manual__2025-10-06T00:05:45+00:00 [running]> on host c16a2a509134
[2025-10-06T00:07:30.612+0000] {taskinstance.py:1660} INFO - Exporting env vars: AIRFLOW_CTX_DAG_OWNER='***' AIRFLOW_CTX_DAG_ID='flujo_RAG' AIRFLOW_CTX_TASK_ID='chunk_from_txt' AIRFLOW_CTX_EXECUTION_DATE='2025-10-06T00:05:45+00:00' AIRFLOW_CTX_TRY_NUMBER='1' AIRFLOW_CTX_DAG_RUN_ID='manual__2025-10-06T00:05:45+00:00'
[2025-10-06T00:07:30.614+0000] {crypto.py:82} WARNING - empty cryptography key - values will not be stored encrypted.
[2025-10-06T00:07:30.615+0000] {base.py:73} INFO - Using connection ID 'minio_s3' for task execution.
[2025-10-06T00:07:30.615+0000] {warnings.py:109} WARNING - <string>:8: AirflowProviderDeprecationWarning: AWS Connection (conn_id='minio_s3', conn_type='s3') has connection type 's3', which has been replaced by connection type 'aws'. Please update your connection to have `conn_type='aws'`.

[2025-10-06T00:07:30.616+0000] {connection_wrapper.py:340} INFO - AWS Connection (conn_id='minio_s3', conn_type='s3') credentials retrieved from login and password.
[2025-10-06T00:07:30.616+0000] {warnings.py:109} WARNING - <string>:8: AirflowProviderDeprecationWarning: Host minio specified in the connection is not used. Please, set it on extra['endpoint_url'] instead

[2025-10-06T00:07:30.816+0000] {base.py:73} INFO - Using connection ID 'minio_s3' for task execution.
[2025-10-06T00:07:30.817+0000] {connection_wrapper.py:340} INFO - AWS Connection (conn_id='minio_s3', conn_type='s3') credentials retrieved from login and password.
[2025-10-06T00:07:30.895+0000] {base.py:73} INFO - Using connection ID 'minio_s3' for task execution.
[2025-10-06T00:07:30.895+0000] {connection_wrapper.py:340} INFO - AWS Connection (conn_id='minio_s3', conn_type='s3') credentials retrieved from login and password.
[2025-10-06T00:07:31.131+0000] {logging_mixin.py:151} INFO - ✅ NDJSON subido: s3://respaldo2/rag/chunks/2025/22032_2025-09-16.ndjson  (chunks=66)
[2025-10-06T00:07:31.132+0000] {base.py:73} INFO - Using connection ID 'minio_s3' for task execution.
[2025-10-06T00:07:31.132+0000] {connection_wrapper.py:340} INFO - AWS Connection (conn_id='minio_s3', conn_type='s3') credentials retrieved from login and password.
[2025-10-06T00:07:31.197+0000] {base.py:73} INFO - Using connection ID 'minio_s3' for task execution.
[2025-10-06T00:07:31.198+0000] {connection_wrapper.py:340} INFO - AWS Connection (conn_id='minio_s3', conn_type='s3') credentials retrieved from login and password.
[2025-10-06T00:07:31.238+0000] {logging_mixin.py:151} INFO - ✅ NDJSON subido: s3://respaldo2/rag/chunks/2025/22033_2025-09-17.ndjson  (chunks=68)
[2025-10-06T00:07:31.239+0000] {base.py:73} INFO - Using connection ID 'minio_s3' for task execution.
[2025-10-06T00:07:31.239+0000] {connection_wrapper.py:340} INFO - AWS Connection (conn_id='minio_s3', conn_type='s3') credentials retrieved from login and password.
[2025-10-06T00:07:31.308+0000] {base.py:73} INFO - Using connection ID 'minio_s3' for task execution.
[2025-10-06T00:07:31.308+0000] {connection_wrapper.py:340} INFO - AWS Connection (conn_id='minio_s3', conn_type='s3') credentials retrieved from login and password.
[2025-10-06T00:07:31.345+0000] {logging_mixin.py:151} INFO - ✅ NDJSON subido: s3://respaldo2/rag/chunks/2025/22034_2025-09-18.ndjson  (chunks=80)
[2025-10-06T00:07:31.346+0000] {base.py:73} INFO - Using connection ID 'minio_s3' for task execution.
[2025-10-06T00:07:31.346+0000] {connection_wrapper.py:340} INFO - AWS Connection (conn_id='minio_s3', conn_type='s3') credentials retrieved from login and password.
[2025-10-06T00:07:31.413+0000] {base.py:73} INFO - Using connection ID 'minio_s3' for task execution.
[2025-10-06T00:07:31.414+0000] {connection_wrapper.py:340} INFO - AWS Connection (conn_id='minio_s3', conn_type='s3') credentials retrieved from login and password.
[2025-10-06T00:07:31.453+0000] {logging_mixin.py:151} INFO - ✅ NDJSON subido: s3://respaldo2/rag/chunks/2025/22035_2025-09-19.ndjson  (chunks=83)
[2025-10-06T00:07:31.454+0000] {base.py:73} INFO - Using connection ID 'minio_s3' for task execution.
[2025-10-06T00:07:31.454+0000] {connection_wrapper.py:340} INFO - AWS Connection (conn_id='minio_s3', conn_type='s3') credentials retrieved from login and password.
[2025-10-06T00:07:31.679+0000] {base.py:73} INFO - Using connection ID 'minio_s3' for task execution.
[2025-10-06T00:07:31.680+0000] {connection_wrapper.py:340} INFO - AWS Connection (conn_id='minio_s3', conn_type='s3') credentials retrieved from login and password.
[2025-10-06T00:07:31.719+0000] {logging_mixin.py:151} INFO - ✅ NDJSON subido: s3://respaldo2/rag/chunks/2025/22036_2025-09-22.ndjson  (chunks=76)
[2025-10-06T00:07:31.719+0000] {base.py:73} INFO - Using connection ID 'minio_s3' for task execution.
[2025-10-06T00:07:31.720+0000] {connection_wrapper.py:340} INFO - AWS Connection (conn_id='minio_s3', conn_type='s3') credentials retrieved from login and password.
[2025-10-06T00:07:31.783+0000] {base.py:73} INFO - Using connection ID 'minio_s3' for task execution.
[2025-10-06T00:07:31.783+0000] {connection_wrapper.py:340} INFO - AWS Connection (conn_id='minio_s3', conn_type='s3') credentials retrieved from login and password.
[2025-10-06T00:07:31.820+0000] {logging_mixin.py:151} INFO - ✅ NDJSON subido: s3://respaldo2/rag/chunks/2025/22037_2025-09-23.ndjson  (chunks=85)
[2025-10-06T00:07:31.821+0000] {base.py:73} INFO - Using connection ID 'minio_s3' for task execution.
[2025-10-06T00:07:31.821+0000] {connection_wrapper.py:340} INFO - AWS Connection (conn_id='minio_s3', conn_type='s3') credentials retrieved from login and password.
[2025-10-06T00:07:31.883+0000] {base.py:73} INFO - Using connection ID 'minio_s3' for task execution.
[2025-10-06T00:07:31.884+0000] {connection_wrapper.py:340} INFO - AWS Connection (conn_id='minio_s3', conn_type='s3') credentials retrieved from login and password.
[2025-10-06T00:07:31.921+0000] {logging_mixin.py:151} INFO - ✅ NDJSON subido: s3://respaldo2/rag/chunks/2025/22038_2025-09-24.ndjson  (chunks=50)
[2025-10-06T00:07:31.921+0000] {base.py:73} INFO - Using connection ID 'minio_s3' for task execution.
[2025-10-06T00:07:31.922+0000] {connection_wrapper.py:340} INFO - AWS Connection (conn_id='minio_s3', conn_type='s3') credentials retrieved from login and password.
[2025-10-06T00:07:31.991+0000] {base.py:73} INFO - Using connection ID 'minio_s3' for task execution.
[2025-10-06T00:07:31.991+0000] {connection_wrapper.py:340} INFO - AWS Connection (conn_id='minio_s3', conn_type='s3') credentials retrieved from login and password.
[2025-10-06T00:07:32.201+0000] {logging_mixin.py:151} INFO - ✅ NDJSON subido: s3://respaldo2/rag/chunks/2025/22039_2025-09-25.ndjson  (chunks=81)
[2025-10-06T00:07:32.202+0000] {base.py:73} INFO - Using connection ID 'minio_s3' for task execution.
[2025-10-06T00:07:32.202+0000] {connection_wrapper.py:340} INFO - AWS Connection (conn_id='minio_s3', conn_type='s3') credentials retrieved from login and password.
[2025-10-06T00:07:32.267+0000] {base.py:73} INFO - Using connection ID 'minio_s3' for task execution.
[2025-10-06T00:07:32.268+0000] {connection_wrapper.py:340} INFO - AWS Connection (conn_id='minio_s3', conn_type='s3') credentials retrieved from login and password.
[2025-10-06T00:07:32.305+0000] {logging_mixin.py:151} INFO - ✅ NDJSON subido: s3://respaldo2/rag/chunks/2025/22040_2025-09-26.ndjson  (chunks=57)
[2025-10-06T00:07:32.305+0000] {base.py:73} INFO - Using connection ID 'minio_s3' for task execution.
[2025-10-06T00:07:32.305+0000] {connection_wrapper.py:340} INFO - AWS Connection (conn_id='minio_s3', conn_type='s3') credentials retrieved from login and password.
[2025-10-06T00:07:32.374+0000] {base.py:73} INFO - Using connection ID 'minio_s3' for task execution.
[2025-10-06T00:07:32.374+0000] {connection_wrapper.py:340} INFO - AWS Connection (conn_id='minio_s3', conn_type='s3') credentials retrieved from login and password.
[2025-10-06T00:07:32.411+0000] {logging_mixin.py:151} INFO - ✅ NDJSON subido: s3://respaldo2/rag/chunks/2025/22041_2025-09-29.ndjson  (chunks=89)
[2025-10-06T00:07:32.412+0000] {base.py:73} INFO - Using connection ID 'minio_s3' for task execution.
[2025-10-06T00:07:32.412+0000] {connection_wrapper.py:340} INFO - AWS Connection (conn_id='minio_s3', conn_type='s3') credentials retrieved from login and password.
[2025-10-06T00:07:32.479+0000] {base.py:73} INFO - Using connection ID 'minio_s3' for task execution.
[2025-10-06T00:07:32.479+0000] {connection_wrapper.py:340} INFO - AWS Connection (conn_id='minio_s3', conn_type='s3') credentials retrieved from login and password.
[2025-10-06T00:07:32.518+0000] {logging_mixin.py:151} INFO - ✅ NDJSON subido: s3://respaldo2/rag/chunks/2025/22042_2025-09-30.ndjson  (chunks=67)
[2025-10-06T00:07:32.519+0000] {base.py:73} INFO - Using connection ID 'minio_s3' for task execution.
[2025-10-06T00:07:32.519+0000] {connection_wrapper.py:340} INFO - AWS Connection (conn_id='minio_s3', conn_type='s3') credentials retrieved from login and password.
[2025-10-06T00:07:32.750+0000] {base.py:73} INFO - Using connection ID 'minio_s3' for task execution.
[2025-10-06T00:07:32.750+0000] {connection_wrapper.py:340} INFO - AWS Connection (conn_id='minio_s3', conn_type='s3') credentials retrieved from login and password.
[2025-10-06T00:07:32.788+0000] {logging_mixin.py:151} INFO - ✅ NDJSON subido: s3://respaldo2/rag/chunks/2025/22043_2025-10-01.ndjson  (chunks=109)
[2025-10-06T00:07:32.788+0000] {base.py:73} INFO - Using connection ID 'minio_s3' for task execution.
[2025-10-06T00:07:32.788+0000] {connection_wrapper.py:340} INFO - AWS Connection (conn_id='minio_s3', conn_type='s3') credentials retrieved from login and password.
[2025-10-06T00:07:32.857+0000] {base.py:73} INFO - Using connection ID 'minio_s3' for task execution.
[2025-10-06T00:07:32.857+0000] {connection_wrapper.py:340} INFO - AWS Connection (conn_id='minio_s3', conn_type='s3') credentials retrieved from login and password.
[2025-10-06T00:07:32.895+0000] {logging_mixin.py:151} INFO - ✅ NDJSON subido: s3://respaldo2/rag/chunks/2025/22044_2025-10-02.ndjson  (chunks=76)
[2025-10-06T00:07:32.896+0000] {base.py:73} INFO - Using connection ID 'minio_s3' for task execution.
[2025-10-06T00:07:32.896+0000] {connection_wrapper.py:340} INFO - AWS Connection (conn_id='minio_s3', conn_type='s3') credentials retrieved from login and password.
[2025-10-06T00:07:32.961+0000] {base.py:73} INFO - Using connection ID 'minio_s3' for task execution.
[2025-10-06T00:07:32.961+0000] {connection_wrapper.py:340} INFO - AWS Connection (conn_id='minio_s3', conn_type='s3') credentials retrieved from login and password.
[2025-10-06T00:07:32.999+0000] {logging_mixin.py:151} INFO - ✅ NDJSON subido: s3://respaldo2/rag/chunks/2025/22045_2025-10-03.ndjson  (chunks=59)
[2025-10-06T00:07:33.000+0000] {base.py:73} INFO - Using connection ID 'minio_s3' for task execution.
[2025-10-06T00:07:33.000+0000] {connection_wrapper.py:340} INFO - AWS Connection (conn_id='minio_s3', conn_type='s3') credentials retrieved from login and password.
[2025-10-06T00:07:33.037+0000] {logging_mixin.py:151} INFO - 📄 Manifest: s3://respaldo2/rag/chunks/2025/_chunks_manifest.json
[2025-10-06T00:07:33.037+0000] {python.py:194} INFO - Done. Returned value was: {'processed': 14, 'pages': 14, 'chunks': 1046, 'manifest_key': 'rag/chunks/2025/_chunks_manifest.json'}
[2025-10-06T00:07:33.048+0000] {taskinstance.py:1398} INFO - Marking task as SUCCESS. dag_id=flujo_RAG, task_id=chunk_from_txt, execution_date=20251006T000545, start_date=20251006T000730, end_date=20251006T000733
[2025-10-06T00:07:33.072+0000] {local_task_job_runner.py:228} INFO - Task exited with return code 0
[2025-10-06T00:07:33.088+0000] {taskinstance.py:2776} INFO - 1 downstream tasks scheduled from follow-on schedule check
