[2025-10-07T12:41:46.346+0000] {taskinstance.py:1157} INFO - Dependencies all met for dep_context=non-requeueable deps ti=<TaskInstance: flujo_RAG_completo.build_bm25 manual__2025-10-07T02:26:17+00:00 [queued]>
[2025-10-07T12:41:46.349+0000] {taskinstance.py:1157} INFO - Dependencies all met for dep_context=requeueable deps ti=<TaskInstance: flujo_RAG_completo.build_bm25 manual__2025-10-07T02:26:17+00:00 [queued]>
[2025-10-07T12:41:46.350+0000] {taskinstance.py:1359} INFO - Starting attempt 1 of 1
[2025-10-07T12:41:46.354+0000] {taskinstance.py:1380} INFO - Executing <Task(PythonOperator): build_bm25> on 2025-10-07 02:26:17+00:00
[2025-10-07T12:41:46.361+0000] {standard_task_runner.py:57} INFO - Started process 15672 to run task
[2025-10-07T12:41:46.364+0000] {standard_task_runner.py:84} INFO - Running: ['***', 'tasks', 'run', 'flujo_RAG_completo', 'build_bm25', 'manual__2025-10-07T02:26:17+00:00', '--job-id', '317', '--raw', '--subdir', 'DAGS_FOLDER/Ingestion_pipeline.py', '--cfg-path', '/tmp/tmpuec2oybq']
[2025-10-07T12:41:46.366+0000] {standard_task_runner.py:85} INFO - Job 317: Subtask build_bm25
[2025-10-07T12:41:46.388+0000] {task_command.py:415} INFO - Running <TaskInstance: flujo_RAG_completo.build_bm25 manual__2025-10-07T02:26:17+00:00 [running]> on host a21c1baf7ef9
[2025-10-07T12:41:46.419+0000] {taskinstance.py:1660} INFO - Exporting env vars: AIRFLOW_CTX_DAG_OWNER='***' AIRFLOW_CTX_DAG_ID='flujo_RAG_completo' AIRFLOW_CTX_TASK_ID='build_bm25' AIRFLOW_CTX_EXECUTION_DATE='2025-10-07T02:26:17+00:00' AIRFLOW_CTX_TRY_NUMBER='1' AIRFLOW_CTX_DAG_RUN_ID='manual__2025-10-07T02:26:17+00:00'
[2025-10-07T12:41:46.420+0000] {crypto.py:82} WARNING - empty cryptography key - values will not be stored encrypted.
[2025-10-07T12:41:46.421+0000] {base.py:73} INFO - Using connection ID 'minio_s3' for task execution.
[2025-10-07T12:41:46.421+0000] {warnings.py:109} WARNING - <string>:8: AirflowProviderDeprecationWarning: AWS Connection (conn_id='minio_s3', conn_type='s3') has connection type 's3', which has been replaced by connection type 'aws'. Please update your connection to have `conn_type='aws'`.

[2025-10-07T12:41:46.422+0000] {connection_wrapper.py:340} INFO - AWS Connection (conn_id='minio_s3', conn_type='s3') credentials retrieved from login and password.
[2025-10-07T12:41:46.422+0000] {warnings.py:109} WARNING - <string>:8: AirflowProviderDeprecationWarning: Host minio specified in the connection is not used. Please, set it on extra['endpoint_url'] instead

[2025-10-07T12:41:46.604+0000] {base.py:73} INFO - Using connection ID 'minio_s3' for task execution.
[2025-10-07T12:41:46.604+0000] {connection_wrapper.py:340} INFO - AWS Connection (conn_id='minio_s3', conn_type='s3') credentials retrieved from login and password.
[2025-10-07T12:41:46.872+0000] {base.py:73} INFO - Using connection ID 'minio_s3' for task execution.
[2025-10-07T12:41:46.872+0000] {connection_wrapper.py:340} INFO - AWS Connection (conn_id='minio_s3', conn_type='s3') credentials retrieved from login and password.
[2025-10-07T12:41:46.913+0000] {base.py:73} INFO - Using connection ID 'minio_s3' for task execution.
[2025-10-07T12:41:46.913+0000] {connection_wrapper.py:340} INFO - AWS Connection (conn_id='minio_s3', conn_type='s3') credentials retrieved from login and password.
[2025-10-07T12:41:46.954+0000] {base.py:73} INFO - Using connection ID 'minio_s3' for task execution.
[2025-10-07T12:41:46.955+0000] {connection_wrapper.py:340} INFO - AWS Connection (conn_id='minio_s3', conn_type='s3') credentials retrieved from login and password.
[2025-10-07T12:41:46.995+0000] {base.py:73} INFO - Using connection ID 'minio_s3' for task execution.
[2025-10-07T12:41:46.995+0000] {connection_wrapper.py:340} INFO - AWS Connection (conn_id='minio_s3', conn_type='s3') credentials retrieved from login and password.
[2025-10-07T12:41:47.040+0000] {base.py:73} INFO - Using connection ID 'minio_s3' for task execution.
[2025-10-07T12:41:47.040+0000] {connection_wrapper.py:340} INFO - AWS Connection (conn_id='minio_s3', conn_type='s3') credentials retrieved from login and password.
[2025-10-07T12:41:47.091+0000] {base.py:73} INFO - Using connection ID 'minio_s3' for task execution.
[2025-10-07T12:41:47.092+0000] {connection_wrapper.py:340} INFO - AWS Connection (conn_id='minio_s3', conn_type='s3') credentials retrieved from login and password.
[2025-10-07T12:41:47.281+0000] {base.py:73} INFO - Using connection ID 'minio_s3' for task execution.
[2025-10-07T12:41:47.282+0000] {connection_wrapper.py:340} INFO - AWS Connection (conn_id='minio_s3', conn_type='s3') credentials retrieved from login and password.
[2025-10-07T12:41:47.320+0000] {base.py:73} INFO - Using connection ID 'minio_s3' for task execution.
[2025-10-07T12:41:47.320+0000] {connection_wrapper.py:340} INFO - AWS Connection (conn_id='minio_s3', conn_type='s3') credentials retrieved from login and password.
[2025-10-07T12:41:47.358+0000] {base.py:73} INFO - Using connection ID 'minio_s3' for task execution.
[2025-10-07T12:41:47.358+0000] {connection_wrapper.py:340} INFO - AWS Connection (conn_id='minio_s3', conn_type='s3') credentials retrieved from login and password.
[2025-10-07T12:41:47.402+0000] {base.py:73} INFO - Using connection ID 'minio_s3' for task execution.
[2025-10-07T12:41:47.402+0000] {connection_wrapper.py:340} INFO - AWS Connection (conn_id='minio_s3', conn_type='s3') credentials retrieved from login and password.
[2025-10-07T12:41:47.446+0000] {base.py:73} INFO - Using connection ID 'minio_s3' for task execution.
[2025-10-07T12:41:47.446+0000] {connection_wrapper.py:340} INFO - AWS Connection (conn_id='minio_s3', conn_type='s3') credentials retrieved from login and password.
[2025-10-07T12:41:47.491+0000] {base.py:73} INFO - Using connection ID 'minio_s3' for task execution.
[2025-10-07T12:41:47.491+0000] {connection_wrapper.py:340} INFO - AWS Connection (conn_id='minio_s3', conn_type='s3') credentials retrieved from login and password.
[2025-10-07T12:41:47.534+0000] {base.py:73} INFO - Using connection ID 'minio_s3' for task execution.
[2025-10-07T12:41:47.535+0000] {connection_wrapper.py:340} INFO - AWS Connection (conn_id='minio_s3', conn_type='s3') credentials retrieved from login and password.
[2025-10-07T12:41:47.763+0000] {base.py:73} INFO - Using connection ID 'minio_s3' for task execution.
[2025-10-07T12:41:47.780+0000] {connection_wrapper.py:340} INFO - AWS Connection (conn_id='minio_s3', conn_type='s3') credentials retrieved from login and password.
[2025-10-07T12:41:47.831+0000] {logging_mixin.py:151} INFO - 🔧 Construyendo BM25Index sobre 15 docs y 1305 chunks...
[2025-10-07T12:41:47.920+0000] {base.py:73} INFO - Using connection ID 'minio_s3' for task execution.
[2025-10-07T12:41:47.920+0000] {connection_wrapper.py:340} INFO - AWS Connection (conn_id='minio_s3', conn_type='s3') credentials retrieved from login and password.
[2025-10-07T12:41:47.997+0000] {logging_mixin.py:151} INFO - ✅ BM25 guardado en s3://respaldo2/rag/models/2025/bm25.pkl
[2025-10-07T12:41:47.998+0000] {base.py:73} INFO - Using connection ID 'minio_s3' for task execution.
[2025-10-07T12:41:47.998+0000] {connection_wrapper.py:340} INFO - AWS Connection (conn_id='minio_s3', conn_type='s3') credentials retrieved from login and password.
[2025-10-07T12:41:48.038+0000] {logging_mixin.py:151} INFO - 📄 Manifest: s3://respaldo2/rag/models/2025/_bm25_manifest.json
[2025-10-07T12:41:48.042+0000] {python.py:194} INFO - Done. Returned value was: {'bm25_key': 'rag/models/2025/bm25.pkl', 'manifest_key': 'rag/models/2025/_bm25_manifest.json', 'docs': 15, 'chunks': 1305}
[2025-10-07T12:41:48.052+0000] {taskinstance.py:1398} INFO - Marking task as SUCCESS. dag_id=flujo_RAG_completo, task_id=build_bm25, execution_date=20251007T022617, start_date=20251007T124146, end_date=20251007T124148
[2025-10-07T12:41:48.108+0000] {local_task_job_runner.py:228} INFO - Task exited with return code 0
[2025-10-07T12:41:48.116+0000] {taskinstance.py:2776} INFO - 0 downstream tasks scheduled from follow-on schedule check
