[2025-10-01T13:49:01.618+0000] {taskinstance.py:1157} INFO - Dependencies all met for dep_context=non-requeueable deps ti=<TaskInstance: flujo_RAG.build_bm25 manual__2025-10-01T13:33:42.656094+00:00 [queued]>
[2025-10-01T13:49:01.622+0000] {taskinstance.py:1157} INFO - Dependencies all met for dep_context=requeueable deps ti=<TaskInstance: flujo_RAG.build_bm25 manual__2025-10-01T13:33:42.656094+00:00 [queued]>
[2025-10-01T13:49:01.623+0000] {taskinstance.py:1359} INFO - Starting attempt 2 of 2
[2025-10-01T13:49:01.628+0000] {taskinstance.py:1380} INFO - Executing <Task(PythonOperator): build_bm25> on 2025-10-01 13:33:42.656094+00:00
[2025-10-01T13:49:01.632+0000] {standard_task_runner.py:57} INFO - Started process 2530 to run task
[2025-10-01T13:49:01.635+0000] {standard_task_runner.py:84} INFO - Running: ['***', 'tasks', 'run', 'flujo_RAG', 'build_bm25', 'manual__2025-10-01T13:33:42.656094+00:00', '--job-id', '56', '--raw', '--subdir', 'DAGS_FOLDER/RAG_dag.py', '--cfg-path', '/tmp/tmpzgr1p17n']
[2025-10-01T13:49:01.637+0000] {standard_task_runner.py:85} INFO - Job 56: Subtask build_bm25
[2025-10-01T13:49:01.658+0000] {task_command.py:415} INFO - Running <TaskInstance: flujo_RAG.build_bm25 manual__2025-10-01T13:33:42.656094+00:00 [running]> on host b23249bdd303
[2025-10-01T13:49:01.688+0000] {taskinstance.py:1660} INFO - Exporting env vars: AIRFLOW_CTX_DAG_OWNER='***' AIRFLOW_CTX_DAG_ID='flujo_RAG' AIRFLOW_CTX_TASK_ID='build_bm25' AIRFLOW_CTX_EXECUTION_DATE='2025-10-01T13:33:42.656094+00:00' AIRFLOW_CTX_TRY_NUMBER='2' AIRFLOW_CTX_DAG_RUN_ID='manual__2025-10-01T13:33:42.656094+00:00'
[2025-10-01T13:49:01.689+0000] {crypto.py:82} WARNING - empty cryptography key - values will not be stored encrypted.
[2025-10-01T13:49:01.689+0000] {base.py:73} INFO - Using connection ID 'minio_s3' for task execution.
[2025-10-01T13:49:01.690+0000] {warnings.py:109} WARNING - <string>:8: AirflowProviderDeprecationWarning: AWS Connection (conn_id='minio_s3', conn_type='s3') has connection type 's3', which has been replaced by connection type 'aws'. Please update your connection to have `conn_type='aws'`.

[2025-10-01T13:49:01.690+0000] {connection_wrapper.py:340} INFO - AWS Connection (conn_id='minio_s3', conn_type='s3') credentials retrieved from login and password.
[2025-10-01T13:49:01.690+0000] {warnings.py:109} WARNING - <string>:8: AirflowProviderDeprecationWarning: Host minio specified in the connection is not used. Please, set it on extra['endpoint_url'] instead

[2025-10-01T13:49:01.874+0000] {base.py:73} INFO - Using connection ID 'minio_s3' for task execution.
[2025-10-01T13:49:01.874+0000] {connection_wrapper.py:340} INFO - AWS Connection (conn_id='minio_s3', conn_type='s3') credentials retrieved from login and password.
[2025-10-01T13:49:01.913+0000] {base.py:73} INFO - Using connection ID 'minio_s3' for task execution.
[2025-10-01T13:49:01.914+0000] {connection_wrapper.py:340} INFO - AWS Connection (conn_id='minio_s3', conn_type='s3') credentials retrieved from login and password.
[2025-10-01T13:49:01.952+0000] {base.py:73} INFO - Using connection ID 'minio_s3' for task execution.
[2025-10-01T13:49:01.952+0000] {connection_wrapper.py:340} INFO - AWS Connection (conn_id='minio_s3', conn_type='s3') credentials retrieved from login and password.
[2025-10-01T13:49:02.100+0000] {base.py:73} INFO - Using connection ID 'minio_s3' for task execution.
[2025-10-01T13:49:02.100+0000] {connection_wrapper.py:340} INFO - AWS Connection (conn_id='minio_s3', conn_type='s3') credentials retrieved from login and password.
[2025-10-01T13:49:02.141+0000] {base.py:73} INFO - Using connection ID 'minio_s3' for task execution.
[2025-10-01T13:49:02.142+0000] {connection_wrapper.py:340} INFO - AWS Connection (conn_id='minio_s3', conn_type='s3') credentials retrieved from login and password.
[2025-10-01T13:49:02.185+0000] {base.py:73} INFO - Using connection ID 'minio_s3' for task execution.
[2025-10-01T13:49:02.185+0000] {connection_wrapper.py:340} INFO - AWS Connection (conn_id='minio_s3', conn_type='s3') credentials retrieved from login and password.
[2025-10-01T13:49:02.231+0000] {base.py:73} INFO - Using connection ID 'minio_s3' for task execution.
[2025-10-01T13:49:02.232+0000] {connection_wrapper.py:340} INFO - AWS Connection (conn_id='minio_s3', conn_type='s3') credentials retrieved from login and password.
[2025-10-01T13:49:02.366+0000] {base.py:73} INFO - Using connection ID 'minio_s3' for task execution.
[2025-10-01T13:49:02.366+0000] {connection_wrapper.py:340} INFO - AWS Connection (conn_id='minio_s3', conn_type='s3') credentials retrieved from login and password.
[2025-10-01T13:49:02.404+0000] {base.py:73} INFO - Using connection ID 'minio_s3' for task execution.
[2025-10-01T13:49:02.405+0000] {connection_wrapper.py:340} INFO - AWS Connection (conn_id='minio_s3', conn_type='s3') credentials retrieved from login and password.
[2025-10-01T13:49:02.442+0000] {base.py:73} INFO - Using connection ID 'minio_s3' for task execution.
[2025-10-01T13:49:02.443+0000] {connection_wrapper.py:340} INFO - AWS Connection (conn_id='minio_s3', conn_type='s3') credentials retrieved from login and password.
[2025-10-01T13:49:02.482+0000] {base.py:73} INFO - Using connection ID 'minio_s3' for task execution.
[2025-10-01T13:49:02.482+0000] {connection_wrapper.py:340} INFO - AWS Connection (conn_id='minio_s3', conn_type='s3') credentials retrieved from login and password.
[2025-10-01T13:49:02.615+0000] {base.py:73} INFO - Using connection ID 'minio_s3' for task execution.
[2025-10-01T13:49:02.616+0000] {connection_wrapper.py:340} INFO - AWS Connection (conn_id='minio_s3', conn_type='s3') credentials retrieved from login and password.
[2025-10-01T13:49:02.654+0000] {logging_mixin.py:151} INFO - 🔧 Construyendo BM25Index sobre 12 docs y 212 chunks...
[2025-10-01T13:49:02.667+0000] {base.py:73} INFO - Using connection ID 'minio_s3' for task execution.
[2025-10-01T13:49:02.667+0000] {connection_wrapper.py:340} INFO - AWS Connection (conn_id='minio_s3', conn_type='s3') credentials retrieved from login and password.
[2025-10-01T13:49:02.709+0000] {logging_mixin.py:151} INFO - ✅ BM25 guardado en s3://respaldo2/rag/models/2025/bm25.pkl
[2025-10-01T13:49:02.709+0000] {base.py:73} INFO - Using connection ID 'minio_s3' for task execution.
[2025-10-01T13:49:02.709+0000] {connection_wrapper.py:340} INFO - AWS Connection (conn_id='minio_s3', conn_type='s3') credentials retrieved from login and password.
[2025-10-01T13:49:02.745+0000] {logging_mixin.py:151} INFO - 📄 Manifest: s3://respaldo2/rag/models/2025/_bm25_manifest.json
[2025-10-01T13:49:02.746+0000] {python.py:194} INFO - Done. Returned value was: {'bm25_key': 'rag/models/2025/bm25.pkl', 'manifest_key': 'rag/models/2025/_bm25_manifest.json', 'docs': 12, 'chunks': 212}
[2025-10-01T13:49:02.757+0000] {taskinstance.py:1398} INFO - Marking task as SUCCESS. dag_id=flujo_RAG, task_id=build_bm25, execution_date=20251001T133342, start_date=20251001T134901, end_date=20251001T134902
[2025-10-01T13:49:02.815+0000] {local_task_job_runner.py:228} INFO - Task exited with return code 0
[2025-10-01T13:49:02.828+0000] {taskinstance.py:2776} INFO - 1 downstream tasks scheduled from follow-on schedule check
