[2025-10-06T00:58:32.409+0000] {taskinstance.py:1157} INFO - Dependencies all met for dep_context=non-requeueable deps ti=<TaskInstance: flujo_RAG.pinecone_upsert manual__2025-10-06T00:05:45+00:00 [queued]>
[2025-10-06T00:58:32.413+0000] {taskinstance.py:1157} INFO - Dependencies all met for dep_context=requeueable deps ti=<TaskInstance: flujo_RAG.pinecone_upsert manual__2025-10-06T00:05:45+00:00 [queued]>
[2025-10-06T00:58:32.413+0000] {taskinstance.py:1359} INFO - Starting attempt 1 of 1
[2025-10-06T00:58:32.418+0000] {taskinstance.py:1380} INFO - Executing <Task(PythonOperator): pinecone_upsert> on 2025-10-06 00:05:45+00:00
[2025-10-06T00:58:32.426+0000] {standard_task_runner.py:57} INFO - Started process 9414 to run task
[2025-10-06T00:58:32.429+0000] {standard_task_runner.py:84} INFO - Running: ['***', 'tasks', 'run', 'flujo_RAG', 'pinecone_upsert', 'manual__2025-10-06T00:05:45+00:00', '--job-id', '241', '--raw', '--subdir', 'DAGS_FOLDER/RAG_dag.py', '--cfg-path', '/tmp/tmpunw1jl9u']
[2025-10-06T00:58:32.432+0000] {standard_task_runner.py:85} INFO - Job 241: Subtask pinecone_upsert
[2025-10-06T00:58:32.457+0000] {task_command.py:415} INFO - Running <TaskInstance: flujo_RAG.pinecone_upsert manual__2025-10-06T00:05:45+00:00 [running]> on host c16a2a509134
[2025-10-06T00:58:32.496+0000] {taskinstance.py:1660} INFO - Exporting env vars: AIRFLOW_CTX_DAG_OWNER='***' AIRFLOW_CTX_DAG_ID='flujo_RAG' AIRFLOW_CTX_TASK_ID='pinecone_upsert' AIRFLOW_CTX_EXECUTION_DATE='2025-10-06T00:05:45+00:00' AIRFLOW_CTX_TRY_NUMBER='1' AIRFLOW_CTX_DAG_RUN_ID='manual__2025-10-06T00:05:45+00:00'
[2025-10-06T00:58:32.498+0000] {crypto.py:82} WARNING - empty cryptography key - values will not be stored encrypted.
[2025-10-06T00:58:32.498+0000] {base.py:73} INFO - Using connection ID 'minio_s3' for task execution.
[2025-10-06T00:58:32.499+0000] {warnings.py:109} WARNING - <string>:8: AirflowProviderDeprecationWarning: AWS Connection (conn_id='minio_s3', conn_type='s3') has connection type 's3', which has been replaced by connection type 'aws'. Please update your connection to have `conn_type='aws'`.

[2025-10-06T00:58:32.499+0000] {connection_wrapper.py:340} INFO - AWS Connection (conn_id='minio_s3', conn_type='s3') credentials retrieved from login and password.
[2025-10-06T00:58:32.499+0000] {warnings.py:109} WARNING - <string>:8: AirflowProviderDeprecationWarning: Host minio specified in the connection is not used. Please, set it on extra['endpoint_url'] instead

[2025-10-06T00:58:32.650+0000] {base.py:73} INFO - Using connection ID 'minio_s3' for task execution.
[2025-10-06T00:58:32.651+0000] {connection_wrapper.py:340} INFO - AWS Connection (conn_id='minio_s3', conn_type='s3') credentials retrieved from login and password.
[2025-10-06T00:58:32.700+0000] {base.py:73} INFO - Using connection ID 'minio_s3' for task execution.
[2025-10-06T00:58:32.700+0000] {connection_wrapper.py:340} INFO - AWS Connection (conn_id='minio_s3', conn_type='s3') credentials retrieved from login and password.
[2025-10-06T00:58:32.978+0000] {base.py:73} INFO - Using connection ID 'minio_s3' for task execution.
[2025-10-06T00:58:32.978+0000] {connection_wrapper.py:340} INFO - AWS Connection (conn_id='minio_s3', conn_type='s3') credentials retrieved from login and password.
[2025-10-06T00:58:33.020+0000] {base.py:73} INFO - Using connection ID 'minio_s3' for task execution.
[2025-10-06T00:58:33.020+0000] {connection_wrapper.py:340} INFO - AWS Connection (conn_id='minio_s3', conn_type='s3') credentials retrieved from login and password.
[2025-10-06T00:58:33.063+0000] {base.py:73} INFO - Using connection ID 'minio_s3' for task execution.
[2025-10-06T00:58:33.064+0000] {connection_wrapper.py:340} INFO - AWS Connection (conn_id='minio_s3', conn_type='s3') credentials retrieved from login and password.
[2025-10-06T00:58:33.115+0000] {base.py:73} INFO - Using connection ID 'minio_s3' for task execution.
[2025-10-06T00:58:33.116+0000] {connection_wrapper.py:340} INFO - AWS Connection (conn_id='minio_s3', conn_type='s3') credentials retrieved from login and password.
[2025-10-06T00:58:33.194+0000] {base.py:73} INFO - Using connection ID 'minio_s3' for task execution.
[2025-10-06T00:58:33.194+0000] {connection_wrapper.py:340} INFO - AWS Connection (conn_id='minio_s3', conn_type='s3') credentials retrieved from login and password.
[2025-10-06T00:58:33.263+0000] {base.py:73} INFO - Using connection ID 'minio_s3' for task execution.
[2025-10-06T00:58:33.263+0000] {connection_wrapper.py:340} INFO - AWS Connection (conn_id='minio_s3', conn_type='s3') credentials retrieved from login and password.
[2025-10-06T00:58:33.316+0000] {base.py:73} INFO - Using connection ID 'minio_s3' for task execution.
[2025-10-06T00:58:33.317+0000] {connection_wrapper.py:340} INFO - AWS Connection (conn_id='minio_s3', conn_type='s3') credentials retrieved from login and password.
[2025-10-06T00:58:33.544+0000] {base.py:73} INFO - Using connection ID 'minio_s3' for task execution.
[2025-10-06T00:58:33.544+0000] {connection_wrapper.py:340} INFO - AWS Connection (conn_id='minio_s3', conn_type='s3') credentials retrieved from login and password.
[2025-10-06T00:58:33.587+0000] {base.py:73} INFO - Using connection ID 'minio_s3' for task execution.
[2025-10-06T00:58:33.587+0000] {connection_wrapper.py:340} INFO - AWS Connection (conn_id='minio_s3', conn_type='s3') credentials retrieved from login and password.
[2025-10-06T00:58:33.627+0000] {base.py:73} INFO - Using connection ID 'minio_s3' for task execution.
[2025-10-06T00:58:33.628+0000] {connection_wrapper.py:340} INFO - AWS Connection (conn_id='minio_s3', conn_type='s3') credentials retrieved from login and password.
[2025-10-06T00:58:33.669+0000] {base.py:73} INFO - Using connection ID 'minio_s3' for task execution.
[2025-10-06T00:58:33.669+0000] {connection_wrapper.py:340} INFO - AWS Connection (conn_id='minio_s3', conn_type='s3') credentials retrieved from login and password.
[2025-10-06T00:58:33.712+0000] {base.py:73} INFO - Using connection ID 'minio_s3' for task execution.
[2025-10-06T00:58:33.712+0000] {connection_wrapper.py:340} INFO - AWS Connection (conn_id='minio_s3', conn_type='s3') credentials retrieved from login and password.
[2025-10-06T00:58:33.756+0000] {SentenceTransformer.py:208} INFO - Use pytorch device_name: cpu
[2025-10-06T00:58:33.756+0000] {SentenceTransformer.py:216} INFO - Load pretrained SentenceTransformer: sentence-transformers/paraphrase-multilingual-MiniLM-L12-v2
[2025-10-06T00:58:43.742+0000] {local_task_job_runner.py:228} INFO - Task exited with return code -9
[2025-10-06T00:58:43.771+0000] {taskinstance.py:2776} INFO - 0 downstream tasks scheduled from follow-on schedule check
