[2025-10-08T23:05:59.092+0000] {taskinstance.py:1157} INFO - Dependencies all met for dep_context=non-requeueable deps ti=<TaskInstance: flujo_RAG_completo.make_qrels manual__2025-10-07T22:42:20+00:00 [queued]>
[2025-10-08T23:05:59.095+0000] {taskinstance.py:1157} INFO - Dependencies all met for dep_context=requeueable deps ti=<TaskInstance: flujo_RAG_completo.make_qrels manual__2025-10-07T22:42:20+00:00 [queued]>
[2025-10-08T23:05:59.096+0000] {taskinstance.py:1359} INFO - Starting attempt 1 of 1
[2025-10-08T23:05:59.100+0000] {taskinstance.py:1380} INFO - Executing <Task(PythonOperator): make_qrels> on 2025-10-07 22:42:20+00:00
[2025-10-08T23:05:59.107+0000] {standard_task_runner.py:57} INFO - Started process 67926 to run task
[2025-10-08T23:05:59.111+0000] {standard_task_runner.py:84} INFO - Running: ['***', 'tasks', 'run', 'flujo_RAG_completo', 'make_qrels', 'manual__2025-10-07T22:42:20+00:00', '--job-id', '362', '--raw', '--subdir', 'DAGS_FOLDER/Ingestion_pipeline.py', '--cfg-path', '/tmp/tmpfcont8uy']
[2025-10-08T23:05:59.113+0000] {standard_task_runner.py:85} INFO - Job 362: Subtask make_qrels
[2025-10-08T23:05:59.144+0000] {task_command.py:415} INFO - Running <TaskInstance: flujo_RAG_completo.make_qrels manual__2025-10-07T22:42:20+00:00 [running]> on host 5586102090b0
[2025-10-08T23:05:59.181+0000] {taskinstance.py:1660} INFO - Exporting env vars: AIRFLOW_CTX_DAG_OWNER='***' AIRFLOW_CTX_DAG_ID='flujo_RAG_completo' AIRFLOW_CTX_TASK_ID='make_qrels' AIRFLOW_CTX_EXECUTION_DATE='2025-10-07T22:42:20+00:00' AIRFLOW_CTX_TRY_NUMBER='1' AIRFLOW_CTX_DAG_RUN_ID='manual__2025-10-07T22:42:20+00:00'
[2025-10-08T23:05:59.183+0000] {crypto.py:82} WARNING - empty cryptography key - values will not be stored encrypted.
[2025-10-08T23:05:59.183+0000] {base.py:73} INFO - Using connection ID 'minio_s3' for task execution.
[2025-10-08T23:05:59.183+0000] {warnings.py:109} WARNING - <string>:8: AirflowProviderDeprecationWarning: AWS Connection (conn_id='minio_s3', conn_type='s3') has connection type 's3', which has been replaced by connection type 'aws'. Please update your connection to have `conn_type='aws'`.

[2025-10-08T23:05:59.184+0000] {connection_wrapper.py:340} INFO - AWS Connection (conn_id='minio_s3', conn_type='s3') credentials retrieved from login and password.
[2025-10-08T23:05:59.184+0000] {warnings.py:109} WARNING - <string>:8: AirflowProviderDeprecationWarning: Host minio specified in the connection is not used. Please, set it on extra['endpoint_url'] instead

[2025-10-08T23:05:59.394+0000] {base.py:73} INFO - Using connection ID 'minio_s3' for task execution.
[2025-10-08T23:05:59.394+0000] {connection_wrapper.py:340} INFO - AWS Connection (conn_id='minio_s3', conn_type='s3') credentials retrieved from login and password.
[2025-10-08T23:05:59.642+0000] {base.py:73} INFO - Using connection ID 'minio_s3' for task execution.
[2025-10-08T23:05:59.643+0000] {connection_wrapper.py:340} INFO - AWS Connection (conn_id='minio_s3', conn_type='s3') credentials retrieved from login and password.
[2025-10-08T23:05:59.695+0000] {base.py:73} INFO - Using connection ID 'minio_s3' for task execution.
[2025-10-08T23:05:59.695+0000] {connection_wrapper.py:340} INFO - AWS Connection (conn_id='minio_s3', conn_type='s3') credentials retrieved from login and password.
[2025-10-08T23:05:59.744+0000] {base.py:73} INFO - Using connection ID 'minio_s3' for task execution.
[2025-10-08T23:05:59.745+0000] {connection_wrapper.py:340} INFO - AWS Connection (conn_id='minio_s3', conn_type='s3') credentials retrieved from login and password.
[2025-10-08T23:05:59.790+0000] {base.py:73} INFO - Using connection ID 'minio_s3' for task execution.
[2025-10-08T23:05:59.791+0000] {connection_wrapper.py:340} INFO - AWS Connection (conn_id='minio_s3', conn_type='s3') credentials retrieved from login and password.
[2025-10-08T23:05:59.838+0000] {base.py:73} INFO - Using connection ID 'minio_s3' for task execution.
[2025-10-08T23:05:59.838+0000] {connection_wrapper.py:340} INFO - AWS Connection (conn_id='minio_s3', conn_type='s3') credentials retrieved from login and password.
[2025-10-08T23:05:59.886+0000] {base.py:73} INFO - Using connection ID 'minio_s3' for task execution.
[2025-10-08T23:05:59.886+0000] {connection_wrapper.py:340} INFO - AWS Connection (conn_id='minio_s3', conn_type='s3') credentials retrieved from login and password.
[2025-10-08T23:05:59.937+0000] {base.py:73} INFO - Using connection ID 'minio_s3' for task execution.
[2025-10-08T23:05:59.937+0000] {connection_wrapper.py:340} INFO - AWS Connection (conn_id='minio_s3', conn_type='s3') credentials retrieved from login and password.
[2025-10-08T23:06:00.127+0000] {logging_mixin.py:151} INFO - ✅ qrels generado en s3://respaldo2/rag/qrels/2025/qrels.csv (pos=10, neg=2)
[2025-10-08T23:06:00.131+0000] {python.py:194} INFO - Done. Returned value was: {'qrels_key': 'rag/qrels/2025/qrels.csv', 'positives': 10, 'rows': 12}
[2025-10-08T23:06:00.142+0000] {taskinstance.py:1398} INFO - Marking task as SUCCESS. dag_id=flujo_RAG_completo, task_id=make_qrels, execution_date=20251007T224220, start_date=20251008T230559, end_date=20251008T230600
[2025-10-08T23:06:00.191+0000] {local_task_job_runner.py:228} INFO - Task exited with return code 0
[2025-10-08T23:06:00.200+0000] {taskinstance.py:2776} INFO - 0 downstream tasks scheduled from follow-on schedule check
