[2025-10-07T03:31:19.743+0000] {taskinstance.py:1157} INFO - Dependencies all met for dep_context=non-requeueable deps ti=<TaskInstance: flujo_RAG_completo.classify_op_texts manual__2025-10-07T02:26:17+00:00 [queued]>
[2025-10-07T03:31:19.747+0000] {taskinstance.py:1157} INFO - Dependencies all met for dep_context=requeueable deps ti=<TaskInstance: flujo_RAG_completo.classify_op_texts manual__2025-10-07T02:26:17+00:00 [queued]>
[2025-10-07T03:31:19.747+0000] {taskinstance.py:1359} INFO - Starting attempt 2 of 2
[2025-10-07T03:31:19.752+0000] {taskinstance.py:1380} INFO - Executing <Task(PythonOperator): classify_op_texts> on 2025-10-07 02:26:17+00:00
[2025-10-07T03:31:19.759+0000] {standard_task_runner.py:57} INFO - Started process 88814 to run task
[2025-10-07T03:31:19.762+0000] {standard_task_runner.py:84} INFO - Running: ['***', 'tasks', 'run', 'flujo_RAG_completo', 'classify_op_texts', 'manual__2025-10-07T02:26:17+00:00', '--job-id', '311', '--raw', '--subdir', 'DAGS_FOLDER/Ingestion_pipeline.py', '--cfg-path', '/tmp/tmpiq0vwytv']
[2025-10-07T03:31:19.768+0000] {standard_task_runner.py:85} INFO - Job 311: Subtask classify_op_texts
[2025-10-07T03:31:19.800+0000] {task_command.py:415} INFO - Running <TaskInstance: flujo_RAG_completo.classify_op_texts manual__2025-10-07T02:26:17+00:00 [running]> on host a21c1baf7ef9
[2025-10-07T03:31:19.843+0000] {taskinstance.py:1660} INFO - Exporting env vars: AIRFLOW_CTX_DAG_OWNER='***' AIRFLOW_CTX_DAG_ID='flujo_RAG_completo' AIRFLOW_CTX_TASK_ID='classify_op_texts' AIRFLOW_CTX_EXECUTION_DATE='2025-10-07T02:26:17+00:00' AIRFLOW_CTX_TRY_NUMBER='2' AIRFLOW_CTX_DAG_RUN_ID='manual__2025-10-07T02:26:17+00:00'
[2025-10-07T03:31:19.844+0000] {logging_mixin.py:151} INFO - 🔎 Cargando pipeline zero-shot: hackathon-pln-es/bertin-roberta-base-zeroshot-esnli (device=-1)
[2025-10-07T03:31:20.732+0000] {log.py:232} WARNING - Failed to determine 'entailment' label id from the label2id mapping in the model config. Setting to -1. Define a descriptive label2id mapping in the model config to ensure correct outputs.
[2025-10-07T03:31:23.479+0000] {log.py:232} WARNING - Asking to truncate to max_length but no maximum length is provided and the model has no predefined maximum length. Default to no truncation.
[2025-10-07T03:31:49.452+0000] {logging_mixin.py:151} INFO - … 310/1222 clasificados
[2025-10-07T03:32:17.845+0000] {logging_mixin.py:151} INFO - … 320/1222 clasificados
[2025-10-07T03:32:51.072+0000] {logging_mixin.py:151} INFO - … 330/1222 clasificados
[2025-10-07T03:33:23.892+0000] {logging_mixin.py:151} INFO - … 340/1222 clasificados
[2025-10-07T03:33:50.930+0000] {local_task_job_runner.py:294} WARNING - State of this instance has been externally set to failed. Terminating instance.
[2025-10-07T03:33:50.932+0000] {process_utils.py:131} INFO - Sending 15 to group 88814. PIDs of all processes in the group: [88814]
[2025-10-07T03:33:50.932+0000] {process_utils.py:86} INFO - Sending the signal 15 to group 88814
[2025-10-07T03:33:50.933+0000] {taskinstance.py:1630} ERROR - Received SIGTERM. Terminating subprocesses.
[2025-10-07T03:33:50.934+0000] {logging_mixin.py:151} INFO - ⚠️ Error en rag/text_op/2025/22036_OP100128508_2025-09-22.txt: Task received SIGTERM signal
[2025-10-07T03:33:53.871+0000] {logging_mixin.py:151} INFO - … 350/1222 clasificados
[2025-10-07T03:34:24.976+0000] {logging_mixin.py:151} INFO - … 360/1222 clasificados
[2025-10-07T03:34:50.952+0000] {process_utils.py:149} WARNING - process psutil.Process(pid=88814, name='airflow task ru', status='sleeping', started='03:31:19') did not respond to SIGTERM. Trying SIGKILL
[2025-10-07T03:34:50.956+0000] {process_utils.py:86} INFO - Sending the signal 9 to group 88814
[2025-10-07T03:34:51.015+0000] {process_utils.py:79} INFO - Process psutil.Process(pid=88814, name='airflow task ru', status='terminated', exitcode=<Negsignal.SIGKILL: -9>, started='03:31:19') (88814) terminated with exit code -9
[2025-10-07T03:34:51.016+0000] {standard_task_runner.py:172} ERROR - Job 311 was killed before it finished (likely due to running out of memory)
