[2025-10-08T22:31:23.521+0000] {taskinstance.py:1157} INFO - Dependencies all met for dep_context=non-requeueable deps ti=<TaskInstance: flujo_RAG_completo.pinecone_query_demo manual__2025-10-07T22:42:20+00:00 [queued]>
[2025-10-08T22:31:23.524+0000] {taskinstance.py:1157} INFO - Dependencies all met for dep_context=requeueable deps ti=<TaskInstance: flujo_RAG_completo.pinecone_query_demo manual__2025-10-07T22:42:20+00:00 [queued]>
[2025-10-08T22:31:23.524+0000] {taskinstance.py:1359} INFO - Starting attempt 2 of 2
[2025-10-08T22:31:23.529+0000] {taskinstance.py:1380} INFO - Executing <Task(PythonOperator): pinecone_query_demo> on 2025-10-07 22:42:20+00:00
[2025-10-08T22:31:23.535+0000] {standard_task_runner.py:57} INFO - Started process 63345 to run task
[2025-10-08T22:31:23.538+0000] {standard_task_runner.py:84} INFO - Running: ['***', 'tasks', 'run', 'flujo_RAG_completo', 'pinecone_query_demo', 'manual__2025-10-07T22:42:20+00:00', '--job-id', '342', '--raw', '--subdir', 'DAGS_FOLDER/Ingestion_pipeline.py', '--cfg-path', '/tmp/tmpv1a7lxmk']
[2025-10-08T22:31:23.541+0000] {standard_task_runner.py:85} INFO - Job 342: Subtask pinecone_query_demo
[2025-10-08T22:31:23.566+0000] {task_command.py:415} INFO - Running <TaskInstance: flujo_RAG_completo.pinecone_query_demo manual__2025-10-07T22:42:20+00:00 [running]> on host 5586102090b0
[2025-10-08T22:31:23.606+0000] {taskinstance.py:1660} INFO - Exporting env vars: AIRFLOW_CTX_DAG_OWNER='***' AIRFLOW_CTX_DAG_ID='flujo_RAG_completo' AIRFLOW_CTX_TASK_ID='pinecone_query_demo' AIRFLOW_CTX_EXECUTION_DATE='2025-10-07T22:42:20+00:00' AIRFLOW_CTX_TRY_NUMBER='2' AIRFLOW_CTX_DAG_RUN_ID='manual__2025-10-07T22:42:20+00:00'
[2025-10-08T22:31:23.608+0000] {SentenceTransformer.py:208} INFO - Use pytorch device_name: cpu
[2025-10-08T22:31:23.608+0000] {SentenceTransformer.py:216} INFO - Load pretrained SentenceTransformer: sentence-transformers/paraphrase-multilingual-MiniLM-L12-v2
[2025-10-08T22:31:27.322+0000] {discover_namespace_packages.py:12} INFO - Discovering subpackages in _NamespacePath(['/home/***/.local/lib/python3.8/site-packages/pinecone_plugins'])
[2025-10-08T22:31:27.323+0000] {discover_plugins.py:9} INFO - Looking for plugins in pinecone_plugins.inference
[2025-10-08T22:31:27.326+0000] {installation.py:10} INFO - Installing plugin inference into Pinecone
[2025-10-08T22:31:28.758+0000] {logging_mixin.py:151} INFO - 🔎 Pinecone TOP-5 para 'contratación pública vial'
[2025-10-08T22:31:28.758+0000] {logging_mixin.py:151} INFO - #01  score=0.6637  id=22032_2025-09-16::p1::67  doc_id=22032_2025-09-16_p1  page=1.0  src=boletines/2025/22032_2025-09-16.pdf
[2025-10-08T22:31:28.758+0000] {logging_mixin.py:151} INFO - #02  score=0.6258  id=22043_2025-10-01::p1::88  doc_id=22043_2025-10-01_p1  page=1.0  src=boletines/2025/22043_2025-10-01.pdf
[2025-10-08T22:31:28.759+0000] {logging_mixin.py:151} INFO - #03  score=0.6200  id=22034_2025-09-18::p1::70  doc_id=22034_2025-09-18_p1  page=1.0  src=boletines/2025/22034_2025-09-18.pdf
[2025-10-08T22:31:28.759+0000] {logging_mixin.py:151} INFO - #04  score=0.6186  id=22034_2025-09-18::p1::109  doc_id=22034_2025-09-18_p1  page=1.0  src=boletines/2025/22034_2025-09-18.pdf
[2025-10-08T22:31:28.759+0000] {logging_mixin.py:151} INFO - #05  score=0.6109  id=22036_2025-09-22::p1::103  doc_id=22036_2025-09-22_p1  page=1.0  src=boletines/2025/22036_2025-09-22.pdf
[2025-10-08T22:31:28.759+0000] {python.py:194} INFO - Done. Returned value was: {'query': 'contratación pública vial', 'top_k': 5, 'matches': [{'id': '22032_2025-09-16::p1::67', 'score': 0.663667679, 'metadata': {'boletin': '22032', 'doc_id': '22032_2025-09-16_p1', 'fecha': '2025-09-16', 'op': '100128345', 'page': 1.0, 'source': 'boletines/2025/22032_2025-09-16.pdf'}}, {'id': '22043_2025-10-01::p1::88', 'score': 0.625753462, 'metadata': {'boletin': '22043', 'categoria': 'CONTRATACIONES ABREVIADAS', 'doc_id': '22043_2025-10-01_p1', 'fecha': '2025-10-01', 'op': '100128875', 'page': 1.0, 'source': 'boletines/2025/22043_2025-10-01.pdf'}}, {'id': '22034_2025-09-18::p1::70', 'score': 0.620042801, 'metadata': {'boletin': '22034', 'doc_id': '22034_2025-09-18_p1', 'fecha': '2025-09-18', 'op': '100128428', 'page': 1.0, 'source': 'boletines/2025/22034_2025-09-18.pdf'}}, {'id': '22034_2025-09-18::p1::109', 'score': 0.6186409, 'metadata': {'boletin': '22034', 'doc_id': '22034_2025-09-18_p1', 'fecha': '2025-09-18', 'op': '100128485', 'page': 1.0, 'source': 'boletines/2025/22034_2025-09-18.pdf'}}, {'id': '22036_2025-09-22::p1::103', 'score': 0.610901833, 'metadata': {'boletin': '22036', 'categoria': 'CONCURSOS CIVILES O PREVENTIVOS', 'doc_id': '22036_2025-09-22_p1', 'fecha': '2025-09-22', 'op': 'SA100051562', 'page': 1.0, 'source': 'boletines/2025/22036_2025-09-22.pdf'}}], 'namespace': '2025'}
[2025-10-08T22:31:28.770+0000] {taskinstance.py:1398} INFO - Marking task as SUCCESS. dag_id=flujo_RAG_completo, task_id=pinecone_query_demo, execution_date=20251007T224220, start_date=20251008T223123, end_date=20251008T223128
[2025-10-08T22:31:28.839+0000] {local_task_job_runner.py:228} INFO - Task exited with return code 0
[2025-10-08T22:31:28.846+0000] {taskinstance.py:2776} INFO - 0 downstream tasks scheduled from follow-on schedule check
