[2025-10-06T01:12:09.437+0000] {taskinstance.py:1157} INFO - Dependencies all met for dep_context=non-requeueable deps ti=<TaskInstance: flujo_RAG.fusion_query_demo manual__2025-10-06T00:05:45+00:00 [queued]>
[2025-10-06T01:12:09.441+0000] {taskinstance.py:1157} INFO - Dependencies all met for dep_context=requeueable deps ti=<TaskInstance: flujo_RAG.fusion_query_demo manual__2025-10-06T00:05:45+00:00 [queued]>
[2025-10-06T01:12:09.441+0000] {taskinstance.py:1359} INFO - Starting attempt 1 of 1
[2025-10-06T01:12:09.446+0000] {taskinstance.py:1380} INFO - Executing <Task(PythonOperator): fusion_query_demo> on 2025-10-06 00:05:45+00:00
[2025-10-06T01:12:09.452+0000] {standard_task_runner.py:57} INFO - Started process 11037 to run task
[2025-10-06T01:12:09.455+0000] {standard_task_runner.py:84} INFO - Running: ['***', 'tasks', 'run', 'flujo_RAG', 'fusion_query_demo', 'manual__2025-10-06T00:05:45+00:00', '--job-id', '247', '--raw', '--subdir', 'DAGS_FOLDER/RAG_dag.py', '--cfg-path', '/tmp/tmpcs__x0bs']
[2025-10-06T01:12:09.457+0000] {standard_task_runner.py:85} INFO - Job 247: Subtask fusion_query_demo
[2025-10-06T01:12:09.481+0000] {task_command.py:415} INFO - Running <TaskInstance: flujo_RAG.fusion_query_demo manual__2025-10-06T00:05:45+00:00 [running]> on host c16a2a509134
[2025-10-06T01:12:09.526+0000] {taskinstance.py:1660} INFO - Exporting env vars: AIRFLOW_CTX_DAG_OWNER='***' AIRFLOW_CTX_DAG_ID='flujo_RAG' AIRFLOW_CTX_TASK_ID='fusion_query_demo' AIRFLOW_CTX_EXECUTION_DATE='2025-10-06T00:05:45+00:00' AIRFLOW_CTX_TRY_NUMBER='1' AIRFLOW_CTX_DAG_RUN_ID='manual__2025-10-06T00:05:45+00:00'
[2025-10-06T01:12:09.528+0000] {crypto.py:82} WARNING - empty cryptography key - values will not be stored encrypted.
[2025-10-06T01:12:09.529+0000] {base.py:73} INFO - Using connection ID 'minio_s3' for task execution.
[2025-10-06T01:12:09.529+0000] {warnings.py:109} WARNING - <string>:8: AirflowProviderDeprecationWarning: AWS Connection (conn_id='minio_s3', conn_type='s3') has connection type 's3', which has been replaced by connection type 'aws'. Please update your connection to have `conn_type='aws'`.

[2025-10-06T01:12:09.529+0000] {connection_wrapper.py:340} INFO - AWS Connection (conn_id='minio_s3', conn_type='s3') credentials retrieved from login and password.
[2025-10-06T01:12:09.530+0000] {warnings.py:109} WARNING - <string>:8: AirflowProviderDeprecationWarning: Host minio specified in the connection is not used. Please, set it on extra['endpoint_url'] instead

[2025-10-06T01:12:09.761+0000] {SentenceTransformer.py:208} INFO - Use pytorch device_name: cpu
[2025-10-06T01:12:09.762+0000] {SentenceTransformer.py:216} INFO - Load pretrained SentenceTransformer: sentence-transformers/paraphrase-multilingual-MiniLM-L12-v2
[2025-10-06T01:12:13.126+0000] {discover_namespace_packages.py:12} INFO - Discovering subpackages in _NamespacePath(['/home/***/.local/lib/python3.8/site-packages/pinecone_plugins'])
[2025-10-06T01:12:13.127+0000] {discover_plugins.py:9} INFO - Looking for plugins in pinecone_plugins.inference
[2025-10-06T01:12:13.130+0000] {installation.py:10} INFO - Installing plugin inference into Pinecone
[2025-10-06T01:12:16.887+0000] {base.py:73} INFO - Using connection ID 'minio_s3' for task execution.
[2025-10-06T01:12:16.890+0000] {connection_wrapper.py:340} INFO - AWS Connection (conn_id='minio_s3', conn_type='s3') credentials retrieved from login and password.
[2025-10-06T01:12:16.958+0000] {base.py:73} INFO - Using connection ID 'minio_s3' for task execution.
[2025-10-06T01:12:16.958+0000] {connection_wrapper.py:340} INFO - AWS Connection (conn_id='minio_s3', conn_type='s3') credentials retrieved from login and password.
[2025-10-06T01:12:17.001+0000] {base.py:73} INFO - Using connection ID 'minio_s3' for task execution.
[2025-10-06T01:12:17.002+0000] {connection_wrapper.py:340} INFO - AWS Connection (conn_id='minio_s3', conn_type='s3') credentials retrieved from login and password.
[2025-10-06T01:12:17.044+0000] {base.py:73} INFO - Using connection ID 'minio_s3' for task execution.
[2025-10-06T01:12:17.045+0000] {connection_wrapper.py:340} INFO - AWS Connection (conn_id='minio_s3', conn_type='s3') credentials retrieved from login and password.
[2025-10-06T01:12:17.085+0000] {base.py:73} INFO - Using connection ID 'minio_s3' for task execution.
[2025-10-06T01:12:17.085+0000] {connection_wrapper.py:340} INFO - AWS Connection (conn_id='minio_s3', conn_type='s3') credentials retrieved from login and password.
[2025-10-06T01:12:17.125+0000] {base.py:73} INFO - Using connection ID 'minio_s3' for task execution.
[2025-10-06T01:12:17.125+0000] {connection_wrapper.py:340} INFO - AWS Connection (conn_id='minio_s3', conn_type='s3') credentials retrieved from login and password.
[2025-10-06T01:12:17.308+0000] {base.py:73} INFO - Using connection ID 'minio_s3' for task execution.
[2025-10-06T01:12:17.308+0000] {connection_wrapper.py:340} INFO - AWS Connection (conn_id='minio_s3', conn_type='s3') credentials retrieved from login and password.
[2025-10-06T01:12:17.346+0000] {base.py:73} INFO - Using connection ID 'minio_s3' for task execution.
[2025-10-06T01:12:17.346+0000] {connection_wrapper.py:340} INFO - AWS Connection (conn_id='minio_s3', conn_type='s3') credentials retrieved from login and password.
[2025-10-06T01:12:17.384+0000] {base.py:73} INFO - Using connection ID 'minio_s3' for task execution.
[2025-10-06T01:12:17.384+0000] {connection_wrapper.py:340} INFO - AWS Connection (conn_id='minio_s3', conn_type='s3') credentials retrieved from login and password.
[2025-10-06T01:12:17.426+0000] {base.py:73} INFO - Using connection ID 'minio_s3' for task execution.
[2025-10-06T01:12:17.427+0000] {connection_wrapper.py:340} INFO - AWS Connection (conn_id='minio_s3', conn_type='s3') credentials retrieved from login and password.
[2025-10-06T01:12:17.469+0000] {base.py:73} INFO - Using connection ID 'minio_s3' for task execution.
[2025-10-06T01:12:17.469+0000] {connection_wrapper.py:340} INFO - AWS Connection (conn_id='minio_s3', conn_type='s3') credentials retrieved from login and password.
[2025-10-06T01:12:17.513+0000] {logging_mixin.py:151} INFO - ✅ Fusión RRF subida a s3://respaldo2/rag/fusion/2025/fusion_contrataci_n_p_blica_vial_20251006_011217.json  (top=10)
[2025-10-06T01:12:17.513+0000] {logging_mixin.py:151} INFO - 🔀 RRF para 'contratación pública vial'
[2025-10-06T01:12:17.513+0000] {logging_mixin.py:151} INFO - #01  22035_2025-09-19_p1  page=None  src=-
[2025-10-06T01:12:17.513+0000] {logging_mixin.py:151} INFO - #02  22041_2025-09-29_p1  page=None  src=-
[2025-10-06T01:12:17.513+0000] {logging_mixin.py:151} INFO - #03  22034_2025-09-18_p1  page=None  src=-
[2025-10-06T01:12:17.514+0000] {logging_mixin.py:151} INFO - #04  22042_2025-09-30_p1  page=None  src=-
[2025-10-06T01:12:17.514+0000] {logging_mixin.py:151} INFO - #05  22033_2025-09-17_p1  page=None  src=-
[2025-10-06T01:12:17.514+0000] {logging_mixin.py:151} INFO - #06  22043_2025-10-01_p1  page=None  src=-
[2025-10-06T01:12:17.514+0000] {logging_mixin.py:151} INFO - #07  22037_2025-09-23_p1  page=None  src=-
[2025-10-06T01:12:17.514+0000] {logging_mixin.py:151} INFO - #08  22044_2025-10-02_p1  page=None  src=-
[2025-10-06T01:12:17.514+0000] {logging_mixin.py:151} INFO - #09  22039_2025-09-25_p1  page=None  src=-
[2025-10-06T01:12:17.514+0000] {logging_mixin.py:151} INFO - #10  22045_2025-10-03_p1  page=None  src=-
[2025-10-06T01:12:17.518+0000] {python.py:194} INFO - Done. Returned value was: {'out_key': 'rag/fusion/2025/fusion_contrataci_n_p_blica_vial_20251006_011217.json', 'count': 10}
[2025-10-06T01:12:17.529+0000] {taskinstance.py:1398} INFO - Marking task as SUCCESS. dag_id=flujo_RAG, task_id=fusion_query_demo, execution_date=20251006T000545, start_date=20251006T011209, end_date=20251006T011217
[2025-10-06T01:12:17.593+0000] {local_task_job_runner.py:228} INFO - Task exited with return code 0
[2025-10-06T01:12:17.603+0000] {taskinstance.py:2776} INFO - 1 downstream tasks scheduled from follow-on schedule check
