[2025-10-06T15:35:56.527+0000] {taskinstance.py:1157} INFO - Dependencies all met for dep_context=non-requeueable deps ti=<TaskInstance: flujo_RAG_completo.make_qrels manual__2025-10-06T15:35:46+00:00 [queued]>
[2025-10-06T15:35:56.535+0000] {taskinstance.py:1157} INFO - Dependencies all met for dep_context=requeueable deps ti=<TaskInstance: flujo_RAG_completo.make_qrels manual__2025-10-06T15:35:46+00:00 [queued]>
[2025-10-06T15:35:56.535+0000] {taskinstance.py:1359} INFO - Starting attempt 1 of 1
[2025-10-06T15:35:56.544+0000] {taskinstance.py:1380} INFO - Executing <Task(PythonOperator): make_qrels> on 2025-10-06 15:35:46+00:00
[2025-10-06T15:35:56.556+0000] {standard_task_runner.py:57} INFO - Started process 48973 to run task
[2025-10-06T15:35:56.563+0000] {standard_task_runner.py:84} INFO - Running: ['***', 'tasks', 'run', 'flujo_RAG_completo', 'make_qrels', 'manual__2025-10-06T15:35:46+00:00', '--job-id', '265', '--raw', '--subdir', 'DAGS_FOLDER/Ingestion_pipeline.py', '--cfg-path', '/tmp/tmp_yxged_9']
[2025-10-06T15:35:56.567+0000] {standard_task_runner.py:85} INFO - Job 265: Subtask make_qrels
[2025-10-06T15:35:56.623+0000] {task_command.py:415} INFO - Running <TaskInstance: flujo_RAG_completo.make_qrels manual__2025-10-06T15:35:46+00:00 [running]> on host c16a2a509134
[2025-10-06T15:35:56.704+0000] {taskinstance.py:1660} INFO - Exporting env vars: AIRFLOW_CTX_DAG_OWNER='***' AIRFLOW_CTX_DAG_ID='flujo_RAG_completo' AIRFLOW_CTX_TASK_ID='make_qrels' AIRFLOW_CTX_EXECUTION_DATE='2025-10-06T15:35:46+00:00' AIRFLOW_CTX_TRY_NUMBER='1' AIRFLOW_CTX_DAG_RUN_ID='manual__2025-10-06T15:35:46+00:00'
[2025-10-06T15:35:56.711+0000] {crypto.py:82} WARNING - empty cryptography key - values will not be stored encrypted.
[2025-10-06T15:35:56.712+0000] {base.py:73} INFO - Using connection ID 'minio_s3' for task execution.
[2025-10-06T15:35:56.713+0000] {warnings.py:109} WARNING - <string>:8: AirflowProviderDeprecationWarning: AWS Connection (conn_id='minio_s3', conn_type='s3') has connection type 's3', which has been replaced by connection type 'aws'. Please update your connection to have `conn_type='aws'`.

[2025-10-06T15:35:56.713+0000] {connection_wrapper.py:340} INFO - AWS Connection (conn_id='minio_s3', conn_type='s3') credentials retrieved from login and password.
[2025-10-06T15:35:56.713+0000] {warnings.py:109} WARNING - <string>:8: AirflowProviderDeprecationWarning: Host minio specified in the connection is not used. Please, set it on extra['endpoint_url'] instead

[2025-10-06T15:35:57.452+0000] {base.py:73} INFO - Using connection ID 'minio_s3' for task execution.
[2025-10-06T15:35:57.452+0000] {connection_wrapper.py:340} INFO - AWS Connection (conn_id='minio_s3', conn_type='s3') credentials retrieved from login and password.
[2025-10-06T15:35:57.628+0000] {base.py:73} INFO - Using connection ID 'minio_s3' for task execution.
[2025-10-06T15:35:57.629+0000] {connection_wrapper.py:340} INFO - AWS Connection (conn_id='minio_s3', conn_type='s3') credentials retrieved from login and password.
[2025-10-06T15:35:57.982+0000] {base.py:73} INFO - Using connection ID 'minio_s3' for task execution.
[2025-10-06T15:35:57.989+0000] {connection_wrapper.py:340} INFO - AWS Connection (conn_id='minio_s3', conn_type='s3') credentials retrieved from login and password.
[2025-10-06T15:35:58.039+0000] {base.py:73} INFO - Using connection ID 'minio_s3' for task execution.
[2025-10-06T15:35:58.039+0000] {connection_wrapper.py:340} INFO - AWS Connection (conn_id='minio_s3', conn_type='s3') credentials retrieved from login and password.
[2025-10-06T15:35:58.090+0000] {base.py:73} INFO - Using connection ID 'minio_s3' for task execution.
[2025-10-06T15:35:58.090+0000] {connection_wrapper.py:340} INFO - AWS Connection (conn_id='minio_s3', conn_type='s3') credentials retrieved from login and password.
[2025-10-06T15:35:58.150+0000] {base.py:73} INFO - Using connection ID 'minio_s3' for task execution.
[2025-10-06T15:35:58.150+0000] {connection_wrapper.py:340} INFO - AWS Connection (conn_id='minio_s3', conn_type='s3') credentials retrieved from login and password.
[2025-10-06T15:35:58.223+0000] {base.py:73} INFO - Using connection ID 'minio_s3' for task execution.
[2025-10-06T15:35:58.224+0000] {connection_wrapper.py:340} INFO - AWS Connection (conn_id='minio_s3', conn_type='s3') credentials retrieved from login and password.
[2025-10-06T15:35:58.278+0000] {base.py:73} INFO - Using connection ID 'minio_s3' for task execution.
[2025-10-06T15:35:58.278+0000] {connection_wrapper.py:340} INFO - AWS Connection (conn_id='minio_s3', conn_type='s3') credentials retrieved from login and password.
[2025-10-06T15:35:58.331+0000] {base.py:73} INFO - Using connection ID 'minio_s3' for task execution.
[2025-10-06T15:35:58.331+0000] {connection_wrapper.py:340} INFO - AWS Connection (conn_id='minio_s3', conn_type='s3') credentials retrieved from login and password.
[2025-10-06T15:35:58.570+0000] {base.py:73} INFO - Using connection ID 'minio_s3' for task execution.
[2025-10-06T15:35:58.571+0000] {connection_wrapper.py:340} INFO - AWS Connection (conn_id='minio_s3', conn_type='s3') credentials retrieved from login and password.
[2025-10-06T15:35:58.616+0000] {base.py:73} INFO - Using connection ID 'minio_s3' for task execution.
[2025-10-06T15:35:58.616+0000] {connection_wrapper.py:340} INFO - AWS Connection (conn_id='minio_s3', conn_type='s3') credentials retrieved from login and password.
[2025-10-06T15:35:58.660+0000] {base.py:73} INFO - Using connection ID 'minio_s3' for task execution.
[2025-10-06T15:35:58.660+0000] {connection_wrapper.py:340} INFO - AWS Connection (conn_id='minio_s3', conn_type='s3') credentials retrieved from login and password.
[2025-10-06T15:35:58.702+0000] {base.py:73} INFO - Using connection ID 'minio_s3' for task execution.
[2025-10-06T15:35:58.703+0000] {connection_wrapper.py:340} INFO - AWS Connection (conn_id='minio_s3', conn_type='s3') credentials retrieved from login and password.
[2025-10-06T15:35:58.752+0000] {base.py:73} INFO - Using connection ID 'minio_s3' for task execution.
[2025-10-06T15:35:58.752+0000] {connection_wrapper.py:340} INFO - AWS Connection (conn_id='minio_s3', conn_type='s3') credentials retrieved from login and password.
[2025-10-06T15:35:58.798+0000] {base.py:73} INFO - Using connection ID 'minio_s3' for task execution.
[2025-10-06T15:35:58.799+0000] {connection_wrapper.py:340} INFO - AWS Connection (conn_id='minio_s3', conn_type='s3') credentials retrieved from login and password.
[2025-10-06T15:35:58.849+0000] {base.py:73} INFO - Using connection ID 'minio_s3' for task execution.
[2025-10-06T15:35:58.849+0000] {connection_wrapper.py:340} INFO - AWS Connection (conn_id='minio_s3', conn_type='s3') credentials retrieved from login and password.
[2025-10-06T15:35:59.140+0000] {logging_mixin.py:151} INFO - ✅ qrels generado en s3://respaldo2/rag/qrels/2025/qrels.csv (pos=10, neg=7)
[2025-10-06T15:35:59.142+0000] {python.py:194} INFO - Done. Returned value was: {'qrels_key': 'rag/qrels/2025/qrels.csv', 'positives': 10, 'rows': 17}
[2025-10-06T15:35:59.155+0000] {taskinstance.py:1398} INFO - Marking task as SUCCESS. dag_id=flujo_RAG_completo, task_id=make_qrels, execution_date=20251006T153546, start_date=20251006T153556, end_date=20251006T153559
[2025-10-06T15:35:59.209+0000] {local_task_job_runner.py:228} INFO - Task exited with return code 0
[2025-10-06T15:35:59.221+0000] {taskinstance.py:2776} INFO - 0 downstream tasks scheduled from follow-on schedule check
