[2025-10-02T18:15:29.352+0000] {taskinstance.py:1157} INFO - Dependencies all met for dep_context=non-requeueable deps ti=<TaskInstance: flujo_RAG.extract_texts manual__2025-10-02T18:15:07+00:00 [queued]>
[2025-10-02T18:15:29.356+0000] {taskinstance.py:1157} INFO - Dependencies all met for dep_context=requeueable deps ti=<TaskInstance: flujo_RAG.extract_texts manual__2025-10-02T18:15:07+00:00 [queued]>
[2025-10-02T18:15:29.356+0000] {taskinstance.py:1359} INFO - Starting attempt 1 of 1
[2025-10-02T18:15:29.360+0000] {taskinstance.py:1380} INFO - Executing <Task(PythonOperator): extract_texts> on 2025-10-02 18:15:07+00:00
[2025-10-02T18:15:29.364+0000] {standard_task_runner.py:57} INFO - Started process 62453 to run task
[2025-10-02T18:15:29.366+0000] {standard_task_runner.py:84} INFO - Running: ['***', 'tasks', 'run', 'flujo_RAG', 'extract_texts', 'manual__2025-10-02T18:15:07+00:00', '--job-id', '145', '--raw', '--subdir', 'DAGS_FOLDER/RAG_dag.py', '--cfg-path', '/tmp/tmpmmbcjesh']
[2025-10-02T18:15:29.368+0000] {standard_task_runner.py:85} INFO - Job 145: Subtask extract_texts
[2025-10-02T18:15:29.390+0000] {task_command.py:415} INFO - Running <TaskInstance: flujo_RAG.extract_texts manual__2025-10-02T18:15:07+00:00 [running]> on host cebfb690f74d
[2025-10-02T18:15:29.424+0000] {taskinstance.py:1660} INFO - Exporting env vars: AIRFLOW_CTX_DAG_OWNER='***' AIRFLOW_CTX_DAG_ID='flujo_RAG' AIRFLOW_CTX_TASK_ID='extract_texts' AIRFLOW_CTX_EXECUTION_DATE='2025-10-02T18:15:07+00:00' AIRFLOW_CTX_TRY_NUMBER='1' AIRFLOW_CTX_DAG_RUN_ID='manual__2025-10-02T18:15:07+00:00'
[2025-10-02T18:15:29.425+0000] {crypto.py:82} WARNING - empty cryptography key - values will not be stored encrypted.
[2025-10-02T18:15:29.426+0000] {base.py:73} INFO - Using connection ID 'minio_s3' for task execution.
[2025-10-02T18:15:29.426+0000] {warnings.py:109} WARNING - <string>:8: AirflowProviderDeprecationWarning: AWS Connection (conn_id='minio_s3', conn_type='s3') has connection type 's3', which has been replaced by connection type 'aws'. Please update your connection to have `conn_type='aws'`.

[2025-10-02T18:15:29.426+0000] {connection_wrapper.py:340} INFO - AWS Connection (conn_id='minio_s3', conn_type='s3') credentials retrieved from login and password.
[2025-10-02T18:15:29.426+0000] {warnings.py:109} WARNING - <string>:8: AirflowProviderDeprecationWarning: Host minio specified in the connection is not used. Please, set it on extra['endpoint_url'] instead

[2025-10-02T18:15:29.725+0000] {base.py:73} INFO - Using connection ID 'minio_s3' for task execution.
[2025-10-02T18:15:29.725+0000] {connection_wrapper.py:340} INFO - AWS Connection (conn_id='minio_s3', conn_type='s3') credentials retrieved from login and password.
[2025-10-02T18:15:34.269+0000] {base.py:73} INFO - Using connection ID 'minio_s3' for task execution.
[2025-10-02T18:15:34.270+0000] {connection_wrapper.py:340} INFO - AWS Connection (conn_id='minio_s3', conn_type='s3') credentials retrieved from login and password.
[2025-10-02T18:15:34.326+0000] {logging_mixin.py:151} INFO - ✅ TXT subido: s3://respaldo2/rag/text/2025/22032_2025-09-16.txt  (páginas=70, chars=183179)
[2025-10-02T18:15:34.327+0000] {base.py:73} INFO - Using connection ID 'minio_s3' for task execution.
[2025-10-02T18:15:34.327+0000] {connection_wrapper.py:340} INFO - AWS Connection (conn_id='minio_s3', conn_type='s3') credentials retrieved from login and password.
[2025-10-02T18:15:38.910+0000] {base.py:73} INFO - Using connection ID 'minio_s3' for task execution.
[2025-10-02T18:15:38.910+0000] {connection_wrapper.py:340} INFO - AWS Connection (conn_id='minio_s3', conn_type='s3') credentials retrieved from login and password.
[2025-10-02T18:15:38.951+0000] {logging_mixin.py:151} INFO - ✅ TXT subido: s3://respaldo2/rag/text/2025/22033_2025-09-17.txt  (páginas=74, chars=183414)
[2025-10-02T18:15:38.951+0000] {base.py:73} INFO - Using connection ID 'minio_s3' for task execution.
[2025-10-02T18:15:38.952+0000] {connection_wrapper.py:340} INFO - AWS Connection (conn_id='minio_s3', conn_type='s3') credentials retrieved from login and password.
[2025-10-02T18:15:43.958+0000] {base.py:73} INFO - Using connection ID 'minio_s3' for task execution.
[2025-10-02T18:15:43.958+0000] {connection_wrapper.py:340} INFO - AWS Connection (conn_id='minio_s3', conn_type='s3') credentials retrieved from login and password.
[2025-10-02T18:15:44.001+0000] {logging_mixin.py:151} INFO - ✅ TXT subido: s3://respaldo2/rag/text/2025/22034_2025-09-18.txt  (páginas=78, chars=208221)
[2025-10-02T18:15:44.002+0000] {base.py:73} INFO - Using connection ID 'minio_s3' for task execution.
[2025-10-02T18:15:44.002+0000] {connection_wrapper.py:340} INFO - AWS Connection (conn_id='minio_s3', conn_type='s3') credentials retrieved from login and password.
[2025-10-02T18:15:48.667+0000] {base.py:73} INFO - Using connection ID 'minio_s3' for task execution.
[2025-10-02T18:15:48.668+0000] {connection_wrapper.py:340} INFO - AWS Connection (conn_id='minio_s3', conn_type='s3') credentials retrieved from login and password.
[2025-10-02T18:15:48.709+0000] {logging_mixin.py:151} INFO - ✅ TXT subido: s3://respaldo2/rag/text/2025/22035_2025-09-19.txt  (páginas=74, chars=194210)
[2025-10-02T18:15:48.710+0000] {base.py:73} INFO - Using connection ID 'minio_s3' for task execution.
[2025-10-02T18:15:48.710+0000] {connection_wrapper.py:340} INFO - AWS Connection (conn_id='minio_s3', conn_type='s3') credentials retrieved from login and password.
[2025-10-02T18:15:53.255+0000] {base.py:73} INFO - Using connection ID 'minio_s3' for task execution.
[2025-10-02T18:15:53.256+0000] {connection_wrapper.py:340} INFO - AWS Connection (conn_id='minio_s3', conn_type='s3') credentials retrieved from login and password.
[2025-10-02T18:15:53.294+0000] {logging_mixin.py:151} INFO - ✅ TXT subido: s3://respaldo2/rag/text/2025/22036_2025-09-22.txt  (páginas=74, chars=189235)
[2025-10-02T18:15:53.295+0000] {base.py:73} INFO - Using connection ID 'minio_s3' for task execution.
[2025-10-02T18:15:53.295+0000] {connection_wrapper.py:340} INFO - AWS Connection (conn_id='minio_s3', conn_type='s3') credentials retrieved from login and password.
[2025-10-02T18:15:57.963+0000] {base.py:73} INFO - Using connection ID 'minio_s3' for task execution.
[2025-10-02T18:15:57.964+0000] {connection_wrapper.py:340} INFO - AWS Connection (conn_id='minio_s3', conn_type='s3') credentials retrieved from login and password.
[2025-10-02T18:15:58.005+0000] {logging_mixin.py:151} INFO - ✅ TXT subido: s3://respaldo2/rag/text/2025/22037_2025-09-23.txt  (páginas=73, chars=185973)
[2025-10-02T18:15:58.006+0000] {base.py:73} INFO - Using connection ID 'minio_s3' for task execution.
[2025-10-02T18:15:58.006+0000] {connection_wrapper.py:340} INFO - AWS Connection (conn_id='minio_s3', conn_type='s3') credentials retrieved from login and password.
[2025-10-02T18:16:01.529+0000] {base.py:73} INFO - Using connection ID 'minio_s3' for task execution.
[2025-10-02T18:16:01.530+0000] {connection_wrapper.py:340} INFO - AWS Connection (conn_id='minio_s3', conn_type='s3') credentials retrieved from login and password.
[2025-10-02T18:16:01.570+0000] {logging_mixin.py:151} INFO - ✅ TXT subido: s3://respaldo2/rag/text/2025/22038_2025-09-24.txt  (páginas=59, chars=143062)
[2025-10-02T18:16:01.571+0000] {base.py:73} INFO - Using connection ID 'minio_s3' for task execution.
[2025-10-02T18:16:01.571+0000] {connection_wrapper.py:340} INFO - AWS Connection (conn_id='minio_s3', conn_type='s3') credentials retrieved from login and password.
[2025-10-02T18:16:06.376+0000] {base.py:73} INFO - Using connection ID 'minio_s3' for task execution.
[2025-10-02T18:16:06.376+0000] {connection_wrapper.py:340} INFO - AWS Connection (conn_id='minio_s3', conn_type='s3') credentials retrieved from login and password.
[2025-10-02T18:16:06.417+0000] {logging_mixin.py:151} INFO - ✅ TXT subido: s3://respaldo2/rag/text/2025/22039_2025-09-25.txt  (páginas=82, chars=202948)
[2025-10-02T18:16:06.418+0000] {base.py:73} INFO - Using connection ID 'minio_s3' for task execution.
[2025-10-02T18:16:06.418+0000] {connection_wrapper.py:340} INFO - AWS Connection (conn_id='minio_s3', conn_type='s3') credentials retrieved from login and password.
[2025-10-02T18:16:10.671+0000] {base.py:73} INFO - Using connection ID 'minio_s3' for task execution.
[2025-10-02T18:16:10.672+0000] {connection_wrapper.py:340} INFO - AWS Connection (conn_id='minio_s3', conn_type='s3') credentials retrieved from login and password.
[2025-10-02T18:16:10.710+0000] {logging_mixin.py:151} INFO - ✅ TXT subido: s3://respaldo2/rag/text/2025/22040_2025-09-26.txt  (páginas=69, chars=173078)
[2025-10-02T18:16:10.711+0000] {base.py:73} INFO - Using connection ID 'minio_s3' for task execution.
[2025-10-02T18:16:10.711+0000] {connection_wrapper.py:340} INFO - AWS Connection (conn_id='minio_s3', conn_type='s3') credentials retrieved from login and password.
[2025-10-02T18:16:16.236+0000] {base.py:73} INFO - Using connection ID 'minio_s3' for task execution.
[2025-10-02T18:16:16.236+0000] {connection_wrapper.py:340} INFO - AWS Connection (conn_id='minio_s3', conn_type='s3') credentials retrieved from login and password.
[2025-10-02T18:16:16.278+0000] {logging_mixin.py:151} INFO - ✅ TXT subido: s3://respaldo2/rag/text/2025/22041_2025-09-29.txt  (páginas=83, chars=228607)
[2025-10-02T18:16:16.279+0000] {base.py:73} INFO - Using connection ID 'minio_s3' for task execution.
[2025-10-02T18:16:16.279+0000] {connection_wrapper.py:340} INFO - AWS Connection (conn_id='minio_s3', conn_type='s3') credentials retrieved from login and password.
[2025-10-02T18:16:20.699+0000] {base.py:73} INFO - Using connection ID 'minio_s3' for task execution.
[2025-10-02T18:16:20.700+0000] {connection_wrapper.py:340} INFO - AWS Connection (conn_id='minio_s3', conn_type='s3') credentials retrieved from login and password.
[2025-10-02T18:16:20.740+0000] {logging_mixin.py:151} INFO - ✅ TXT subido: s3://respaldo2/rag/text/2025/22042_2025-09-30.txt  (páginas=70, chars=180284)
[2025-10-02T18:16:20.741+0000] {base.py:73} INFO - Using connection ID 'minio_s3' for task execution.
[2025-10-02T18:16:20.741+0000] {connection_wrapper.py:340} INFO - AWS Connection (conn_id='minio_s3', conn_type='s3') credentials retrieved from login and password.
[2025-10-02T18:16:26.842+0000] {base.py:73} INFO - Using connection ID 'minio_s3' for task execution.
[2025-10-02T18:16:26.843+0000] {connection_wrapper.py:340} INFO - AWS Connection (conn_id='minio_s3', conn_type='s3') credentials retrieved from login and password.
[2025-10-02T18:16:26.897+0000] {logging_mixin.py:151} INFO - ✅ TXT subido: s3://respaldo2/rag/text/2025/22043_2025-10-01.txt  (páginas=89, chars=241395)
[2025-10-02T18:16:26.897+0000] {base.py:73} INFO - Using connection ID 'minio_s3' for task execution.
[2025-10-02T18:16:26.898+0000] {connection_wrapper.py:340} INFO - AWS Connection (conn_id='minio_s3', conn_type='s3') credentials retrieved from login and password.
[2025-10-02T18:16:32.480+0000] {base.py:73} INFO - Using connection ID 'minio_s3' for task execution.
[2025-10-02T18:16:32.481+0000] {connection_wrapper.py:340} INFO - AWS Connection (conn_id='minio_s3', conn_type='s3') credentials retrieved from login and password.
[2025-10-02T18:16:32.524+0000] {logging_mixin.py:151} INFO - ✅ TXT subido: s3://respaldo2/rag/text/2025/22044_2025-10-02.txt  (páginas=81, chars=218531)
[2025-10-02T18:16:32.524+0000] {logging_mixin.py:151} INFO - ✅ Total TXT generados: 13 en s3://respaldo2/rag/text/2025/
[2025-10-02T18:16:32.524+0000] {python.py:194} INFO - Done. Returned value was: {'processed': 13, 'bucket': 'respaldo2', 'prefix_pdfs': 'boletines/2025/', 'prefix_txt': 'rag/text/2025/', 'generated_at': '2025-10-02T18:16:32.524459Z', 'items': [{'pdf_key': 'boletines/2025/22032_2025-09-16.pdf', 'txt_key': 'rag/text/2025/22032_2025-09-16.txt', 'pages': 70, 'chars': 183179}, {'pdf_key': 'boletines/2025/22033_2025-09-17.pdf', 'txt_key': 'rag/text/2025/22033_2025-09-17.txt', 'pages': 74, 'chars': 183414}, {'pdf_key': 'boletines/2025/22034_2025-09-18.pdf', 'txt_key': 'rag/text/2025/22034_2025-09-18.txt', 'pages': 78, 'chars': 208221}, {'pdf_key': 'boletines/2025/22035_2025-09-19.pdf', 'txt_key': 'rag/text/2025/22035_2025-09-19.txt', 'pages': 74, 'chars': 194210}, {'pdf_key': 'boletines/2025/22036_2025-09-22.pdf', 'txt_key': 'rag/text/2025/22036_2025-09-22.txt', 'pages': 74, 'chars': 189235}, {'pdf_key': 'boletines/2025/22037_2025-09-23.pdf', 'txt_key': 'rag/text/2025/22037_2025-09-23.txt', 'pages': 73, 'chars': 185973}, {'pdf_key': 'boletines/2025/22038_2025-09-24.pdf', 'txt_key': 'rag/text/2025/22038_2025-09-24.txt', 'pages': 59, 'chars': 143062}, {'pdf_key': 'boletines/2025/22039_2025-09-25.pdf', 'txt_key': 'rag/text/2025/22039_2025-09-25.txt', 'pages': 82, 'chars': 202948}, {'pdf_key': 'boletines/2025/22040_2025-09-26.pdf', 'txt_key': 'rag/text/2025/22040_2025-09-26.txt', 'pages': 69, 'chars': 173078}, {'pdf_key': 'boletines/2025/22041_2025-09-29.pdf', 'txt_key': 'rag/text/2025/22041_2025-09-29.txt', 'pages': 83, 'chars': 228607}, {'pdf_key': 'boletines/2025/22042_2025-09-30.pdf', 'txt_key': 'rag/text/2025/22042_2025-09-30.txt', 'pages': 70, 'chars': 180284}, {'pdf_key': 'boletines/2025/22043_2025-10-01.pdf', 'txt_key': 'rag/text/2025/22043_2025-10-01.txt', 'pages': 89, 'chars': 241395}, {'pdf_key': 'boletines/2025/22044_2025-10-02.pdf', 'txt_key': 'rag/text/2025/22044_2025-10-02.txt', 'pages': 81, 'chars': 218531}]}
[2025-10-02T18:16:32.539+0000] {taskinstance.py:1398} INFO - Marking task as SUCCESS. dag_id=flujo_RAG, task_id=extract_texts, execution_date=20251002T181507, start_date=20251002T181529, end_date=20251002T181632
[2025-10-02T18:16:32.620+0000] {local_task_job_runner.py:228} INFO - Task exited with return code 0
[2025-10-02T18:16:32.635+0000] {taskinstance.py:2776} INFO - 1 downstream tasks scheduled from follow-on schedule check
