[2025-10-01T18:21:55.674+0000] {taskinstance.py:1157} INFO - Dependencies all met for dep_context=non-requeueable deps ti=<TaskInstance: flujo_RAG.make_qrels manual__2025-10-01T18:20:14+00:00 [queued]>
[2025-10-01T18:21:55.691+0000] {taskinstance.py:1157} INFO - Dependencies all met for dep_context=requeueable deps ti=<TaskInstance: flujo_RAG.make_qrels manual__2025-10-01T18:20:14+00:00 [queued]>
[2025-10-01T18:21:55.691+0000] {taskinstance.py:1359} INFO - Starting attempt 1 of 1
[2025-10-01T18:21:55.698+0000] {taskinstance.py:1380} INFO - Executing <Task(PythonOperator): make_qrels> on 2025-10-01 18:20:14+00:00
[2025-10-01T18:21:55.705+0000] {standard_task_runner.py:57} INFO - Started process 8534 to run task
[2025-10-01T18:21:55.709+0000] {standard_task_runner.py:84} INFO - Running: ['***', 'tasks', 'run', 'flujo_RAG', 'make_qrels', 'manual__2025-10-01T18:20:14+00:00', '--job-id', '86', '--raw', '--subdir', 'DAGS_FOLDER/RAG_dag.py', '--cfg-path', '/tmp/tmpen726xfu']
[2025-10-01T18:21:55.711+0000] {standard_task_runner.py:85} INFO - Job 86: Subtask make_qrels
[2025-10-01T18:21:55.744+0000] {task_command.py:415} INFO - Running <TaskInstance: flujo_RAG.make_qrels manual__2025-10-01T18:20:14+00:00 [running]> on host 2f9c2b1ff132
[2025-10-01T18:21:55.796+0000] {taskinstance.py:1660} INFO - Exporting env vars: AIRFLOW_CTX_DAG_OWNER='***' AIRFLOW_CTX_DAG_ID='flujo_RAG' AIRFLOW_CTX_TASK_ID='make_qrels' AIRFLOW_CTX_EXECUTION_DATE='2025-10-01T18:20:14+00:00' AIRFLOW_CTX_TRY_NUMBER='1' AIRFLOW_CTX_DAG_RUN_ID='manual__2025-10-01T18:20:14+00:00'
[2025-10-01T18:21:55.798+0000] {crypto.py:82} WARNING - empty cryptography key - values will not be stored encrypted.
[2025-10-01T18:21:55.799+0000] {base.py:73} INFO - Using connection ID 'minio_s3' for task execution.
[2025-10-01T18:21:55.800+0000] {warnings.py:109} WARNING - <string>:8: AirflowProviderDeprecationWarning: AWS Connection (conn_id='minio_s3', conn_type='s3') has connection type 's3', which has been replaced by connection type 'aws'. Please update your connection to have `conn_type='aws'`.

[2025-10-01T18:21:55.800+0000] {connection_wrapper.py:340} INFO - AWS Connection (conn_id='minio_s3', conn_type='s3') credentials retrieved from login and password.
[2025-10-01T18:21:55.800+0000] {warnings.py:109} WARNING - <string>:8: AirflowProviderDeprecationWarning: Host minio specified in the connection is not used. Please, set it on extra['endpoint_url'] instead

[2025-10-01T18:21:56.068+0000] {base.py:73} INFO - Using connection ID 'minio_s3' for task execution.
[2025-10-01T18:21:56.069+0000] {connection_wrapper.py:340} INFO - AWS Connection (conn_id='minio_s3', conn_type='s3') credentials retrieved from login and password.
[2025-10-01T18:21:56.134+0000] {base.py:73} INFO - Using connection ID 'minio_s3' for task execution.
[2025-10-01T18:21:56.135+0000] {connection_wrapper.py:340} INFO - AWS Connection (conn_id='minio_s3', conn_type='s3') credentials retrieved from login and password.
[2025-10-01T18:21:56.201+0000] {base.py:73} INFO - Using connection ID 'minio_s3' for task execution.
[2025-10-01T18:21:56.202+0000] {connection_wrapper.py:340} INFO - AWS Connection (conn_id='minio_s3', conn_type='s3') credentials retrieved from login and password.
[2025-10-01T18:21:56.489+0000] {base.py:73} INFO - Using connection ID 'minio_s3' for task execution.
[2025-10-01T18:21:56.489+0000] {connection_wrapper.py:340} INFO - AWS Connection (conn_id='minio_s3', conn_type='s3') credentials retrieved from login and password.
[2025-10-01T18:21:56.538+0000] {base.py:73} INFO - Using connection ID 'minio_s3' for task execution.
[2025-10-01T18:21:56.539+0000] {connection_wrapper.py:340} INFO - AWS Connection (conn_id='minio_s3', conn_type='s3') credentials retrieved from login and password.
[2025-10-01T18:21:56.586+0000] {base.py:73} INFO - Using connection ID 'minio_s3' for task execution.
[2025-10-01T18:21:56.587+0000] {connection_wrapper.py:340} INFO - AWS Connection (conn_id='minio_s3', conn_type='s3') credentials retrieved from login and password.
[2025-10-01T18:21:56.640+0000] {base.py:73} INFO - Using connection ID 'minio_s3' for task execution.
[2025-10-01T18:21:56.641+0000] {connection_wrapper.py:340} INFO - AWS Connection (conn_id='minio_s3', conn_type='s3') credentials retrieved from login and password.
[2025-10-01T18:21:56.686+0000] {base.py:73} INFO - Using connection ID 'minio_s3' for task execution.
[2025-10-01T18:21:56.687+0000] {connection_wrapper.py:340} INFO - AWS Connection (conn_id='minio_s3', conn_type='s3') credentials retrieved from login and password.
[2025-10-01T18:21:56.736+0000] {base.py:73} INFO - Using connection ID 'minio_s3' for task execution.
[2025-10-01T18:21:56.737+0000] {connection_wrapper.py:340} INFO - AWS Connection (conn_id='minio_s3', conn_type='s3') credentials retrieved from login and password.
[2025-10-01T18:21:56.997+0000] {base.py:73} INFO - Using connection ID 'minio_s3' for task execution.
[2025-10-01T18:21:56.998+0000] {connection_wrapper.py:340} INFO - AWS Connection (conn_id='minio_s3', conn_type='s3') credentials retrieved from login and password.
[2025-10-01T18:21:57.051+0000] {base.py:73} INFO - Using connection ID 'minio_s3' for task execution.
[2025-10-01T18:21:57.051+0000] {connection_wrapper.py:340} INFO - AWS Connection (conn_id='minio_s3', conn_type='s3') credentials retrieved from login and password.
[2025-10-01T18:21:57.101+0000] {base.py:73} INFO - Using connection ID 'minio_s3' for task execution.
[2025-10-01T18:21:57.101+0000] {connection_wrapper.py:340} INFO - AWS Connection (conn_id='minio_s3', conn_type='s3') credentials retrieved from login and password.
[2025-10-01T18:21:57.155+0000] {base.py:73} INFO - Using connection ID 'minio_s3' for task execution.
[2025-10-01T18:21:57.155+0000] {connection_wrapper.py:340} INFO - AWS Connection (conn_id='minio_s3', conn_type='s3') credentials retrieved from login and password.
[2025-10-01T18:21:57.213+0000] {base.py:73} INFO - Using connection ID 'minio_s3' for task execution.
[2025-10-01T18:21:57.214+0000] {connection_wrapper.py:340} INFO - AWS Connection (conn_id='minio_s3', conn_type='s3') credentials retrieved from login and password.
[2025-10-01T18:21:57.289+0000] {logging_mixin.py:151} INFO - ✅ qrels generado en s3://respaldo2/rag/qrels/2025/qrels.csv (pos=10, neg=5)
[2025-10-01T18:21:57.290+0000] {python.py:194} INFO - Done. Returned value was: {'qrels_key': 'rag/qrels/2025/qrels.csv', 'positives': 10, 'rows': 15}
[2025-10-01T18:21:57.309+0000] {taskinstance.py:1398} INFO - Marking task as SUCCESS. dag_id=flujo_RAG, task_id=make_qrels, execution_date=20251001T182014, start_date=20251001T182155, end_date=20251001T182157
[2025-10-01T18:21:57.369+0000] {local_task_job_runner.py:228} INFO - Task exited with return code 0
[2025-10-01T18:21:57.381+0000] {taskinstance.py:2776} INFO - 1 downstream tasks scheduled from follow-on schedule check
