[2025-10-07T22:42:26.480+0000] {taskinstance.py:1157} INFO - Dependencies all met for dep_context=non-requeueable deps ti=<TaskInstance: flujo_RAG_completo.descargar_boletines_salta manual__2025-10-07T22:42:20+00:00 [queued]>
[2025-10-07T22:42:26.484+0000] {taskinstance.py:1157} INFO - Dependencies all met for dep_context=requeueable deps ti=<TaskInstance: flujo_RAG_completo.descargar_boletines_salta manual__2025-10-07T22:42:20+00:00 [queued]>
[2025-10-07T22:42:26.485+0000] {taskinstance.py:1359} INFO - Starting attempt 1 of 1
[2025-10-07T22:42:26.491+0000] {taskinstance.py:1380} INFO - Executing <Task(PythonOperator): descargar_boletines_salta> on 2025-10-07 22:42:20+00:00
[2025-10-07T22:42:26.498+0000] {standard_task_runner.py:57} INFO - Started process 5737 to run task
[2025-10-07T22:42:26.501+0000] {standard_task_runner.py:84} INFO - Running: ['***', 'tasks', 'run', 'flujo_RAG_completo', 'descargar_boletines_salta', 'manual__2025-10-07T22:42:20+00:00', '--job-id', '329', '--raw', '--subdir', 'DAGS_FOLDER/Ingestion_pipeline.py', '--cfg-path', '/tmp/tmpw9zxhslb']
[2025-10-07T22:42:26.505+0000] {standard_task_runner.py:85} INFO - Job 329: Subtask descargar_boletines_salta
[2025-10-07T22:42:26.549+0000] {task_command.py:415} INFO - Running <TaskInstance: flujo_RAG_completo.descargar_boletines_salta manual__2025-10-07T22:42:20+00:00 [running]> on host 5586102090b0
[2025-10-07T22:42:26.621+0000] {taskinstance.py:1660} INFO - Exporting env vars: AIRFLOW_CTX_DAG_OWNER='***' AIRFLOW_CTX_DAG_ID='flujo_RAG_completo' AIRFLOW_CTX_TASK_ID='descargar_boletines_salta' AIRFLOW_CTX_EXECUTION_DATE='2025-10-07T22:42:20+00:00' AIRFLOW_CTX_TRY_NUMBER='1' AIRFLOW_CTX_DAG_RUN_ID='manual__2025-10-07T22:42:20+00:00'
[2025-10-07T22:44:37.169+0000] {crypto.py:82} WARNING - empty cryptography key - values will not be stored encrypted.
[2025-10-07T22:44:37.173+0000] {base.py:73} INFO - Using connection ID 'minio_s3' for task execution.
[2025-10-07T22:44:37.174+0000] {warnings.py:109} WARNING - <string>:8: AirflowProviderDeprecationWarning: AWS Connection (conn_id='minio_s3', conn_type='s3') has connection type 's3', which has been replaced by connection type 'aws'. Please update your connection to have `conn_type='aws'`.

[2025-10-07T22:44:37.174+0000] {connection_wrapper.py:340} INFO - AWS Connection (conn_id='minio_s3', conn_type='s3') credentials retrieved from login and password.
[2025-10-07T22:44:37.175+0000] {warnings.py:109} WARNING - <string>:8: AirflowProviderDeprecationWarning: Host minio specified in the connection is not used. Please, set it on extra['endpoint_url'] instead

[2025-10-07T22:44:37.726+0000] {logging_mixin.py:151} INFO - ✅ PDF subido: s3://respaldo2/boletines/2025/22042_2025-09-30.pdf
[2025-10-07T22:47:47.546+0000] {logging_mixin.py:151} INFO - ✅ PDF subido: s3://respaldo2/boletines/2025/22043_2025-10-01.pdf
[2025-10-07T22:50:42.083+0000] {logging_mixin.py:151} INFO - ✅ PDF subido: s3://respaldo2/boletines/2025/22044_2025-10-02.pdf
[2025-10-07T22:53:15.415+0000] {logging_mixin.py:151} INFO - ✅ PDF subido: s3://respaldo2/boletines/2025/22045_2025-10-03.pdf
[2025-10-07T22:56:08.863+0000] {logging_mixin.py:151} INFO - ✅ PDF subido: s3://respaldo2/boletines/2025/22046_2025-10-06.pdf
[2025-10-07T22:57:54.234+0000] {local_task_job_runner.py:294} WARNING - State of this instance has been externally set to failed. Terminating instance.
[2025-10-07T22:57:54.238+0000] {process_utils.py:131} INFO - Sending 15 to group 5737. PIDs of all processes in the group: [5737]
[2025-10-07T22:57:54.239+0000] {process_utils.py:86} INFO - Sending the signal 15 to group 5737
[2025-10-07T22:57:54.240+0000] {taskinstance.py:1630} ERROR - Received SIGTERM. Terminating subprocesses.
[2025-10-07T22:58:54.274+0000] {process_utils.py:149} WARNING - process psutil.Process(pid=5737, name='airflow task ru', status='sleeping', started='22:42:26') did not respond to SIGTERM. Trying SIGKILL
[2025-10-07T22:58:54.284+0000] {process_utils.py:86} INFO - Sending the signal 9 to group 5737
[2025-10-07T22:58:54.315+0000] {process_utils.py:79} INFO - Process psutil.Process(pid=5737, name='airflow task ru', status='terminated', exitcode=<Negsignal.SIGKILL: -9>, started='22:42:26') (5737) terminated with exit code -9
[2025-10-07T22:58:54.315+0000] {standard_task_runner.py:172} ERROR - Job 329 was killed before it finished (likely due to running out of memory)
