[2025-10-07T22:57:58.413+0000] {taskinstance.py:1157} INFO - Dependencies all met for dep_context=non-requeueable deps ti=<TaskInstance: flujo_RAG_completo.descargar_boletines_salta manual__2025-10-07T22:42:20+00:00 [queued]>
[2025-10-07T22:57:58.417+0000] {taskinstance.py:1157} INFO - Dependencies all met for dep_context=requeueable deps ti=<TaskInstance: flujo_RAG_completo.descargar_boletines_salta manual__2025-10-07T22:42:20+00:00 [queued]>
[2025-10-07T22:57:58.418+0000] {taskinstance.py:1359} INFO - Starting attempt 2 of 2
[2025-10-07T22:57:58.425+0000] {taskinstance.py:1380} INFO - Executing <Task(PythonOperator): descargar_boletines_salta> on 2025-10-07 22:42:20+00:00
[2025-10-07T22:57:58.433+0000] {standard_task_runner.py:57} INFO - Started process 6433 to run task
[2025-10-07T22:57:58.446+0000] {standard_task_runner.py:84} INFO - Running: ['***', 'tasks', 'run', 'flujo_RAG_completo', 'descargar_boletines_salta', 'manual__2025-10-07T22:42:20+00:00', '--job-id', '330', '--raw', '--subdir', 'DAGS_FOLDER/Ingestion_pipeline.py', '--cfg-path', '/tmp/tmplectwv68']
[2025-10-07T22:57:58.455+0000] {standard_task_runner.py:85} INFO - Job 330: Subtask descargar_boletines_salta
[2025-10-07T22:57:58.494+0000] {task_command.py:415} INFO - Running <TaskInstance: flujo_RAG_completo.descargar_boletines_salta manual__2025-10-07T22:42:20+00:00 [running]> on host 5586102090b0
[2025-10-07T22:57:58.543+0000] {taskinstance.py:1660} INFO - Exporting env vars: AIRFLOW_CTX_DAG_OWNER='***' AIRFLOW_CTX_DAG_ID='flujo_RAG_completo' AIRFLOW_CTX_TASK_ID='descargar_boletines_salta' AIRFLOW_CTX_EXECUTION_DATE='2025-10-07T22:42:20+00:00' AIRFLOW_CTX_TRY_NUMBER='2' AIRFLOW_CTX_DAG_RUN_ID='manual__2025-10-07T22:42:20+00:00'
[2025-10-07T23:00:50.388+0000] {crypto.py:82} WARNING - empty cryptography key - values will not be stored encrypted.
[2025-10-07T23:00:50.394+0000] {base.py:73} INFO - Using connection ID 'minio_s3' for task execution.
[2025-10-07T23:00:50.395+0000] {warnings.py:109} WARNING - <string>:8: AirflowProviderDeprecationWarning: AWS Connection (conn_id='minio_s3', conn_type='s3') has connection type 's3', which has been replaced by connection type 'aws'. Please update your connection to have `conn_type='aws'`.

[2025-10-07T23:00:50.395+0000] {connection_wrapper.py:340} INFO - AWS Connection (conn_id='minio_s3', conn_type='s3') credentials retrieved from login and password.
[2025-10-07T23:00:50.395+0000] {warnings.py:109} WARNING - <string>:8: AirflowProviderDeprecationWarning: Host minio specified in the connection is not used. Please, set it on extra['endpoint_url'] instead

[2025-10-07T23:00:50.697+0000] {logging_mixin.py:151} INFO - ✅ PDF subido: s3://respaldo2/boletines/2025/22042_2025-09-30.pdf
[2025-10-07T23:03:20.394+0000] {logging_mixin.py:151} INFO - ✅ PDF subido: s3://respaldo2/boletines/2025/22043_2025-10-01.pdf
[2025-10-07T23:03:25.169+0000] {logging_mixin.py:151} INFO - ✅ PDF subido: s3://respaldo2/boletines/2025/22044_2025-10-02.pdf
[2025-10-07T23:03:31.838+0000] {logging_mixin.py:151} INFO - ✅ PDF subido: s3://respaldo2/boletines/2025/22045_2025-10-03.pdf
[2025-10-07T23:03:38.508+0000] {logging_mixin.py:151} INFO - ✅ PDF subido: s3://respaldo2/boletines/2025/22046_2025-10-06.pdf
[2025-10-07T23:03:41.371+0000] {logging_mixin.py:151} INFO - ✅ PDF subido: s3://respaldo2/boletines/2025/22047_2025-10-07.pdf
[2025-10-07T23:03:41.376+0000] {logging_mixin.py:151} INFO - ✅ 6 boletines subidos a MinIO (bucket 'respaldo2', prefix 'boletines/2025/').
[2025-10-07T23:03:41.380+0000] {python.py:194} INFO - Done. Returned value was: {'subidos': 6, 'detalles': [{'nro': 22042, 'fecha': '2025-09-30', 'status': 'subido:respaldo2/boletines/2025/22042_2025-09-30.pdf'}, {'nro': 22043, 'fecha': '2025-10-01', 'status': 'subido:respaldo2/boletines/2025/22043_2025-10-01.pdf'}, {'nro': 22044, 'fecha': '2025-10-02', 'status': 'subido:respaldo2/boletines/2025/22044_2025-10-02.pdf'}, {'nro': 22045, 'fecha': '2025-10-03', 'status': 'subido:respaldo2/boletines/2025/22045_2025-10-03.pdf'}, {'nro': 22046, 'fecha': '2025-10-06', 'status': 'subido:respaldo2/boletines/2025/22046_2025-10-06.pdf'}, {'nro': 22047, 'fecha': '2025-10-07', 'status': 'subido:respaldo2/boletines/2025/22047_2025-10-07.pdf'}]}
[2025-10-07T23:03:41.416+0000] {taskinstance.py:1398} INFO - Marking task as SUCCESS. dag_id=flujo_RAG_completo, task_id=descargar_boletines_salta, execution_date=20251007T224220, start_date=20251007T225758, end_date=20251007T230341
[2025-10-07T23:03:41.451+0000] {local_task_job_runner.py:228} INFO - Task exited with return code 0
[2025-10-07T23:03:41.472+0000] {taskinstance.py:2776} INFO - 1 downstream tasks scheduled from follow-on schedule check
