[2025-10-01T17:53:37.228+0000] {taskinstance.py:1157} INFO - Dependencies all met for dep_context=non-requeueable deps ti=<TaskInstance: flujo_RAG.fusion_query_demo manual__2025-10-01T13:33:42.656094+00:00 [queued]>
[2025-10-01T17:53:37.233+0000] {taskinstance.py:1157} INFO - Dependencies all met for dep_context=requeueable deps ti=<TaskInstance: flujo_RAG.fusion_query_demo manual__2025-10-01T13:33:42.656094+00:00 [queued]>
[2025-10-01T17:53:37.233+0000] {taskinstance.py:1359} INFO - Starting attempt 1 of 1
[2025-10-01T17:53:37.237+0000] {taskinstance.py:1380} INFO - Executing <Task(PythonOperator): fusion_query_demo> on 2025-10-01 13:33:42.656094+00:00
[2025-10-01T17:53:37.245+0000] {standard_task_runner.py:57} INFO - Started process 6888 to run task
[2025-10-01T17:53:37.249+0000] {standard_task_runner.py:84} INFO - Running: ['***', 'tasks', 'run', 'flujo_RAG', 'fusion_query_demo', 'manual__2025-10-01T13:33:42.656094+00:00', '--job-id', '76', '--raw', '--subdir', 'DAGS_FOLDER/RAG_dag.py', '--cfg-path', '/tmp/tmpnb_i1mnv']
[2025-10-01T17:53:37.251+0000] {standard_task_runner.py:85} INFO - Job 76: Subtask fusion_query_demo
[2025-10-01T17:53:37.299+0000] {task_command.py:415} INFO - Running <TaskInstance: flujo_RAG.fusion_query_demo manual__2025-10-01T13:33:42.656094+00:00 [running]> on host 2f9c2b1ff132
[2025-10-01T17:53:37.343+0000] {taskinstance.py:1660} INFO - Exporting env vars: AIRFLOW_CTX_DAG_OWNER='***' AIRFLOW_CTX_DAG_ID='flujo_RAG' AIRFLOW_CTX_TASK_ID='fusion_query_demo' AIRFLOW_CTX_EXECUTION_DATE='2025-10-01T13:33:42.656094+00:00' AIRFLOW_CTX_TRY_NUMBER='1' AIRFLOW_CTX_DAG_RUN_ID='manual__2025-10-01T13:33:42.656094+00:00'
[2025-10-01T17:53:37.345+0000] {crypto.py:82} WARNING - empty cryptography key - values will not be stored encrypted.
[2025-10-01T17:53:37.346+0000] {base.py:73} INFO - Using connection ID 'minio_s3' for task execution.
[2025-10-01T17:53:37.346+0000] {warnings.py:109} WARNING - <string>:8: AirflowProviderDeprecationWarning: AWS Connection (conn_id='minio_s3', conn_type='s3') has connection type 's3', which has been replaced by connection type 'aws'. Please update your connection to have `conn_type='aws'`.

[2025-10-01T17:53:37.346+0000] {connection_wrapper.py:340} INFO - AWS Connection (conn_id='minio_s3', conn_type='s3') credentials retrieved from login and password.
[2025-10-01T17:53:37.347+0000] {warnings.py:109} WARNING - <string>:8: AirflowProviderDeprecationWarning: Host minio specified in the connection is not used. Please, set it on extra['endpoint_url'] instead

[2025-10-01T17:53:37.587+0000] {SentenceTransformer.py:208} INFO - Use pytorch device_name: cpu
[2025-10-01T17:53:37.588+0000] {SentenceTransformer.py:216} INFO - Load pretrained SentenceTransformer: sentence-transformers/paraphrase-multilingual-MiniLM-L12-v2
[2025-10-01T17:53:41.076+0000] {discover_namespace_packages.py:12} INFO - Discovering subpackages in _NamespacePath(['/home/***/.local/lib/python3.8/site-packages/pinecone_plugins'])
[2025-10-01T17:53:41.076+0000] {discover_plugins.py:9} INFO - Looking for plugins in pinecone_plugins.inference
[2025-10-01T17:53:41.080+0000] {installation.py:10} INFO - Installing plugin inference into Pinecone
[2025-10-01T17:53:43.695+0000] {base.py:73} INFO - Using connection ID 'minio_s3' for task execution.
[2025-10-01T17:53:43.695+0000] {connection_wrapper.py:340} INFO - AWS Connection (conn_id='minio_s3', conn_type='s3') credentials retrieved from login and password.
[2025-10-01T17:53:43.739+0000] {base.py:73} INFO - Using connection ID 'minio_s3' for task execution.
[2025-10-01T17:53:43.739+0000] {connection_wrapper.py:340} INFO - AWS Connection (conn_id='minio_s3', conn_type='s3') credentials retrieved from login and password.
[2025-10-01T17:53:43.784+0000] {base.py:73} INFO - Using connection ID 'minio_s3' for task execution.
[2025-10-01T17:53:43.785+0000] {connection_wrapper.py:340} INFO - AWS Connection (conn_id='minio_s3', conn_type='s3') credentials retrieved from login and password.
[2025-10-01T17:53:43.830+0000] {base.py:73} INFO - Using connection ID 'minio_s3' for task execution.
[2025-10-01T17:53:43.830+0000] {connection_wrapper.py:340} INFO - AWS Connection (conn_id='minio_s3', conn_type='s3') credentials retrieved from login and password.
[2025-10-01T17:53:43.875+0000] {base.py:73} INFO - Using connection ID 'minio_s3' for task execution.
[2025-10-01T17:53:43.875+0000] {connection_wrapper.py:340} INFO - AWS Connection (conn_id='minio_s3', conn_type='s3') credentials retrieved from login and password.
[2025-10-01T17:53:43.921+0000] {base.py:73} INFO - Using connection ID 'minio_s3' for task execution.
[2025-10-01T17:53:43.921+0000] {connection_wrapper.py:340} INFO - AWS Connection (conn_id='minio_s3', conn_type='s3') credentials retrieved from login and password.
[2025-10-01T17:53:43.965+0000] {base.py:73} INFO - Using connection ID 'minio_s3' for task execution.
[2025-10-01T17:53:43.966+0000] {connection_wrapper.py:340} INFO - AWS Connection (conn_id='minio_s3', conn_type='s3') credentials retrieved from login and password.
[2025-10-01T17:53:44.187+0000] {base.py:73} INFO - Using connection ID 'minio_s3' for task execution.
[2025-10-01T17:53:44.188+0000] {connection_wrapper.py:340} INFO - AWS Connection (conn_id='minio_s3', conn_type='s3') credentials retrieved from login and password.
[2025-10-01T17:53:44.233+0000] {base.py:73} INFO - Using connection ID 'minio_s3' for task execution.
[2025-10-01T17:53:44.233+0000] {connection_wrapper.py:340} INFO - AWS Connection (conn_id='minio_s3', conn_type='s3') credentials retrieved from login and password.
[2025-10-01T17:53:44.277+0000] {base.py:73} INFO - Using connection ID 'minio_s3' for task execution.
[2025-10-01T17:53:44.277+0000] {connection_wrapper.py:340} INFO - AWS Connection (conn_id='minio_s3', conn_type='s3') credentials retrieved from login and password.
[2025-10-01T17:53:44.325+0000] {base.py:73} INFO - Using connection ID 'minio_s3' for task execution.
[2025-10-01T17:53:44.325+0000] {connection_wrapper.py:340} INFO - AWS Connection (conn_id='minio_s3', conn_type='s3') credentials retrieved from login and password.
[2025-10-01T17:53:44.375+0000] {logging_mixin.py:151} INFO - ✅ Fusión RRF subida a s3://respaldo2/rag/fusion/2025/fusion_contrataci_n_p_blica_vial_20251001_175344.json  (top=10)
[2025-10-01T17:53:44.376+0000] {logging_mixin.py:151} INFO - 🔀 RRF para 'contratación pública vial'
[2025-10-01T17:53:44.376+0000] {logging_mixin.py:151} INFO - #01  22043_2025-10-01_p1  page=None  src=-
[2025-10-01T17:53:44.376+0000] {logging_mixin.py:151} INFO - #02  22036_2025-09-22_p1  page=None  src=-
[2025-10-01T17:53:44.376+0000] {logging_mixin.py:151} INFO - #03  22041_2025-09-29_p1  page=None  src=-
[2025-10-01T17:53:44.377+0000] {logging_mixin.py:151} INFO - #04  22035_2025-09-19_p1  page=None  src=-
[2025-10-01T17:53:44.377+0000] {logging_mixin.py:151} INFO - #05  22037_2025-09-23_p1  page=None  src=-
[2025-10-01T17:53:44.377+0000] {logging_mixin.py:151} INFO - #06  22042_2025-09-30_p1  page=None  src=-
[2025-10-01T17:53:44.377+0000] {logging_mixin.py:151} INFO - #07  22034_2025-09-18_p1  page=None  src=-
[2025-10-01T17:53:44.377+0000] {logging_mixin.py:151} INFO - #08  22033_2025-09-17_p1  page=None  src=-
[2025-10-01T17:53:44.378+0000] {logging_mixin.py:151} INFO - #09  22036_2025-09-22::p1::6  page=1  src=boletines/2025/22036_2025-09-22.pdf
[2025-10-01T17:53:44.378+0000] {logging_mixin.py:151} INFO -       han entrevistado jóvenes profesionales para realizar las capacitaciones en diferentes áreas de la Dirección General de Rentas; Que asimismo se han seleccionado abogados y contadores postulantes que cumplen los requisitos necesarios para acceder a las pasantías; Que, el Artículo 9
[2025-10-01T17:53:44.378+0000] {logging_mixin.py:151} INFO - #10  22043_2025-10-01::p1::9  page=1  src=boletines/2025/22043_2025-10-01.pdf
[2025-10-01T17:53:44.378+0000] {logging_mixin.py:151} INFO -       dispuesto precedentemente se imputó a Fondos Provinciales CA 081014000200 Abastecimiento y Servicios, Ejercicio vigente. Doyle, DIRECTORA GRAL. DE ABASTECIMIENTO Y MANTENIMIENTO Recibo sin cargo: 100017805 Fechas de publicación: 01/10/2025 Sin cargo OP N : 100128885 CONTRATACIÓN 
[2025-10-01T17:53:44.379+0000] {python.py:194} INFO - Done. Returned value was: {'out_key': 'rag/fusion/2025/fusion_contrataci_n_p_blica_vial_20251001_175344.json', 'count': 10}
[2025-10-01T17:53:44.393+0000] {taskinstance.py:1398} INFO - Marking task as SUCCESS. dag_id=flujo_RAG, task_id=fusion_query_demo, execution_date=20251001T133342, start_date=20251001T175337, end_date=20251001T175344
[2025-10-01T17:53:44.447+0000] {local_task_job_runner.py:228} INFO - Task exited with return code 0
[2025-10-01T17:53:44.455+0000] {taskinstance.py:2776} INFO - 0 downstream tasks scheduled from follow-on schedule check
