[2025-10-07T23:37:51.326+0000] {taskinstance.py:1157} INFO - Dependencies all met for dep_context=non-requeueable deps ti=<TaskInstance: flujo_RAG_completo.build_bm25 manual__2025-10-07T22:42:20+00:00 [queued]>
[2025-10-07T23:37:51.330+0000] {taskinstance.py:1157} INFO - Dependencies all met for dep_context=requeueable deps ti=<TaskInstance: flujo_RAG_completo.build_bm25 manual__2025-10-07T22:42:20+00:00 [queued]>
[2025-10-07T23:37:51.330+0000] {taskinstance.py:1359} INFO - Starting attempt 1 of 1
[2025-10-07T23:37:51.336+0000] {taskinstance.py:1380} INFO - Executing <Task(PythonOperator): build_bm25> on 2025-10-07 22:42:20+00:00
[2025-10-07T23:37:51.343+0000] {standard_task_runner.py:57} INFO - Started process 9279 to run task
[2025-10-07T23:37:51.346+0000] {standard_task_runner.py:84} INFO - Running: ['***', 'tasks', 'run', 'flujo_RAG_completo', 'build_bm25', 'manual__2025-10-07T22:42:20+00:00', '--job-id', '334', '--raw', '--subdir', 'DAGS_FOLDER/Ingestion_pipeline.py', '--cfg-path', '/tmp/tmpatn4kjh6']
[2025-10-07T23:37:51.349+0000] {standard_task_runner.py:85} INFO - Job 334: Subtask build_bm25
[2025-10-07T23:37:51.377+0000] {task_command.py:415} INFO - Running <TaskInstance: flujo_RAG_completo.build_bm25 manual__2025-10-07T22:42:20+00:00 [running]> on host 5586102090b0
[2025-10-07T23:37:51.417+0000] {taskinstance.py:1660} INFO - Exporting env vars: AIRFLOW_CTX_DAG_OWNER='***' AIRFLOW_CTX_DAG_ID='flujo_RAG_completo' AIRFLOW_CTX_TASK_ID='build_bm25' AIRFLOW_CTX_EXECUTION_DATE='2025-10-07T22:42:20+00:00' AIRFLOW_CTX_TRY_NUMBER='1' AIRFLOW_CTX_DAG_RUN_ID='manual__2025-10-07T22:42:20+00:00'
[2025-10-07T23:37:51.419+0000] {crypto.py:82} WARNING - empty cryptography key - values will not be stored encrypted.
[2025-10-07T23:37:51.420+0000] {base.py:73} INFO - Using connection ID 'minio_s3' for task execution.
[2025-10-07T23:37:51.420+0000] {warnings.py:109} WARNING - <string>:8: AirflowProviderDeprecationWarning: AWS Connection (conn_id='minio_s3', conn_type='s3') has connection type 's3', which has been replaced by connection type 'aws'. Please update your connection to have `conn_type='aws'`.

[2025-10-07T23:37:51.421+0000] {connection_wrapper.py:340} INFO - AWS Connection (conn_id='minio_s3', conn_type='s3') credentials retrieved from login and password.
[2025-10-07T23:37:51.421+0000] {warnings.py:109} WARNING - <string>:8: AirflowProviderDeprecationWarning: Host minio specified in the connection is not used. Please, set it on extra['endpoint_url'] instead

[2025-10-07T23:37:51.579+0000] {base.py:73} INFO - Using connection ID 'minio_s3' for task execution.
[2025-10-07T23:37:51.579+0000] {connection_wrapper.py:340} INFO - AWS Connection (conn_id='minio_s3', conn_type='s3') credentials retrieved from login and password.
[2025-10-07T23:37:52.018+0000] {base.py:73} INFO - Using connection ID 'minio_s3' for task execution.
[2025-10-07T23:37:52.022+0000] {connection_wrapper.py:340} INFO - AWS Connection (conn_id='minio_s3', conn_type='s3') credentials retrieved from login and password.
[2025-10-07T23:37:52.157+0000] {base.py:73} INFO - Using connection ID 'minio_s3' for task execution.
[2025-10-07T23:37:52.157+0000] {connection_wrapper.py:340} INFO - AWS Connection (conn_id='minio_s3', conn_type='s3') credentials retrieved from login and password.
[2025-10-07T23:37:52.220+0000] {base.py:73} INFO - Using connection ID 'minio_s3' for task execution.
[2025-10-07T23:37:52.221+0000] {connection_wrapper.py:340} INFO - AWS Connection (conn_id='minio_s3', conn_type='s3') credentials retrieved from login and password.
[2025-10-07T23:37:52.286+0000] {base.py:73} INFO - Using connection ID 'minio_s3' for task execution.
[2025-10-07T23:37:52.289+0000] {connection_wrapper.py:340} INFO - AWS Connection (conn_id='minio_s3', conn_type='s3') credentials retrieved from login and password.
[2025-10-07T23:37:52.354+0000] {base.py:73} INFO - Using connection ID 'minio_s3' for task execution.
[2025-10-07T23:37:52.355+0000] {connection_wrapper.py:340} INFO - AWS Connection (conn_id='minio_s3', conn_type='s3') credentials retrieved from login and password.
[2025-10-07T23:37:52.417+0000] {logging_mixin.py:151} INFO - 🔧 Construyendo BM25Index sobre 6 docs y 802 chunks...
[2025-10-07T23:37:52.529+0000] {base.py:73} INFO - Using connection ID 'minio_s3' for task execution.
[2025-10-07T23:37:52.530+0000] {connection_wrapper.py:340} INFO - AWS Connection (conn_id='minio_s3', conn_type='s3') credentials retrieved from login and password.
[2025-10-07T23:37:52.654+0000] {logging_mixin.py:151} INFO - ✅ BM25 guardado en s3://respaldo2/rag/models/2025/bm25.pkl
[2025-10-07T23:37:52.655+0000] {base.py:73} INFO - Using connection ID 'minio_s3' for task execution.
[2025-10-07T23:37:52.656+0000] {connection_wrapper.py:340} INFO - AWS Connection (conn_id='minio_s3', conn_type='s3') credentials retrieved from login and password.
[2025-10-07T23:37:52.933+0000] {logging_mixin.py:151} INFO - 📄 Manifest: s3://respaldo2/rag/models/2025/_bm25_manifest.json
[2025-10-07T23:37:52.939+0000] {python.py:194} INFO - Done. Returned value was: {'bm25_key': 'rag/models/2025/bm25.pkl', 'manifest_key': 'rag/models/2025/_bm25_manifest.json', 'docs': 6, 'chunks': 802}
[2025-10-07T23:37:52.958+0000] {taskinstance.py:1398} INFO - Marking task as SUCCESS. dag_id=flujo_RAG_completo, task_id=build_bm25, execution_date=20251007T224220, start_date=20251007T233751, end_date=20251007T233752
[2025-10-07T23:37:52.999+0000] {local_task_job_runner.py:228} INFO - Task exited with return code 0
[2025-10-07T23:37:53.012+0000] {taskinstance.py:2776} INFO - 0 downstream tasks scheduled from follow-on schedule check
