[2025-10-07T13:43:57.062+0000] {taskinstance.py:1157} INFO - Dependencies all met for dep_context=non-requeueable deps ti=<TaskInstance: flujo_RAG_completo.pinecone_upsert_op manual__2025-10-07T02:26:17+00:00 [queued]>
[2025-10-07T13:43:57.066+0000] {taskinstance.py:1157} INFO - Dependencies all met for dep_context=requeueable deps ti=<TaskInstance: flujo_RAG_completo.pinecone_upsert_op manual__2025-10-07T02:26:17+00:00 [queued]>
[2025-10-07T13:43:57.066+0000] {taskinstance.py:1359} INFO - Starting attempt 3 of 3
[2025-10-07T13:43:57.071+0000] {taskinstance.py:1380} INFO - Executing <Task(PythonOperator): pinecone_upsert_op> on 2025-10-07 02:26:17+00:00
[2025-10-07T13:43:57.078+0000] {standard_task_runner.py:57} INFO - Started process 19520 to run task
[2025-10-07T13:43:57.081+0000] {standard_task_runner.py:84} INFO - Running: ['***', 'tasks', 'run', 'flujo_RAG_completo', 'pinecone_upsert_op', 'manual__2025-10-07T02:26:17+00:00', '--job-id', '323', '--raw', '--subdir', 'DAGS_FOLDER/Ingestion_pipeline.py', '--cfg-path', '/tmp/tmpqyidi9og']
[2025-10-07T13:43:57.083+0000] {standard_task_runner.py:85} INFO - Job 323: Subtask pinecone_upsert_op
[2025-10-07T13:43:57.107+0000] {task_command.py:415} INFO - Running <TaskInstance: flujo_RAG_completo.pinecone_upsert_op manual__2025-10-07T02:26:17+00:00 [running]> on host a21c1baf7ef9
[2025-10-07T13:43:57.143+0000] {taskinstance.py:1660} INFO - Exporting env vars: AIRFLOW_CTX_DAG_OWNER='***' AIRFLOW_CTX_DAG_ID='flujo_RAG_completo' AIRFLOW_CTX_TASK_ID='pinecone_upsert_op' AIRFLOW_CTX_EXECUTION_DATE='2025-10-07T02:26:17+00:00' AIRFLOW_CTX_TRY_NUMBER='3' AIRFLOW_CTX_DAG_RUN_ID='manual__2025-10-07T02:26:17+00:00'
[2025-10-07T13:43:57.145+0000] {crypto.py:82} WARNING - empty cryptography key - values will not be stored encrypted.
[2025-10-07T13:43:57.145+0000] {base.py:73} INFO - Using connection ID 'minio_s3' for task execution.
[2025-10-07T13:43:57.146+0000] {warnings.py:109} WARNING - <string>:8: AirflowProviderDeprecationWarning: AWS Connection (conn_id='minio_s3', conn_type='s3') has connection type 's3', which has been replaced by connection type 'aws'. Please update your connection to have `conn_type='aws'`.

[2025-10-07T13:43:57.146+0000] {connection_wrapper.py:340} INFO - AWS Connection (conn_id='minio_s3', conn_type='s3') credentials retrieved from login and password.
[2025-10-07T13:43:57.146+0000] {warnings.py:109} WARNING - <string>:8: AirflowProviderDeprecationWarning: Host minio specified in the connection is not used. Please, set it on extra['endpoint_url'] instead

[2025-10-07T13:43:57.310+0000] {logging_mixin.py:151} INFO - [PC/OP] ndjson_files=15 prefix=rag/chunks_op/2025/
[2025-10-07T13:43:57.311+0000] {base.py:73} INFO - Using connection ID 'minio_s3' for task execution.
[2025-10-07T13:43:57.312+0000] {connection_wrapper.py:340} INFO - AWS Connection (conn_id='minio_s3', conn_type='s3') credentials retrieved from login and password.
[2025-10-07T13:43:57.721+0000] {base.py:73} INFO - Using connection ID 'minio_s3' for task execution.
[2025-10-07T13:43:57.721+0000] {connection_wrapper.py:340} INFO - AWS Connection (conn_id='minio_s3', conn_type='s3') credentials retrieved from login and password.
[2025-10-07T13:43:57.788+0000] {base.py:73} INFO - Using connection ID 'minio_s3' for task execution.
[2025-10-07T13:43:57.788+0000] {connection_wrapper.py:340} INFO - AWS Connection (conn_id='minio_s3', conn_type='s3') credentials retrieved from login and password.
[2025-10-07T13:43:57.850+0000] {base.py:73} INFO - Using connection ID 'minio_s3' for task execution.
[2025-10-07T13:43:57.851+0000] {connection_wrapper.py:340} INFO - AWS Connection (conn_id='minio_s3', conn_type='s3') credentials retrieved from login and password.
[2025-10-07T13:43:57.907+0000] {base.py:73} INFO - Using connection ID 'minio_s3' for task execution.
[2025-10-07T13:43:57.908+0000] {connection_wrapper.py:340} INFO - AWS Connection (conn_id='minio_s3', conn_type='s3') credentials retrieved from login and password.
[2025-10-07T13:43:57.962+0000] {base.py:73} INFO - Using connection ID 'minio_s3' for task execution.
[2025-10-07T13:43:57.972+0000] {connection_wrapper.py:340} INFO - AWS Connection (conn_id='minio_s3', conn_type='s3') credentials retrieved from login and password.
[2025-10-07T13:43:58.047+0000] {base.py:73} INFO - Using connection ID 'minio_s3' for task execution.
[2025-10-07T13:43:58.048+0000] {connection_wrapper.py:340} INFO - AWS Connection (conn_id='minio_s3', conn_type='s3') credentials retrieved from login and password.
[2025-10-07T13:43:58.301+0000] {base.py:73} INFO - Using connection ID 'minio_s3' for task execution.
[2025-10-07T13:43:58.301+0000] {connection_wrapper.py:340} INFO - AWS Connection (conn_id='minio_s3', conn_type='s3') credentials retrieved from login and password.
[2025-10-07T13:43:58.352+0000] {base.py:73} INFO - Using connection ID 'minio_s3' for task execution.
[2025-10-07T13:43:58.352+0000] {connection_wrapper.py:340} INFO - AWS Connection (conn_id='minio_s3', conn_type='s3') credentials retrieved from login and password.
[2025-10-07T13:43:58.402+0000] {base.py:73} INFO - Using connection ID 'minio_s3' for task execution.
[2025-10-07T13:43:58.403+0000] {connection_wrapper.py:340} INFO - AWS Connection (conn_id='minio_s3', conn_type='s3') credentials retrieved from login and password.
[2025-10-07T13:43:58.456+0000] {base.py:73} INFO - Using connection ID 'minio_s3' for task execution.
[2025-10-07T13:43:58.456+0000] {connection_wrapper.py:340} INFO - AWS Connection (conn_id='minio_s3', conn_type='s3') credentials retrieved from login and password.
[2025-10-07T13:43:58.510+0000] {base.py:73} INFO - Using connection ID 'minio_s3' for task execution.
[2025-10-07T13:43:58.511+0000] {connection_wrapper.py:340} INFO - AWS Connection (conn_id='minio_s3', conn_type='s3') credentials retrieved from login and password.
[2025-10-07T13:43:58.590+0000] {base.py:73} INFO - Using connection ID 'minio_s3' for task execution.
[2025-10-07T13:43:58.590+0000] {connection_wrapper.py:340} INFO - AWS Connection (conn_id='minio_s3', conn_type='s3') credentials retrieved from login and password.
[2025-10-07T13:43:58.645+0000] {base.py:73} INFO - Using connection ID 'minio_s3' for task execution.
[2025-10-07T13:43:58.646+0000] {connection_wrapper.py:340} INFO - AWS Connection (conn_id='minio_s3', conn_type='s3') credentials retrieved from login and password.
[2025-10-07T13:43:58.938+0000] {base.py:73} INFO - Using connection ID 'minio_s3' for task execution.
[2025-10-07T13:43:58.939+0000] {connection_wrapper.py:340} INFO - AWS Connection (conn_id='minio_s3', conn_type='s3') credentials retrieved from login and password.
[2025-10-07T13:43:58.990+0000] {logging_mixin.py:151} INFO - [PC/OP] parsed_kept=1932 (tras min_chars>=20)
[2025-10-07T13:43:58.991+0000] {SentenceTransformer.py:208} INFO - Use pytorch device_name: cpu
[2025-10-07T13:43:58.991+0000] {SentenceTransformer.py:216} INFO - Load pretrained SentenceTransformer: sentence-transformers/paraphrase-multilingual-MiniLM-L12-v2
[2025-10-07T13:44:40.429+0000] {logging_mixin.py:151} INFO - [PC/OP] embedding model=sentence-transformers/paraphrase-multilingual-MiniLM-L12-v2 dim=384 total_vectors=1932
[2025-10-07T13:44:40.433+0000] {discover_namespace_packages.py:12} INFO - Discovering subpackages in _NamespacePath(['/home/***/.local/lib/python3.8/site-packages/pinecone_plugins'])
[2025-10-07T13:44:40.434+0000] {discover_plugins.py:9} INFO - Looking for plugins in pinecone_plugins.inference
[2025-10-07T13:44:40.444+0000] {installation.py:10} INFO - Installing plugin inference into Pinecone
[2025-10-07T13:44:40.966+0000] {discover_namespace_packages.py:12} INFO - Discovering subpackages in _NamespacePath(['/home/***/.local/lib/python3.8/site-packages/pinecone_plugins'])
[2025-10-07T13:44:40.968+0000] {discover_plugins.py:9} INFO - Looking for plugins in pinecone_plugins.inference
[2025-10-07T13:44:40.968+0000] {installation.py:10} INFO - Installing plugin inference into Pinecone
[2025-10-07T13:44:53.075+0000] {logging_mixin.py:151} INFO - ✅ Upsert Pinecone (OP): indexed=1932, dim=384, ns=2025
[2025-10-07T13:44:53.092+0000] {logging_mixin.py:151} INFO - ✅ Upsert Pinecone (OP): {'indexed': 1932, 'dim': 384, 'namespace': '2025'}
[2025-10-07T13:44:53.094+0000] {python.py:194} INFO - Done. Returned value was: {'indexed': 1932, 'dim': 384, 'namespace': '2025'}
[2025-10-07T13:44:53.128+0000] {taskinstance.py:1398} INFO - Marking task as SUCCESS. dag_id=flujo_RAG_completo, task_id=pinecone_upsert_op, execution_date=20251007T022617, start_date=20251007T134357, end_date=20251007T134453
[2025-10-07T13:44:53.190+0000] {local_task_job_runner.py:228} INFO - Task exited with return code 0
[2025-10-07T13:44:53.200+0000] {taskinstance.py:2776} INFO - 0 downstream tasks scheduled from follow-on schedule check
