[2025-10-02T15:09:00.499+0000] {taskinstance.py:1157} INFO - Dependencies all met for dep_context=non-requeueable deps ti=<TaskInstance: flujo_RAG.chunk_from_txt manual__2025-10-02T15:07:28+00:00 [queued]>
[2025-10-02T15:09:00.503+0000] {taskinstance.py:1157} INFO - Dependencies all met for dep_context=requeueable deps ti=<TaskInstance: flujo_RAG.chunk_from_txt manual__2025-10-02T15:07:28+00:00 [queued]>
[2025-10-02T15:09:00.503+0000] {taskinstance.py:1359} INFO - Starting attempt 1 of 1
[2025-10-02T15:09:00.507+0000] {taskinstance.py:1380} INFO - Executing <Task(PythonOperator): chunk_from_txt> on 2025-10-02 15:07:28+00:00
[2025-10-02T15:09:00.514+0000] {standard_task_runner.py:57} INFO - Started process 53699 to run task
[2025-10-02T15:09:00.517+0000] {standard_task_runner.py:84} INFO - Running: ['***', 'tasks', 'run', 'flujo_RAG', 'chunk_from_txt', 'manual__2025-10-02T15:07:28+00:00', '--job-id', '131', '--raw', '--subdir', 'DAGS_FOLDER/RAG_dag.py', '--cfg-path', '/tmp/tmphjjo89vk']
[2025-10-02T15:09:00.520+0000] {standard_task_runner.py:85} INFO - Job 131: Subtask chunk_from_txt
[2025-10-02T15:09:00.554+0000] {task_command.py:415} INFO - Running <TaskInstance: flujo_RAG.chunk_from_txt manual__2025-10-02T15:07:28+00:00 [running]> on host cebfb690f74d
[2025-10-02T15:09:00.594+0000] {taskinstance.py:1660} INFO - Exporting env vars: AIRFLOW_CTX_DAG_OWNER='***' AIRFLOW_CTX_DAG_ID='flujo_RAG' AIRFLOW_CTX_TASK_ID='chunk_from_txt' AIRFLOW_CTX_EXECUTION_DATE='2025-10-02T15:07:28+00:00' AIRFLOW_CTX_TRY_NUMBER='1' AIRFLOW_CTX_DAG_RUN_ID='manual__2025-10-02T15:07:28+00:00'
[2025-10-02T15:09:00.596+0000] {crypto.py:82} WARNING - empty cryptography key - values will not be stored encrypted.
[2025-10-02T15:09:00.596+0000] {base.py:73} INFO - Using connection ID 'minio_s3' for task execution.
[2025-10-02T15:09:00.597+0000] {warnings.py:109} WARNING - <string>:8: AirflowProviderDeprecationWarning: AWS Connection (conn_id='minio_s3', conn_type='s3') has connection type 's3', which has been replaced by connection type 'aws'. Please update your connection to have `conn_type='aws'`.

[2025-10-02T15:09:00.597+0000] {connection_wrapper.py:340} INFO - AWS Connection (conn_id='minio_s3', conn_type='s3') credentials retrieved from login and password.
[2025-10-02T15:09:00.597+0000] {warnings.py:109} WARNING - <string>:8: AirflowProviderDeprecationWarning: Host minio specified in the connection is not used. Please, set it on extra['endpoint_url'] instead

[2025-10-02T15:09:00.747+0000] {base.py:73} INFO - Using connection ID 'minio_s3' for task execution.
[2025-10-02T15:09:00.748+0000] {connection_wrapper.py:340} INFO - AWS Connection (conn_id='minio_s3', conn_type='s3') credentials retrieved from login and password.
[2025-10-02T15:09:00.814+0000] {base.py:73} INFO - Using connection ID 'minio_s3' for task execution.
[2025-10-02T15:09:00.815+0000] {connection_wrapper.py:340} INFO - AWS Connection (conn_id='minio_s3', conn_type='s3') credentials retrieved from login and password.
[2025-10-02T15:09:01.024+0000] {logging_mixin.py:151} INFO - ✅ NDJSON subido: s3://respaldo2/rag/chunks/2025/22032_2025-09-16.ndjson  (chunks=11)
[2025-10-02T15:09:01.024+0000] {base.py:73} INFO - Using connection ID 'minio_s3' for task execution.
[2025-10-02T15:09:01.024+0000] {connection_wrapper.py:340} INFO - AWS Connection (conn_id='minio_s3', conn_type='s3') credentials retrieved from login and password.
[2025-10-02T15:09:01.085+0000] {base.py:73} INFO - Using connection ID 'minio_s3' for task execution.
[2025-10-02T15:09:01.085+0000] {connection_wrapper.py:340} INFO - AWS Connection (conn_id='minio_s3', conn_type='s3') credentials retrieved from login and password.
[2025-10-02T15:09:01.123+0000] {logging_mixin.py:151} INFO - ✅ NDJSON subido: s3://respaldo2/rag/chunks/2025/22033_2025-09-17.ndjson  (chunks=16)
[2025-10-02T15:09:01.124+0000] {base.py:73} INFO - Using connection ID 'minio_s3' for task execution.
[2025-10-02T15:09:01.124+0000] {connection_wrapper.py:340} INFO - AWS Connection (conn_id='minio_s3', conn_type='s3') credentials retrieved from login and password.
[2025-10-02T15:09:01.196+0000] {base.py:73} INFO - Using connection ID 'minio_s3' for task execution.
[2025-10-02T15:09:01.196+0000] {connection_wrapper.py:340} INFO - AWS Connection (conn_id='minio_s3', conn_type='s3') credentials retrieved from login and password.
[2025-10-02T15:09:01.239+0000] {logging_mixin.py:151} INFO - ✅ NDJSON subido: s3://respaldo2/rag/chunks/2025/22034_2025-09-18.ndjson  (chunks=15)
[2025-10-02T15:09:01.240+0000] {base.py:73} INFO - Using connection ID 'minio_s3' for task execution.
[2025-10-02T15:09:01.240+0000] {connection_wrapper.py:340} INFO - AWS Connection (conn_id='minio_s3', conn_type='s3') credentials retrieved from login and password.
[2025-10-02T15:09:01.304+0000] {base.py:73} INFO - Using connection ID 'minio_s3' for task execution.
[2025-10-02T15:09:01.305+0000] {connection_wrapper.py:340} INFO - AWS Connection (conn_id='minio_s3', conn_type='s3') credentials retrieved from login and password.
[2025-10-02T15:09:01.343+0000] {logging_mixin.py:151} INFO - ✅ NDJSON subido: s3://respaldo2/rag/chunks/2025/22035_2025-09-19.ndjson  (chunks=20)
[2025-10-02T15:09:01.343+0000] {base.py:73} INFO - Using connection ID 'minio_s3' for task execution.
[2025-10-02T15:09:01.344+0000] {connection_wrapper.py:340} INFO - AWS Connection (conn_id='minio_s3', conn_type='s3') credentials retrieved from login and password.
[2025-10-02T15:09:01.557+0000] {base.py:73} INFO - Using connection ID 'minio_s3' for task execution.
[2025-10-02T15:09:01.557+0000] {connection_wrapper.py:340} INFO - AWS Connection (conn_id='minio_s3', conn_type='s3') credentials retrieved from login and password.
[2025-10-02T15:09:01.593+0000] {logging_mixin.py:151} INFO - ✅ NDJSON subido: s3://respaldo2/rag/chunks/2025/22036_2025-09-22.ndjson  (chunks=24)
[2025-10-02T15:09:01.593+0000] {base.py:73} INFO - Using connection ID 'minio_s3' for task execution.
[2025-10-02T15:09:01.594+0000] {connection_wrapper.py:340} INFO - AWS Connection (conn_id='minio_s3', conn_type='s3') credentials retrieved from login and password.
[2025-10-02T15:09:01.655+0000] {base.py:73} INFO - Using connection ID 'minio_s3' for task execution.
[2025-10-02T15:09:01.655+0000] {connection_wrapper.py:340} INFO - AWS Connection (conn_id='minio_s3', conn_type='s3') credentials retrieved from login and password.
[2025-10-02T15:09:01.691+0000] {logging_mixin.py:151} INFO - ✅ NDJSON subido: s3://respaldo2/rag/chunks/2025/22037_2025-09-23.ndjson  (chunks=23)
[2025-10-02T15:09:01.692+0000] {base.py:73} INFO - Using connection ID 'minio_s3' for task execution.
[2025-10-02T15:09:01.692+0000] {connection_wrapper.py:340} INFO - AWS Connection (conn_id='minio_s3', conn_type='s3') credentials retrieved from login and password.
[2025-10-02T15:09:01.751+0000] {base.py:73} INFO - Using connection ID 'minio_s3' for task execution.
[2025-10-02T15:09:01.751+0000] {connection_wrapper.py:340} INFO - AWS Connection (conn_id='minio_s3', conn_type='s3') credentials retrieved from login and password.
[2025-10-02T15:09:01.788+0000] {logging_mixin.py:151} INFO - ✅ NDJSON subido: s3://respaldo2/rag/chunks/2025/22038_2025-09-24.ndjson  (chunks=9)
[2025-10-02T15:09:01.788+0000] {base.py:73} INFO - Using connection ID 'minio_s3' for task execution.
[2025-10-02T15:09:01.789+0000] {connection_wrapper.py:340} INFO - AWS Connection (conn_id='minio_s3', conn_type='s3') credentials retrieved from login and password.
[2025-10-02T15:09:01.853+0000] {base.py:73} INFO - Using connection ID 'minio_s3' for task execution.
[2025-10-02T15:09:01.853+0000] {connection_wrapper.py:340} INFO - AWS Connection (conn_id='minio_s3', conn_type='s3') credentials retrieved from login and password.
[2025-10-02T15:09:02.052+0000] {logging_mixin.py:151} INFO - ✅ NDJSON subido: s3://respaldo2/rag/chunks/2025/22039_2025-09-25.ndjson  (chunks=17)
[2025-10-02T15:09:02.054+0000] {base.py:73} INFO - Using connection ID 'minio_s3' for task execution.
[2025-10-02T15:09:02.054+0000] {connection_wrapper.py:340} INFO - AWS Connection (conn_id='minio_s3', conn_type='s3') credentials retrieved from login and password.
[2025-10-02T15:09:02.133+0000] {base.py:73} INFO - Using connection ID 'minio_s3' for task execution.
[2025-10-02T15:09:02.133+0000] {connection_wrapper.py:340} INFO - AWS Connection (conn_id='minio_s3', conn_type='s3') credentials retrieved from login and password.
[2025-10-02T15:09:02.174+0000] {logging_mixin.py:151} INFO - ✅ NDJSON subido: s3://respaldo2/rag/chunks/2025/22040_2025-09-26.ndjson  (chunks=9)
[2025-10-02T15:09:02.175+0000] {base.py:73} INFO - Using connection ID 'minio_s3' for task execution.
[2025-10-02T15:09:02.175+0000] {connection_wrapper.py:340} INFO - AWS Connection (conn_id='minio_s3', conn_type='s3') credentials retrieved from login and password.
[2025-10-02T15:09:02.248+0000] {base.py:73} INFO - Using connection ID 'minio_s3' for task execution.
[2025-10-02T15:09:02.249+0000] {connection_wrapper.py:340} INFO - AWS Connection (conn_id='minio_s3', conn_type='s3') credentials retrieved from login and password.
[2025-10-02T15:09:02.295+0000] {logging_mixin.py:151} INFO - ✅ NDJSON subido: s3://respaldo2/rag/chunks/2025/22041_2025-09-29.ndjson  (chunks=25)
[2025-10-02T15:09:02.295+0000] {base.py:73} INFO - Using connection ID 'minio_s3' for task execution.
[2025-10-02T15:09:02.296+0000] {connection_wrapper.py:340} INFO - AWS Connection (conn_id='minio_s3', conn_type='s3') credentials retrieved from login and password.
[2025-10-02T15:09:02.363+0000] {base.py:73} INFO - Using connection ID 'minio_s3' for task execution.
[2025-10-02T15:09:02.363+0000] {connection_wrapper.py:340} INFO - AWS Connection (conn_id='minio_s3', conn_type='s3') credentials retrieved from login and password.
[2025-10-02T15:09:02.401+0000] {logging_mixin.py:151} INFO - ✅ NDJSON subido: s3://respaldo2/rag/chunks/2025/22042_2025-09-30.ndjson  (chunks=19)
[2025-10-02T15:09:02.402+0000] {base.py:73} INFO - Using connection ID 'minio_s3' for task execution.
[2025-10-02T15:09:02.402+0000] {connection_wrapper.py:340} INFO - AWS Connection (conn_id='minio_s3', conn_type='s3') credentials retrieved from login and password.
[2025-10-02T15:09:02.626+0000] {base.py:73} INFO - Using connection ID 'minio_s3' for task execution.
[2025-10-02T15:09:02.626+0000] {connection_wrapper.py:340} INFO - AWS Connection (conn_id='minio_s3', conn_type='s3') credentials retrieved from login and password.
[2025-10-02T15:09:02.670+0000] {logging_mixin.py:151} INFO - ✅ NDJSON subido: s3://respaldo2/rag/chunks/2025/22043_2025-10-01.ndjson  (chunks=24)
[2025-10-02T15:09:02.671+0000] {base.py:73} INFO - Using connection ID 'minio_s3' for task execution.
[2025-10-02T15:09:02.671+0000] {connection_wrapper.py:340} INFO - AWS Connection (conn_id='minio_s3', conn_type='s3') credentials retrieved from login and password.
[2025-10-02T15:09:02.738+0000] {base.py:73} INFO - Using connection ID 'minio_s3' for task execution.
[2025-10-02T15:09:02.739+0000] {connection_wrapper.py:340} INFO - AWS Connection (conn_id='minio_s3', conn_type='s3') credentials retrieved from login and password.
[2025-10-02T15:09:02.775+0000] {logging_mixin.py:151} INFO - ✅ NDJSON subido: s3://respaldo2/rag/chunks/2025/22044_2025-10-02.ndjson  (chunks=13)
[2025-10-02T15:09:02.776+0000] {base.py:73} INFO - Using connection ID 'minio_s3' for task execution.
[2025-10-02T15:09:02.776+0000] {connection_wrapper.py:340} INFO - AWS Connection (conn_id='minio_s3', conn_type='s3') credentials retrieved from login and password.
[2025-10-02T15:09:02.811+0000] {logging_mixin.py:151} INFO - 📄 Manifest: s3://respaldo2/rag/chunks/2025/_chunks_manifest.json
[2025-10-02T15:09:02.811+0000] {python.py:194} INFO - Done. Returned value was: {'processed': 13, 'pages': 13, 'chunks': 225, 'manifest_key': 'rag/chunks/2025/_chunks_manifest.json'}
[2025-10-02T15:09:02.822+0000] {taskinstance.py:1398} INFO - Marking task as SUCCESS. dag_id=flujo_RAG, task_id=chunk_from_txt, execution_date=20251002T150728, start_date=20251002T150900, end_date=20251002T150902
[2025-10-02T15:09:02.852+0000] {local_task_job_runner.py:228} INFO - Task exited with return code 0
[2025-10-02T15:09:02.865+0000] {taskinstance.py:2776} INFO - 1 downstream tasks scheduled from follow-on schedule check
